-- The C compiler identification is GNU 13.3.0
-- The CXX compiler identification is GNU 13.3.0
-- Detecting C compiler ABI info
-- Detecting C compiler ABI info - done
-- Check for working C compiler: /usr/bin/cc - skipped
-- Detecting C compile features
-- Detecting C compile features - done
-- Detecting CXX compiler ABI info
-- Detecting CXX compiler ABI info - done
-- Check for working CXX compiler: /usr/bin/c++ - skipped
-- Detecting CXX compile features
-- Detecting CXX compile features - done
-- Found ament_cmake: 2.5.4 (/opt/ros/jazzy/share/ament_cmake/cmake)
-- Found Python3: /usr/bin/python3 (found version "3.12.3") found components: Interpreter 
-- Found rclcpp: 28.1.10 (/opt/ros/jazzy/share/rclcpp/cmake)
-- Found rosidl_generator_c: 4.6.5 (/opt/ros/jazzy/share/rosidl_generator_c/cmake)
-- Found rosidl_generator_cpp: 4.6.5 (/opt/ros/jazzy/share/rosidl_generator_cpp/cmake)
-- Using all available rosidl_typesupport_c: rosidl_typesupport_fastrtps_c;rosidl_typesupport_introspection_c
-- Using all available rosidl_typesupport_cpp: rosidl_typesupport_fastrtps_cpp;rosidl_typesupport_introspection_cpp
-- Found rmw_implementation_cmake: 7.3.2 (/opt/ros/jazzy/share/rmw_implementation_cmake/cmake)
-- Found rmw_fastrtps_cpp: 8.4.2 (/opt/ros/jazzy/share/rmw_fastrtps_cpp/cmake)
-- Found OpenSSL: /usr/lib/aarch64-linux-gnu/libcrypto.so (found version "3.0.13")  
-- Found FastRTPS: /opt/ros/jazzy/include (Required is at least version "2.13") 
-- Using RMW implementation 'rmw_fastrtps_cpp' as default
-- Found rclcpp_action: 28.1.10 (/opt/ros/jazzy/share/rclcpp_action/cmake)
-- Found nav2_msgs: 1.3.7 (/opt/ros/jazzy/share/nav2_msgs/cmake)
-- Configuring done (2.8s)
-- Generating done (0.0s)
-- Build files have been written to: /home/amr/icarus_ws/build/nav2_client
[ 66%] [32mBuilding CXX object CMakeFiles/navigation_client.dir/src/main.cpp.o[0m
[ 66%] [32mBuilding CXX object CMakeFiles/navigation_client.dir/src/navigation_client.cpp.o[0m
[100%] [32m[1mLinking CXX executable navigation_client[0m
[100%] Built target navigation_client
-- Install configuration: ""
-- Installing: /home/amr/icarus_ws/install/nav2_client/lib/nav2_client/navigation_client
-- Set non-toolchain portion of runtime path of "/home/amr/icarus_ws/install/nav2_client/lib/nav2_client/navigation_client" to ""
-- Installing: /home/amr/icarus_ws/install/nav2_client/share/ament_index/resource_index/package_run_dependencies/nav2_client
-- Installing: /home/amr/icarus_ws/install/nav2_client/share/ament_index/resource_index/parent_prefix_path/nav2_client
-- Installing: /home/amr/icarus_ws/install/nav2_client/share/nav2_client/environment/ament_prefix_path.sh
-- Installing: /home/amr/icarus_ws/install/nav2_client/share/nav2_client/environment/ament_prefix_path.dsv
-- Installing: /home/amr/icarus_ws/install/nav2_client/share/nav2_client/environment/path.sh
-- Installing: /home/amr/icarus_ws/install/nav2_client/share/nav2_client/environment/path.dsv
-- Installing: /home/amr/icarus_ws/install/nav2_client/share/nav2_client/local_setup.bash
-- Installing: /home/amr/icarus_ws/install/nav2_client/share/nav2_client/local_setup.sh
-- Installing: /home/amr/icarus_ws/install/nav2_client/share/nav2_client/local_setup.zsh
-- Installing: /home/amr/icarus_ws/install/nav2_client/share/nav2_client/local_setup.dsv
-- Installing: /home/amr/icarus_ws/install/nav2_client/share/nav2_client/package.dsv
-- Installing: /home/amr/icarus_ws/install/nav2_client/share/ament_index/resource_index/packages/nav2_client
-- Installing: /home/amr/icarus_ws/install/nav2_client/share/nav2_client/cmake/nav2_clientConfig.cmake
-- Installing: /home/amr/icarus_ws/install/nav2_client/share/nav2_client/cmake/nav2_clientConfig-version.cmake
-- Installing: /home/amr/icarus_ws/install/nav2_client/share/nav2_client/package.xml
