[0.028s] Invoking command in '/home/amr/icarus_ws/build/nav2_client': CMAKE_PREFIX_PATH=${CMAKE_PREFIX_PATH}:/home/amr/icarus_ws/install/rosbot_description:/home/amr/driver_ws/install/yahboomcar_description:/home/amr/driver_ws/install/yahboomcar_ctrl:/home/amr/driver_ws/install/yahboomcar_bringup:/opt/ros/jazzy /usr/bin/cmake /home/amr/icarus_ws/src/nav2_client -DCMAKE_INSTALL_PREFIX=/home/amr/icarus_ws/install/nav2_client
[0.477s] -- The C compiler identification is GNU 13.3.0
[0.478s] -- The CXX compiler identification is GNU 13.3.0
[0.478s] -- Detecting C compiler ABI info
[0.514s] -- Detecting C compiler ABI info - done
[0.529s] -- Check for working C compiler: /usr/bin/cc - skipped
[0.529s] -- Detecting C compile features
[0.529s] -- Detecting C compile features - done
[0.551s] -- Detecting CXX compiler ABI info
[0.819s] -- Detecting CXX compiler ABI info - done
[0.838s] -- Check for working CXX compiler: /usr/bin/c++ - skipped
[0.838s] -- Detecting CXX compile features
[0.840s] -- Detecting CXX compile features - done
[0.850s] -- Found ament_cmake: 2.5.4 (/opt/ros/jazzy/share/ament_cmake/cmake)
[1.223s] -- Found Python3: /usr/bin/python3 (found version "3.12.3") found components: Interpreter 
[1.504s] -- Found rclcpp: 28.1.10 (/opt/ros/jazzy/share/rclcpp/cmake)
[1.615s] -- Found rosidl_generator_c: 4.6.5 (/opt/ros/jazzy/share/rosidl_generator_c/cmake)
[1.654s] -- Found rosidl_generator_cpp: 4.6.5 (/opt/ros/jazzy/share/rosidl_generator_cpp/cmake)
[1.702s] -- Using all available rosidl_typesupport_c: rosidl_typesupport_fastrtps_c;rosidl_typesupport_introspection_c
[1.749s] -- Using all available rosidl_typesupport_cpp: rosidl_typesupport_fastrtps_cpp;rosidl_typesupport_introspection_cpp
[1.926s] -- Found rmw_implementation_cmake: 7.3.2 (/opt/ros/jazzy/share/rmw_implementation_cmake/cmake)
[1.933s] -- Found rmw_fastrtps_cpp: 8.4.2 (/opt/ros/jazzy/share/rmw_fastrtps_cpp/cmake)
[2.137s] -- Found OpenSSL: /usr/lib/aarch64-linux-gnu/libcrypto.so (found version "3.0.13")  
[2.181s] -- Found FastRTPS: /opt/ros/jazzy/include (Required is at least version "2.13") 
[2.225s] -- Using RMW implementation 'rmw_fastrtps_cpp' as default
[2.380s] -- Found rclcpp_action: 28.1.10 (/opt/ros/jazzy/share/rclcpp_action/cmake)
[2.472s] -- Found nav2_msgs: 1.3.7 (/opt/ros/jazzy/share/nav2_msgs/cmake)
[2.863s] -- Configuring done (2.8s)
[2.886s] -- Generating done (0.0s)
[2.892s] -- Build files have been written to: /home/amr/icarus_ws/build/nav2_client
[2.912s] Invoked command in '/home/amr/icarus_ws/build/nav2_client' returned '0': CMAKE_PREFIX_PATH=${CMAKE_PREFIX_PATH}:/home/amr/icarus_ws/install/rosbot_description:/home/amr/driver_ws/install/yahboomcar_description:/home/amr/driver_ws/install/yahboomcar_ctrl:/home/amr/driver_ws/install/yahboomcar_bringup:/opt/ros/jazzy /usr/bin/cmake /home/amr/icarus_ws/src/nav2_client -DCMAKE_INSTALL_PREFIX=/home/amr/icarus_ws/install/nav2_client
[2.914s] Invoking command in '/home/amr/icarus_ws/build/nav2_client': CMAKE_PREFIX_PATH=${CMAKE_PREFIX_PATH}:/home/amr/icarus_ws/install/rosbot_description:/home/amr/driver_ws/install/yahboomcar_description:/home/amr/driver_ws/install/yahboomcar_ctrl:/home/amr/driver_ws/install/yahboomcar_bringup:/opt/ros/jazzy /usr/bin/cmake --build /home/amr/icarus_ws/build/nav2_client -- -j4 -l4
[3.015s] [ 66%] [32mBuilding CXX object CMakeFiles/navigation_client.dir/src/main.cpp.o[0m
[3.015s] [ 66%] [32mBuilding CXX object CMakeFiles/navigation_client.dir/src/navigation_client.cpp.o[0m
[13.093s] [100%] [32m[1mLinking CXX executable navigation_client[0m
[13.655s] [100%] Built target navigation_client
[13.682s] Invoked command in '/home/amr/icarus_ws/build/nav2_client' returned '0': CMAKE_PREFIX_PATH=${CMAKE_PREFIX_PATH}:/home/amr/icarus_ws/install/rosbot_description:/home/amr/driver_ws/install/yahboomcar_description:/home/amr/driver_ws/install/yahboomcar_ctrl:/home/amr/driver_ws/install/yahboomcar_bringup:/opt/ros/jazzy /usr/bin/cmake --build /home/amr/icarus_ws/build/nav2_client -- -j4 -l4
[13.685s] Invoking command in '/home/amr/icarus_ws/build/nav2_client': CMAKE_PREFIX_PATH=${CMAKE_PREFIX_PATH}:/home/amr/icarus_ws/install/rosbot_description:/home/amr/driver_ws/install/yahboomcar_description:/home/amr/driver_ws/install/yahboomcar_ctrl:/home/amr/driver_ws/install/yahboomcar_bringup:/opt/ros/jazzy /usr/bin/cmake --install /home/amr/icarus_ws/build/nav2_client
[13.702s] -- Install configuration: ""
[13.703s] -- Installing: /home/amr/icarus_ws/install/nav2_client/lib/nav2_client/navigation_client
[13.706s] -- Set non-toolchain portion of runtime path of "/home/amr/icarus_ws/install/nav2_client/lib/nav2_client/navigation_client" to ""
[13.706s] -- Installing: /home/amr/icarus_ws/install/nav2_client/share/ament_index/resource_index/package_run_dependencies/nav2_client
[13.707s] -- Installing: /home/amr/icarus_ws/install/nav2_client/share/ament_index/resource_index/parent_prefix_path/nav2_client
[13.708s] -- Installing: /home/amr/icarus_ws/install/nav2_client/share/nav2_client/environment/ament_prefix_path.sh
[13.708s] -- Installing: /home/amr/icarus_ws/install/nav2_client/share/nav2_client/environment/ament_prefix_path.dsv
[13.708s] -- Installing: /home/amr/icarus_ws/install/nav2_client/share/nav2_client/environment/path.sh
[13.708s] -- Installing: /home/amr/icarus_ws/install/nav2_client/share/nav2_client/environment/path.dsv
[13.709s] -- Installing: /home/amr/icarus_ws/install/nav2_client/share/nav2_client/local_setup.bash
[13.709s] -- Installing: /home/amr/icarus_ws/install/nav2_client/share/nav2_client/local_setup.sh
[13.709s] -- Installing: /home/amr/icarus_ws/install/nav2_client/share/nav2_client/local_setup.zsh
[13.710s] -- Installing: /home/amr/icarus_ws/install/nav2_client/share/nav2_client/local_setup.dsv
[13.710s] -- Installing: /home/amr/icarus_ws/install/nav2_client/share/nav2_client/package.dsv
[13.710s] -- Installing: /home/amr/icarus_ws/install/nav2_client/share/ament_index/resource_index/packages/nav2_client
[13.710s] -- Installing: /home/amr/icarus_ws/install/nav2_client/share/nav2_client/cmake/nav2_clientConfig.cmake
[13.710s] -- Installing: /home/amr/icarus_ws/install/nav2_client/share/nav2_client/cmake/nav2_clientConfig-version.cmake
[13.711s] -- Installing: /home/amr/icarus_ws/install/nav2_client/share/nav2_client/package.xml
[13.714s] Invoked command in '/home/amr/icarus_ws/build/nav2_client' returned '0': CMAKE_PREFIX_PATH=${CMAKE_PREFIX_PATH}:/home/amr/icarus_ws/install/rosbot_description:/home/amr/driver_ws/install/yahboomcar_description:/home/amr/driver_ws/install/yahboomcar_ctrl:/home/amr/driver_ws/install/yahboomcar_bringup:/opt/ros/jazzy /usr/bin/cmake --install /home/amr/icarus_ws/build/nav2_client
