[1.224s] Invoking command in '/home/amr/icarus_ws/src/rosbot_description': PYTHONPATH=/home/amr/icarus_ws/build/rosbot_description/prefix_override:/usr/lib/python3/dist-packages/colcon_core/task/python/colcon_distutils_commands:/home/amr/icarus_ws/install/rosbot_description/lib/python3.12/site-packages:${PYTHONPATH} /usr/bin/python3 -W ignore:setup.py install is deprecated -W ignore:easy_install command is deprecated setup.py egg_info --egg-base ../../build/rosbot_description build --build-base /home/amr/icarus_ws/build/rosbot_description/build install --record /home/amr/icarus_ws/build/rosbot_description/install.log --single-version-externally-managed install_data
[1.564s] running egg_info
[1.587s] writing ../../build/rosbot_description/rosbot_description.egg-info/PKG-INFO
[1.587s] writing dependency_links to ../../build/rosbot_description/rosbot_description.egg-info/dependency_links.txt
[1.588s] writing requirements to ../../build/rosbot_description/rosbot_description.egg-info/requires.txt
[1.589s] writing top-level names to ../../build/rosbot_description/rosbot_description.egg-info/top_level.txt
[1.639s] reading manifest file '../../build/rosbot_description/rosbot_description.egg-info/SOURCES.txt'
[1.640s] writing manifest file '../../build/rosbot_description/rosbot_description.egg-info/SOURCES.txt'
[1.641s] running build
[1.641s] running build_py
[1.641s] running install
[1.650s] running install_lib
[1.675s] running install_data
[1.675s] copying launch/state-publisher.launch.py -> /home/amr/icarus_ws/install/rosbot_description/share/rosbot_description/launch
[1.676s] running install_egg_info
[1.701s] removing '/home/amr/icarus_ws/install/rosbot_description/lib/python3.12/site-packages/rosbot_description-0.0.0-py3.12.egg-info' (and everything under it)
[1.701s] Copying ../../build/rosbot_description/rosbot_description.egg-info to /home/amr/icarus_ws/install/rosbot_description/lib/python3.12/site-packages/rosbot_description-0.0.0-py3.12.egg-info
[1.702s] running install_scripts
[1.866s] writing list of installed files to '/home/amr/icarus_ws/build/rosbot_description/install.log'
[1.936s] Invoked command in '/home/amr/icarus_ws/src/rosbot_description' returned '0': PYTHONPATH=/home/amr/icarus_ws/build/rosbot_description/prefix_override:/usr/lib/python3/dist-packages/colcon_core/task/python/colcon_distutils_commands:/home/amr/icarus_ws/install/rosbot_description/lib/python3.12/site-packages:${PYTHONPATH} /usr/bin/python3 -W ignore:setup.py install is deprecated -W ignore:easy_install command is deprecated setup.py egg_info --egg-base ../../build/rosbot_description build --build-base /home/amr/icarus_ws/build/rosbot_description/build install --record /home/amr/icarus_ws/build/rosbot_description/install.log --single-version-externally-managed install_data
