/usr/lib/python3/dist-packages/setuptools/dist.py:744: SetuptoolsDeprecationWarning: Invalid dash-separated options
!!

        ********************************************************************************
        Usage of dash-separated 'script-dir' will not be supported in future
        versions. Please use the underscore name 'script_dir' instead.

        This deprecation is overdue, please update your project and remove deprecated
        calls to avoid build errors in the future.

        See https://setuptools.pypa.io/en/latest/userguide/declarative_config.html for details.
        ********************************************************************************

!!
  opt = self.warn_dash_deprecation(opt, section)
running egg_info
creating ../../build/yahboomcar_ctrl/yahboomcar_ctrl.egg-info
writing ../../build/yahboomcar_ctrl/yahboomcar_ctrl.egg-info/PKG-INFO
writing dependency_links to ../../build/yahboomcar_ctrl/yahboomcar_ctrl.egg-info/dependency_links.txt
writing entry points to ../../build/yahboomcar_ctrl/yahboomcar_ctrl.egg-info/entry_points.txt
writing requirements to ../../build/yahboomcar_ctrl/yahboomcar_ctrl.egg-info/requires.txt
writing top-level names to ../../build/yahboomcar_ctrl/yahboomcar_ctrl.egg-info/top_level.txt
writing manifest file '../../build/yahboomcar_ctrl/yahboomcar_ctrl.egg-info/SOURCES.txt'
reading manifest file '../../build/yahboomcar_ctrl/yahboomcar_ctrl.egg-info/SOURCES.txt'
writing manifest file '../../build/yahboomcar_ctrl/yahboomcar_ctrl.egg-info/SOURCES.txt'
running build
running build_py
running install
running install_lib
warning: install_lib: '/home/amr/driver_ws/build/yahboomcar_ctrl/build/lib' does not exist -- no Python modules to install

running install_data
creating /home/amr/driver_ws/install/yahboomcar_ctrl/share/ament_index
creating /home/amr/driver_ws/install/yahboomcar_ctrl/share/ament_index/resource_index
creating /home/amr/driver_ws/install/yahboomcar_ctrl/share/ament_index/resource_index/packages
copying resource/yahboomcar_ctrl -> /home/amr/driver_ws/install/yahboomcar_ctrl/share/ament_index/resource_index/packages
copying package.xml -> /home/amr/driver_ws/install/yahboomcar_ctrl/share/yahboomcar_ctrl
creating /home/amr/driver_ws/install/yahboomcar_ctrl/share/yahboomcar_ctrl/launch
copying launch/yahboomcar_joy_launch.py -> /home/amr/driver_ws/install/yahboomcar_ctrl/share/yahboomcar_ctrl/launch
running install_egg_info
Copying ../../build/yahboomcar_ctrl/yahboomcar_ctrl.egg-info to /home/amr/driver_ws/install/yahboomcar_ctrl/lib/python3.12/site-packages/yahboomcar_ctrl-0.0.0-py3.12.egg-info
running install_scripts
Installing yahboom_joy_R2 script to /home/amr/driver_ws/install/yahboomcar_ctrl/lib/yahboomcar_ctrl
Installing yahboom_joy_X3 script to /home/amr/driver_ws/install/yahboomcar_ctrl/lib/yahboomcar_ctrl
Installing yahboom_keyboard script to /home/amr/driver_ws/install/yahboomcar_ctrl/lib/yahboomcar_ctrl
writing list of installed files to '/home/amr/driver_ws/build/yahboomcar_ctrl/install.log'
