[0.034s] Invoking command in '/home/amr/icarus_ws/build/nav2_bt_client': CMAKE_PREFIX_PATH=${CMAKE_PREFIX_PATH}:/home/amr/icarus_ws/install/rosbot_description:/home/amr/driver_ws/install/yahboomcar_description:/home/amr/driver_ws/install/yahboomcar_ctrl:/home/amr/driver_ws/install/yahboomcar_bringup:/opt/ros/jazzy /usr/bin/cmake /home/amr/icarus_ws/src/nav2_bt_client -DCMAKE_INSTALL_PREFIX=/home/amr/icarus_ws/install/nav2_bt_client
[0.478s] -- The C compiler identification is GNU 13.3.0
[0.478s] -- The CXX compiler identification is GNU 13.3.0
[0.478s] -- Detecting C compiler ABI info
[0.525s] -- Detecting C compiler ABI info - done
[0.540s] -- Check for working C compiler: /usr/bin/cc - skipped
[0.542s] -- Detecting C compile features
[0.542s] -- Detecting C compile features - done
[0.561s] -- Detecting CXX compiler ABI info
[0.814s] -- Detecting CXX compiler ABI info - done
[0.836s] -- Check for working CXX compiler: /usr/bin/c++ - skipped
[0.836s] -- Detecting CXX compile features
[0.837s] -- Detecting CXX compile features - done
[0.846s] -- Found ament_cmake: 2.5.4 (/opt/ros/jazzy/share/ament_cmake/cmake)
[1.219s] -- Found Python3: /usr/bin/python3 (found version "3.12.3") found components: Interpreter 
[1.513s] -- Found ament_index_cpp: 1.8.1 (/opt/ros/jazzy/share/ament_index_cpp/cmake)
[1.521s] -- Found rclcpp: 28.1.10 (/opt/ros/jazzy/share/rclcpp/cmake)
[1.635s] -- Found rosidl_generator_c: 4.6.5 (/opt/ros/jazzy/share/rosidl_generator_c/cmake)
[1.677s] -- Found rosidl_generator_cpp: 4.6.5 (/opt/ros/jazzy/share/rosidl_generator_cpp/cmake)
[1.726s] -- Using all available rosidl_typesupport_c: rosidl_typesupport_fastrtps_c;rosidl_typesupport_introspection_c
[1.772s] -- Using all available rosidl_typesupport_cpp: rosidl_typesupport_fastrtps_cpp;rosidl_typesupport_introspection_cpp
[1.949s] -- Found rmw_implementation_cmake: 7.3.2 (/opt/ros/jazzy/share/rmw_implementation_cmake/cmake)
[1.959s] -- Found rmw_fastrtps_cpp: 8.4.2 (/opt/ros/jazzy/share/rmw_fastrtps_cpp/cmake)
[2.163s] -- Found OpenSSL: /usr/lib/aarch64-linux-gnu/libcrypto.so (found version "3.0.13")  
[2.204s] -- Found FastRTPS: /opt/ros/jazzy/include (Required is at least version "2.13") 
[2.251s] -- Using RMW implementation 'rmw_fastrtps_cpp' as default
[2.400s] -- Found rclcpp_action: 28.1.10 (/opt/ros/jazzy/share/rclcpp_action/cmake)
[2.493s] -- Found nav2_msgs: 1.3.7 (/opt/ros/jazzy/share/nav2_msgs/cmake)
[2.726s] -- Found behaviortree_cpp: 4.7.1 (/opt/ros/jazzy/share/behaviortree_cpp/cmake)
[2.735s] -- Found tf2: 0.36.12 (/opt/ros/jazzy/share/tf2/cmake)
[2.746s] -- Found tf2_ros: 0.36.12 (/opt/ros/jazzy/share/tf2_ros/cmake)
[2.878s] -- Found tf2_geometry_msgs: 0.36.12 (/opt/ros/jazzy/share/tf2_geometry_msgs/cmake)
[2.911s] -- Found eigen3_cmake_module: 0.3.0 (/opt/ros/jazzy/share/eigen3_cmake_module/cmake)
[2.913s] -- Found Eigen3: TRUE (found version "3.4.0") 
[2.914s] -- Ensuring Eigen3 include directory is part of orocos-kdl CMake target
[3.100s] -- Configuring done (3.0s)
[3.124s] -- Generating done (0.0s)
[3.132s] -- Build files have been written to: /home/amr/icarus_ws/build/nav2_bt_client
[3.156s] Invoked command in '/home/amr/icarus_ws/build/nav2_bt_client' returned '0': CMAKE_PREFIX_PATH=${CMAKE_PREFIX_PATH}:/home/amr/icarus_ws/install/rosbot_description:/home/amr/driver_ws/install/yahboomcar_description:/home/amr/driver_ws/install/yahboomcar_ctrl:/home/amr/driver_ws/install/yahboomcar_bringup:/opt/ros/jazzy /usr/bin/cmake /home/amr/icarus_ws/src/nav2_bt_client -DCMAKE_INSTALL_PREFIX=/home/amr/icarus_ws/install/nav2_bt_client
[3.157s] Invoking command in '/home/amr/icarus_ws/build/nav2_bt_client': CMAKE_PREFIX_PATH=${CMAKE_PREFIX_PATH}:/home/amr/icarus_ws/install/rosbot_description:/home/amr/driver_ws/install/yahboomcar_description:/home/amr/driver_ws/install/yahboomcar_ctrl:/home/amr/driver_ws/install/yahboomcar_bringup:/opt/ros/jazzy /usr/bin/cmake --build /home/amr/icarus_ws/build/nav2_bt_client -- -j4 -l4
[3.269s] [ 33%] [32mBuilding CXX object CMakeFiles/nav2_bt_node.dir/src/nav2_bt_node.cpp.o[0m
[3.270s] [ 66%] [32mBuilding CXX object CMakeFiles/nav2_bt_node.dir/src/navigation_behaviors.cpp.o[0m
[17.472s] [100%] [32m[1mLinking CXX executable nav2_bt_node[0m
[18.217s] [100%] Built target nav2_bt_node
[18.230s] Invoked command in '/home/amr/icarus_ws/build/nav2_bt_client' returned '0': CMAKE_PREFIX_PATH=${CMAKE_PREFIX_PATH}:/home/amr/icarus_ws/install/rosbot_description:/home/amr/driver_ws/install/yahboomcar_description:/home/amr/driver_ws/install/yahboomcar_ctrl:/home/amr/driver_ws/install/yahboomcar_bringup:/opt/ros/jazzy /usr/bin/cmake --build /home/amr/icarus_ws/build/nav2_bt_client -- -j4 -l4
[18.232s] Invoking command in '/home/amr/icarus_ws/build/nav2_bt_client': CMAKE_PREFIX_PATH=${CMAKE_PREFIX_PATH}:/home/amr/icarus_ws/install/rosbot_description:/home/amr/driver_ws/install/yahboomcar_description:/home/amr/driver_ws/install/yahboomcar_ctrl:/home/amr/driver_ws/install/yahboomcar_bringup:/opt/ros/jazzy /usr/bin/cmake --install /home/amr/icarus_ws/build/nav2_bt_client
[18.248s] -- Install configuration: ""
[18.248s] -- Installing: /home/amr/icarus_ws/install/nav2_bt_client/share/nav2_bt_client/bt_xml
[18.248s] -- Installing: /home/amr/icarus_ws/install/nav2_bt_client/share/nav2_bt_client/bt_xml/nav_tree.xml
[18.248s] -- Installing: /home/amr/icarus_ws/install/nav2_bt_client/share/nav2_bt_client/bt_xml/nav_tree_naive.xml
[18.249s] -- Installing: /home/amr/icarus_ws/install/nav2_bt_client/share/nav2_bt_client/launch
[18.249s] -- Installing: /home/amr/icarus_ws/install/nav2_bt_client/share/nav2_bt_client/launch/start_bt_app.launch.py
[18.249s] -- Installing: /home/amr/icarus_ws/install/nav2_bt_client/share/nav2_bt_client/config
[18.249s] -- Installing: /home/amr/icarus_ws/install/nav2_bt_client/share/nav2_bt_client/config/map_locations.yaml
[18.249s] -- Installing: /home/amr/icarus_ws/install/nav2_bt_client/lib/nav2_bt_client/nav2_bt_node
[18.254s] -- Set non-toolchain portion of runtime path of "/home/amr/icarus_ws/install/nav2_bt_client/lib/nav2_bt_client/nav2_bt_node" to ""
[18.254s] -- Installing: /home/amr/icarus_ws/install/nav2_bt_client/share/ament_index/resource_index/package_run_dependencies/nav2_bt_client
[18.254s] -- Installing: /home/amr/icarus_ws/install/nav2_bt_client/share/ament_index/resource_index/parent_prefix_path/nav2_bt_client
[18.254s] -- Installing: /home/amr/icarus_ws/install/nav2_bt_client/share/nav2_bt_client/environment/ament_prefix_path.sh
[18.254s] -- Installing: /home/amr/icarus_ws/install/nav2_bt_client/share/nav2_bt_client/environment/ament_prefix_path.dsv
[18.255s] -- Installing: /home/amr/icarus_ws/install/nav2_bt_client/share/nav2_bt_client/environment/path.sh
[18.255s] -- Installing: /home/amr/icarus_ws/install/nav2_bt_client/share/nav2_bt_client/environment/path.dsv
[18.255s] -- Installing: /home/amr/icarus_ws/install/nav2_bt_client/share/nav2_bt_client/local_setup.bash
[18.255s] -- Installing: /home/amr/icarus_ws/install/nav2_bt_client/share/nav2_bt_client/local_setup.sh
[18.255s] -- Installing: /home/amr/icarus_ws/install/nav2_bt_client/share/nav2_bt_client/local_setup.zsh
[18.255s] -- Installing: /home/amr/icarus_ws/install/nav2_bt_client/share/nav2_bt_client/local_setup.dsv
[18.256s] -- Installing: /home/amr/icarus_ws/install/nav2_bt_client/share/nav2_bt_client/package.dsv
[18.256s] -- Installing: /home/amr/icarus_ws/install/nav2_bt_client/share/ament_index/resource_index/packages/nav2_bt_client
[18.256s] -- Installing: /home/amr/icarus_ws/install/nav2_bt_client/share/nav2_bt_client/cmake/nav2_bt_clientConfig.cmake
[18.256s] -- Installing: /home/amr/icarus_ws/install/nav2_bt_client/share/nav2_bt_client/cmake/nav2_bt_clientConfig-version.cmake
[18.256s] -- Installing: /home/amr/icarus_ws/install/nav2_bt_client/share/nav2_bt_client/package.xml
[18.260s] Invoked command in '/home/amr/icarus_ws/build/nav2_bt_client' returned '0': CMAKE_PREFIX_PATH=${CMAKE_PREFIX_PATH}:/home/amr/icarus_ws/install/rosbot_description:/home/amr/driver_ws/install/yahboomcar_description:/home/amr/driver_ws/install/yahboomcar_ctrl:/home/amr/driver_ws/install/yahboomcar_bringup:/opt/ros/jazzy /usr/bin/cmake --install /home/amr/icarus_ws/build/nav2_bt_client
