/home/amr/icarus_ws/install/rosbot_description/lib/python3.12/site-packages/rosbot_description/__init__.py
/home/amr/icarus_ws/install/rosbot_description/lib/python3.12/site-packages/rosbot_description/__pycache__/__init__.cpython-312.pyc
/home/amr/icarus_ws/install/rosbot_description/share/ament_index/resource_index/packages/rosbot_description
/home/amr/icarus_ws/install/rosbot_description/share/rosbot_description/package.xml
/home/amr/icarus_ws/install/rosbot_description/share/rosbot_description/launch/state-publisher.launch.py
/home/amr/icarus_ws/install/rosbot_description/share/rosbot_description/launch/display.launch.py
/home/amr/icarus_ws/install/rosbot_description/share/rosbot_description/launch/gazebo.launch.py
/home/amr/icarus_ws/install/rosbot_description/share/rosbot_description/urdf/rosbot.xacro
/home/amr/icarus_ws/install/rosbot_description/share/rosbot_description/urdf/new.xacro
/home/amr/icarus_ws/install/rosbot_description/share/rosbot_description/urdf/materials.xacro
/home/amr/icarus_ws/install/rosbot_description/share/rosbot_description/urdf/rosbot.gazebo
/home/amr/icarus_ws/install/rosbot_description/share/rosbot_description/meshes/lidar_1.stl
/home/amr/icarus_ws/install/rosbot_description/share/rosbot_description/meshes/right_wheel_1.stl
/home/amr/icarus_ws/install/rosbot_description/share/rosbot_description/meshes/base_link.stl
/home/amr/icarus_ws/install/rosbot_description/share/rosbot_description/meshes/left_wheel_1.stl
/home/amr/icarus_ws/install/rosbot_description/share/rosbot_description/models
/home/amr/icarus_ws/install/rosbot_description/share/rosbot_description/worlds/hospital.sdf
/home/amr/icarus_ws/install/rosbot_description/share/rosbot_description/worlds/hospital.world
/home/amr/icarus_ws/install/rosbot_description/share/rosbot_description/config/display.rviz
/home/amr/icarus_ws/install/rosbot_description/share/rosbot_description/config/gazebo.rviz
/home/amr/icarus_ws/install/rosbot_description/share/rosbot_description/config/ros_gz_bridge_gazebo.yaml
/home/amr/icarus_ws/install/rosbot_description/lib/python3.12/site-packages/rosbot_description-0.0.0-py3.12.egg-info/zip-safe
/home/amr/icarus_ws/install/rosbot_description/lib/python3.12/site-packages/rosbot_description-0.0.0-py3.12.egg-info/SOURCES.txt
/home/amr/icarus_ws/install/rosbot_description/lib/python3.12/site-packages/rosbot_description-0.0.0-py3.12.egg-info/top_level.txt
/home/amr/icarus_ws/install/rosbot_description/lib/python3.12/site-packages/rosbot_description-0.0.0-py3.12.egg-info/PKG-INFO
/home/amr/icarus_ws/install/rosbot_description/lib/python3.12/site-packages/rosbot_description-0.0.0-py3.12.egg-info/requires.txt
/home/amr/icarus_ws/install/rosbot_description/lib/python3.12/site-packages/rosbot_description-0.0.0-py3.12.egg-info/dependency_links.txt
