/usr/lib/python3/dist-packages/setuptools/dist.py:744: SetuptoolsDeprecationWarning: Invalid dash-separated options
!!

        ********************************************************************************
        Usage of dash-separated 'script-dir' will not be supported in future
        versions. Please use the underscore name 'script_dir' instead.

        This deprecation is overdue, please update your project and remove deprecated
        calls to avoid build errors in the future.

        See https://setuptools.pypa.io/en/latest/userguide/declarative_config.html for details.
        ********************************************************************************

!!
  opt = self.warn_dash_deprecation(opt, section)
running egg_info
writing ../../build/yahboomcar_description/yahboomcar_description.egg-info/PKG-INFO
writing dependency_links to ../../build/yahboomcar_description/yahboomcar_description.egg-info/dependency_links.txt
writing requirements to ../../build/yahboomcar_description/yahboomcar_description.egg-info/requires.txt
writing top-level names to ../../build/yahboomcar_description/yahboomcar_description.egg-info/top_level.txt
reading manifest file '../../build/yahboomcar_description/yahboomcar_description.egg-info/SOURCES.txt'
writing manifest file '../../build/yahboomcar_description/yahboomcar_description.egg-info/SOURCES.txt'
running build
running build_py
running install
running install_lib
warning: install_lib: '/home/amr/driver_ws/build/yahboomcar_description/build/lib' does not exist -- no Python modules to install

running install_data
copying urdf/new.urdf -> /home/amr/driver_ws/install/yahboomcar_description/share/yahboomcar_description/urdf
copying urdf/new.xacro -> /home/amr/driver_ws/install/yahboomcar_description/share/yahboomcar_description/urdf
running install_egg_info
removing '/home/amr/driver_ws/install/yahboomcar_description/lib/python3.12/site-packages/yahboomcar_description-0.0.0-py3.12.egg-info' (and everything under it)
Copying ../../build/yahboomcar_description/yahboomcar_description.egg-info to /home/amr/driver_ws/install/yahboomcar_description/lib/python3.12/site-packages/yahboomcar_description-0.0.0-py3.12.egg-info
running install_scripts
writing list of installed files to '/home/amr/driver_ws/build/yahboomcar_description/install.log'
