[2.426s] Invoking command in '/home/amr/driver_ws/src/yahboomcar_description': PYTHONPATH=/home/amr/driver_ws/build/yahboomcar_description/prefix_override:/usr/lib/python3/dist-packages/colcon_core/task/python/colcon_distutils_commands:/home/amr/driver_ws/install/yahboomcar_description/lib/python3.12/site-packages:${PYTHONPATH} /usr/bin/python3 -W ignore:setup.py install is deprecated -W ignore:easy_install command is deprecated setup.py egg_info --egg-base ../../build/yahboomcar_description build --build-base /home/amr/driver_ws/build/yahboomcar_description/build install --record /home/amr/driver_ws/build/yahboomcar_description/install.log --install-scripts $base/lib/yahboomcar_description --single-version-externally-managed install_data
[2.669s] /usr/lib/python3/dist-packages/setuptools/dist.py:744: SetuptoolsDeprecationWarning: Invalid dash-separated options
[2.669s] !!
[2.669s] 
[2.670s]         ********************************************************************************
[2.670s]         Usage of dash-separated 'script-dir' will not be supported in future
[2.670s]         versions. Please use the underscore name 'script_dir' instead.
[2.670s] 
[2.670s]         This deprecation is overdue, please update your project and remove deprecated
[2.670s]         calls to avoid build errors in the future.
[2.670s] 
[2.670s]         See https://setuptools.pypa.io/en/latest/userguide/declarative_config.html for details.
[2.670s]         ********************************************************************************
[2.670s] 
[2.670s] !!
[2.670s]   opt = self.warn_dash_deprecation(opt, section)
[2.880s] running egg_info
[2.913s] writing ../../build/yahboomcar_description/yahboomcar_description.egg-info/PKG-INFO
[2.915s] writing dependency_links to ../../build/yahboomcar_description/yahboomcar_description.egg-info/dependency_links.txt
[2.917s] writing requirements to ../../build/yahboomcar_description/yahboomcar_description.egg-info/requires.txt
[2.918s] writing top-level names to ../../build/yahboomcar_description/yahboomcar_description.egg-info/top_level.txt
[2.989s] reading manifest file '../../build/yahboomcar_description/yahboomcar_description.egg-info/SOURCES.txt'
[2.989s] writing manifest file '../../build/yahboomcar_description/yahboomcar_description.egg-info/SOURCES.txt'
[2.990s] running build
[2.990s] running build_py
[2.990s] running install
[3.001s] running install_lib
[3.033s] warning: install_lib: '/home/amr/driver_ws/build/yahboomcar_description/build/lib' does not exist -- no Python modules to install
[3.033s] 
[3.033s] running install_data
[3.033s] copying urdf/new.urdf -> /home/amr/driver_ws/install/yahboomcar_description/share/yahboomcar_description/urdf
[3.034s] copying urdf/new.xacro -> /home/amr/driver_ws/install/yahboomcar_description/share/yahboomcar_description/urdf
[3.034s] running install_egg_info
[3.064s] removing '/home/amr/driver_ws/install/yahboomcar_description/lib/python3.12/site-packages/yahboomcar_description-0.0.0-py3.12.egg-info' (and everything under it)
[3.065s] Copying ../../build/yahboomcar_description/yahboomcar_description.egg-info to /home/amr/driver_ws/install/yahboomcar_description/lib/python3.12/site-packages/yahboomcar_description-0.0.0-py3.12.egg-info
[3.067s] running install_scripts
[3.264s] writing list of installed files to '/home/amr/driver_ws/build/yahboomcar_description/install.log'
[3.375s] Invoked command in '/home/amr/driver_ws/src/yahboomcar_description' returned '0': PYTHONPATH=/home/amr/driver_ws/build/yahboomcar_description/prefix_override:/usr/lib/python3/dist-packages/colcon_core/task/python/colcon_distutils_commands:/home/amr/driver_ws/install/yahboomcar_description/lib/python3.12/site-packages:${PYTHONPATH} /usr/bin/python3 -W ignore:setup.py install is deprecated -W ignore:easy_install command is deprecated setup.py egg_info --egg-base ../../build/yahboomcar_description build --build-base /home/amr/driver_ws/build/yahboomcar_description/build install --record /home/amr/driver_ws/build/yahboomcar_description/install.log --install-scripts $base/lib/yahboomcar_description --single-version-externally-managed install_data
