/usr/lib/python3/dist-packages/setuptools/dist.py:744: SetuptoolsDeprecationWarning: Invalid dash-separated options
!!

        ********************************************************************************
        Usage of dash-separated 'script-dir' will not be supported in future
        versions. Please use the underscore name 'script_dir' instead.

        This deprecation is overdue, please update your project and remove deprecated
        calls to avoid build errors in the future.

        See https://setuptools.pypa.io/en/latest/userguide/declarative_config.html for details.
        ********************************************************************************

!!
  opt = self.warn_dash_deprecation(opt, section)
running egg_info
writing ../../build/yahboomcar_bringup/yahboomcar_bringup.egg-info/PKG-INFO
writing dependency_links to ../../build/yahboomcar_bringup/yahboomcar_bringup.egg-info/dependency_links.txt
writing entry points to ../../build/yahboomcar_bringup/yahboomcar_bringup.egg-info/entry_points.txt
writing requirements to ../../build/yahboomcar_bringup/yahboomcar_bringup.egg-info/requires.txt
writing top-level names to ../../build/yahboomcar_bringup/yahboomcar_bringup.egg-info/top_level.txt
reading manifest file '../../build/yahboomcar_bringup/yahboomcar_bringup.egg-info/SOURCES.txt'
writing manifest file '../../build/yahboomcar_bringup/yahboomcar_bringup.egg-info/SOURCES.txt'
running build
running build_py
running install
running install_lib
running install_data
copying launch/yahboomcar_bringup_X3_launch.py -> /home/amr/driver_ws/install/yahboomcar_bringup/share/yahboomcar_bringup/launch
running install_egg_info
removing '/home/amr/driver_ws/install/yahboomcar_bringup/lib/python3.12/site-packages/yahboomcar_bringup-0.0.0-py3.12.egg-info' (and everything under it)
Copying ../../build/yahboomcar_bringup/yahboomcar_bringup.egg-info to /home/amr/driver_ws/install/yahboomcar_bringup/lib/python3.12/site-packages/yahboomcar_bringup-0.0.0-py3.12.egg-info
running install_scripts
Installing Ackman_driver_R2 script to /home/amr/driver_ws/install/yahboomcar_bringup/lib/yahboomcar_bringup
Installing Mcnamu_driver_X3 script to /home/amr/driver_ws/install/yahboomcar_bringup/lib/yahboomcar_bringup
Installing Mcnamu_driver_x1 script to /home/amr/driver_ws/install/yahboomcar_bringup/lib/yahboomcar_bringup
Installing calibrate_angular_R2 script to /home/amr/driver_ws/install/yahboomcar_bringup/lib/yahboomcar_bringup
Installing calibrate_angular_X3 script to /home/amr/driver_ws/install/yahboomcar_bringup/lib/yahboomcar_bringup
Installing calibrate_linear_R2 script to /home/amr/driver_ws/install/yahboomcar_bringup/lib/yahboomcar_bringup
Installing calibrate_linear_X3 script to /home/amr/driver_ws/install/yahboomcar_bringup/lib/yahboomcar_bringup
Installing patrol_4ROS script to /home/amr/driver_ws/install/yahboomcar_bringup/lib/yahboomcar_bringup
Installing patrol_4ROS_R2 script to /home/amr/driver_ws/install/yahboomcar_bringup/lib/yahboomcar_bringup
Installing patrol_a1_R2 script to /home/amr/driver_ws/install/yahboomcar_bringup/lib/yahboomcar_bringup
Installing patrol_a1_X3 script to /home/amr/driver_ws/install/yahboomcar_bringup/lib/yahboomcar_bringup
writing list of installed files to '/home/amr/driver_ws/build/yahboomcar_bringup/install.log'
