[2.367s] Invoking command in '/home/amr/driver_ws/src/yahboomcar_bringup': PYTHONPATH=/home/amr/driver_ws/build/yahboomcar_bringup/prefix_override:/usr/lib/python3/dist-packages/colcon_core/task/python/colcon_distutils_commands:/home/amr/driver_ws/install/yahboomcar_bringup/lib/python3.12/site-packages:${PYTHONPATH} /usr/bin/python3 -W ignore:setup.py install is deprecated -W ignore:easy_install command is deprecated setup.py egg_info --egg-base ../../build/yahboomcar_bringup build --build-base /home/amr/driver_ws/build/yahboomcar_bringup/build install --record /home/amr/driver_ws/build/yahboomcar_bringup/install.log --install-scripts $base/lib/yahboomcar_bringup --single-version-externally-managed install_data
[2.633s] /usr/lib/python3/dist-packages/setuptools/dist.py:744: SetuptoolsDeprecationWarning: Invalid dash-separated options
[2.633s] !!
[2.633s] 
[2.633s]         ********************************************************************************
[2.633s]         Usage of dash-separated 'script-dir' will not be supported in future
[2.633s]         versions. Please use the underscore name 'script_dir' instead.
[2.633s] 
[2.634s]         This deprecation is overdue, please update your project and remove deprecated
[2.634s]         calls to avoid build errors in the future.
[2.634s] 
[2.634s]         See https://setuptools.pypa.io/en/latest/userguide/declarative_config.html for details.
[2.634s]         ********************************************************************************
[2.634s] 
[2.634s] !!
[2.634s]   opt = self.warn_dash_deprecation(opt, section)
[2.838s] running egg_info
[2.862s] writing ../../build/yahboomcar_bringup/yahboomcar_bringup.egg-info/PKG-INFO
[2.866s] writing dependency_links to ../../build/yahboomcar_bringup/yahboomcar_bringup.egg-info/dependency_links.txt
[2.868s] writing entry points to ../../build/yahboomcar_bringup/yahboomcar_bringup.egg-info/entry_points.txt
[2.869s] writing requirements to ../../build/yahboomcar_bringup/yahboomcar_bringup.egg-info/requires.txt
[2.870s] writing top-level names to ../../build/yahboomcar_bringup/yahboomcar_bringup.egg-info/top_level.txt
[2.932s] reading manifest file '../../build/yahboomcar_bringup/yahboomcar_bringup.egg-info/SOURCES.txt'
[2.935s] writing manifest file '../../build/yahboomcar_bringup/yahboomcar_bringup.egg-info/SOURCES.txt'
[2.935s] running build
[2.936s] running build_py
[2.939s] running install
[2.953s] running install_lib
[2.990s] running install_data
[2.991s] copying launch/yahboomcar_bringup_X3_launch.py -> /home/amr/driver_ws/install/yahboomcar_bringup/share/yahboomcar_bringup/launch
[2.993s] running install_egg_info
[3.029s] removing '/home/amr/driver_ws/install/yahboomcar_bringup/lib/python3.12/site-packages/yahboomcar_bringup-0.0.0-py3.12.egg-info' (and everything under it)
[3.030s] Copying ../../build/yahboomcar_bringup/yahboomcar_bringup.egg-info to /home/amr/driver_ws/install/yahboomcar_bringup/lib/python3.12/site-packages/yahboomcar_bringup-0.0.0-py3.12.egg-info
[3.033s] running install_scripts
[3.217s] Installing Ackman_driver_R2 script to /home/amr/driver_ws/install/yahboomcar_bringup/lib/yahboomcar_bringup
[3.217s] Installing Mcnamu_driver_X3 script to /home/amr/driver_ws/install/yahboomcar_bringup/lib/yahboomcar_bringup
[3.221s] Installing Mcnamu_driver_x1 script to /home/amr/driver_ws/install/yahboomcar_bringup/lib/yahboomcar_bringup
[3.222s] Installing calibrate_angular_R2 script to /home/amr/driver_ws/install/yahboomcar_bringup/lib/yahboomcar_bringup
[3.222s] Installing calibrate_angular_X3 script to /home/amr/driver_ws/install/yahboomcar_bringup/lib/yahboomcar_bringup
[3.223s] Installing calibrate_linear_R2 script to /home/amr/driver_ws/install/yahboomcar_bringup/lib/yahboomcar_bringup
[3.224s] Installing calibrate_linear_X3 script to /home/amr/driver_ws/install/yahboomcar_bringup/lib/yahboomcar_bringup
[3.224s] Installing patrol_4ROS script to /home/amr/driver_ws/install/yahboomcar_bringup/lib/yahboomcar_bringup
[3.225s] Installing patrol_4ROS_R2 script to /home/amr/driver_ws/install/yahboomcar_bringup/lib/yahboomcar_bringup
[3.226s] Installing patrol_a1_R2 script to /home/amr/driver_ws/install/yahboomcar_bringup/lib/yahboomcar_bringup
[3.227s] Installing patrol_a1_X3 script to /home/amr/driver_ws/install/yahboomcar_bringup/lib/yahboomcar_bringup
[3.228s] writing list of installed files to '/home/amr/driver_ws/build/yahboomcar_bringup/install.log'
[3.358s] Invoked command in '/home/amr/driver_ws/src/yahboomcar_bringup' returned '0': PYTHONPATH=/home/amr/driver_ws/build/yahboomcar_bringup/prefix_override:/usr/lib/python3/dist-packages/colcon_core/task/python/colcon_distutils_commands:/home/amr/driver_ws/install/yahboomcar_bringup/lib/python3.12/site-packages:${PYTHONPATH} /usr/bin/python3 -W ignore:setup.py install is deprecated -W ignore:easy_install command is deprecated setup.py egg_info --egg-base ../../build/yahboomcar_bringup build --build-base /home/amr/driver_ws/build/yahboomcar_bringup/build install --record /home/amr/driver_ws/build/yahboomcar_bringup/install.log --install-scripts $base/lib/yahboomcar_bringup --single-version-externally-managed install_data
