[0.151s] DEBUG:colcon:Command line arguments: ['/usr/bin/colcon', 'build']
[0.151s] DEBUG:colcon:Parsed command line arguments: Namespace(log_base=None, log_level=None, verb_name='build', build_base='build', install_base='install', merge_install=False, symlink_install=False, test_result_base=None, continue_on_error=False, executor='parallel', parallel_workers=4, event_handlers=None, ignore_user_meta=False, metas=['./colcon.meta'], base_paths=['.'], packages_ignore=None, packages_ignore_regex=None, paths=None, packages_up_to=None, packages_up_to_regex=None, packages_above=None, packages_above_and_dependencies=None, packages_above_depth=None, packages_select_by_dep=None, packages_skip_by_dep=None, packages_skip_up_to=None, packages_select_build_failed=False, packages_skip_build_finished=False, packages_select_test_failures=False, packages_skip_test_passed=False, packages_select=None, packages_skip=None, packages_select_regex=None, packages_skip_regex=None, packages_start=None, packages_end=None, allow_overriding=[], cmake_args=None, cmake_target=None, cmake_target_skip_unavailable=False, cmake_clean_cache=False, cmake_clean_first=False, cmake_force_configure=False, ament_cmake_args=None, catkin_cmake_args=None, catkin_skip_building_tests=False, mixin_files=None, mixin=None, verb_parser=<colcon_mixin.mixin.mixin_argument.MixinArgumentDecorator object at 0xffffaa659be0>, verb_extension=<colcon_core.verb.build.BuildVerb object at 0xffffaa8071a0>, main=<bound method BuildVerb.main of <colcon_core.verb.build.BuildVerb object at 0xffffaa8071a0>>, mixin_verb=('build',))
[0.209s] Level 1:colcon.colcon_core.package_discovery:discover_packages(colcon_meta) check parameters
[0.209s] Level 1:colcon.colcon_core.package_discovery:discover_packages(recursive) check parameters
[0.209s] Level 1:colcon.colcon_core.package_discovery:discover_packages(ignore) check parameters
[0.209s] Level 1:colcon.colcon_core.package_discovery:discover_packages(path) check parameters
[0.209s] Level 1:colcon.colcon_core.package_discovery:discover_packages(colcon_meta) discover
[0.209s] Level 1:colcon.colcon_core.package_discovery:discover_packages(recursive) discover
[0.209s] INFO:colcon.colcon_core.package_discovery:Crawling recursively for packages in '/home/amr/icarus_ws'
[0.209s] Level 1:colcon.colcon_core.package_identification:_identify(.) by extensions ['ignore', 'ignore_ament_install']
[0.209s] Level 1:colcon.colcon_core.package_identification:_identify(.) by extension 'ignore'
[0.209s] Level 1:colcon.colcon_core.package_identification:_identify(.) by extension 'ignore_ament_install'
[0.209s] Level 1:colcon.colcon_core.package_identification:_identify(.) by extensions ['colcon_pkg']
[0.209s] Level 1:colcon.colcon_core.package_identification:_identify(.) by extension 'colcon_pkg'
[0.210s] Level 1:colcon.colcon_core.package_identification:_identify(.) by extensions ['colcon_meta']
[0.210s] Level 1:colcon.colcon_core.package_identification:_identify(.) by extension 'colcon_meta'
[0.210s] Level 1:colcon.colcon_core.package_identification:_identify(.) by extensions ['ros']
[0.210s] Level 1:colcon.colcon_core.package_identification:_identify(.) by extension 'ros'
[0.247s] Level 1:colcon.colcon_core.package_identification:_identify(.) by extensions ['cmake', 'python']
[0.248s] Level 1:colcon.colcon_core.package_identification:_identify(.) by extension 'cmake'
[0.248s] Level 1:colcon.colcon_core.package_identification:_identify(.) by extension 'python'
[0.248s] Level 1:colcon.colcon_core.package_identification:_identify(.) by extensions ['python_setup_py']
[0.248s] Level 1:colcon.colcon_core.package_identification:_identify(.) by extension 'python_setup_py'
[0.248s] Level 1:colcon.colcon_core.package_identification:_identify(build) by extensions ['ignore', 'ignore_ament_install']
[0.248s] Level 1:colcon.colcon_core.package_identification:_identify(build) by extension 'ignore'
[0.248s] Level 1:colcon.colcon_core.package_identification:_identify(build) ignored
[0.248s] Level 1:colcon.colcon_core.package_identification:_identify(install) by extensions ['ignore', 'ignore_ament_install']
[0.248s] Level 1:colcon.colcon_core.package_identification:_identify(install) by extension 'ignore'
[0.248s] Level 1:colcon.colcon_core.package_identification:_identify(install) ignored
[0.249s] Level 1:colcon.colcon_core.package_identification:_identify(log) by extensions ['ignore', 'ignore_ament_install']
[0.249s] Level 1:colcon.colcon_core.package_identification:_identify(log) by extension 'ignore'
[0.249s] Level 1:colcon.colcon_core.package_identification:_identify(log) ignored
[0.249s] Level 1:colcon.colcon_core.package_identification:_identify(src) by extensions ['ignore', 'ignore_ament_install']
[0.249s] Level 1:colcon.colcon_core.package_identification:_identify(src) by extension 'ignore'
[0.249s] Level 1:colcon.colcon_core.package_identification:_identify(src) by extension 'ignore_ament_install'
[0.249s] Level 1:colcon.colcon_core.package_identification:_identify(src) by extensions ['colcon_pkg']
[0.249s] Level 1:colcon.colcon_core.package_identification:_identify(src) by extension 'colcon_pkg'
[0.249s] Level 1:colcon.colcon_core.package_identification:_identify(src) by extensions ['colcon_meta']
[0.249s] Level 1:colcon.colcon_core.package_identification:_identify(src) by extension 'colcon_meta'
[0.249s] Level 1:colcon.colcon_core.package_identification:_identify(src) by extensions ['ros']
[0.249s] Level 1:colcon.colcon_core.package_identification:_identify(src) by extension 'ros'
[0.249s] Level 1:colcon.colcon_core.package_identification:_identify(src) by extensions ['cmake', 'python']
[0.249s] Level 1:colcon.colcon_core.package_identification:_identify(src) by extension 'cmake'
[0.249s] Level 1:colcon.colcon_core.package_identification:_identify(src) by extension 'python'
[0.249s] Level 1:colcon.colcon_core.package_identification:_identify(src) by extensions ['python_setup_py']
[0.249s] Level 1:colcon.colcon_core.package_identification:_identify(src) by extension 'python_setup_py'
[0.249s] Level 1:colcon.colcon_core.package_identification:_identify(src/nav2_bt_client) by extensions ['ignore', 'ignore_ament_install']
[0.250s] Level 1:colcon.colcon_core.package_identification:_identify(src/nav2_bt_client) by extension 'ignore'
[0.250s] Level 1:colcon.colcon_core.package_identification:_identify(src/nav2_bt_client) by extension 'ignore_ament_install'
[0.250s] Level 1:colcon.colcon_core.package_identification:_identify(src/nav2_bt_client) by extensions ['colcon_pkg']
[0.250s] Level 1:colcon.colcon_core.package_identification:_identify(src/nav2_bt_client) by extension 'colcon_pkg'
[0.250s] Level 1:colcon.colcon_core.package_identification:_identify(src/nav2_bt_client) by extensions ['colcon_meta']
[0.250s] Level 1:colcon.colcon_core.package_identification:_identify(src/nav2_bt_client) by extension 'colcon_meta'
[0.250s] Level 1:colcon.colcon_core.package_identification:_identify(src/nav2_bt_client) by extensions ['ros']
[0.250s] Level 1:colcon.colcon_core.package_identification:_identify(src/nav2_bt_client) by extension 'ros'
[0.254s] DEBUG:colcon.colcon_core.package_identification:Package 'src/nav2_bt_client' with type 'ros.ament_cmake' and name 'nav2_bt_client'
[0.254s] Level 1:colcon.colcon_core.package_identification:_identify(src/nav2_client) by extensions ['ignore', 'ignore_ament_install']
[0.254s] Level 1:colcon.colcon_core.package_identification:_identify(src/nav2_client) by extension 'ignore'
[0.254s] Level 1:colcon.colcon_core.package_identification:_identify(src/nav2_client) by extension 'ignore_ament_install'
[0.254s] Level 1:colcon.colcon_core.package_identification:_identify(src/nav2_client) by extensions ['colcon_pkg']
[0.254s] Level 1:colcon.colcon_core.package_identification:_identify(src/nav2_client) by extension 'colcon_pkg'
[0.254s] Level 1:colcon.colcon_core.package_identification:_identify(src/nav2_client) by extensions ['colcon_meta']
[0.254s] Level 1:colcon.colcon_core.package_identification:_identify(src/nav2_client) by extension 'colcon_meta'
[0.254s] Level 1:colcon.colcon_core.package_identification:_identify(src/nav2_client) by extensions ['ros']
[0.254s] Level 1:colcon.colcon_core.package_identification:_identify(src/nav2_client) by extension 'ros'
[0.255s] DEBUG:colcon.colcon_core.package_identification:Package 'src/nav2_client' with type 'ros.ament_cmake' and name 'nav2_client'
[0.255s] Level 1:colcon.colcon_core.package_identification:_identify(src/rosbot_description) by extensions ['ignore', 'ignore_ament_install']
[0.255s] Level 1:colcon.colcon_core.package_identification:_identify(src/rosbot_description) by extension 'ignore'
[0.256s] Level 1:colcon.colcon_core.package_identification:_identify(src/rosbot_description) by extension 'ignore_ament_install'
[0.256s] Level 1:colcon.colcon_core.package_identification:_identify(src/rosbot_description) by extensions ['colcon_pkg']
[0.256s] Level 1:colcon.colcon_core.package_identification:_identify(src/rosbot_description) by extension 'colcon_pkg'
[0.256s] Level 1:colcon.colcon_core.package_identification:_identify(src/rosbot_description) by extensions ['colcon_meta']
[0.256s] Level 1:colcon.colcon_core.package_identification:_identify(src/rosbot_description) by extension 'colcon_meta'
[0.256s] Level 1:colcon.colcon_core.package_identification:_identify(src/rosbot_description) by extensions ['ros']
[0.256s] Level 1:colcon.colcon_core.package_identification:_identify(src/rosbot_description) by extension 'ros'
[0.257s] DEBUG:colcon.colcon_core.package_identification:Package 'src/rosbot_description' with type 'ros.ament_python' and name 'rosbot_description'
[0.257s] Level 1:colcon.colcon_core.package_identification:_identify(src/rosbot_nav2_bringup) by extensions ['ignore', 'ignore_ament_install']
[0.257s] Level 1:colcon.colcon_core.package_identification:_identify(src/rosbot_nav2_bringup) by extension 'ignore'
[0.257s] Level 1:colcon.colcon_core.package_identification:_identify(src/rosbot_nav2_bringup) by extension 'ignore_ament_install'
[0.257s] Level 1:colcon.colcon_core.package_identification:_identify(src/rosbot_nav2_bringup) by extensions ['colcon_pkg']
[0.257s] Level 1:colcon.colcon_core.package_identification:_identify(src/rosbot_nav2_bringup) by extension 'colcon_pkg'
[0.257s] Level 1:colcon.colcon_core.package_identification:_identify(src/rosbot_nav2_bringup) by extensions ['colcon_meta']
[0.257s] Level 1:colcon.colcon_core.package_identification:_identify(src/rosbot_nav2_bringup) by extension 'colcon_meta'
[0.257s] Level 1:colcon.colcon_core.package_identification:_identify(src/rosbot_nav2_bringup) by extensions ['ros']
[0.257s] Level 1:colcon.colcon_core.package_identification:_identify(src/rosbot_nav2_bringup) by extension 'ros'
[0.258s] DEBUG:colcon.colcon_core.package_identification:Package 'src/rosbot_nav2_bringup' with type 'ros.ament_cmake' and name 'rosbot_nav2_bringup'
[0.258s] Level 1:colcon.colcon_core.package_discovery:discover_packages(recursive) using defaults
[0.258s] Level 1:colcon.colcon_core.package_discovery:discover_packages(ignore) discover
[0.258s] Level 1:colcon.colcon_core.package_discovery:discover_packages(ignore) using defaults
[0.258s] Level 1:colcon.colcon_core.package_discovery:discover_packages(path) discover
[0.258s] Level 1:colcon.colcon_core.package_discovery:discover_packages(path) using defaults
[0.282s] Level 1:colcon.colcon_core.package_discovery:discover_packages(prefix_path) check parameters
[0.282s] Level 1:colcon.colcon_core.package_discovery:discover_packages(prefix_path) discover
[0.285s] DEBUG:colcon.colcon_installed_package_information.package_discovery:Found 4 installed packages in /home/amr/icarus_ws/install
[0.286s] DEBUG:colcon.colcon_installed_package_information.package_discovery:Found 1 installed packages in /home/amr/lidar_ws/install
[0.286s] DEBUG:colcon.colcon_installed_package_information.package_discovery:Found 4 installed packages in /home/amr/driver_ws/install
[0.288s] DEBUG:colcon.colcon_installed_package_information.package_discovery:Found 310 installed packages in /opt/ros/jazzy
[0.289s] Level 1:colcon.colcon_core.package_discovery:discover_packages(prefix_path) using defaults
[0.349s] Level 5:colcon.colcon_core.verb:set package 'nav2_bt_client' build argument 'cmake_args' from command line to 'None'
[0.349s] Level 5:colcon.colcon_core.verb:set package 'nav2_bt_client' build argument 'cmake_target' from command line to 'None'
[0.349s] Level 5:colcon.colcon_core.verb:set package 'nav2_bt_client' build argument 'cmake_target_skip_unavailable' from command line to 'False'
[0.349s] Level 5:colcon.colcon_core.verb:set package 'nav2_bt_client' build argument 'cmake_clean_cache' from command line to 'False'
[0.349s] Level 5:colcon.colcon_core.verb:set package 'nav2_bt_client' build argument 'cmake_clean_first' from command line to 'False'
[0.349s] Level 5:colcon.colcon_core.verb:set package 'nav2_bt_client' build argument 'cmake_force_configure' from command line to 'False'
[0.349s] Level 5:colcon.colcon_core.verb:set package 'nav2_bt_client' build argument 'ament_cmake_args' from command line to 'None'
[0.349s] Level 5:colcon.colcon_core.verb:set package 'nav2_bt_client' build argument 'catkin_cmake_args' from command line to 'None'
[0.349s] Level 5:colcon.colcon_core.verb:set package 'nav2_bt_client' build argument 'catkin_skip_building_tests' from command line to 'False'
[0.349s] DEBUG:colcon.colcon_core.verb:Building package 'nav2_bt_client' with the following arguments: {'ament_cmake_args': None, 'build_base': '/home/amr/icarus_ws/build/nav2_bt_client', 'catkin_cmake_args': None, 'catkin_skip_building_tests': False, 'cmake_args': None, 'cmake_clean_cache': False, 'cmake_clean_first': False, 'cmake_force_configure': False, 'cmake_target': None, 'cmake_target_skip_unavailable': False, 'install_base': '/home/amr/icarus_ws/install/nav2_bt_client', 'merge_install': False, 'path': '/home/amr/icarus_ws/src/nav2_bt_client', 'symlink_install': False, 'test_result_base': None}
[0.350s] Level 5:colcon.colcon_core.verb:set package 'nav2_client' build argument 'cmake_args' from command line to 'None'
[0.350s] Level 5:colcon.colcon_core.verb:set package 'nav2_client' build argument 'cmake_target' from command line to 'None'
[0.350s] Level 5:colcon.colcon_core.verb:set package 'nav2_client' build argument 'cmake_target_skip_unavailable' from command line to 'False'
[0.350s] Level 5:colcon.colcon_core.verb:set package 'nav2_client' build argument 'cmake_clean_cache' from command line to 'False'
[0.350s] Level 5:colcon.colcon_core.verb:set package 'nav2_client' build argument 'cmake_clean_first' from command line to 'False'
[0.350s] Level 5:colcon.colcon_core.verb:set package 'nav2_client' build argument 'cmake_force_configure' from command line to 'False'
[0.350s] Level 5:colcon.colcon_core.verb:set package 'nav2_client' build argument 'ament_cmake_args' from command line to 'None'
[0.350s] Level 5:colcon.colcon_core.verb:set package 'nav2_client' build argument 'catkin_cmake_args' from command line to 'None'
[0.350s] Level 5:colcon.colcon_core.verb:set package 'nav2_client' build argument 'catkin_skip_building_tests' from command line to 'False'
[0.350s] DEBUG:colcon.colcon_core.verb:Building package 'nav2_client' with the following arguments: {'ament_cmake_args': None, 'build_base': '/home/amr/icarus_ws/build/nav2_client', 'catkin_cmake_args': None, 'catkin_skip_building_tests': False, 'cmake_args': None, 'cmake_clean_cache': False, 'cmake_clean_first': False, 'cmake_force_configure': False, 'cmake_target': None, 'cmake_target_skip_unavailable': False, 'install_base': '/home/amr/icarus_ws/install/nav2_client', 'merge_install': False, 'path': '/home/amr/icarus_ws/src/nav2_client', 'symlink_install': False, 'test_result_base': None}
[0.350s] Level 5:colcon.colcon_core.verb:set package 'rosbot_description' build argument 'cmake_args' from command line to 'None'
[0.350s] Level 5:colcon.colcon_core.verb:set package 'rosbot_description' build argument 'cmake_target' from command line to 'None'
[0.350s] Level 5:colcon.colcon_core.verb:set package 'rosbot_description' build argument 'cmake_target_skip_unavailable' from command line to 'False'
[0.350s] Level 5:colcon.colcon_core.verb:set package 'rosbot_description' build argument 'cmake_clean_cache' from command line to 'False'
[0.350s] Level 5:colcon.colcon_core.verb:set package 'rosbot_description' build argument 'cmake_clean_first' from command line to 'False'
[0.351s] Level 5:colcon.colcon_core.verb:set package 'rosbot_description' build argument 'cmake_force_configure' from command line to 'False'
[0.351s] Level 5:colcon.colcon_core.verb:set package 'rosbot_description' build argument 'ament_cmake_args' from command line to 'None'
[0.351s] Level 5:colcon.colcon_core.verb:set package 'rosbot_description' build argument 'catkin_cmake_args' from command line to 'None'
[0.351s] Level 5:colcon.colcon_core.verb:set package 'rosbot_description' build argument 'catkin_skip_building_tests' from command line to 'False'
[0.351s] DEBUG:colcon.colcon_core.verb:Building package 'rosbot_description' with the following arguments: {'ament_cmake_args': None, 'build_base': '/home/amr/icarus_ws/build/rosbot_description', 'catkin_cmake_args': None, 'catkin_skip_building_tests': False, 'cmake_args': None, 'cmake_clean_cache': False, 'cmake_clean_first': False, 'cmake_force_configure': False, 'cmake_target': None, 'cmake_target_skip_unavailable': False, 'install_base': '/home/amr/icarus_ws/install/rosbot_description', 'merge_install': False, 'path': '/home/amr/icarus_ws/src/rosbot_description', 'symlink_install': False, 'test_result_base': None}
[0.351s] Level 5:colcon.colcon_core.verb:set package 'rosbot_nav2_bringup' build argument 'cmake_args' from command line to 'None'
[0.351s] Level 5:colcon.colcon_core.verb:set package 'rosbot_nav2_bringup' build argument 'cmake_target' from command line to 'None'
[0.351s] Level 5:colcon.colcon_core.verb:set package 'rosbot_nav2_bringup' build argument 'cmake_target_skip_unavailable' from command line to 'False'
[0.351s] Level 5:colcon.colcon_core.verb:set package 'rosbot_nav2_bringup' build argument 'cmake_clean_cache' from command line to 'False'
[0.351s] Level 5:colcon.colcon_core.verb:set package 'rosbot_nav2_bringup' build argument 'cmake_clean_first' from command line to 'False'
[0.351s] Level 5:colcon.colcon_core.verb:set package 'rosbot_nav2_bringup' build argument 'cmake_force_configure' from command line to 'False'
[0.351s] Level 5:colcon.colcon_core.verb:set package 'rosbot_nav2_bringup' build argument 'ament_cmake_args' from command line to 'None'
[0.351s] Level 5:colcon.colcon_core.verb:set package 'rosbot_nav2_bringup' build argument 'catkin_cmake_args' from command line to 'None'
[0.351s] Level 5:colcon.colcon_core.verb:set package 'rosbot_nav2_bringup' build argument 'catkin_skip_building_tests' from command line to 'False'
[0.351s] DEBUG:colcon.colcon_core.verb:Building package 'rosbot_nav2_bringup' with the following arguments: {'ament_cmake_args': None, 'build_base': '/home/amr/icarus_ws/build/rosbot_nav2_bringup', 'catkin_cmake_args': None, 'catkin_skip_building_tests': False, 'cmake_args': None, 'cmake_clean_cache': False, 'cmake_clean_first': False, 'cmake_force_configure': False, 'cmake_target': None, 'cmake_target_skip_unavailable': False, 'install_base': '/home/amr/icarus_ws/install/rosbot_nav2_bringup', 'merge_install': False, 'path': '/home/amr/icarus_ws/src/rosbot_nav2_bringup', 'symlink_install': False, 'test_result_base': None}
[0.351s] INFO:colcon.colcon_core.executor:Executing jobs using 'parallel' executor
[0.353s] DEBUG:colcon.colcon_parallel_executor.executor.parallel:run_until_complete
[0.353s] INFO:colcon.colcon_ros.task.ament_cmake.build:Building ROS package in '/home/amr/icarus_ws/src/nav2_bt_client' with build type 'ament_cmake'
[0.353s] INFO:colcon.colcon_cmake.task.cmake.build:Building CMake package in '/home/amr/icarus_ws/src/nav2_bt_client'
[0.355s] INFO:colcon.colcon_core.plugin_system:Skipping extension 'colcon_core.shell.bat': Not used on non-Windows systems
[0.356s] INFO:colcon.colcon_core.shell:Skip shell extension 'powershell' for command environment: Not usable outside of PowerShell
[0.356s] DEBUG:colcon.colcon_core.shell:Skip shell extension 'dsv' for command environment
[0.362s] INFO:colcon.colcon_ros.task.ament_cmake.build:Building ROS package in '/home/amr/icarus_ws/src/nav2_client' with build type 'ament_cmake'
[0.362s] INFO:colcon.colcon_cmake.task.cmake.build:Building CMake package in '/home/amr/icarus_ws/src/nav2_client'
[0.362s] INFO:colcon.colcon_core.shell:Skip shell extension 'powershell' for command environment: Not usable outside of PowerShell
[0.362s] DEBUG:colcon.colcon_core.shell:Skip shell extension 'dsv' for command environment
[0.368s] INFO:colcon.colcon_ros.task.ament_python.build:Building ROS package in '/home/amr/icarus_ws/src/rosbot_description' with build type 'ament_python'
[0.368s] Level 1:colcon.colcon_core.shell:create_environment_hook('rosbot_description', 'ament_prefix_path')
[0.369s] INFO:colcon.colcon_core.shell:Creating environment hook '/home/amr/icarus_ws/install/rosbot_description/share/rosbot_description/hook/ament_prefix_path.ps1'
[0.370s] INFO:colcon.colcon_core.shell:Creating environment descriptor '/home/amr/icarus_ws/install/rosbot_description/share/rosbot_description/hook/ament_prefix_path.dsv'
[0.370s] INFO:colcon.colcon_core.shell:Creating environment hook '/home/amr/icarus_ws/install/rosbot_description/share/rosbot_description/hook/ament_prefix_path.sh'
[0.371s] INFO:colcon.colcon_core.shell:Skip shell extension 'powershell' for command environment: Not usable outside of PowerShell
[0.371s] DEBUG:colcon.colcon_core.shell:Skip shell extension 'dsv' for command environment
[0.377s] INFO:colcon.colcon_ros.task.ament_cmake.build:Building ROS package in '/home/amr/icarus_ws/src/rosbot_nav2_bringup' with build type 'ament_cmake'
[0.378s] INFO:colcon.colcon_cmake.task.cmake.build:Building CMake package in '/home/amr/icarus_ws/src/rosbot_nav2_bringup'
[0.378s] INFO:colcon.colcon_core.shell:Skip shell extension 'powershell' for command environment: Not usable outside of PowerShell
[0.378s] DEBUG:colcon.colcon_core.shell:Skip shell extension 'dsv' for command environment
[0.391s] DEBUG:colcon.colcon_core.event_handler.log_command:Invoking command in '/home/amr/icarus_ws/build/nav2_bt_client': CMAKE_PREFIX_PATH=${CMAKE_PREFIX_PATH}:/home/amr/icarus_ws/install/rosbot_description:/home/amr/driver_ws/install/yahboomcar_description:/home/amr/driver_ws/install/yahboomcar_ctrl:/home/amr/driver_ws/install/yahboomcar_bringup:/opt/ros/jazzy /usr/bin/cmake --build /home/amr/icarus_ws/build/nav2_bt_client -- -j4 -l4
[0.396s] DEBUG:colcon.colcon_core.event_handler.log_command:Invoking command in '/home/amr/icarus_ws/build/nav2_client': CMAKE_PREFIX_PATH=${CMAKE_PREFIX_PATH}:/home/amr/icarus_ws/install/rosbot_description:/home/amr/driver_ws/install/yahboomcar_description:/home/amr/driver_ws/install/yahboomcar_ctrl:/home/amr/driver_ws/install/yahboomcar_bringup:/opt/ros/jazzy /usr/bin/cmake --build /home/amr/icarus_ws/build/nav2_client -- -j4 -l4
[0.734s] INFO:colcon.colcon_core.task.python.build:Building Python package in '/home/amr/icarus_ws/src/rosbot_description'
[0.735s] INFO:colcon.colcon_core.shell:Skip shell extension 'powershell' for command environment: Not usable outside of PowerShell
[0.735s] DEBUG:colcon.colcon_core.shell:Skip shell extension 'dsv' for command environment
[0.745s] DEBUG:colcon.colcon_core.event_handler.log_command:Invoked command in '/home/amr/icarus_ws/build/nav2_bt_client' returned '0': CMAKE_PREFIX_PATH=${CMAKE_PREFIX_PATH}:/home/amr/icarus_ws/install/rosbot_description:/home/amr/driver_ws/install/yahboomcar_description:/home/amr/driver_ws/install/yahboomcar_ctrl:/home/amr/driver_ws/install/yahboomcar_bringup:/opt/ros/jazzy /usr/bin/cmake --build /home/amr/icarus_ws/build/nav2_bt_client -- -j4 -l4
[0.766s] DEBUG:colcon.colcon_core.event_handler.log_command:Invoking command in '/home/amr/icarus_ws/build/nav2_bt_client': CMAKE_PREFIX_PATH=${CMAKE_PREFIX_PATH}:/home/amr/icarus_ws/install/rosbot_description:/home/amr/driver_ws/install/yahboomcar_description:/home/amr/driver_ws/install/yahboomcar_ctrl:/home/amr/driver_ws/install/yahboomcar_bringup:/opt/ros/jazzy /usr/bin/cmake --install /home/amr/icarus_ws/build/nav2_bt_client
[0.767s] DEBUG:colcon.colcon_core.event_handler.log_command:Invoked command in '/home/amr/icarus_ws/build/nav2_client' returned '0': CMAKE_PREFIX_PATH=${CMAKE_PREFIX_PATH}:/home/amr/icarus_ws/install/rosbot_description:/home/amr/driver_ws/install/yahboomcar_description:/home/amr/driver_ws/install/yahboomcar_ctrl:/home/amr/driver_ws/install/yahboomcar_bringup:/opt/ros/jazzy /usr/bin/cmake --build /home/amr/icarus_ws/build/nav2_client -- -j4 -l4
[0.769s] DEBUG:colcon.colcon_core.event_handler.log_command:Invoking command in '/home/amr/icarus_ws/build/nav2_client': CMAKE_PREFIX_PATH=${CMAKE_PREFIX_PATH}:/home/amr/icarus_ws/install/rosbot_description:/home/amr/driver_ws/install/yahboomcar_description:/home/amr/driver_ws/install/yahboomcar_ctrl:/home/amr/driver_ws/install/yahboomcar_bringup:/opt/ros/jazzy /usr/bin/cmake --install /home/amr/icarus_ws/build/nav2_client
[0.773s] DEBUG:colcon.colcon_core.event_handler.log_command:Invoking command in '/home/amr/icarus_ws/build/rosbot_nav2_bringup': CMAKE_PREFIX_PATH=${CMAKE_PREFIX_PATH}:/home/amr/icarus_ws/install/rosbot_description:/home/amr/driver_ws/install/yahboomcar_description:/home/amr/driver_ws/install/yahboomcar_ctrl:/home/amr/driver_ws/install/yahboomcar_bringup:/opt/ros/jazzy /usr/bin/cmake --build /home/amr/icarus_ws/build/rosbot_nav2_bringup -- -j4 -l4
[0.795s] Level 1:colcon.colcon_core.environment:create_environment_scripts_only(nav2_client)
[0.795s] DEBUG:colcon.colcon_core.event_handler.log_command:Invoked command in '/home/amr/icarus_ws/build/nav2_client' returned '0': CMAKE_PREFIX_PATH=${CMAKE_PREFIX_PATH}:/home/amr/icarus_ws/install/rosbot_description:/home/amr/driver_ws/install/yahboomcar_description:/home/amr/driver_ws/install/yahboomcar_ctrl:/home/amr/driver_ws/install/yahboomcar_bringup:/opt/ros/jazzy /usr/bin/cmake --install /home/amr/icarus_ws/build/nav2_client
[0.798s] Level 1:colcon.colcon_core.environment:checking '/home/amr/icarus_ws/install/nav2_client' for CMake module files
[0.799s] Level 1:colcon.colcon_core.environment:checking '/home/amr/icarus_ws/install/nav2_client' for CMake config files
[0.799s] Level 1:colcon.colcon_core.shell:create_environment_hook('nav2_client', 'cmake_prefix_path')
[0.800s] INFO:colcon.colcon_core.shell:Creating environment hook '/home/amr/icarus_ws/install/nav2_client/share/nav2_client/hook/cmake_prefix_path.ps1'
[0.801s] INFO:colcon.colcon_core.shell:Creating environment descriptor '/home/amr/icarus_ws/install/nav2_client/share/nav2_client/hook/cmake_prefix_path.dsv'
[0.802s] INFO:colcon.colcon_core.shell:Creating environment hook '/home/amr/icarus_ws/install/nav2_client/share/nav2_client/hook/cmake_prefix_path.sh'
[0.803s] Level 1:colcon.colcon_core.environment:checking '/home/amr/icarus_ws/install/nav2_client/lib'
[0.803s] Level 1:colcon.colcon_core.environment:checking '/home/amr/icarus_ws/install/nav2_client/bin'
[0.803s] Level 1:colcon.colcon_core.environment:checking '/home/amr/icarus_ws/install/nav2_client/lib/pkgconfig/nav2_client.pc'
[0.804s] Level 1:colcon.colcon_core.environment:checking '/home/amr/icarus_ws/install/nav2_client/lib/python3.12/site-packages'
[0.804s] Level 1:colcon.colcon_core.environment:checking '/home/amr/icarus_ws/install/nav2_client/bin'
[0.804s] INFO:colcon.colcon_core.shell:Creating package script '/home/amr/icarus_ws/install/nav2_client/share/nav2_client/package.ps1'
[0.806s] INFO:colcon.colcon_core.shell:Creating package descriptor '/home/amr/icarus_ws/install/nav2_client/share/nav2_client/package.dsv'
[0.807s] INFO:colcon.colcon_core.shell:Creating package script '/home/amr/icarus_ws/install/nav2_client/share/nav2_client/package.sh'
[0.808s] INFO:colcon.colcon_core.shell:Creating package script '/home/amr/icarus_ws/install/nav2_client/share/nav2_client/package.bash'
[0.809s] INFO:colcon.colcon_core.shell:Creating package script '/home/amr/icarus_ws/install/nav2_client/share/nav2_client/package.zsh'
[0.810s] Level 1:colcon.colcon_core.environment:create_file_with_runtime_dependencies(/home/amr/icarus_ws/install/nav2_client/share/colcon-core/packages/nav2_client)
[0.811s] Level 1:colcon.colcon_core.environment:create_environment_scripts_only(nav2_client)
[0.811s] Level 1:colcon.colcon_core.environment:checking '/home/amr/icarus_ws/install/nav2_client' for CMake module files
[0.811s] Level 1:colcon.colcon_core.environment:checking '/home/amr/icarus_ws/install/nav2_client' for CMake config files
[0.812s] Level 1:colcon.colcon_core.shell:create_environment_hook('nav2_client', 'cmake_prefix_path')
[0.812s] INFO:colcon.colcon_core.shell:Creating environment hook '/home/amr/icarus_ws/install/nav2_client/share/nav2_client/hook/cmake_prefix_path.ps1'
[0.841s] INFO:colcon.colcon_core.shell:Creating environment descriptor '/home/amr/icarus_ws/install/nav2_client/share/nav2_client/hook/cmake_prefix_path.dsv'
[0.842s] INFO:colcon.colcon_core.shell:Creating environment hook '/home/amr/icarus_ws/install/nav2_client/share/nav2_client/hook/cmake_prefix_path.sh'
[0.844s] Level 1:colcon.colcon_core.environment:checking '/home/amr/icarus_ws/install/nav2_client/lib'
[0.844s] Level 1:colcon.colcon_core.environment:checking '/home/amr/icarus_ws/install/nav2_client/bin'
[0.844s] Level 1:colcon.colcon_core.environment:checking '/home/amr/icarus_ws/install/nav2_client/lib/pkgconfig/nav2_client.pc'
[0.844s] Level 1:colcon.colcon_core.environment:checking '/home/amr/icarus_ws/install/nav2_client/lib/python3.12/site-packages'
[0.845s] Level 1:colcon.colcon_core.environment:checking '/home/amr/icarus_ws/install/nav2_client/bin'
[0.845s] INFO:colcon.colcon_core.shell:Creating package script '/home/amr/icarus_ws/install/nav2_client/share/nav2_client/package.ps1'
[0.846s] INFO:colcon.colcon_core.shell:Creating package descriptor '/home/amr/icarus_ws/install/nav2_client/share/nav2_client/package.dsv'
[0.847s] INFO:colcon.colcon_core.shell:Creating package script '/home/amr/icarus_ws/install/nav2_client/share/nav2_client/package.sh'
[0.849s] INFO:colcon.colcon_core.shell:Creating package script '/home/amr/icarus_ws/install/nav2_client/share/nav2_client/package.bash'
[0.850s] INFO:colcon.colcon_core.shell:Creating package script '/home/amr/icarus_ws/install/nav2_client/share/nav2_client/package.zsh'
[0.852s] Level 1:colcon.colcon_core.environment:create_file_with_runtime_dependencies(/home/amr/icarus_ws/install/nav2_client/share/colcon-core/packages/nav2_client)
[0.854s] Level 1:colcon.colcon_core.environment:create_environment_scripts_only(nav2_bt_client)
[0.855s] Level 1:colcon.colcon_core.environment:checking '/home/amr/icarus_ws/install/nav2_bt_client' for CMake module files
[0.856s] DEBUG:colcon.colcon_core.event_handler.log_command:Invoked command in '/home/amr/icarus_ws/build/nav2_bt_client' returned '0': CMAKE_PREFIX_PATH=${CMAKE_PREFIX_PATH}:/home/amr/icarus_ws/install/rosbot_description:/home/amr/driver_ws/install/yahboomcar_description:/home/amr/driver_ws/install/yahboomcar_ctrl:/home/amr/driver_ws/install/yahboomcar_bringup:/opt/ros/jazzy /usr/bin/cmake --install /home/amr/icarus_ws/build/nav2_bt_client
[0.857s] Level 1:colcon.colcon_core.environment:checking '/home/amr/icarus_ws/install/nav2_bt_client' for CMake config files
[0.857s] Level 1:colcon.colcon_core.shell:create_environment_hook('nav2_bt_client', 'cmake_prefix_path')
[0.858s] INFO:colcon.colcon_core.shell:Creating environment hook '/home/amr/icarus_ws/install/nav2_bt_client/share/nav2_bt_client/hook/cmake_prefix_path.ps1'
[0.859s] INFO:colcon.colcon_core.shell:Creating environment descriptor '/home/amr/icarus_ws/install/nav2_bt_client/share/nav2_bt_client/hook/cmake_prefix_path.dsv'
[0.862s] INFO:colcon.colcon_core.shell:Creating environment hook '/home/amr/icarus_ws/install/nav2_bt_client/share/nav2_bt_client/hook/cmake_prefix_path.sh'
[0.863s] Level 1:colcon.colcon_core.environment:checking '/home/amr/icarus_ws/install/nav2_bt_client/lib'
[0.863s] Level 1:colcon.colcon_core.environment:checking '/home/amr/icarus_ws/install/nav2_bt_client/bin'
[0.864s] Level 1:colcon.colcon_core.environment:checking '/home/amr/icarus_ws/install/nav2_bt_client/lib/pkgconfig/nav2_bt_client.pc'
[0.864s] Level 1:colcon.colcon_core.environment:checking '/home/amr/icarus_ws/install/nav2_bt_client/lib/python3.12/site-packages'
[0.864s] Level 1:colcon.colcon_core.environment:checking '/home/amr/icarus_ws/install/nav2_bt_client/bin'
[0.865s] INFO:colcon.colcon_core.shell:Creating package script '/home/amr/icarus_ws/install/nav2_bt_client/share/nav2_bt_client/package.ps1'
[0.865s] INFO:colcon.colcon_core.shell:Creating package descriptor '/home/amr/icarus_ws/install/nav2_bt_client/share/nav2_bt_client/package.dsv'
[0.866s] INFO:colcon.colcon_core.shell:Creating package script '/home/amr/icarus_ws/install/nav2_bt_client/share/nav2_bt_client/package.sh'
[0.867s] INFO:colcon.colcon_core.shell:Creating package script '/home/amr/icarus_ws/install/nav2_bt_client/share/nav2_bt_client/package.bash'
[0.868s] INFO:colcon.colcon_core.shell:Creating package script '/home/amr/icarus_ws/install/nav2_bt_client/share/nav2_bt_client/package.zsh'
[0.868s] Level 1:colcon.colcon_core.environment:create_file_with_runtime_dependencies(/home/amr/icarus_ws/install/nav2_bt_client/share/colcon-core/packages/nav2_bt_client)
[0.869s] Level 1:colcon.colcon_core.environment:create_environment_scripts_only(nav2_bt_client)
[0.870s] Level 1:colcon.colcon_core.environment:checking '/home/amr/icarus_ws/install/nav2_bt_client' for CMake module files
[0.871s] Level 1:colcon.colcon_core.environment:checking '/home/amr/icarus_ws/install/nav2_bt_client' for CMake config files
[0.871s] Level 1:colcon.colcon_core.shell:create_environment_hook('nav2_bt_client', 'cmake_prefix_path')
[0.871s] INFO:colcon.colcon_core.shell:Creating environment hook '/home/amr/icarus_ws/install/nav2_bt_client/share/nav2_bt_client/hook/cmake_prefix_path.ps1'
[0.872s] INFO:colcon.colcon_core.shell:Creating environment descriptor '/home/amr/icarus_ws/install/nav2_bt_client/share/nav2_bt_client/hook/cmake_prefix_path.dsv'
[0.873s] INFO:colcon.colcon_core.shell:Creating environment hook '/home/amr/icarus_ws/install/nav2_bt_client/share/nav2_bt_client/hook/cmake_prefix_path.sh'
[0.874s] Level 1:colcon.colcon_core.environment:checking '/home/amr/icarus_ws/install/nav2_bt_client/lib'
[0.875s] Level 1:colcon.colcon_core.environment:checking '/home/amr/icarus_ws/install/nav2_bt_client/bin'
[0.875s] Level 1:colcon.colcon_core.environment:checking '/home/amr/icarus_ws/install/nav2_bt_client/lib/pkgconfig/nav2_bt_client.pc'
[0.875s] Level 1:colcon.colcon_core.environment:checking '/home/amr/icarus_ws/install/nav2_bt_client/lib/python3.12/site-packages'
[0.875s] Level 1:colcon.colcon_core.environment:checking '/home/amr/icarus_ws/install/nav2_bt_client/bin'
[0.876s] INFO:colcon.colcon_core.shell:Creating package script '/home/amr/icarus_ws/install/nav2_bt_client/share/nav2_bt_client/package.ps1'
[0.876s] INFO:colcon.colcon_core.shell:Creating package descriptor '/home/amr/icarus_ws/install/nav2_bt_client/share/nav2_bt_client/package.dsv'
[0.878s] INFO:colcon.colcon_core.shell:Creating package script '/home/amr/icarus_ws/install/nav2_bt_client/share/nav2_bt_client/package.sh'
[0.879s] INFO:colcon.colcon_core.shell:Creating package script '/home/amr/icarus_ws/install/nav2_bt_client/share/nav2_bt_client/package.bash'
[0.880s] INFO:colcon.colcon_core.shell:Creating package script '/home/amr/icarus_ws/install/nav2_bt_client/share/nav2_bt_client/package.zsh'
[0.881s] Level 1:colcon.colcon_core.environment:create_file_with_runtime_dependencies(/home/amr/icarus_ws/install/nav2_bt_client/share/colcon-core/packages/nav2_bt_client)
[0.884s] DEBUG:colcon.colcon_core.event_handler.log_command:Invoked command in '/home/amr/icarus_ws/build/rosbot_nav2_bringup' returned '0': CMAKE_PREFIX_PATH=${CMAKE_PREFIX_PATH}:/home/amr/icarus_ws/install/rosbot_description:/home/amr/driver_ws/install/yahboomcar_description:/home/amr/driver_ws/install/yahboomcar_ctrl:/home/amr/driver_ws/install/yahboomcar_bringup:/opt/ros/jazzy /usr/bin/cmake --build /home/amr/icarus_ws/build/rosbot_nav2_bringup -- -j4 -l4
[0.886s] DEBUG:colcon.colcon_core.event_handler.log_command:Invoking command in '/home/amr/icarus_ws/build/rosbot_nav2_bringup': CMAKE_PREFIX_PATH=${CMAKE_PREFIX_PATH}:/home/amr/icarus_ws/install/rosbot_description:/home/amr/driver_ws/install/yahboomcar_description:/home/amr/driver_ws/install/yahboomcar_ctrl:/home/amr/driver_ws/install/yahboomcar_bringup:/opt/ros/jazzy /usr/bin/cmake --install /home/amr/icarus_ws/build/rosbot_nav2_bringup
[0.907s] Level 1:colcon.colcon_core.environment:create_environment_scripts_only(rosbot_nav2_bringup)
[0.907s] Level 1:colcon.colcon_core.environment:checking '/home/amr/icarus_ws/install/rosbot_nav2_bringup' for CMake module files
[0.908s] DEBUG:colcon.colcon_core.event_handler.log_command:Invoked command in '/home/amr/icarus_ws/build/rosbot_nav2_bringup' returned '0': CMAKE_PREFIX_PATH=${CMAKE_PREFIX_PATH}:/home/amr/icarus_ws/install/rosbot_description:/home/amr/driver_ws/install/yahboomcar_description:/home/amr/driver_ws/install/yahboomcar_ctrl:/home/amr/driver_ws/install/yahboomcar_bringup:/opt/ros/jazzy /usr/bin/cmake --install /home/amr/icarus_ws/build/rosbot_nav2_bringup
[0.908s] Level 1:colcon.colcon_core.environment:checking '/home/amr/icarus_ws/install/rosbot_nav2_bringup' for CMake config files
[0.909s] Level 1:colcon.colcon_core.shell:create_environment_hook('rosbot_nav2_bringup', 'cmake_prefix_path')
[0.909s] INFO:colcon.colcon_core.shell:Creating environment hook '/home/amr/icarus_ws/install/rosbot_nav2_bringup/share/rosbot_nav2_bringup/hook/cmake_prefix_path.ps1'
[0.910s] INFO:colcon.colcon_core.shell:Creating environment descriptor '/home/amr/icarus_ws/install/rosbot_nav2_bringup/share/rosbot_nav2_bringup/hook/cmake_prefix_path.dsv'
[0.911s] INFO:colcon.colcon_core.shell:Creating environment hook '/home/amr/icarus_ws/install/rosbot_nav2_bringup/share/rosbot_nav2_bringup/hook/cmake_prefix_path.sh'
[0.913s] Level 1:colcon.colcon_core.environment:checking '/home/amr/icarus_ws/install/rosbot_nav2_bringup/bin'
[0.913s] Level 1:colcon.colcon_core.environment:checking '/home/amr/icarus_ws/install/rosbot_nav2_bringup/lib/pkgconfig/rosbot_nav2_bringup.pc'
[0.914s] Level 1:colcon.colcon_core.environment:checking '/home/amr/icarus_ws/install/rosbot_nav2_bringup/lib/python3.12/site-packages'
[0.914s] Level 1:colcon.colcon_core.environment:checking '/home/amr/icarus_ws/install/rosbot_nav2_bringup/bin'
[0.914s] INFO:colcon.colcon_core.shell:Creating package script '/home/amr/icarus_ws/install/rosbot_nav2_bringup/share/rosbot_nav2_bringup/package.ps1'
[0.915s] INFO:colcon.colcon_core.shell:Creating package descriptor '/home/amr/icarus_ws/install/rosbot_nav2_bringup/share/rosbot_nav2_bringup/package.dsv'
[0.917s] INFO:colcon.colcon_core.shell:Creating package script '/home/amr/icarus_ws/install/rosbot_nav2_bringup/share/rosbot_nav2_bringup/package.sh'
[0.920s] INFO:colcon.colcon_core.shell:Creating package script '/home/amr/icarus_ws/install/rosbot_nav2_bringup/share/rosbot_nav2_bringup/package.bash'
[0.921s] INFO:colcon.colcon_core.shell:Creating package script '/home/amr/icarus_ws/install/rosbot_nav2_bringup/share/rosbot_nav2_bringup/package.zsh'
[0.922s] Level 1:colcon.colcon_core.environment:create_file_with_runtime_dependencies(/home/amr/icarus_ws/install/rosbot_nav2_bringup/share/colcon-core/packages/rosbot_nav2_bringup)
[0.923s] Level 1:colcon.colcon_core.environment:create_environment_scripts_only(rosbot_nav2_bringup)
[0.923s] Level 1:colcon.colcon_core.environment:checking '/home/amr/icarus_ws/install/rosbot_nav2_bringup' for CMake module files
[0.924s] Level 1:colcon.colcon_core.environment:checking '/home/amr/icarus_ws/install/rosbot_nav2_bringup' for CMake config files
[0.924s] Level 1:colcon.colcon_core.shell:create_environment_hook('rosbot_nav2_bringup', 'cmake_prefix_path')
[0.925s] INFO:colcon.colcon_core.shell:Creating environment hook '/home/amr/icarus_ws/install/rosbot_nav2_bringup/share/rosbot_nav2_bringup/hook/cmake_prefix_path.ps1'
[0.925s] INFO:colcon.colcon_core.shell:Creating environment descriptor '/home/amr/icarus_ws/install/rosbot_nav2_bringup/share/rosbot_nav2_bringup/hook/cmake_prefix_path.dsv'
[0.926s] INFO:colcon.colcon_core.shell:Creating environment hook '/home/amr/icarus_ws/install/rosbot_nav2_bringup/share/rosbot_nav2_bringup/hook/cmake_prefix_path.sh'
[0.927s] Level 1:colcon.colcon_core.environment:checking '/home/amr/icarus_ws/install/rosbot_nav2_bringup/bin'
[0.927s] Level 1:colcon.colcon_core.environment:checking '/home/amr/icarus_ws/install/rosbot_nav2_bringup/lib/pkgconfig/rosbot_nav2_bringup.pc'
[0.928s] Level 1:colcon.colcon_core.environment:checking '/home/amr/icarus_ws/install/rosbot_nav2_bringup/lib/python3.12/site-packages'
[0.928s] Level 1:colcon.colcon_core.environment:checking '/home/amr/icarus_ws/install/rosbot_nav2_bringup/bin'
[0.928s] INFO:colcon.colcon_core.shell:Creating package script '/home/amr/icarus_ws/install/rosbot_nav2_bringup/share/rosbot_nav2_bringup/package.ps1'
[0.929s] INFO:colcon.colcon_core.shell:Creating package descriptor '/home/amr/icarus_ws/install/rosbot_nav2_bringup/share/rosbot_nav2_bringup/package.dsv'
[0.930s] INFO:colcon.colcon_core.shell:Creating package script '/home/amr/icarus_ws/install/rosbot_nav2_bringup/share/rosbot_nav2_bringup/package.sh'
[0.931s] INFO:colcon.colcon_core.shell:Creating package script '/home/amr/icarus_ws/install/rosbot_nav2_bringup/share/rosbot_nav2_bringup/package.bash'
[0.932s] INFO:colcon.colcon_core.shell:Creating package script '/home/amr/icarus_ws/install/rosbot_nav2_bringup/share/rosbot_nav2_bringup/package.zsh'
[0.933s] Level 1:colcon.colcon_core.environment:create_file_with_runtime_dependencies(/home/amr/icarus_ws/install/rosbot_nav2_bringup/share/colcon-core/packages/rosbot_nav2_bringup)
[1.593s] DEBUG:colcon.colcon_core.event_handler.log_command:Invoking command in '/home/amr/icarus_ws/src/rosbot_description': PYTHONPATH=/home/amr/icarus_ws/build/rosbot_description/prefix_override:/usr/lib/python3/dist-packages/colcon_core/task/python/colcon_distutils_commands:/home/amr/icarus_ws/install/rosbot_description/lib/python3.12/site-packages:${PYTHONPATH} /usr/bin/python3 -W ignore:setup.py install is deprecated -W ignore:easy_install command is deprecated setup.py egg_info --egg-base ../../build/rosbot_description build --build-base /home/amr/icarus_ws/build/rosbot_description/build install --record /home/amr/icarus_ws/build/rosbot_description/install.log --single-version-externally-managed install_data
[2.304s] Level 1:colcon.colcon_core.environment:checking '/home/amr/icarus_ws/install/rosbot_description' for CMake module files
[2.305s] DEBUG:colcon.colcon_core.event_handler.log_command:Invoked command in '/home/amr/icarus_ws/src/rosbot_description' returned '0': PYTHONPATH=/home/amr/icarus_ws/build/rosbot_description/prefix_override:/usr/lib/python3/dist-packages/colcon_core/task/python/colcon_distutils_commands:/home/amr/icarus_ws/install/rosbot_description/lib/python3.12/site-packages:${PYTHONPATH} /usr/bin/python3 -W ignore:setup.py install is deprecated -W ignore:easy_install command is deprecated setup.py egg_info --egg-base ../../build/rosbot_description build --build-base /home/amr/icarus_ws/build/rosbot_description/build install --record /home/amr/icarus_ws/build/rosbot_description/install.log --single-version-externally-managed install_data
[2.305s] Level 1:colcon.colcon_core.environment:checking '/home/amr/icarus_ws/install/rosbot_description' for CMake config files
[2.306s] Level 1:colcon.colcon_core.environment:checking '/home/amr/icarus_ws/install/rosbot_description/lib'
[2.306s] Level 1:colcon.colcon_core.environment:checking '/home/amr/icarus_ws/install/rosbot_description/bin'
[2.307s] Level 1:colcon.colcon_core.environment:checking '/home/amr/icarus_ws/install/rosbot_description/lib/pkgconfig/rosbot_description.pc'
[2.307s] Level 1:colcon.colcon_core.environment:checking '/home/amr/icarus_ws/install/rosbot_description/lib/python3.12/site-packages'
[2.307s] Level 1:colcon.colcon_core.shell:create_environment_hook('rosbot_description', 'pythonpath')
[2.307s] INFO:colcon.colcon_core.shell:Creating environment hook '/home/amr/icarus_ws/install/rosbot_description/share/rosbot_description/hook/pythonpath.ps1'
[2.308s] INFO:colcon.colcon_core.shell:Creating environment descriptor '/home/amr/icarus_ws/install/rosbot_description/share/rosbot_description/hook/pythonpath.dsv'
[2.310s] INFO:colcon.colcon_core.shell:Creating environment hook '/home/amr/icarus_ws/install/rosbot_description/share/rosbot_description/hook/pythonpath.sh'
[2.311s] Level 1:colcon.colcon_core.environment:checking '/home/amr/icarus_ws/install/rosbot_description/bin'
[2.311s] Level 1:colcon.colcon_core.environment:create_environment_scripts_only(rosbot_description)
[2.312s] INFO:colcon.colcon_core.shell:Creating package script '/home/amr/icarus_ws/install/rosbot_description/share/rosbot_description/package.ps1'
[2.313s] INFO:colcon.colcon_core.shell:Creating package descriptor '/home/amr/icarus_ws/install/rosbot_description/share/rosbot_description/package.dsv'
[2.316s] INFO:colcon.colcon_core.shell:Creating package script '/home/amr/icarus_ws/install/rosbot_description/share/rosbot_description/package.sh'
[2.317s] INFO:colcon.colcon_core.shell:Creating package script '/home/amr/icarus_ws/install/rosbot_description/share/rosbot_description/package.bash'
[2.317s] INFO:colcon.colcon_core.shell:Creating package script '/home/amr/icarus_ws/install/rosbot_description/share/rosbot_description/package.zsh'
[2.318s] Level 1:colcon.colcon_core.environment:create_file_with_runtime_dependencies(/home/amr/icarus_ws/install/rosbot_description/share/colcon-core/packages/rosbot_description)
[2.319s] DEBUG:colcon.colcon_parallel_executor.executor.parallel:closing loop
[2.320s] DEBUG:colcon.colcon_parallel_executor.executor.parallel:loop closed
[2.320s] DEBUG:colcon.colcon_parallel_executor.executor.parallel:run_until_complete finished with '0'
[2.320s] DEBUG:colcon.colcon_core.event_reactor:joining thread
[2.329s] INFO:colcon.colcon_core.plugin_system:Skipping extension 'colcon_notification.desktop_notification.notify_send': Could not find 'notify-send'
[2.329s] INFO:colcon.colcon_core.plugin_system:Skipping extension 'colcon_notification.desktop_notification.terminal_notifier': Not used on non-Darwin systems
[2.329s] INFO:colcon.colcon_core.plugin_system:Skipping extension 'colcon_notification.desktop_notification.win32': Not used on non-Windows systems
[2.329s] INFO:colcon.colcon_notification.desktop_notification:Sending desktop notification using 'notify2'
[2.331s] DEBUG:colcon.colcon_notification.desktop_notification.notify2:Failed to initialize notify2: org.freedesktop.DBus.Error.ServiceUnknown: The name org.freedesktop.Notifications was not provided by any .service files
[2.331s] DEBUG:colcon.colcon_core.event_reactor:joined thread
[2.331s] INFO:colcon.colcon_core.shell:Creating prefix script '/home/amr/icarus_ws/install/local_setup.ps1'
[2.332s] INFO:colcon.colcon_core.shell:Creating prefix util module '/home/amr/icarus_ws/install/_local_setup_util_ps1.py'
[2.334s] INFO:colcon.colcon_core.shell:Creating prefix chain script '/home/amr/icarus_ws/install/setup.ps1'
[2.336s] INFO:colcon.colcon_core.shell:Creating prefix script '/home/amr/icarus_ws/install/local_setup.sh'
[2.337s] INFO:colcon.colcon_core.shell:Creating prefix util module '/home/amr/icarus_ws/install/_local_setup_util_sh.py'
[2.338s] INFO:colcon.colcon_core.shell:Creating prefix chain script '/home/amr/icarus_ws/install/setup.sh'
[2.340s] INFO:colcon.colcon_core.shell:Creating prefix script '/home/amr/icarus_ws/install/local_setup.bash'
[2.342s] INFO:colcon.colcon_core.shell:Creating prefix chain script '/home/amr/icarus_ws/install/setup.bash'
[2.343s] INFO:colcon.colcon_core.shell:Creating prefix script '/home/amr/icarus_ws/install/local_setup.zsh'
[2.345s] INFO:colcon.colcon_core.shell:Creating prefix chain script '/home/amr/icarus_ws/install/setup.zsh'
