[0.395s] Invoking command in '/home/amr/icarus_ws/build/rosbot_nav2_bringup': CMAKE_PREFIX_PATH=${CMAKE_PREFIX_PATH}:/home/amr/icarus_ws/install/rosbot_description:/home/amr/driver_ws/install/yahboomcar_description:/home/amr/driver_ws/install/yahboomcar_ctrl:/home/amr/driver_ws/install/yahboomcar_bringup:/opt/ros/jazzy /usr/bin/cmake --build /home/amr/icarus_ws/build/rosbot_nav2_bringup -- -j4 -l4
[0.506s] Invoked command in '/home/amr/icarus_ws/build/rosbot_nav2_bringup' returned '0': CMAKE_PREFIX_PATH=${CMAKE_PREFIX_PATH}:/home/amr/icarus_ws/install/rosbot_description:/home/amr/driver_ws/install/yahboomcar_description:/home/amr/driver_ws/install/yahboomcar_ctrl:/home/amr/driver_ws/install/yahboomcar_bringup:/opt/ros/jazzy /usr/bin/cmake --build /home/amr/icarus_ws/build/rosbot_nav2_bringup -- -j4 -l4
[0.508s] Invoking command in '/home/amr/icarus_ws/build/rosbot_nav2_bringup': CMAKE_PREFIX_PATH=${CMAKE_PREFIX_PATH}:/home/amr/icarus_ws/install/rosbot_description:/home/amr/driver_ws/install/yahboomcar_description:/home/amr/driver_ws/install/yahboomcar_ctrl:/home/amr/driver_ws/install/yahboomcar_bringup:/opt/ros/jazzy /usr/bin/cmake --install /home/amr/icarus_ws/build/rosbot_nav2_bringup
[0.524s] -- Install configuration: "Release"
[0.524s] -- Up-to-date: /home/amr/icarus_ws/install/rosbot_nav2_bringup/share/rosbot_nav2_bringup/launch
[0.524s] -- Up-to-date: /home/amr/icarus_ws/install/rosbot_nav2_bringup/share/rosbot_nav2_bringup/launch/slam_online_async.launch.py
[0.524s] -- Up-to-date: /home/amr/icarus_ws/install/rosbot_nav2_bringup/share/rosbot_nav2_bringup/launch/slam_nav2.launch.py
[0.525s] -- Up-to-date: /home/amr/icarus_ws/install/rosbot_nav2_bringup/share/rosbot_nav2_bringup/launch/slam_online_sync.launch.py
[0.526s] -- Up-to-date: /home/amr/icarus_ws/install/rosbot_nav2_bringup/share/rosbot_nav2_bringup/launch/nav2.launch.py
[0.526s] -- Up-to-date: /home/amr/icarus_ws/install/rosbot_nav2_bringup/share/rosbot_nav2_bringup/maps
[0.526s] -- Up-to-date: /home/amr/icarus_ws/install/rosbot_nav2_bringup/share/rosbot_nav2_bringup/maps/hospital.pgm
[0.526s] -- Up-to-date: /home/amr/icarus_ws/install/rosbot_nav2_bringup/share/rosbot_nav2_bringup/maps/hospital.yaml
[0.526s] -- Up-to-date: /home/amr/icarus_ws/install/rosbot_nav2_bringup/share/rosbot_nav2_bringup/rviz
[0.526s] -- Up-to-date: /home/amr/icarus_ws/install/rosbot_nav2_bringup/share/rosbot_nav2_bringup/rviz/nav2_default_view.rviz
[0.526s] -- Up-to-date: /home/amr/icarus_ws/install/rosbot_nav2_bringup/share/rosbot_nav2_bringup/params
[0.526s] -- Up-to-date: /home/amr/icarus_ws/install/rosbot_nav2_bringup/share/rosbot_nav2_bringup/params/slam_toolbox_async.yaml
[0.526s] -- Up-to-date: /home/amr/icarus_ws/install/rosbot_nav2_bringup/share/rosbot_nav2_bringup/params/nav2_params.yaml
[0.526s] -- Up-to-date: /home/amr/icarus_ws/install/rosbot_nav2_bringup/share/rosbot_nav2_bringup/params/slam_toolbox_sync.yaml
[0.526s] -- Up-to-date: /home/amr/icarus_ws/install/rosbot_nav2_bringup/share/rosbot_nav2_bringup/params/amcl_params.yaml
[0.526s] -- Up-to-date: /home/amr/icarus_ws/install/rosbot_nav2_bringup/share/ament_index/resource_index/package_run_dependencies/rosbot_nav2_bringup
[0.527s] -- Up-to-date: /home/amr/icarus_ws/install/rosbot_nav2_bringup/share/ament_index/resource_index/parent_prefix_path/rosbot_nav2_bringup
[0.527s] -- Up-to-date: /home/amr/icarus_ws/install/rosbot_nav2_bringup/share/rosbot_nav2_bringup/environment/ament_prefix_path.sh
[0.527s] -- Up-to-date: /home/amr/icarus_ws/install/rosbot_nav2_bringup/share/rosbot_nav2_bringup/environment/ament_prefix_path.dsv
[0.527s] -- Up-to-date: /home/amr/icarus_ws/install/rosbot_nav2_bringup/share/rosbot_nav2_bringup/environment/path.sh
[0.527s] -- Up-to-date: /home/amr/icarus_ws/install/rosbot_nav2_bringup/share/rosbot_nav2_bringup/environment/path.dsv
[0.527s] -- Up-to-date: /home/amr/icarus_ws/install/rosbot_nav2_bringup/share/rosbot_nav2_bringup/local_setup.bash
[0.527s] -- Up-to-date: /home/amr/icarus_ws/install/rosbot_nav2_bringup/share/rosbot_nav2_bringup/local_setup.sh
[0.527s] -- Up-to-date: /home/amr/icarus_ws/install/rosbot_nav2_bringup/share/rosbot_nav2_bringup/local_setup.zsh
[0.527s] -- Up-to-date: /home/amr/icarus_ws/install/rosbot_nav2_bringup/share/rosbot_nav2_bringup/local_setup.dsv
[0.527s] -- Up-to-date: /home/amr/icarus_ws/install/rosbot_nav2_bringup/share/rosbot_nav2_bringup/package.dsv
[0.527s] -- Up-to-date: /home/amr/icarus_ws/install/rosbot_nav2_bringup/share/ament_index/resource_index/packages/rosbot_nav2_bringup
[0.528s] -- Up-to-date: /home/amr/icarus_ws/install/rosbot_nav2_bringup/share/rosbot_nav2_bringup/cmake/rosbot_nav2_bringupConfig.cmake
[0.528s] -- Up-to-date: /home/amr/icarus_ws/install/rosbot_nav2_bringup/share/rosbot_nav2_bringup/cmake/rosbot_nav2_bringupConfig-version.cmake
[0.528s] -- Up-to-date: /home/amr/icarus_ws/install/rosbot_nav2_bringup/share/rosbot_nav2_bringup/package.xml
[0.529s] Invoked command in '/home/amr/icarus_ws/build/rosbot_nav2_bringup' returned '0': CMAKE_PREFIX_PATH=${CMAKE_PREFIX_PATH}:/home/amr/icarus_ws/install/rosbot_description:/home/amr/driver_ws/install/yahboomcar_description:/home/amr/driver_ws/install/yahboomcar_ctrl:/home/amr/driver_ws/install/yahboomcar_bringup:/opt/ros/jazzy /usr/bin/cmake --install /home/amr/icarus_ws/build/rosbot_nav2_bringup
