/home/amr/driver_ws/install/yahboomcar_bringup/lib/python3.12/site-packages/yahboomcar_bringup/patrol_4ROS_R2.py
/home/amr/driver_ws/install/yahboomcar_bringup/lib/python3.12/site-packages/yahboomcar_bringup/calibrate_linear_X3.py
/home/amr/driver_ws/install/yahboomcar_bringup/lib/python3.12/site-packages/yahboomcar_bringup/test.py
/home/amr/driver_ws/install/yahboomcar_bringup/lib/python3.12/site-packages/yahboomcar_bringup/calibrate_angular_X3.py
/home/amr/driver_ws/install/yahboomcar_bringup/lib/python3.12/site-packages/yahboomcar_bringup/Mcnamu_driver_X3.py
/home/amr/driver_ws/install/yahboomcar_bringup/lib/python3.12/site-packages/yahboomcar_bringup/untitled.py
/home/amr/driver_ws/install/yahboomcar_bringup/lib/python3.12/site-packages/yahboomcar_bringup/calibrate_angular_R2.py
/home/amr/driver_ws/install/yahboomcar_bringup/lib/python3.12/site-packages/yahboomcar_bringup/Mcnamu_driver_x1.py
/home/amr/driver_ws/install/yahboomcar_bringup/lib/python3.12/site-packages/yahboomcar_bringup/transform_utils.py
/home/amr/driver_ws/install/yahboomcar_bringup/lib/python3.12/site-packages/yahboomcar_bringup/__init__.py
/home/amr/driver_ws/install/yahboomcar_bringup/lib/python3.12/site-packages/yahboomcar_bringup/patrol_4ROS.py
/home/amr/driver_ws/install/yahboomcar_bringup/lib/python3.12/site-packages/yahboomcar_bringup/calibrate_linear_R2.py
/home/amr/driver_ws/install/yahboomcar_bringup/lib/python3.12/site-packages/yahboomcar_bringup/Ackman_driver_R2.py
/home/amr/driver_ws/install/yahboomcar_bringup/lib/python3.12/site-packages/yahboomcar_bringup/patrol_a1_X3.py
/home/amr/driver_ws/install/yahboomcar_bringup/lib/python3.12/site-packages/yahboomcar_bringup/patrol_a1_R2.py
/home/amr/driver_ws/install/yahboomcar_bringup/lib/python3.12/site-packages/yahboomcar_bringup/__pycache__/patrol_4ROS_R2.cpython-312.pyc
/home/amr/driver_ws/install/yahboomcar_bringup/lib/python3.12/site-packages/yahboomcar_bringup/__pycache__/calibrate_linear_X3.cpython-312.pyc
/home/amr/driver_ws/install/yahboomcar_bringup/lib/python3.12/site-packages/yahboomcar_bringup/__pycache__/test.cpython-312.pyc
/home/amr/driver_ws/install/yahboomcar_bringup/lib/python3.12/site-packages/yahboomcar_bringup/__pycache__/calibrate_angular_X3.cpython-312.pyc
/home/amr/driver_ws/install/yahboomcar_bringup/lib/python3.12/site-packages/yahboomcar_bringup/__pycache__/Mcnamu_driver_X3.cpython-312.pyc
/home/amr/driver_ws/install/yahboomcar_bringup/lib/python3.12/site-packages/yahboomcar_bringup/__pycache__/untitled.cpython-312.pyc
/home/amr/driver_ws/install/yahboomcar_bringup/lib/python3.12/site-packages/yahboomcar_bringup/__pycache__/calibrate_angular_R2.cpython-312.pyc
/home/amr/driver_ws/install/yahboomcar_bringup/lib/python3.12/site-packages/yahboomcar_bringup/__pycache__/Mcnamu_driver_x1.cpython-312.pyc
/home/amr/driver_ws/install/yahboomcar_bringup/lib/python3.12/site-packages/yahboomcar_bringup/__pycache__/transform_utils.cpython-312.pyc
/home/amr/driver_ws/install/yahboomcar_bringup/lib/python3.12/site-packages/yahboomcar_bringup/__pycache__/__init__.cpython-312.pyc
/home/amr/driver_ws/install/yahboomcar_bringup/lib/python3.12/site-packages/yahboomcar_bringup/__pycache__/patrol_4ROS.cpython-312.pyc
/home/amr/driver_ws/install/yahboomcar_bringup/lib/python3.12/site-packages/yahboomcar_bringup/__pycache__/calibrate_linear_R2.cpython-312.pyc
/home/amr/driver_ws/install/yahboomcar_bringup/lib/python3.12/site-packages/yahboomcar_bringup/__pycache__/Ackman_driver_R2.cpython-312.pyc
/home/amr/driver_ws/install/yahboomcar_bringup/lib/python3.12/site-packages/yahboomcar_bringup/__pycache__/patrol_a1_X3.cpython-312.pyc
/home/amr/driver_ws/install/yahboomcar_bringup/lib/python3.12/site-packages/yahboomcar_bringup/__pycache__/patrol_a1_R2.cpython-312.pyc
/home/amr/driver_ws/install/yahboomcar_bringup/share/ament_index/resource_index/packages/yahboomcar_bringup
/home/amr/driver_ws/install/yahboomcar_bringup/share/yahboomcar_bringup/package.xml
/home/amr/driver_ws/install/yahboomcar_bringup/share/yahboomcar_bringup/launch/yahboomcar_bringup_R2_launch.py
/home/amr/driver_ws/install/yahboomcar_bringup/share/yahboomcar_bringup/launch/yahboomcar_bringup_X3_launch.py
/home/amr/driver_ws/install/yahboomcar_bringup/share/yahboomcar_bringup/launch/ekf_x1_x3_launch.py
/home/amr/driver_ws/install/yahboomcar_bringup/share/yahboomcar_bringup/launch/yahboomcar_bringup_X1_launch.py
/home/amr/driver_ws/install/yahboomcar_bringup/share/yahboomcar_description/rviz/yahboomcar.rviz
/home/amr/driver_ws/install/yahboomcar_bringup/share/yahboomcar_bringup/param/imu_filter_param.yaml
/home/amr/driver_ws/install/yahboomcar_bringup/lib/python3.12/site-packages/yahboomcar_bringup-0.0.0-py3.12.egg-info/zip-safe
/home/amr/driver_ws/install/yahboomcar_bringup/lib/python3.12/site-packages/yahboomcar_bringup-0.0.0-py3.12.egg-info/SOURCES.txt
/home/amr/driver_ws/install/yahboomcar_bringup/lib/python3.12/site-packages/yahboomcar_bringup-0.0.0-py3.12.egg-info/top_level.txt
/home/amr/driver_ws/install/yahboomcar_bringup/lib/python3.12/site-packages/yahboomcar_bringup-0.0.0-py3.12.egg-info/PKG-INFO
/home/amr/driver_ws/install/yahboomcar_bringup/lib/python3.12/site-packages/yahboomcar_bringup-0.0.0-py3.12.egg-info/entry_points.txt
/home/amr/driver_ws/install/yahboomcar_bringup/lib/python3.12/site-packages/yahboomcar_bringup-0.0.0-py3.12.egg-info/requires.txt
/home/amr/driver_ws/install/yahboomcar_bringup/lib/python3.12/site-packages/yahboomcar_bringup-0.0.0-py3.12.egg-info/dependency_links.txt
/home/amr/driver_ws/install/yahboomcar_bringup/lib/yahboomcar_bringup/Ackman_driver_R2
/home/amr/driver_ws/install/yahboomcar_bringup/lib/yahboomcar_bringup/Mcnamu_driver_X3
/home/amr/driver_ws/install/yahboomcar_bringup/lib/yahboomcar_bringup/Mcnamu_driver_x1
/home/amr/driver_ws/install/yahboomcar_bringup/lib/yahboomcar_bringup/calibrate_angular_R2
/home/amr/driver_ws/install/yahboomcar_bringup/lib/yahboomcar_bringup/calibrate_angular_X3
/home/amr/driver_ws/install/yahboomcar_bringup/lib/yahboomcar_bringup/calibrate_linear_R2
/home/amr/driver_ws/install/yahboomcar_bringup/lib/yahboomcar_bringup/calibrate_linear_X3
/home/amr/driver_ws/install/yahboomcar_bringup/lib/yahboomcar_bringup/patrol_4ROS
/home/amr/driver_ws/install/yahboomcar_bringup/lib/yahboomcar_bringup/patrol_4ROS_R2
/home/amr/driver_ws/install/yahboomcar_bringup/lib/yahboomcar_bringup/patrol_a1_R2
/home/amr/driver_ws/install/yahboomcar_bringup/lib/yahboomcar_bringup/patrol_a1_X3
