/usr/lib/python3/dist-packages/setuptools/dist.py:744: SetuptoolsDeprecationWarning: Invalid dash-separated options
!!

        ********************************************************************************
        Usage of dash-separated 'script-dir' will not be supported in future
        versions. Please use the underscore name 'script_dir' instead.

        This deprecation is overdue, please update your project and remove deprecated
        calls to avoid build errors in the future.

        See https://setuptools.pypa.io/en/latest/userguide/declarative_config.html for details.
        ********************************************************************************

!!
  opt = self.warn_dash_deprecation(opt, section)
running egg_info
creating ../../build/yahboomcar_description/yahboomcar_description.egg-info
writing ../../build/yahboomcar_description/yahboomcar_description.egg-info/PKG-INFO
writing dependency_links to ../../build/yahboomcar_description/yahboomcar_description.egg-info/dependency_links.txt
writing requirements to ../../build/yahboomcar_description/yahboomcar_description.egg-info/requires.txt
writing top-level names to ../../build/yahboomcar_description/yahboomcar_description.egg-info/top_level.txt
writing manifest file '../../build/yahboomcar_description/yahboomcar_description.egg-info/SOURCES.txt'
reading manifest file '../../build/yahboomcar_description/yahboomcar_description.egg-info/SOURCES.txt'
writing manifest file '../../build/yahboomcar_description/yahboomcar_description.egg-info/SOURCES.txt'
running build
running build_py
running install
running install_lib
running install_data
warning: install_lib: '/home/amr/driver_ws/build/yahboomcar_description/build/lib' does not exist -- no Python modules to install

creating /home/amr/driver_ws/install/yahboomcar_description/share/ament_index
creating /home/amr/driver_ws/install/yahboomcar_description/share/ament_index/resource_index
creating /home/amr/driver_ws/install/yahboomcar_description/share/ament_index/resource_index/packages
copying resource/yahboomcar_description -> /home/amr/driver_ws/install/yahboomcar_description/share/ament_index/resource_index/packages
copying package.xml -> /home/amr/driver_ws/install/yahboomcar_description/share/yahboomcar_description
creating /home/amr/driver_ws/install/yahboomcar_description/share/yahboomcar_description/launch
creating /home/amr/driver_ws/install/yahboomcar_description/share/yahboomcar_description/urdf
copying urdf/yahboomcar_R2.urdf.xacro -> /home/amr/driver_ws/install/yahboomcar_description/share/yahboomcar_description/urdf
copying urdf/yahboomcar_R2_multi.urdf.xacro -> /home/amr/driver_ws/install/yahboomcar_description/share/yahboomcar_description/urdf
copying urdf/yahboomcar_R2.urdf -> /home/amr/driver_ws/install/yahboomcar_description/share/yahboomcar_description/urdf
creating /home/amr/driver_ws/install/yahboomcar_description/share/yahboomcar_description/meshes
creating /home/amr/driver_ws/install/yahboomcar_description/share/yahboomcar_description/rviz
running install_egg_info
Copying ../../build/yahboomcar_description/yahboomcar_description.egg-info to /home/amr/driver_ws/install/yahboomcar_description/lib/python3.12/site-packages/yahboomcar_description-0.0.0-py3.12.egg-info
running install_scripts
writing list of installed files to '/home/amr/driver_ws/build/yahboomcar_description/install.log'
