[2.050s] Invoking command in '/home/amr/driver_ws/src/yahboomcar_description': PYTHONPATH=/home/amr/driver_ws/build/yahboomcar_description/prefix_override:/usr/lib/python3/dist-packages/colcon_core/task/python/colcon_distutils_commands:/home/amr/driver_ws/install/yahboomcar_description/lib/python3.12/site-packages:${PYTHONPATH} /usr/bin/python3 -W ignore:setup.py install is deprecated -W ignore:easy_install command is deprecated setup.py egg_info --egg-base ../../build/yahboomcar_description build --build-base /home/amr/driver_ws/build/yahboomcar_description/build install --record /home/amr/driver_ws/build/yahboomcar_description/install.log --install-scripts $base/lib/yahboomcar_description --single-version-externally-managed install_data
[2.304s] /usr/lib/python3/dist-packages/setuptools/dist.py:744: SetuptoolsDeprecationWarning: Invalid dash-separated options
[2.304s] !!
[2.304s] 
[2.304s]         ********************************************************************************
[2.304s]         Usage of dash-separated 'script-dir' will not be supported in future
[2.304s]         versions. Please use the underscore name 'script_dir' instead.
[2.304s] 
[2.304s]         This deprecation is overdue, please update your project and remove deprecated
[2.304s]         calls to avoid build errors in the future.
[2.304s] 
[2.304s]         See https://setuptools.pypa.io/en/latest/userguide/declarative_config.html for details.
[2.305s]         ********************************************************************************
[2.305s] 
[2.305s] !!
[2.305s]   opt = self.warn_dash_deprecation(opt, section)
[2.498s] running egg_info
[2.498s] creating ../../build/yahboomcar_description/yahboomcar_description.egg-info
[2.523s] writing ../../build/yahboomcar_description/yahboomcar_description.egg-info/PKG-INFO
[2.524s] writing dependency_links to ../../build/yahboomcar_description/yahboomcar_description.egg-info/dependency_links.txt
[2.524s] writing requirements to ../../build/yahboomcar_description/yahboomcar_description.egg-info/requires.txt
[2.524s] writing top-level names to ../../build/yahboomcar_description/yahboomcar_description.egg-info/top_level.txt
[2.524s] writing manifest file '../../build/yahboomcar_description/yahboomcar_description.egg-info/SOURCES.txt'
[2.581s] reading manifest file '../../build/yahboomcar_description/yahboomcar_description.egg-info/SOURCES.txt'
[2.582s] writing manifest file '../../build/yahboomcar_description/yahboomcar_description.egg-info/SOURCES.txt'
[2.583s] running build
[2.583s] running build_py
[2.584s] running install
[2.594s] running install_lib
[2.627s] running install_data
[2.627s] warning: install_lib: '/home/amr/driver_ws/build/yahboomcar_description/build/lib' does not exist -- no Python modules to install
[2.627s] 
[2.627s] creating /home/amr/driver_ws/install/yahboomcar_description/share/ament_index
[2.627s] creating /home/amr/driver_ws/install/yahboomcar_description/share/ament_index/resource_index
[2.627s] creating /home/amr/driver_ws/install/yahboomcar_description/share/ament_index/resource_index/packages
[2.627s] copying resource/yahboomcar_description -> /home/amr/driver_ws/install/yahboomcar_description/share/ament_index/resource_index/packages
[2.628s] copying package.xml -> /home/amr/driver_ws/install/yahboomcar_description/share/yahboomcar_description
[2.628s] creating /home/amr/driver_ws/install/yahboomcar_description/share/yahboomcar_description/launch
[2.628s] creating /home/amr/driver_ws/install/yahboomcar_description/share/yahboomcar_description/urdf
[2.628s] copying urdf/yahboomcar_R2.urdf.xacro -> /home/amr/driver_ws/install/yahboomcar_description/share/yahboomcar_description/urdf
[2.629s] copying urdf/yahboomcar_R2_multi.urdf.xacro -> /home/amr/driver_ws/install/yahboomcar_description/share/yahboomcar_description/urdf
[2.629s] copying urdf/yahboomcar_R2.urdf -> /home/amr/driver_ws/install/yahboomcar_description/share/yahboomcar_description/urdf
[2.630s] creating /home/amr/driver_ws/install/yahboomcar_description/share/yahboomcar_description/meshes
[2.630s] creating /home/amr/driver_ws/install/yahboomcar_description/share/yahboomcar_description/rviz
[2.631s] running install_egg_info
[2.661s] Copying ../../build/yahboomcar_description/yahboomcar_description.egg-info to /home/amr/driver_ws/install/yahboomcar_description/lib/python3.12/site-packages/yahboomcar_description-0.0.0-py3.12.egg-info
[2.662s] running install_scripts
[2.893s] writing list of installed files to '/home/amr/driver_ws/build/yahboomcar_description/install.log'
[3.061s] Invoked command in '/home/amr/driver_ws/src/yahboomcar_description' returned '0': PYTHONPATH=/home/amr/driver_ws/build/yahboomcar_description/prefix_override:/usr/lib/python3/dist-packages/colcon_core/task/python/colcon_distutils_commands:/home/amr/driver_ws/install/yahboomcar_description/lib/python3.12/site-packages:${PYTHONPATH} /usr/bin/python3 -W ignore:setup.py install is deprecated -W ignore:easy_install command is deprecated setup.py egg_info --egg-base ../../build/yahboomcar_description build --build-base /home/amr/driver_ws/build/yahboomcar_description/build install --record /home/amr/driver_ws/build/yahboomcar_description/install.log --install-scripts $base/lib/yahboomcar_description --single-version-externally-managed install_data
