[0.466s] Invoking command in '/home/amr/icarus_ws/build/rosbot_nav2_bringup': CMAKE_PREFIX_PATH=${CMAKE_PREFIX_PATH}:/home/amr/icarus_ws/install/rosbot_description:/home/amr/driver_ws/install/yahboomcar_description:/home/amr/driver_ws/install/yahboomcar_ctrl:/home/amr/driver_ws/install/yahboomcar_bringup:/opt/ros/jazzy /usr/bin/cmake /home/amr/icarus_ws/src/rosbot_nav2_bringup -DCMAKE_INSTALL_PREFIX=/home/amr/icarus_ws/install/rosbot_nav2_bringup
[0.604s] -- The C compiler identification is GNU 13.3.0
[0.736s] -- The CXX compiler identification is GNU 13.3.0
[0.781s] -- Detecting C compiler ABI info
[0.996s] -- Detecting C compiler ABI info - done
[1.014s] -- Check for working C compiler: /usr/bin/cc - skipped
[1.015s] -- Detecting C compile features
[1.015s] -- Detecting C compile features - done
[1.036s] -- Detecting CXX compiler ABI info
[1.311s] -- Detecting CXX compiler ABI info - done
[1.330s] -- Check for working CXX compiler: /usr/bin/c++ - skipped
[1.331s] -- Detecting CXX compile features
[1.332s] -- Detecting CXX compile features - done
[1.342s] -- Found ament_cmake: 2.5.4 (/opt/ros/jazzy/share/ament_cmake/cmake)
[1.692s] -- Found Python3: /usr/bin/python3 (found version "3.12.3") found components: Interpreter 
[1.955s] -- Found nav2_common: 1.3.7 (/opt/ros/jazzy/share/nav2_common/cmake)
[1.962s] -- Found navigation2: 1.3.7 (/opt/ros/jazzy/share/navigation2/cmake)
[1.962s] -- Setting build type to Release as none was specified.
[1.967s] -- Found ament_lint_auto: 0.17.2 (/opt/ros/jazzy/share/ament_lint_auto/cmake)
[2.279s] -- Added test 'copyright' to check source files copyright and LICENSE
[2.285s] -- Added test 'flake8' to check Python code syntax and style conventions
[2.285s] -- Configured 'flake8' exclude dirs and/or files: 
[2.286s] -- Added test 'lint_cmake' to check CMake code style
[2.287s] -- Added test 'pep257' to check Python code against some of the docstring style conventions in PEP 257
[2.290s] -- Added test 'xmllint' to check XML markup files
[2.294s] -- Configuring done (1.8s)
[2.299s] -- Generating done (0.0s)
[2.305s] -- Build files have been written to: /home/amr/icarus_ws/build/rosbot_nav2_bringup
[2.317s] Invoked command in '/home/amr/icarus_ws/build/rosbot_nav2_bringup' returned '0': CMAKE_PREFIX_PATH=${CMAKE_PREFIX_PATH}:/home/amr/icarus_ws/install/rosbot_description:/home/amr/driver_ws/install/yahboomcar_description:/home/amr/driver_ws/install/yahboomcar_ctrl:/home/amr/driver_ws/install/yahboomcar_bringup:/opt/ros/jazzy /usr/bin/cmake /home/amr/icarus_ws/src/rosbot_nav2_bringup -DCMAKE_INSTALL_PREFIX=/home/amr/icarus_ws/install/rosbot_nav2_bringup
[2.320s] Invoking command in '/home/amr/icarus_ws/build/rosbot_nav2_bringup': CMAKE_PREFIX_PATH=${CMAKE_PREFIX_PATH}:/home/amr/icarus_ws/install/rosbot_description:/home/amr/driver_ws/install/yahboomcar_description:/home/amr/driver_ws/install/yahboomcar_ctrl:/home/amr/driver_ws/install/yahboomcar_bringup:/opt/ros/jazzy /usr/bin/cmake --build /home/amr/icarus_ws/build/rosbot_nav2_bringup -- -j4 -l4
[2.407s] Invoked command in '/home/amr/icarus_ws/build/rosbot_nav2_bringup' returned '0': CMAKE_PREFIX_PATH=${CMAKE_PREFIX_PATH}:/home/amr/icarus_ws/install/rosbot_description:/home/amr/driver_ws/install/yahboomcar_description:/home/amr/driver_ws/install/yahboomcar_ctrl:/home/amr/driver_ws/install/yahboomcar_bringup:/opt/ros/jazzy /usr/bin/cmake --build /home/amr/icarus_ws/build/rosbot_nav2_bringup -- -j4 -l4
[2.431s] Invoking command in '/home/amr/icarus_ws/build/rosbot_nav2_bringup': CMAKE_PREFIX_PATH=${CMAKE_PREFIX_PATH}:/home/amr/icarus_ws/install/rosbot_description:/home/amr/driver_ws/install/yahboomcar_description:/home/amr/driver_ws/install/yahboomcar_ctrl:/home/amr/driver_ws/install/yahboomcar_bringup:/opt/ros/jazzy /usr/bin/cmake --install /home/amr/icarus_ws/build/rosbot_nav2_bringup
[2.450s] -- Install configuration: "Release"
[2.450s] -- Installing: /home/amr/icarus_ws/install/rosbot_nav2_bringup/share/rosbot_nav2_bringup/launch
[2.451s] -- Installing: /home/amr/icarus_ws/install/rosbot_nav2_bringup/share/rosbot_nav2_bringup/launch/slam_online_async.launch.py
[2.451s] -- Installing: /home/amr/icarus_ws/install/rosbot_nav2_bringup/share/rosbot_nav2_bringup/launch/slam_nav2.launch.py
[2.452s] -- Installing: /home/amr/icarus_ws/install/rosbot_nav2_bringup/share/rosbot_nav2_bringup/launch/slam_online_sync.launch.py
[2.452s] -- Installing: /home/amr/icarus_ws/install/rosbot_nav2_bringup/share/rosbot_nav2_bringup/launch/nav2.launch.py
[2.453s] -- Installing: /home/amr/icarus_ws/install/rosbot_nav2_bringup/share/rosbot_nav2_bringup/maps
[2.453s] -- Installing: /home/amr/icarus_ws/install/rosbot_nav2_bringup/share/rosbot_nav2_bringup/maps/hospital.pgm
[2.454s] -- Installing: /home/amr/icarus_ws/install/rosbot_nav2_bringup/share/rosbot_nav2_bringup/maps/hospital.yaml
[2.454s] -- Installing: /home/amr/icarus_ws/install/rosbot_nav2_bringup/share/rosbot_nav2_bringup/rviz
[2.455s] -- Installing: /home/amr/icarus_ws/install/rosbot_nav2_bringup/share/rosbot_nav2_bringup/rviz/nav2_default_view.rviz
[2.456s] -- Installing: /home/amr/icarus_ws/install/rosbot_nav2_bringup/share/rosbot_nav2_bringup/params
[2.456s] -- Installing: /home/amr/icarus_ws/install/rosbot_nav2_bringup/share/rosbot_nav2_bringup/params/slam_toolbox_async.yaml
[2.456s] -- Installing: /home/amr/icarus_ws/install/rosbot_nav2_bringup/share/rosbot_nav2_bringup/params/nav2_params.yaml
[2.457s] -- Installing: /home/amr/icarus_ws/install/rosbot_nav2_bringup/share/rosbot_nav2_bringup/params/slam_toolbox_sync.yaml
[2.457s] -- Installing: /home/amr/icarus_ws/install/rosbot_nav2_bringup/share/rosbot_nav2_bringup/params/amcl_params.yaml
[2.458s] -- Installing: /home/amr/icarus_ws/install/rosbot_nav2_bringup/share/ament_index/resource_index/package_run_dependencies/rosbot_nav2_bringup
[2.459s] -- Installing: /home/amr/icarus_ws/install/rosbot_nav2_bringup/share/ament_index/resource_index/parent_prefix_path/rosbot_nav2_bringup
[2.459s] -- Installing: /home/amr/icarus_ws/install/rosbot_nav2_bringup/share/rosbot_nav2_bringup/environment/ament_prefix_path.sh
[2.460s] -- Installing: /home/amr/icarus_ws/install/rosbot_nav2_bringup/share/rosbot_nav2_bringup/environment/ament_prefix_path.dsv
[2.461s] -- Installing: /home/amr/icarus_ws/install/rosbot_nav2_bringup/share/rosbot_nav2_bringup/environment/path.sh
[2.461s] -- Installing: /home/amr/icarus_ws/install/rosbot_nav2_bringup/share/rosbot_nav2_bringup/environment/path.dsv
[2.461s] -- Installing: /home/amr/icarus_ws/install/rosbot_nav2_bringup/share/rosbot_nav2_bringup/local_setup.bash
[2.462s] -- Installing: /home/amr/icarus_ws/install/rosbot_nav2_bringup/share/rosbot_nav2_bringup/local_setup.sh
[2.462s] -- Installing: /home/amr/icarus_ws/install/rosbot_nav2_bringup/share/rosbot_nav2_bringup/local_setup.zsh
[2.463s] -- Installing: /home/amr/icarus_ws/install/rosbot_nav2_bringup/share/rosbot_nav2_bringup/local_setup.dsv
[2.463s] -- Installing: /home/amr/icarus_ws/install/rosbot_nav2_bringup/share/rosbot_nav2_bringup/package.dsv
[2.464s] -- Installing: /home/amr/icarus_ws/install/rosbot_nav2_bringup/share/ament_index/resource_index/packages/rosbot_nav2_bringup
[2.464s] -- Installing: /home/amr/icarus_ws/install/rosbot_nav2_bringup/share/rosbot_nav2_bringup/cmake/rosbot_nav2_bringupConfig.cmake
[2.465s] -- Installing: /home/amr/icarus_ws/install/rosbot_nav2_bringup/share/rosbot_nav2_bringup/cmake/rosbot_nav2_bringupConfig-version.cmake
[2.465s] -- Installing: /home/amr/icarus_ws/install/rosbot_nav2_bringup/share/rosbot_nav2_bringup/package.xml
[2.468s] Invoked command in '/home/amr/icarus_ws/build/rosbot_nav2_bringup' returned '0': CMAKE_PREFIX_PATH=${CMAKE_PREFIX_PATH}:/home/amr/icarus_ws/install/rosbot_description:/home/amr/driver_ws/install/yahboomcar_description:/home/amr/driver_ws/install/yahboomcar_ctrl:/home/amr/driver_ws/install/yahboomcar_bringup:/opt/ros/jazzy /usr/bin/cmake --install /home/amr/icarus_ws/build/rosbot_nav2_bringup
