[0.036s] Invoking command in '/home/amr/icarus_ws/build/nav2_bt_client': CMAKE_PREFIX_PATH=${CMAKE_PREFIX_PATH}:/home/amr/icarus_ws/install/rosbot_description:/home/amr/driver_ws/install/yahboomcar_description:/home/amr/driver_ws/install/yahboomcar_ctrl:/home/amr/driver_ws/install/yahboomcar_bringup:/opt/ros/jazzy /usr/bin/cmake --build /home/amr/icarus_ws/build/nav2_bt_client -- -j4 -l4
[0.378s] [100%] Built target nav2_bt_node
[0.379s] Invoked command in '/home/amr/icarus_ws/build/nav2_bt_client' returned '0': CMAKE_PREFIX_PATH=${CMAKE_PREFIX_PATH}:/home/amr/icarus_ws/install/rosbot_description:/home/amr/driver_ws/install/yahboomcar_description:/home/amr/driver_ws/install/yahboomcar_ctrl:/home/amr/driver_ws/install/yahboomcar_bringup:/opt/ros/jazzy /usr/bin/cmake --build /home/amr/icarus_ws/build/nav2_bt_client -- -j4 -l4
[0.398s] Invoking command in '/home/amr/icarus_ws/build/nav2_bt_client': CMAKE_PREFIX_PATH=${CMAKE_PREFIX_PATH}:/home/amr/icarus_ws/install/rosbot_description:/home/amr/driver_ws/install/yahboomcar_description:/home/amr/driver_ws/install/yahboomcar_ctrl:/home/amr/driver_ws/install/yahboomcar_bringup:/opt/ros/jazzy /usr/bin/cmake --install /home/amr/icarus_ws/build/nav2_bt_client
[0.449s] -- Install configuration: ""
[0.449s] -- Up-to-date: /home/amr/icarus_ws/install/nav2_bt_client/share/nav2_bt_client/bt_xml
[0.449s] -- Up-to-date: /home/amr/icarus_ws/install/nav2_bt_client/share/nav2_bt_client/bt_xml/nav_tree.xml
[0.449s] -- Up-to-date: /home/amr/icarus_ws/install/nav2_bt_client/share/nav2_bt_client/bt_xml/nav_tree_naive.xml
[0.449s] -- Up-to-date: /home/amr/icarus_ws/install/nav2_bt_client/share/nav2_bt_client/launch
[0.449s] -- Up-to-date: /home/amr/icarus_ws/install/nav2_bt_client/share/nav2_bt_client/launch/start_bt_app.launch.py
[0.450s] -- Up-to-date: /home/amr/icarus_ws/install/nav2_bt_client/share/nav2_bt_client/config
[0.450s] -- Up-to-date: /home/amr/icarus_ws/install/nav2_bt_client/share/nav2_bt_client/config/map_locations.yaml
[0.450s] -- Up-to-date: /home/amr/icarus_ws/install/nav2_bt_client/lib/nav2_bt_client/nav2_bt_node
[0.450s] -- Up-to-date: /home/amr/icarus_ws/install/nav2_bt_client/share/ament_index/resource_index/package_run_dependencies/nav2_bt_client
[0.450s] -- Up-to-date: /home/amr/icarus_ws/install/nav2_bt_client/share/ament_index/resource_index/parent_prefix_path/nav2_bt_client
[0.450s] -- Up-to-date: /home/amr/icarus_ws/install/nav2_bt_client/share/nav2_bt_client/environment/ament_prefix_path.sh
[0.450s] -- Up-to-date: /home/amr/icarus_ws/install/nav2_bt_client/share/nav2_bt_client/environment/ament_prefix_path.dsv
[0.451s] -- Up-to-date: /home/amr/icarus_ws/install/nav2_bt_client/share/nav2_bt_client/environment/path.sh
[0.451s] -- Up-to-date: /home/amr/icarus_ws/install/nav2_bt_client/share/nav2_bt_client/environment/path.dsv
[0.451s] -- Up-to-date: /home/amr/icarus_ws/install/nav2_bt_client/share/nav2_bt_client/local_setup.bash
[0.451s] -- Up-to-date: /home/amr/icarus_ws/install/nav2_bt_client/share/nav2_bt_client/local_setup.sh
[0.451s] -- Up-to-date: /home/amr/icarus_ws/install/nav2_bt_client/share/nav2_bt_client/local_setup.zsh
[0.451s] -- Up-to-date: /home/amr/icarus_ws/install/nav2_bt_client/share/nav2_bt_client/local_setup.dsv
[0.451s] -- Installing: /home/amr/icarus_ws/install/nav2_bt_client/share/nav2_bt_client/package.dsv
[0.451s] -- Up-to-date: /home/amr/icarus_ws/install/nav2_bt_client/share/ament_index/resource_index/packages/nav2_bt_client
[0.451s] -- Up-to-date: /home/amr/icarus_ws/install/nav2_bt_client/share/nav2_bt_client/cmake/nav2_bt_clientConfig.cmake
[0.451s] -- Up-to-date: /home/amr/icarus_ws/install/nav2_bt_client/share/nav2_bt_client/cmake/nav2_bt_clientConfig-version.cmake
[0.452s] -- Up-to-date: /home/amr/icarus_ws/install/nav2_bt_client/share/nav2_bt_client/package.xml
[0.493s] Invoked command in '/home/amr/icarus_ws/build/nav2_bt_client' returned '0': CMAKE_PREFIX_PATH=${CMAKE_PREFIX_PATH}:/home/amr/icarus_ws/install/rosbot_description:/home/amr/driver_ws/install/yahboomcar_description:/home/amr/driver_ws/install/yahboomcar_ctrl:/home/amr/driver_ws/install/yahboomcar_bringup:/opt/ros/jazzy /usr/bin/cmake --install /home/amr/icarus_ws/build/nav2_bt_client
