[0.281s] DEBUG:colcon:Command line arguments: ['/usr/bin/colcon', 'build']
[0.281s] DEBUG:colcon:Parsed command line arguments: Namespace(log_base=None, log_level=None, verb_name='build', build_base='build', install_base='install', merge_install=False, symlink_install=False, test_result_base=None, continue_on_error=False, executor='parallel', parallel_workers=4, event_handlers=None, ignore_user_meta=False, metas=['./colcon.meta'], base_paths=['.'], packages_ignore=None, packages_ignore_regex=None, paths=None, packages_up_to=None, packages_up_to_regex=None, packages_above=None, packages_above_and_dependencies=None, packages_above_depth=None, packages_select_by_dep=None, packages_skip_by_dep=None, packages_skip_up_to=None, packages_select_build_failed=False, packages_skip_build_finished=False, packages_select_test_failures=False, packages_skip_test_passed=False, packages_select=None, packages_skip=None, packages_select_regex=None, packages_skip_regex=None, packages_start=None, packages_end=None, allow_overriding=[], cmake_args=None, cmake_target=None, cmake_target_skip_unavailable=False, cmake_clean_cache=False, cmake_clean_first=False, cmake_force_configure=False, ament_cmake_args=None, catkin_cmake_args=None, catkin_skip_building_tests=False, mixin_files=None, mixin=None, verb_parser=<colcon_mixin.mixin.mixin_argument.MixinArgumentDecorator object at 0xffff8f759af0>, verb_extension=<colcon_core.verb.build.BuildVerb object at 0xffff8f907080>, main=<bound method BuildVerb.main of <colcon_core.verb.build.BuildVerb object at 0xffff8f907080>>, mixin_verb=('build',))
[0.397s] Level 1:colcon.colcon_core.package_discovery:discover_packages(colcon_meta) check parameters
[0.397s] Level 1:colcon.colcon_core.package_discovery:discover_packages(recursive) check parameters
[0.397s] Level 1:colcon.colcon_core.package_discovery:discover_packages(ignore) check parameters
[0.397s] Level 1:colcon.colcon_core.package_discovery:discover_packages(path) check parameters
[0.397s] Level 1:colcon.colcon_core.package_discovery:discover_packages(colcon_meta) discover
[0.397s] Level 1:colcon.colcon_core.package_discovery:discover_packages(recursive) discover
[0.397s] INFO:colcon.colcon_core.package_discovery:Crawling recursively for packages in '/home/amr/icarus_ws'
[0.397s] Level 1:colcon.colcon_core.package_identification:_identify(.) by extensions ['ignore', 'ignore_ament_install']
[0.397s] Level 1:colcon.colcon_core.package_identification:_identify(.) by extension 'ignore'
[0.398s] Level 1:colcon.colcon_core.package_identification:_identify(.) by extension 'ignore_ament_install'
[0.398s] Level 1:colcon.colcon_core.package_identification:_identify(.) by extensions ['colcon_pkg']
[0.398s] Level 1:colcon.colcon_core.package_identification:_identify(.) by extension 'colcon_pkg'
[0.398s] Level 1:colcon.colcon_core.package_identification:_identify(.) by extensions ['colcon_meta']
[0.398s] Level 1:colcon.colcon_core.package_identification:_identify(.) by extension 'colcon_meta'
[0.398s] Level 1:colcon.colcon_core.package_identification:_identify(.) by extensions ['ros']
[0.398s] Level 1:colcon.colcon_core.package_identification:_identify(.) by extension 'ros'
[0.478s] Level 1:colcon.colcon_core.package_identification:_identify(.) by extensions ['cmake', 'python']
[0.478s] Level 1:colcon.colcon_core.package_identification:_identify(.) by extension 'cmake'
[0.478s] Level 1:colcon.colcon_core.package_identification:_identify(.) by extension 'python'
[0.478s] Level 1:colcon.colcon_core.package_identification:_identify(.) by extensions ['python_setup_py']
[0.478s] Level 1:colcon.colcon_core.package_identification:_identify(.) by extension 'python_setup_py'
[0.478s] Level 1:colcon.colcon_core.package_identification:_identify(build) by extensions ['ignore', 'ignore_ament_install']
[0.478s] Level 1:colcon.colcon_core.package_identification:_identify(build) by extension 'ignore'
[0.478s] Level 1:colcon.colcon_core.package_identification:_identify(build) ignored
[0.478s] Level 1:colcon.colcon_core.package_identification:_identify(install) by extensions ['ignore', 'ignore_ament_install']
[0.478s] Level 1:colcon.colcon_core.package_identification:_identify(install) by extension 'ignore'
[0.479s] Level 1:colcon.colcon_core.package_identification:_identify(install) ignored
[0.479s] Level 1:colcon.colcon_core.package_identification:_identify(log) by extensions ['ignore', 'ignore_ament_install']
[0.479s] Level 1:colcon.colcon_core.package_identification:_identify(log) by extension 'ignore'
[0.479s] Level 1:colcon.colcon_core.package_identification:_identify(log) ignored
[0.479s] Level 1:colcon.colcon_core.package_identification:_identify(src) by extensions ['ignore', 'ignore_ament_install']
[0.479s] Level 1:colcon.colcon_core.package_identification:_identify(src) by extension 'ignore'
[0.479s] Level 1:colcon.colcon_core.package_identification:_identify(src) by extension 'ignore_ament_install'
[0.479s] Level 1:colcon.colcon_core.package_identification:_identify(src) by extensions ['colcon_pkg']
[0.479s] Level 1:colcon.colcon_core.package_identification:_identify(src) by extension 'colcon_pkg'
[0.479s] Level 1:colcon.colcon_core.package_identification:_identify(src) by extensions ['colcon_meta']
[0.479s] Level 1:colcon.colcon_core.package_identification:_identify(src) by extension 'colcon_meta'
[0.479s] Level 1:colcon.colcon_core.package_identification:_identify(src) by extensions ['ros']
[0.479s] Level 1:colcon.colcon_core.package_identification:_identify(src) by extension 'ros'
[0.479s] Level 1:colcon.colcon_core.package_identification:_identify(src) by extensions ['cmake', 'python']
[0.480s] Level 1:colcon.colcon_core.package_identification:_identify(src) by extension 'cmake'
[0.480s] Level 1:colcon.colcon_core.package_identification:_identify(src) by extension 'python'
[0.480s] Level 1:colcon.colcon_core.package_identification:_identify(src) by extensions ['python_setup_py']
[0.480s] Level 1:colcon.colcon_core.package_identification:_identify(src) by extension 'python_setup_py'
[0.480s] Level 1:colcon.colcon_core.package_identification:_identify(src/nav2_bt_client) by extensions ['ignore', 'ignore_ament_install']
[0.480s] Level 1:colcon.colcon_core.package_identification:_identify(src/nav2_bt_client) by extension 'ignore'
[0.480s] Level 1:colcon.colcon_core.package_identification:_identify(src/nav2_bt_client) by extension 'ignore_ament_install'
[0.481s] Level 1:colcon.colcon_core.package_identification:_identify(src/nav2_bt_client) by extensions ['colcon_pkg']
[0.481s] Level 1:colcon.colcon_core.package_identification:_identify(src/nav2_bt_client) by extension 'colcon_pkg'
[0.481s] Level 1:colcon.colcon_core.package_identification:_identify(src/nav2_bt_client) by extensions ['colcon_meta']
[0.481s] Level 1:colcon.colcon_core.package_identification:_identify(src/nav2_bt_client) by extension 'colcon_meta'
[0.481s] Level 1:colcon.colcon_core.package_identification:_identify(src/nav2_bt_client) by extensions ['ros']
[0.481s] Level 1:colcon.colcon_core.package_identification:_identify(src/nav2_bt_client) by extension 'ros'
[0.486s] DEBUG:colcon.colcon_core.package_identification:Package 'src/nav2_bt_client' with type 'ros.ament_cmake' and name 'nav2_bt_client'
[0.487s] Level 1:colcon.colcon_core.package_identification:_identify(src/nav2_client) by extensions ['ignore', 'ignore_ament_install']
[0.487s] Level 1:colcon.colcon_core.package_identification:_identify(src/nav2_client) by extension 'ignore'
[0.487s] Level 1:colcon.colcon_core.package_identification:_identify(src/nav2_client) by extension 'ignore_ament_install'
[0.487s] Level 1:colcon.colcon_core.package_identification:_identify(src/nav2_client) by extensions ['colcon_pkg']
[0.487s] Level 1:colcon.colcon_core.package_identification:_identify(src/nav2_client) by extension 'colcon_pkg'
[0.487s] Level 1:colcon.colcon_core.package_identification:_identify(src/nav2_client) by extensions ['colcon_meta']
[0.487s] Level 1:colcon.colcon_core.package_identification:_identify(src/nav2_client) by extension 'colcon_meta'
[0.487s] Level 1:colcon.colcon_core.package_identification:_identify(src/nav2_client) by extensions ['ros']
[0.487s] Level 1:colcon.colcon_core.package_identification:_identify(src/nav2_client) by extension 'ros'
[0.489s] DEBUG:colcon.colcon_core.package_identification:Package 'src/nav2_client' with type 'ros.ament_cmake' and name 'nav2_client'
[0.489s] Level 1:colcon.colcon_core.package_identification:_identify(src/rosbot_description) by extensions ['ignore', 'ignore_ament_install']
[0.489s] Level 1:colcon.colcon_core.package_identification:_identify(src/rosbot_description) by extension 'ignore'
[0.489s] Level 1:colcon.colcon_core.package_identification:_identify(src/rosbot_description) by extension 'ignore_ament_install'
[0.489s] Level 1:colcon.colcon_core.package_identification:_identify(src/rosbot_description) by extensions ['colcon_pkg']
[0.489s] Level 1:colcon.colcon_core.package_identification:_identify(src/rosbot_description) by extension 'colcon_pkg'
[0.489s] Level 1:colcon.colcon_core.package_identification:_identify(src/rosbot_description) by extensions ['colcon_meta']
[0.489s] Level 1:colcon.colcon_core.package_identification:_identify(src/rosbot_description) by extension 'colcon_meta'
[0.489s] Level 1:colcon.colcon_core.package_identification:_identify(src/rosbot_description) by extensions ['ros']
[0.489s] Level 1:colcon.colcon_core.package_identification:_identify(src/rosbot_description) by extension 'ros'
[0.491s] DEBUG:colcon.colcon_core.package_identification:Package 'src/rosbot_description' with type 'ros.ament_python' and name 'rosbot_description'
[0.491s] Level 1:colcon.colcon_core.package_identification:_identify(src/rosbot_nav2_bringup) by extensions ['ignore', 'ignore_ament_install']
[0.491s] Level 1:colcon.colcon_core.package_identification:_identify(src/rosbot_nav2_bringup) by extension 'ignore'
[0.492s] Level 1:colcon.colcon_core.package_identification:_identify(src/rosbot_nav2_bringup) by extension 'ignore_ament_install'
[0.492s] Level 1:colcon.colcon_core.package_identification:_identify(src/rosbot_nav2_bringup) by extensions ['colcon_pkg']
[0.492s] Level 1:colcon.colcon_core.package_identification:_identify(src/rosbot_nav2_bringup) by extension 'colcon_pkg'
[0.492s] Level 1:colcon.colcon_core.package_identification:_identify(src/rosbot_nav2_bringup) by extensions ['colcon_meta']
[0.492s] Level 1:colcon.colcon_core.package_identification:_identify(src/rosbot_nav2_bringup) by extension 'colcon_meta'
[0.492s] Level 1:colcon.colcon_core.package_identification:_identify(src/rosbot_nav2_bringup) by extensions ['ros']
[0.492s] Level 1:colcon.colcon_core.package_identification:_identify(src/rosbot_nav2_bringup) by extension 'ros'
[0.493s] DEBUG:colcon.colcon_core.package_identification:Package 'src/rosbot_nav2_bringup' with type 'ros.ament_cmake' and name 'rosbot_nav2_bringup'
[0.493s] Level 1:colcon.colcon_core.package_discovery:discover_packages(recursive) using defaults
[0.493s] Level 1:colcon.colcon_core.package_discovery:discover_packages(ignore) discover
[0.493s] Level 1:colcon.colcon_core.package_discovery:discover_packages(ignore) using defaults
[0.493s] Level 1:colcon.colcon_core.package_discovery:discover_packages(path) discover
[0.493s] Level 1:colcon.colcon_core.package_discovery:discover_packages(path) using defaults
[0.547s] Level 1:colcon.colcon_core.package_discovery:discover_packages(prefix_path) check parameters
[0.547s] Level 1:colcon.colcon_core.package_discovery:discover_packages(prefix_path) discover
[0.555s] DEBUG:colcon.colcon_installed_package_information.package_discovery:Found 4 installed packages in /home/amr/icarus_ws/install
[0.555s] DEBUG:colcon.colcon_installed_package_information.package_discovery:Found 1 installed packages in /home/amr/lidar_ws/install
[0.556s] DEBUG:colcon.colcon_installed_package_information.package_discovery:Found 4 installed packages in /home/amr/driver_ws/install
[0.558s] DEBUG:colcon.colcon_installed_package_information.package_discovery:Found 310 installed packages in /opt/ros/jazzy
[0.559s] Level 1:colcon.colcon_core.package_discovery:discover_packages(prefix_path) using defaults
[0.626s] Level 5:colcon.colcon_core.verb:set package 'nav2_bt_client' build argument 'cmake_args' from command line to 'None'
[0.626s] Level 5:colcon.colcon_core.verb:set package 'nav2_bt_client' build argument 'cmake_target' from command line to 'None'
[0.626s] Level 5:colcon.colcon_core.verb:set package 'nav2_bt_client' build argument 'cmake_target_skip_unavailable' from command line to 'False'
[0.626s] Level 5:colcon.colcon_core.verb:set package 'nav2_bt_client' build argument 'cmake_clean_cache' from command line to 'False'
[0.626s] Level 5:colcon.colcon_core.verb:set package 'nav2_bt_client' build argument 'cmake_clean_first' from command line to 'False'
[0.627s] Level 5:colcon.colcon_core.verb:set package 'nav2_bt_client' build argument 'cmake_force_configure' from command line to 'False'
[0.627s] Level 5:colcon.colcon_core.verb:set package 'nav2_bt_client' build argument 'ament_cmake_args' from command line to 'None'
[0.627s] Level 5:colcon.colcon_core.verb:set package 'nav2_bt_client' build argument 'catkin_cmake_args' from command line to 'None'
[0.627s] Level 5:colcon.colcon_core.verb:set package 'nav2_bt_client' build argument 'catkin_skip_building_tests' from command line to 'False'
[0.627s] DEBUG:colcon.colcon_core.verb:Building package 'nav2_bt_client' with the following arguments: {'ament_cmake_args': None, 'build_base': '/home/amr/icarus_ws/build/nav2_bt_client', 'catkin_cmake_args': None, 'catkin_skip_building_tests': False, 'cmake_args': None, 'cmake_clean_cache': False, 'cmake_clean_first': False, 'cmake_force_configure': False, 'cmake_target': None, 'cmake_target_skip_unavailable': False, 'install_base': '/home/amr/icarus_ws/install/nav2_bt_client', 'merge_install': False, 'path': '/home/amr/icarus_ws/src/nav2_bt_client', 'symlink_install': False, 'test_result_base': None}
[0.627s] Level 5:colcon.colcon_core.verb:set package 'nav2_client' build argument 'cmake_args' from command line to 'None'
[0.627s] Level 5:colcon.colcon_core.verb:set package 'nav2_client' build argument 'cmake_target' from command line to 'None'
[0.627s] Level 5:colcon.colcon_core.verb:set package 'nav2_client' build argument 'cmake_target_skip_unavailable' from command line to 'False'
[0.627s] Level 5:colcon.colcon_core.verb:set package 'nav2_client' build argument 'cmake_clean_cache' from command line to 'False'
[0.627s] Level 5:colcon.colcon_core.verb:set package 'nav2_client' build argument 'cmake_clean_first' from command line to 'False'
[0.627s] Level 5:colcon.colcon_core.verb:set package 'nav2_client' build argument 'cmake_force_configure' from command line to 'False'
[0.627s] Level 5:colcon.colcon_core.verb:set package 'nav2_client' build argument 'ament_cmake_args' from command line to 'None'
[0.627s] Level 5:colcon.colcon_core.verb:set package 'nav2_client' build argument 'catkin_cmake_args' from command line to 'None'
[0.627s] Level 5:colcon.colcon_core.verb:set package 'nav2_client' build argument 'catkin_skip_building_tests' from command line to 'False'
[0.627s] DEBUG:colcon.colcon_core.verb:Building package 'nav2_client' with the following arguments: {'ament_cmake_args': None, 'build_base': '/home/amr/icarus_ws/build/nav2_client', 'catkin_cmake_args': None, 'catkin_skip_building_tests': False, 'cmake_args': None, 'cmake_clean_cache': False, 'cmake_clean_first': False, 'cmake_force_configure': False, 'cmake_target': None, 'cmake_target_skip_unavailable': False, 'install_base': '/home/amr/icarus_ws/install/nav2_client', 'merge_install': False, 'path': '/home/amr/icarus_ws/src/nav2_client', 'symlink_install': False, 'test_result_base': None}
[0.628s] Level 5:colcon.colcon_core.verb:set package 'rosbot_description' build argument 'cmake_args' from command line to 'None'
[0.628s] Level 5:colcon.colcon_core.verb:set package 'rosbot_description' build argument 'cmake_target' from command line to 'None'
[0.628s] Level 5:colcon.colcon_core.verb:set package 'rosbot_description' build argument 'cmake_target_skip_unavailable' from command line to 'False'
[0.628s] Level 5:colcon.colcon_core.verb:set package 'rosbot_description' build argument 'cmake_clean_cache' from command line to 'False'
[0.628s] Level 5:colcon.colcon_core.verb:set package 'rosbot_description' build argument 'cmake_clean_first' from command line to 'False'
[0.628s] Level 5:colcon.colcon_core.verb:set package 'rosbot_description' build argument 'cmake_force_configure' from command line to 'False'
[0.628s] Level 5:colcon.colcon_core.verb:set package 'rosbot_description' build argument 'ament_cmake_args' from command line to 'None'
[0.628s] Level 5:colcon.colcon_core.verb:set package 'rosbot_description' build argument 'catkin_cmake_args' from command line to 'None'
[0.628s] Level 5:colcon.colcon_core.verb:set package 'rosbot_description' build argument 'catkin_skip_building_tests' from command line to 'False'
[0.628s] DEBUG:colcon.colcon_core.verb:Building package 'rosbot_description' with the following arguments: {'ament_cmake_args': None, 'build_base': '/home/amr/icarus_ws/build/rosbot_description', 'catkin_cmake_args': None, 'catkin_skip_building_tests': False, 'cmake_args': None, 'cmake_clean_cache': False, 'cmake_clean_first': False, 'cmake_force_configure': False, 'cmake_target': None, 'cmake_target_skip_unavailable': False, 'install_base': '/home/amr/icarus_ws/install/rosbot_description', 'merge_install': False, 'path': '/home/amr/icarus_ws/src/rosbot_description', 'symlink_install': False, 'test_result_base': None}
[0.628s] Level 5:colcon.colcon_core.verb:set package 'rosbot_nav2_bringup' build argument 'cmake_args' from command line to 'None'
[0.628s] Level 5:colcon.colcon_core.verb:set package 'rosbot_nav2_bringup' build argument 'cmake_target' from command line to 'None'
[0.628s] Level 5:colcon.colcon_core.verb:set package 'rosbot_nav2_bringup' build argument 'cmake_target_skip_unavailable' from command line to 'False'
[0.628s] Level 5:colcon.colcon_core.verb:set package 'rosbot_nav2_bringup' build argument 'cmake_clean_cache' from command line to 'False'
[0.628s] Level 5:colcon.colcon_core.verb:set package 'rosbot_nav2_bringup' build argument 'cmake_clean_first' from command line to 'False'
[0.628s] Level 5:colcon.colcon_core.verb:set package 'rosbot_nav2_bringup' build argument 'cmake_force_configure' from command line to 'False'
[0.628s] Level 5:colcon.colcon_core.verb:set package 'rosbot_nav2_bringup' build argument 'ament_cmake_args' from command line to 'None'
[0.628s] Level 5:colcon.colcon_core.verb:set package 'rosbot_nav2_bringup' build argument 'catkin_cmake_args' from command line to 'None'
[0.628s] Level 5:colcon.colcon_core.verb:set package 'rosbot_nav2_bringup' build argument 'catkin_skip_building_tests' from command line to 'False'
[0.628s] DEBUG:colcon.colcon_core.verb:Building package 'rosbot_nav2_bringup' with the following arguments: {'ament_cmake_args': None, 'build_base': '/home/amr/icarus_ws/build/rosbot_nav2_bringup', 'catkin_cmake_args': None, 'catkin_skip_building_tests': False, 'cmake_args': None, 'cmake_clean_cache': False, 'cmake_clean_first': False, 'cmake_force_configure': False, 'cmake_target': None, 'cmake_target_skip_unavailable': False, 'install_base': '/home/amr/icarus_ws/install/rosbot_nav2_bringup', 'merge_install': False, 'path': '/home/amr/icarus_ws/src/rosbot_nav2_bringup', 'symlink_install': False, 'test_result_base': None}
[0.629s] INFO:colcon.colcon_core.executor:Executing jobs using 'parallel' executor
[0.630s] DEBUG:colcon.colcon_parallel_executor.executor.parallel:run_until_complete
[0.630s] INFO:colcon.colcon_ros.task.ament_cmake.build:Building ROS package in '/home/amr/icarus_ws/src/nav2_bt_client' with build type 'ament_cmake'
[0.631s] INFO:colcon.colcon_cmake.task.cmake.build:Building CMake package in '/home/amr/icarus_ws/src/nav2_bt_client'
[0.639s] INFO:colcon.colcon_core.plugin_system:Skipping extension 'colcon_core.shell.bat': Not used on non-Windows systems
[0.639s] INFO:colcon.colcon_core.shell:Skip shell extension 'powershell' for command environment: Not usable outside of PowerShell
[0.639s] DEBUG:colcon.colcon_core.shell:Skip shell extension 'dsv' for command environment
[0.646s] INFO:colcon.colcon_ros.task.ament_cmake.build:Building ROS package in '/home/amr/icarus_ws/src/nav2_client' with build type 'ament_cmake'
[0.646s] INFO:colcon.colcon_cmake.task.cmake.build:Building CMake package in '/home/amr/icarus_ws/src/nav2_client'
[0.647s] INFO:colcon.colcon_core.shell:Skip shell extension 'powershell' for command environment: Not usable outside of PowerShell
[0.647s] DEBUG:colcon.colcon_core.shell:Skip shell extension 'dsv' for command environment
[0.654s] INFO:colcon.colcon_ros.task.ament_python.build:Building ROS package in '/home/amr/icarus_ws/src/rosbot_description' with build type 'ament_python'
[0.654s] Level 1:colcon.colcon_core.shell:create_environment_hook('rosbot_description', 'ament_prefix_path')
[0.655s] INFO:colcon.colcon_core.shell:Creating environment hook '/home/amr/icarus_ws/install/rosbot_description/share/rosbot_description/hook/ament_prefix_path.ps1'
[0.657s] INFO:colcon.colcon_core.shell:Creating environment descriptor '/home/amr/icarus_ws/install/rosbot_description/share/rosbot_description/hook/ament_prefix_path.dsv'
[0.660s] INFO:colcon.colcon_core.shell:Creating environment hook '/home/amr/icarus_ws/install/rosbot_description/share/rosbot_description/hook/ament_prefix_path.sh'
[0.663s] INFO:colcon.colcon_core.shell:Skip shell extension 'powershell' for command environment: Not usable outside of PowerShell
[0.663s] DEBUG:colcon.colcon_core.shell:Skip shell extension 'dsv' for command environment
[0.669s] INFO:colcon.colcon_ros.task.ament_cmake.build:Building ROS package in '/home/amr/icarus_ws/src/rosbot_nav2_bringup' with build type 'ament_cmake'
[0.669s] INFO:colcon.colcon_cmake.task.cmake.build:Building CMake package in '/home/amr/icarus_ws/src/rosbot_nav2_bringup'
[0.670s] INFO:colcon.colcon_core.shell:Skip shell extension 'powershell' for command environment: Not usable outside of PowerShell
[0.670s] DEBUG:colcon.colcon_core.shell:Skip shell extension 'dsv' for command environment
[0.686s] DEBUG:colcon.colcon_core.event_handler.log_command:Invoking command in '/home/amr/icarus_ws/build/nav2_bt_client': CMAKE_PREFIX_PATH=${CMAKE_PREFIX_PATH}:/home/amr/icarus_ws/install/rosbot_description:/home/amr/driver_ws/install/yahboomcar_description:/home/amr/driver_ws/install/yahboomcar_ctrl:/home/amr/driver_ws/install/yahboomcar_bringup:/opt/ros/jazzy /usr/bin/cmake --build /home/amr/icarus_ws/build/nav2_bt_client -- -j4 -l4
[0.719s] DEBUG:colcon.colcon_core.event_handler.log_command:Invoking command in '/home/amr/icarus_ws/build/nav2_client': CMAKE_PREFIX_PATH=${CMAKE_PREFIX_PATH}:/home/amr/icarus_ws/install/rosbot_description:/home/amr/driver_ws/install/yahboomcar_description:/home/amr/driver_ws/install/yahboomcar_ctrl:/home/amr/driver_ws/install/yahboomcar_bringup:/opt/ros/jazzy /usr/bin/cmake --build /home/amr/icarus_ws/build/nav2_client -- -j4 -l4
[1.136s] INFO:colcon.colcon_core.task.python.build:Building Python package in '/home/amr/icarus_ws/src/rosbot_description'
[1.136s] INFO:colcon.colcon_core.shell:Skip shell extension 'powershell' for command environment: Not usable outside of PowerShell
[1.136s] DEBUG:colcon.colcon_core.shell:Skip shell extension 'dsv' for command environment
[1.152s] DEBUG:colcon.colcon_core.event_handler.log_command:Invoking command in '/home/amr/icarus_ws/build/rosbot_nav2_bringup': CMAKE_PREFIX_PATH=${CMAKE_PREFIX_PATH}:/home/amr/icarus_ws/install/rosbot_description:/home/amr/driver_ws/install/yahboomcar_description:/home/amr/driver_ws/install/yahboomcar_ctrl:/home/amr/driver_ws/install/yahboomcar_bringup:/opt/ros/jazzy /usr/bin/cmake --build /home/amr/icarus_ws/build/rosbot_nav2_bringup -- -j4 -l4
[1.365s] DEBUG:colcon.colcon_core.event_handler.log_command:Invoked command in '/home/amr/icarus_ws/build/rosbot_nav2_bringup' returned '0': CMAKE_PREFIX_PATH=${CMAKE_PREFIX_PATH}:/home/amr/icarus_ws/install/rosbot_description:/home/amr/driver_ws/install/yahboomcar_description:/home/amr/driver_ws/install/yahboomcar_ctrl:/home/amr/driver_ws/install/yahboomcar_bringup:/opt/ros/jazzy /usr/bin/cmake --build /home/amr/icarus_ws/build/rosbot_nav2_bringup -- -j4 -l4
[1.411s] DEBUG:colcon.colcon_core.event_handler.log_command:Invoking command in '/home/amr/icarus_ws/build/rosbot_nav2_bringup': CMAKE_PREFIX_PATH=${CMAKE_PREFIX_PATH}:/home/amr/icarus_ws/install/rosbot_description:/home/amr/driver_ws/install/yahboomcar_description:/home/amr/driver_ws/install/yahboomcar_ctrl:/home/amr/driver_ws/install/yahboomcar_bringup:/opt/ros/jazzy /usr/bin/cmake --install /home/amr/icarus_ws/build/rosbot_nav2_bringup
[1.445s] Level 1:colcon.colcon_core.environment:create_environment_scripts_only(rosbot_nav2_bringup)
[1.446s] DEBUG:colcon.colcon_core.event_handler.log_command:Invoked command in '/home/amr/icarus_ws/build/rosbot_nav2_bringup' returned '0': CMAKE_PREFIX_PATH=${CMAKE_PREFIX_PATH}:/home/amr/icarus_ws/install/rosbot_description:/home/amr/driver_ws/install/yahboomcar_description:/home/amr/driver_ws/install/yahboomcar_ctrl:/home/amr/driver_ws/install/yahboomcar_bringup:/opt/ros/jazzy /usr/bin/cmake --install /home/amr/icarus_ws/build/rosbot_nav2_bringup
[1.461s] Level 1:colcon.colcon_core.environment:checking '/home/amr/icarus_ws/install/rosbot_nav2_bringup' for CMake module files
[1.462s] Level 1:colcon.colcon_core.environment:checking '/home/amr/icarus_ws/install/rosbot_nav2_bringup' for CMake config files
[1.462s] Level 1:colcon.colcon_core.shell:create_environment_hook('rosbot_nav2_bringup', 'cmake_prefix_path')
[1.463s] INFO:colcon.colcon_core.shell:Creating environment hook '/home/amr/icarus_ws/install/rosbot_nav2_bringup/share/rosbot_nav2_bringup/hook/cmake_prefix_path.ps1'
[1.463s] INFO:colcon.colcon_core.shell:Creating environment descriptor '/home/amr/icarus_ws/install/rosbot_nav2_bringup/share/rosbot_nav2_bringup/hook/cmake_prefix_path.dsv'
[1.465s] INFO:colcon.colcon_core.shell:Creating environment hook '/home/amr/icarus_ws/install/rosbot_nav2_bringup/share/rosbot_nav2_bringup/hook/cmake_prefix_path.sh'
[1.467s] Level 1:colcon.colcon_core.environment:checking '/home/amr/icarus_ws/install/rosbot_nav2_bringup/bin'
[1.467s] Level 1:colcon.colcon_core.environment:checking '/home/amr/icarus_ws/install/rosbot_nav2_bringup/lib/pkgconfig/rosbot_nav2_bringup.pc'
[1.467s] Level 1:colcon.colcon_core.environment:checking '/home/amr/icarus_ws/install/rosbot_nav2_bringup/lib/python3.12/site-packages'
[1.468s] Level 1:colcon.colcon_core.environment:checking '/home/amr/icarus_ws/install/rosbot_nav2_bringup/bin'
[1.468s] INFO:colcon.colcon_core.shell:Creating package script '/home/amr/icarus_ws/install/rosbot_nav2_bringup/share/rosbot_nav2_bringup/package.ps1'
[1.472s] INFO:colcon.colcon_core.shell:Creating package descriptor '/home/amr/icarus_ws/install/rosbot_nav2_bringup/share/rosbot_nav2_bringup/package.dsv'
[1.475s] INFO:colcon.colcon_core.shell:Creating package script '/home/amr/icarus_ws/install/rosbot_nav2_bringup/share/rosbot_nav2_bringup/package.sh'
[1.479s] INFO:colcon.colcon_core.shell:Creating package script '/home/amr/icarus_ws/install/rosbot_nav2_bringup/share/rosbot_nav2_bringup/package.bash'
[1.486s] INFO:colcon.colcon_core.shell:Creating package script '/home/amr/icarus_ws/install/rosbot_nav2_bringup/share/rosbot_nav2_bringup/package.zsh'
[1.490s] Level 1:colcon.colcon_core.environment:create_file_with_runtime_dependencies(/home/amr/icarus_ws/install/rosbot_nav2_bringup/share/colcon-core/packages/rosbot_nav2_bringup)
[1.492s] Level 1:colcon.colcon_core.environment:create_environment_scripts_only(rosbot_nav2_bringup)
[1.492s] Level 1:colcon.colcon_core.environment:checking '/home/amr/icarus_ws/install/rosbot_nav2_bringup' for CMake module files
[1.493s] Level 1:colcon.colcon_core.environment:checking '/home/amr/icarus_ws/install/rosbot_nav2_bringup' for CMake config files
[1.493s] Level 1:colcon.colcon_core.shell:create_environment_hook('rosbot_nav2_bringup', 'cmake_prefix_path')
[1.494s] INFO:colcon.colcon_core.shell:Creating environment hook '/home/amr/icarus_ws/install/rosbot_nav2_bringup/share/rosbot_nav2_bringup/hook/cmake_prefix_path.ps1'
[1.494s] INFO:colcon.colcon_core.shell:Creating environment descriptor '/home/amr/icarus_ws/install/rosbot_nav2_bringup/share/rosbot_nav2_bringup/hook/cmake_prefix_path.dsv'
[1.495s] INFO:colcon.colcon_core.shell:Creating environment hook '/home/amr/icarus_ws/install/rosbot_nav2_bringup/share/rosbot_nav2_bringup/hook/cmake_prefix_path.sh'
[1.496s] Level 1:colcon.colcon_core.environment:checking '/home/amr/icarus_ws/install/rosbot_nav2_bringup/bin'
[1.496s] Level 1:colcon.colcon_core.environment:checking '/home/amr/icarus_ws/install/rosbot_nav2_bringup/lib/pkgconfig/rosbot_nav2_bringup.pc'
[1.497s] Level 1:colcon.colcon_core.environment:checking '/home/amr/icarus_ws/install/rosbot_nav2_bringup/lib/python3.12/site-packages'
[1.497s] Level 1:colcon.colcon_core.environment:checking '/home/amr/icarus_ws/install/rosbot_nav2_bringup/bin'
[1.498s] INFO:colcon.colcon_core.shell:Creating package script '/home/amr/icarus_ws/install/rosbot_nav2_bringup/share/rosbot_nav2_bringup/package.ps1'
[1.499s] INFO:colcon.colcon_core.shell:Creating package descriptor '/home/amr/icarus_ws/install/rosbot_nav2_bringup/share/rosbot_nav2_bringup/package.dsv'
[1.500s] INFO:colcon.colcon_core.shell:Creating package script '/home/amr/icarus_ws/install/rosbot_nav2_bringup/share/rosbot_nav2_bringup/package.sh'
[1.501s] INFO:colcon.colcon_core.shell:Creating package script '/home/amr/icarus_ws/install/rosbot_nav2_bringup/share/rosbot_nav2_bringup/package.bash'
[1.502s] INFO:colcon.colcon_core.shell:Creating package script '/home/amr/icarus_ws/install/rosbot_nav2_bringup/share/rosbot_nav2_bringup/package.zsh'
[1.502s] Level 1:colcon.colcon_core.environment:create_file_with_runtime_dependencies(/home/amr/icarus_ws/install/rosbot_nav2_bringup/share/colcon-core/packages/rosbot_nav2_bringup)
[1.621s] DEBUG:colcon.colcon_core.event_handler.log_command:Invoked command in '/home/amr/icarus_ws/build/nav2_client' returned '0': CMAKE_PREFIX_PATH=${CMAKE_PREFIX_PATH}:/home/amr/icarus_ws/install/rosbot_description:/home/amr/driver_ws/install/yahboomcar_description:/home/amr/driver_ws/install/yahboomcar_ctrl:/home/amr/driver_ws/install/yahboomcar_bringup:/opt/ros/jazzy /usr/bin/cmake --build /home/amr/icarus_ws/build/nav2_client -- -j4 -l4
[1.640s] DEBUG:colcon.colcon_core.event_handler.log_command:Invoking command in '/home/amr/icarus_ws/build/nav2_client': CMAKE_PREFIX_PATH=${CMAKE_PREFIX_PATH}:/home/amr/icarus_ws/install/rosbot_description:/home/amr/driver_ws/install/yahboomcar_description:/home/amr/driver_ws/install/yahboomcar_ctrl:/home/amr/driver_ws/install/yahboomcar_bringup:/opt/ros/jazzy /usr/bin/cmake --install /home/amr/icarus_ws/build/nav2_client
[1.642s] DEBUG:colcon.colcon_core.event_handler.log_command:Invoked command in '/home/amr/icarus_ws/build/nav2_bt_client' returned '0': CMAKE_PREFIX_PATH=${CMAKE_PREFIX_PATH}:/home/amr/icarus_ws/install/rosbot_description:/home/amr/driver_ws/install/yahboomcar_description:/home/amr/driver_ws/install/yahboomcar_ctrl:/home/amr/driver_ws/install/yahboomcar_bringup:/opt/ros/jazzy /usr/bin/cmake --build /home/amr/icarus_ws/build/nav2_bt_client -- -j4 -l4
[1.662s] DEBUG:colcon.colcon_core.event_handler.log_command:Invoking command in '/home/amr/icarus_ws/build/nav2_bt_client': CMAKE_PREFIX_PATH=${CMAKE_PREFIX_PATH}:/home/amr/icarus_ws/install/rosbot_description:/home/amr/driver_ws/install/yahboomcar_description:/home/amr/driver_ws/install/yahboomcar_ctrl:/home/amr/driver_ws/install/yahboomcar_bringup:/opt/ros/jazzy /usr/bin/cmake --install /home/amr/icarus_ws/build/nav2_bt_client
[1.681s] Level 1:colcon.colcon_core.environment:create_environment_scripts_only(nav2_client)
[1.682s] Level 1:colcon.colcon_core.environment:checking '/home/amr/icarus_ws/install/nav2_client' for CMake module files
[1.682s] DEBUG:colcon.colcon_core.event_handler.log_command:Invoked command in '/home/amr/icarus_ws/build/nav2_client' returned '0': CMAKE_PREFIX_PATH=${CMAKE_PREFIX_PATH}:/home/amr/icarus_ws/install/rosbot_description:/home/amr/driver_ws/install/yahboomcar_description:/home/amr/driver_ws/install/yahboomcar_ctrl:/home/amr/driver_ws/install/yahboomcar_bringup:/opt/ros/jazzy /usr/bin/cmake --install /home/amr/icarus_ws/build/nav2_client
[1.683s] Level 1:colcon.colcon_core.environment:checking '/home/amr/icarus_ws/install/nav2_client' for CMake config files
[1.684s] Level 1:colcon.colcon_core.shell:create_environment_hook('nav2_client', 'cmake_prefix_path')
[1.684s] INFO:colcon.colcon_core.shell:Creating environment hook '/home/amr/icarus_ws/install/nav2_client/share/nav2_client/hook/cmake_prefix_path.ps1'
[1.685s] INFO:colcon.colcon_core.shell:Creating environment descriptor '/home/amr/icarus_ws/install/nav2_client/share/nav2_client/hook/cmake_prefix_path.dsv'
[1.685s] INFO:colcon.colcon_core.shell:Creating environment hook '/home/amr/icarus_ws/install/nav2_client/share/nav2_client/hook/cmake_prefix_path.sh'
[1.686s] Level 1:colcon.colcon_core.environment:checking '/home/amr/icarus_ws/install/nav2_client/lib'
[1.687s] Level 1:colcon.colcon_core.environment:checking '/home/amr/icarus_ws/install/nav2_client/bin'
[1.687s] Level 1:colcon.colcon_core.environment:checking '/home/amr/icarus_ws/install/nav2_client/lib/pkgconfig/nav2_client.pc'
[1.687s] Level 1:colcon.colcon_core.environment:checking '/home/amr/icarus_ws/install/nav2_client/lib/python3.12/site-packages'
[1.687s] Level 1:colcon.colcon_core.environment:checking '/home/amr/icarus_ws/install/nav2_client/bin'
[1.688s] INFO:colcon.colcon_core.shell:Creating package script '/home/amr/icarus_ws/install/nav2_client/share/nav2_client/package.ps1'
[1.688s] INFO:colcon.colcon_core.shell:Creating package descriptor '/home/amr/icarus_ws/install/nav2_client/share/nav2_client/package.dsv'
[1.689s] INFO:colcon.colcon_core.shell:Creating package script '/home/amr/icarus_ws/install/nav2_client/share/nav2_client/package.sh'
[1.690s] INFO:colcon.colcon_core.shell:Creating package script '/home/amr/icarus_ws/install/nav2_client/share/nav2_client/package.bash'
[1.690s] INFO:colcon.colcon_core.shell:Creating package script '/home/amr/icarus_ws/install/nav2_client/share/nav2_client/package.zsh'
[1.691s] Level 1:colcon.colcon_core.environment:create_file_with_runtime_dependencies(/home/amr/icarus_ws/install/nav2_client/share/colcon-core/packages/nav2_client)
[1.692s] Level 1:colcon.colcon_core.environment:create_environment_scripts_only(nav2_client)
[1.692s] Level 1:colcon.colcon_core.environment:checking '/home/amr/icarus_ws/install/nav2_client' for CMake module files
[1.693s] Level 1:colcon.colcon_core.environment:checking '/home/amr/icarus_ws/install/nav2_client' for CMake config files
[1.693s] Level 1:colcon.colcon_core.shell:create_environment_hook('nav2_client', 'cmake_prefix_path')
[1.693s] INFO:colcon.colcon_core.shell:Creating environment hook '/home/amr/icarus_ws/install/nav2_client/share/nav2_client/hook/cmake_prefix_path.ps1'
[1.694s] INFO:colcon.colcon_core.shell:Creating environment descriptor '/home/amr/icarus_ws/install/nav2_client/share/nav2_client/hook/cmake_prefix_path.dsv'
[1.694s] INFO:colcon.colcon_core.shell:Creating environment hook '/home/amr/icarus_ws/install/nav2_client/share/nav2_client/hook/cmake_prefix_path.sh'
[1.695s] Level 1:colcon.colcon_core.environment:checking '/home/amr/icarus_ws/install/nav2_client/lib'
[1.695s] Level 1:colcon.colcon_core.environment:checking '/home/amr/icarus_ws/install/nav2_client/bin'
[1.695s] Level 1:colcon.colcon_core.environment:checking '/home/amr/icarus_ws/install/nav2_client/lib/pkgconfig/nav2_client.pc'
[1.696s] Level 1:colcon.colcon_core.environment:checking '/home/amr/icarus_ws/install/nav2_client/lib/python3.12/site-packages'
[1.696s] Level 1:colcon.colcon_core.environment:checking '/home/amr/icarus_ws/install/nav2_client/bin'
[1.696s] INFO:colcon.colcon_core.shell:Creating package script '/home/amr/icarus_ws/install/nav2_client/share/nav2_client/package.ps1'
[1.697s] INFO:colcon.colcon_core.shell:Creating package descriptor '/home/amr/icarus_ws/install/nav2_client/share/nav2_client/package.dsv'
[1.698s] INFO:colcon.colcon_core.shell:Creating package script '/home/amr/icarus_ws/install/nav2_client/share/nav2_client/package.sh'
[1.698s] INFO:colcon.colcon_core.shell:Creating package script '/home/amr/icarus_ws/install/nav2_client/share/nav2_client/package.bash'
[1.699s] INFO:colcon.colcon_core.shell:Creating package script '/home/amr/icarus_ws/install/nav2_client/share/nav2_client/package.zsh'
[1.699s] Level 1:colcon.colcon_core.environment:create_file_with_runtime_dependencies(/home/amr/icarus_ws/install/nav2_client/share/colcon-core/packages/nav2_client)
[1.715s] Level 1:colcon.colcon_core.environment:create_environment_scripts_only(nav2_bt_client)
[1.715s] Level 1:colcon.colcon_core.environment:checking '/home/amr/icarus_ws/install/nav2_bt_client' for CMake module files
[1.716s] DEBUG:colcon.colcon_core.event_handler.log_command:Invoked command in '/home/amr/icarus_ws/build/nav2_bt_client' returned '0': CMAKE_PREFIX_PATH=${CMAKE_PREFIX_PATH}:/home/amr/icarus_ws/install/rosbot_description:/home/amr/driver_ws/install/yahboomcar_description:/home/amr/driver_ws/install/yahboomcar_ctrl:/home/amr/driver_ws/install/yahboomcar_bringup:/opt/ros/jazzy /usr/bin/cmake --install /home/amr/icarus_ws/build/nav2_bt_client
[1.716s] Level 1:colcon.colcon_core.environment:checking '/home/amr/icarus_ws/install/nav2_bt_client' for CMake config files
[1.717s] Level 1:colcon.colcon_core.shell:create_environment_hook('nav2_bt_client', 'cmake_prefix_path')
[1.717s] INFO:colcon.colcon_core.shell:Creating environment hook '/home/amr/icarus_ws/install/nav2_bt_client/share/nav2_bt_client/hook/cmake_prefix_path.ps1'
[1.718s] INFO:colcon.colcon_core.shell:Creating environment descriptor '/home/amr/icarus_ws/install/nav2_bt_client/share/nav2_bt_client/hook/cmake_prefix_path.dsv'
[1.718s] INFO:colcon.colcon_core.shell:Creating environment hook '/home/amr/icarus_ws/install/nav2_bt_client/share/nav2_bt_client/hook/cmake_prefix_path.sh'
[1.719s] Level 1:colcon.colcon_core.environment:checking '/home/amr/icarus_ws/install/nav2_bt_client/lib'
[1.719s] Level 1:colcon.colcon_core.environment:checking '/home/amr/icarus_ws/install/nav2_bt_client/bin'
[1.719s] Level 1:colcon.colcon_core.environment:checking '/home/amr/icarus_ws/install/nav2_bt_client/lib/pkgconfig/nav2_bt_client.pc'
[1.720s] Level 1:colcon.colcon_core.environment:checking '/home/amr/icarus_ws/install/nav2_bt_client/lib/python3.12/site-packages'
[1.720s] Level 1:colcon.colcon_core.environment:checking '/home/amr/icarus_ws/install/nav2_bt_client/bin'
[1.720s] INFO:colcon.colcon_core.shell:Creating package script '/home/amr/icarus_ws/install/nav2_bt_client/share/nav2_bt_client/package.ps1'
[1.721s] INFO:colcon.colcon_core.shell:Creating package descriptor '/home/amr/icarus_ws/install/nav2_bt_client/share/nav2_bt_client/package.dsv'
[1.722s] INFO:colcon.colcon_core.shell:Creating package script '/home/amr/icarus_ws/install/nav2_bt_client/share/nav2_bt_client/package.sh'
[1.722s] INFO:colcon.colcon_core.shell:Creating package script '/home/amr/icarus_ws/install/nav2_bt_client/share/nav2_bt_client/package.bash'
[1.723s] INFO:colcon.colcon_core.shell:Creating package script '/home/amr/icarus_ws/install/nav2_bt_client/share/nav2_bt_client/package.zsh'
[1.723s] Level 1:colcon.colcon_core.environment:create_file_with_runtime_dependencies(/home/amr/icarus_ws/install/nav2_bt_client/share/colcon-core/packages/nav2_bt_client)
[1.724s] Level 1:colcon.colcon_core.environment:create_environment_scripts_only(nav2_bt_client)
[1.724s] Level 1:colcon.colcon_core.environment:checking '/home/amr/icarus_ws/install/nav2_bt_client' for CMake module files
[1.724s] Level 1:colcon.colcon_core.environment:checking '/home/amr/icarus_ws/install/nav2_bt_client' for CMake config files
[1.725s] Level 1:colcon.colcon_core.shell:create_environment_hook('nav2_bt_client', 'cmake_prefix_path')
[1.725s] INFO:colcon.colcon_core.shell:Creating environment hook '/home/amr/icarus_ws/install/nav2_bt_client/share/nav2_bt_client/hook/cmake_prefix_path.ps1'
[1.726s] INFO:colcon.colcon_core.shell:Creating environment descriptor '/home/amr/icarus_ws/install/nav2_bt_client/share/nav2_bt_client/hook/cmake_prefix_path.dsv'
[1.726s] INFO:colcon.colcon_core.shell:Creating environment hook '/home/amr/icarus_ws/install/nav2_bt_client/share/nav2_bt_client/hook/cmake_prefix_path.sh'
[1.727s] Level 1:colcon.colcon_core.environment:checking '/home/amr/icarus_ws/install/nav2_bt_client/lib'
[1.727s] Level 1:colcon.colcon_core.environment:checking '/home/amr/icarus_ws/install/nav2_bt_client/bin'
[1.727s] Level 1:colcon.colcon_core.environment:checking '/home/amr/icarus_ws/install/nav2_bt_client/lib/pkgconfig/nav2_bt_client.pc'
[1.727s] Level 1:colcon.colcon_core.environment:checking '/home/amr/icarus_ws/install/nav2_bt_client/lib/python3.12/site-packages'
[1.727s] Level 1:colcon.colcon_core.environment:checking '/home/amr/icarus_ws/install/nav2_bt_client/bin'
[1.728s] INFO:colcon.colcon_core.shell:Creating package script '/home/amr/icarus_ws/install/nav2_bt_client/share/nav2_bt_client/package.ps1'
[1.728s] INFO:colcon.colcon_core.shell:Creating package descriptor '/home/amr/icarus_ws/install/nav2_bt_client/share/nav2_bt_client/package.dsv'
[1.729s] INFO:colcon.colcon_core.shell:Creating package script '/home/amr/icarus_ws/install/nav2_bt_client/share/nav2_bt_client/package.sh'
[1.729s] INFO:colcon.colcon_core.shell:Creating package script '/home/amr/icarus_ws/install/nav2_bt_client/share/nav2_bt_client/package.bash'
[1.730s] INFO:colcon.colcon_core.shell:Creating package script '/home/amr/icarus_ws/install/nav2_bt_client/share/nav2_bt_client/package.zsh'
[1.730s] Level 1:colcon.colcon_core.environment:create_file_with_runtime_dependencies(/home/amr/icarus_ws/install/nav2_bt_client/share/colcon-core/packages/nav2_bt_client)
[2.829s] DEBUG:colcon.colcon_core.event_handler.log_command:Invoking command in '/home/amr/icarus_ws/src/rosbot_description': PYTHONPATH=/home/amr/icarus_ws/build/rosbot_description/prefix_override:/usr/lib/python3/dist-packages/colcon_core/task/python/colcon_distutils_commands:/home/amr/icarus_ws/install/rosbot_description/lib/python3.12/site-packages:${PYTHONPATH} /usr/bin/python3 -W ignore:setup.py install is deprecated -W ignore:easy_install command is deprecated setup.py egg_info --egg-base ../../build/rosbot_description build --build-base /home/amr/icarus_ws/build/rosbot_description/build install --record /home/amr/icarus_ws/build/rosbot_description/install.log --single-version-externally-managed install_data
[3.828s] Level 1:colcon.colcon_core.environment:checking '/home/amr/icarus_ws/install/rosbot_description' for CMake module files
[3.828s] DEBUG:colcon.colcon_core.event_handler.log_command:Invoked command in '/home/amr/icarus_ws/src/rosbot_description' returned '0': PYTHONPATH=/home/amr/icarus_ws/build/rosbot_description/prefix_override:/usr/lib/python3/dist-packages/colcon_core/task/python/colcon_distutils_commands:/home/amr/icarus_ws/install/rosbot_description/lib/python3.12/site-packages:${PYTHONPATH} /usr/bin/python3 -W ignore:setup.py install is deprecated -W ignore:easy_install command is deprecated setup.py egg_info --egg-base ../../build/rosbot_description build --build-base /home/amr/icarus_ws/build/rosbot_description/build install --record /home/amr/icarus_ws/build/rosbot_description/install.log --single-version-externally-managed install_data
[3.829s] Level 1:colcon.colcon_core.environment:checking '/home/amr/icarus_ws/install/rosbot_description' for CMake config files
[3.830s] Level 1:colcon.colcon_core.environment:checking '/home/amr/icarus_ws/install/rosbot_description/lib'
[3.830s] Level 1:colcon.colcon_core.environment:checking '/home/amr/icarus_ws/install/rosbot_description/bin'
[3.830s] Level 1:colcon.colcon_core.environment:checking '/home/amr/icarus_ws/install/rosbot_description/lib/pkgconfig/rosbot_description.pc'
[3.830s] Level 1:colcon.colcon_core.environment:checking '/home/amr/icarus_ws/install/rosbot_description/lib/python3.12/site-packages'
[3.830s] Level 1:colcon.colcon_core.shell:create_environment_hook('rosbot_description', 'pythonpath')
[3.831s] INFO:colcon.colcon_core.shell:Creating environment hook '/home/amr/icarus_ws/install/rosbot_description/share/rosbot_description/hook/pythonpath.ps1'
[3.831s] INFO:colcon.colcon_core.shell:Creating environment descriptor '/home/amr/icarus_ws/install/rosbot_description/share/rosbot_description/hook/pythonpath.dsv'
[3.832s] INFO:colcon.colcon_core.shell:Creating environment hook '/home/amr/icarus_ws/install/rosbot_description/share/rosbot_description/hook/pythonpath.sh'
[3.833s] Level 1:colcon.colcon_core.environment:checking '/home/amr/icarus_ws/install/rosbot_description/bin'
[3.833s] Level 1:colcon.colcon_core.environment:create_environment_scripts_only(rosbot_description)
[3.834s] INFO:colcon.colcon_core.shell:Creating package script '/home/amr/icarus_ws/install/rosbot_description/share/rosbot_description/package.ps1'
[3.835s] INFO:colcon.colcon_core.shell:Creating package descriptor '/home/amr/icarus_ws/install/rosbot_description/share/rosbot_description/package.dsv'
[3.835s] INFO:colcon.colcon_core.shell:Creating package script '/home/amr/icarus_ws/install/rosbot_description/share/rosbot_description/package.sh'
[3.836s] INFO:colcon.colcon_core.shell:Creating package script '/home/amr/icarus_ws/install/rosbot_description/share/rosbot_description/package.bash'
[3.837s] INFO:colcon.colcon_core.shell:Creating package script '/home/amr/icarus_ws/install/rosbot_description/share/rosbot_description/package.zsh'
[3.838s] Level 1:colcon.colcon_core.environment:create_file_with_runtime_dependencies(/home/amr/icarus_ws/install/rosbot_description/share/colcon-core/packages/rosbot_description)
[3.839s] DEBUG:colcon.colcon_parallel_executor.executor.parallel:closing loop
[3.840s] DEBUG:colcon.colcon_parallel_executor.executor.parallel:loop closed
[3.840s] DEBUG:colcon.colcon_parallel_executor.executor.parallel:run_until_complete finished with '0'
[3.840s] DEBUG:colcon.colcon_core.event_reactor:joining thread
[3.854s] INFO:colcon.colcon_core.plugin_system:Skipping extension 'colcon_notification.desktop_notification.notify_send': Could not find 'notify-send'
[3.854s] INFO:colcon.colcon_core.plugin_system:Skipping extension 'colcon_notification.desktop_notification.terminal_notifier': Not used on non-Darwin systems
[3.854s] INFO:colcon.colcon_core.plugin_system:Skipping extension 'colcon_notification.desktop_notification.win32': Not used on non-Windows systems
[3.854s] INFO:colcon.colcon_notification.desktop_notification:Sending desktop notification using 'notify2'
[3.855s] DEBUG:colcon.colcon_notification.desktop_notification.notify2:Failed to initialize notify2: org.freedesktop.DBus.Error.ServiceUnknown: The name org.freedesktop.Notifications was not provided by any .service files
[3.856s] DEBUG:colcon.colcon_core.event_reactor:joined thread
[3.856s] INFO:colcon.colcon_core.shell:Creating prefix script '/home/amr/icarus_ws/install/local_setup.ps1'
[3.860s] INFO:colcon.colcon_core.shell:Creating prefix util module '/home/amr/icarus_ws/install/_local_setup_util_ps1.py'
[3.864s] INFO:colcon.colcon_core.shell:Creating prefix chain script '/home/amr/icarus_ws/install/setup.ps1'
[3.868s] INFO:colcon.colcon_core.shell:Creating prefix script '/home/amr/icarus_ws/install/local_setup.sh'
[3.871s] INFO:colcon.colcon_core.shell:Creating prefix util module '/home/amr/icarus_ws/install/_local_setup_util_sh.py'
[3.872s] INFO:colcon.colcon_core.shell:Creating prefix chain script '/home/amr/icarus_ws/install/setup.sh'
[3.878s] INFO:colcon.colcon_core.shell:Creating prefix script '/home/amr/icarus_ws/install/local_setup.bash'
[3.882s] INFO:colcon.colcon_core.shell:Creating prefix chain script '/home/amr/icarus_ws/install/setup.bash'
[3.886s] INFO:colcon.colcon_core.shell:Creating prefix script '/home/amr/icarus_ws/install/local_setup.zsh'
[3.889s] INFO:colcon.colcon_core.shell:Creating prefix chain script '/home/amr/icarus_ws/install/setup.zsh'
