[0.141s] DEBUG:colcon:Command line arguments: ['/usr/bin/colcon', 'build']
[0.141s] DEBUG:colcon:Parsed command line arguments: Namespace(log_base=None, log_level=None, verb_name='build', build_base='build', install_base='install', merge_install=False, symlink_install=False, test_result_base=None, continue_on_error=False, executor='parallel', parallel_workers=4, event_handlers=None, ignore_user_meta=False, metas=['./colcon.meta'], base_paths=['.'], packages_ignore=None, packages_ignore_regex=None, paths=None, packages_up_to=None, packages_up_to_regex=None, packages_above=None, packages_above_and_dependencies=None, packages_above_depth=None, packages_select_by_dep=None, packages_skip_by_dep=None, packages_skip_up_to=None, packages_select_build_failed=False, packages_skip_build_finished=False, packages_select_test_failures=False, packages_skip_test_passed=False, packages_select=None, packages_skip=None, packages_select_regex=None, packages_skip_regex=None, packages_start=None, packages_end=None, allow_overriding=[], cmake_args=None, cmake_target=None, cmake_target_skip_unavailable=False, cmake_clean_cache=False, cmake_clean_first=False, cmake_force_configure=False, ament_cmake_args=None, catkin_cmake_args=None, catkin_skip_building_tests=False, mixin_files=None, mixin=None, verb_parser=<colcon_mixin.mixin.mixin_argument.MixinArgumentDecorator object at 0xffffa2a80f80>, verb_extension=<colcon_core.verb.build.BuildVerb object at 0xffffa2c364b0>, main=<bound method BuildVerb.main of <colcon_core.verb.build.BuildVerb object at 0xffffa2c364b0>>, mixin_verb=('build',))
[0.196s] Level 1:colcon.colcon_core.package_discovery:discover_packages(colcon_meta) check parameters
[0.196s] Level 1:colcon.colcon_core.package_discovery:discover_packages(recursive) check parameters
[0.196s] Level 1:colcon.colcon_core.package_discovery:discover_packages(ignore) check parameters
[0.196s] Level 1:colcon.colcon_core.package_discovery:discover_packages(path) check parameters
[0.196s] Level 1:colcon.colcon_core.package_discovery:discover_packages(colcon_meta) discover
[0.196s] Level 1:colcon.colcon_core.package_discovery:discover_packages(recursive) discover
[0.196s] INFO:colcon.colcon_core.package_discovery:Crawling recursively for packages in '/home/amr/driver_ws'
[0.197s] Level 1:colcon.colcon_core.package_identification:_identify(.) by extensions ['ignore', 'ignore_ament_install']
[0.197s] Level 1:colcon.colcon_core.package_identification:_identify(.) by extension 'ignore'
[0.197s] Level 1:colcon.colcon_core.package_identification:_identify(.) by extension 'ignore_ament_install'
[0.197s] Level 1:colcon.colcon_core.package_identification:_identify(.) by extensions ['colcon_pkg']
[0.197s] Level 1:colcon.colcon_core.package_identification:_identify(.) by extension 'colcon_pkg'
[0.197s] Level 1:colcon.colcon_core.package_identification:_identify(.) by extensions ['colcon_meta']
[0.197s] Level 1:colcon.colcon_core.package_identification:_identify(.) by extension 'colcon_meta'
[0.197s] Level 1:colcon.colcon_core.package_identification:_identify(.) by extensions ['ros']
[0.197s] Level 1:colcon.colcon_core.package_identification:_identify(.) by extension 'ros'
[0.233s] Level 1:colcon.colcon_core.package_identification:_identify(.) by extensions ['cmake', 'python']
[0.234s] Level 1:colcon.colcon_core.package_identification:_identify(.) by extension 'cmake'
[0.234s] Level 1:colcon.colcon_core.package_identification:_identify(.) by extension 'python'
[0.234s] Level 1:colcon.colcon_core.package_identification:_identify(.) by extensions ['python_setup_py']
[0.234s] Level 1:colcon.colcon_core.package_identification:_identify(.) by extension 'python_setup_py'
[0.234s] Level 1:colcon.colcon_core.package_identification:_identify(build) by extensions ['ignore', 'ignore_ament_install']
[0.234s] Level 1:colcon.colcon_core.package_identification:_identify(build) by extension 'ignore'
[0.234s] Level 1:colcon.colcon_core.package_identification:_identify(build) ignored
[0.234s] Level 1:colcon.colcon_core.package_identification:_identify(install) by extensions ['ignore', 'ignore_ament_install']
[0.234s] Level 1:colcon.colcon_core.package_identification:_identify(install) by extension 'ignore'
[0.234s] Level 1:colcon.colcon_core.package_identification:_identify(install) ignored
[0.235s] Level 1:colcon.colcon_core.package_identification:_identify(log) by extensions ['ignore', 'ignore_ament_install']
[0.235s] Level 1:colcon.colcon_core.package_identification:_identify(log) by extension 'ignore'
[0.235s] Level 1:colcon.colcon_core.package_identification:_identify(log) ignored
[0.235s] Level 1:colcon.colcon_core.package_identification:_identify(src) by extensions ['ignore', 'ignore_ament_install']
[0.236s] Level 1:colcon.colcon_core.package_identification:_identify(src) by extension 'ignore'
[0.236s] Level 1:colcon.colcon_core.package_identification:_identify(src) by extension 'ignore_ament_install'
[0.236s] Level 1:colcon.colcon_core.package_identification:_identify(src) by extensions ['colcon_pkg']
[0.236s] Level 1:colcon.colcon_core.package_identification:_identify(src) by extension 'colcon_pkg'
[0.236s] Level 1:colcon.colcon_core.package_identification:_identify(src) by extensions ['colcon_meta']
[0.236s] Level 1:colcon.colcon_core.package_identification:_identify(src) by extension 'colcon_meta'
[0.236s] Level 1:colcon.colcon_core.package_identification:_identify(src) by extensions ['ros']
[0.236s] Level 1:colcon.colcon_core.package_identification:_identify(src) by extension 'ros'
[0.236s] Level 1:colcon.colcon_core.package_identification:_identify(src) by extensions ['cmake', 'python']
[0.236s] Level 1:colcon.colcon_core.package_identification:_identify(src) by extension 'cmake'
[0.236s] Level 1:colcon.colcon_core.package_identification:_identify(src) by extension 'python'
[0.236s] Level 1:colcon.colcon_core.package_identification:_identify(src) by extensions ['python_setup_py']
[0.236s] Level 1:colcon.colcon_core.package_identification:_identify(src) by extension 'python_setup_py'
[0.237s] Level 1:colcon.colcon_core.package_identification:_identify(src/yahboomcar_base_node) by extensions ['ignore', 'ignore_ament_install']
[0.237s] Level 1:colcon.colcon_core.package_identification:_identify(src/yahboomcar_base_node) by extension 'ignore'
[0.237s] Level 1:colcon.colcon_core.package_identification:_identify(src/yahboomcar_base_node) by extension 'ignore_ament_install'
[0.237s] Level 1:colcon.colcon_core.package_identification:_identify(src/yahboomcar_base_node) by extensions ['colcon_pkg']
[0.237s] Level 1:colcon.colcon_core.package_identification:_identify(src/yahboomcar_base_node) by extension 'colcon_pkg'
[0.237s] Level 1:colcon.colcon_core.package_identification:_identify(src/yahboomcar_base_node) by extensions ['colcon_meta']
[0.237s] Level 1:colcon.colcon_core.package_identification:_identify(src/yahboomcar_base_node) by extension 'colcon_meta'
[0.237s] Level 1:colcon.colcon_core.package_identification:_identify(src/yahboomcar_base_node) by extensions ['ros']
[0.237s] Level 1:colcon.colcon_core.package_identification:_identify(src/yahboomcar_base_node) by extension 'ros'
[0.241s] DEBUG:colcon.colcon_core.package_identification:Package 'src/yahboomcar_base_node' with type 'ros.ament_cmake' and name 'yahboomcar_base_node'
[0.241s] Level 1:colcon.colcon_core.package_identification:_identify(src/yahboomcar_bringup) by extensions ['ignore', 'ignore_ament_install']
[0.241s] Level 1:colcon.colcon_core.package_identification:_identify(src/yahboomcar_bringup) by extension 'ignore'
[0.242s] Level 1:colcon.colcon_core.package_identification:_identify(src/yahboomcar_bringup) by extension 'ignore_ament_install'
[0.242s] Level 1:colcon.colcon_core.package_identification:_identify(src/yahboomcar_bringup) by extensions ['colcon_pkg']
[0.242s] Level 1:colcon.colcon_core.package_identification:_identify(src/yahboomcar_bringup) by extension 'colcon_pkg'
[0.242s] Level 1:colcon.colcon_core.package_identification:_identify(src/yahboomcar_bringup) by extensions ['colcon_meta']
[0.242s] Level 1:colcon.colcon_core.package_identification:_identify(src/yahboomcar_bringup) by extension 'colcon_meta'
[0.242s] Level 1:colcon.colcon_core.package_identification:_identify(src/yahboomcar_bringup) by extensions ['ros']
[0.242s] Level 1:colcon.colcon_core.package_identification:_identify(src/yahboomcar_bringup) by extension 'ros'
[0.243s] DEBUG:colcon.colcon_core.package_identification:Package 'src/yahboomcar_bringup' with type 'ros.ament_python' and name 'yahboomcar_bringup'
[0.243s] Level 1:colcon.colcon_core.package_identification:_identify(src/yahboomcar_ctrl) by extensions ['ignore', 'ignore_ament_install']
[0.243s] Level 1:colcon.colcon_core.package_identification:_identify(src/yahboomcar_ctrl) by extension 'ignore'
[0.244s] Level 1:colcon.colcon_core.package_identification:_identify(src/yahboomcar_ctrl) by extension 'ignore_ament_install'
[0.244s] Level 1:colcon.colcon_core.package_identification:_identify(src/yahboomcar_ctrl) by extensions ['colcon_pkg']
[0.244s] Level 1:colcon.colcon_core.package_identification:_identify(src/yahboomcar_ctrl) by extension 'colcon_pkg'
[0.244s] Level 1:colcon.colcon_core.package_identification:_identify(src/yahboomcar_ctrl) by extensions ['colcon_meta']
[0.244s] Level 1:colcon.colcon_core.package_identification:_identify(src/yahboomcar_ctrl) by extension 'colcon_meta'
[0.244s] Level 1:colcon.colcon_core.package_identification:_identify(src/yahboomcar_ctrl) by extensions ['ros']
[0.244s] Level 1:colcon.colcon_core.package_identification:_identify(src/yahboomcar_ctrl) by extension 'ros'
[0.245s] DEBUG:colcon.colcon_core.package_identification:Package 'src/yahboomcar_ctrl' with type 'ros.ament_python' and name 'yahboomcar_ctrl'
[0.245s] Level 1:colcon.colcon_core.package_identification:_identify(src/yahboomcar_description) by extensions ['ignore', 'ignore_ament_install']
[0.245s] Level 1:colcon.colcon_core.package_identification:_identify(src/yahboomcar_description) by extension 'ignore'
[0.245s] Level 1:colcon.colcon_core.package_identification:_identify(src/yahboomcar_description) by extension 'ignore_ament_install'
[0.245s] Level 1:colcon.colcon_core.package_identification:_identify(src/yahboomcar_description) by extensions ['colcon_pkg']
[0.245s] Level 1:colcon.colcon_core.package_identification:_identify(src/yahboomcar_description) by extension 'colcon_pkg'
[0.245s] Level 1:colcon.colcon_core.package_identification:_identify(src/yahboomcar_description) by extensions ['colcon_meta']
[0.245s] Level 1:colcon.colcon_core.package_identification:_identify(src/yahboomcar_description) by extension 'colcon_meta'
[0.245s] Level 1:colcon.colcon_core.package_identification:_identify(src/yahboomcar_description) by extensions ['ros']
[0.245s] Level 1:colcon.colcon_core.package_identification:_identify(src/yahboomcar_description) by extension 'ros'
[0.246s] DEBUG:colcon.colcon_core.package_identification:Package 'src/yahboomcar_description' with type 'ros.ament_python' and name 'yahboomcar_description'
[0.246s] Level 1:colcon.colcon_core.package_discovery:discover_packages(recursive) using defaults
[0.247s] Level 1:colcon.colcon_core.package_discovery:discover_packages(ignore) discover
[0.247s] Level 1:colcon.colcon_core.package_discovery:discover_packages(ignore) using defaults
[0.247s] Level 1:colcon.colcon_core.package_discovery:discover_packages(path) discover
[0.247s] Level 1:colcon.colcon_core.package_discovery:discover_packages(path) using defaults
[0.272s] Level 1:colcon.colcon_core.package_discovery:discover_packages(prefix_path) check parameters
[0.272s] Level 1:colcon.colcon_core.package_discovery:discover_packages(prefix_path) discover
[0.274s] DEBUG:colcon.colcon_installed_package_information.package_discovery:Found 1 installed packages in /home/amr/lidar_ws/install
[0.276s] DEBUG:colcon.colcon_installed_package_information.package_discovery:Found 310 installed packages in /opt/ros/jazzy
[0.277s] Level 1:colcon.colcon_core.package_discovery:discover_packages(prefix_path) using defaults
[0.335s] Level 5:colcon.colcon_core.verb:set package 'yahboomcar_base_node' build argument 'cmake_args' from command line to 'None'
[0.336s] Level 5:colcon.colcon_core.verb:set package 'yahboomcar_base_node' build argument 'cmake_target' from command line to 'None'
[0.336s] Level 5:colcon.colcon_core.verb:set package 'yahboomcar_base_node' build argument 'cmake_target_skip_unavailable' from command line to 'False'
[0.336s] Level 5:colcon.colcon_core.verb:set package 'yahboomcar_base_node' build argument 'cmake_clean_cache' from command line to 'False'
[0.336s] Level 5:colcon.colcon_core.verb:set package 'yahboomcar_base_node' build argument 'cmake_clean_first' from command line to 'False'
[0.336s] Level 5:colcon.colcon_core.verb:set package 'yahboomcar_base_node' build argument 'cmake_force_configure' from command line to 'False'
[0.336s] Level 5:colcon.colcon_core.verb:set package 'yahboomcar_base_node' build argument 'ament_cmake_args' from command line to 'None'
[0.336s] Level 5:colcon.colcon_core.verb:set package 'yahboomcar_base_node' build argument 'catkin_cmake_args' from command line to 'None'
[0.336s] Level 5:colcon.colcon_core.verb:set package 'yahboomcar_base_node' build argument 'catkin_skip_building_tests' from command line to 'False'
[0.336s] DEBUG:colcon.colcon_core.verb:Building package 'yahboomcar_base_node' with the following arguments: {'ament_cmake_args': None, 'build_base': '/home/amr/driver_ws/build/yahboomcar_base_node', 'catkin_cmake_args': None, 'catkin_skip_building_tests': False, 'cmake_args': None, 'cmake_clean_cache': False, 'cmake_clean_first': False, 'cmake_force_configure': False, 'cmake_target': None, 'cmake_target_skip_unavailable': False, 'install_base': '/home/amr/driver_ws/install/yahboomcar_base_node', 'merge_install': False, 'path': '/home/amr/driver_ws/src/yahboomcar_base_node', 'symlink_install': False, 'test_result_base': None}
[0.336s] Level 5:colcon.colcon_core.verb:set package 'yahboomcar_bringup' build argument 'cmake_args' from command line to 'None'
[0.336s] Level 5:colcon.colcon_core.verb:set package 'yahboomcar_bringup' build argument 'cmake_target' from command line to 'None'
[0.336s] Level 5:colcon.colcon_core.verb:set package 'yahboomcar_bringup' build argument 'cmake_target_skip_unavailable' from command line to 'False'
[0.336s] Level 5:colcon.colcon_core.verb:set package 'yahboomcar_bringup' build argument 'cmake_clean_cache' from command line to 'False'
[0.336s] Level 5:colcon.colcon_core.verb:set package 'yahboomcar_bringup' build argument 'cmake_clean_first' from command line to 'False'
[0.336s] Level 5:colcon.colcon_core.verb:set package 'yahboomcar_bringup' build argument 'cmake_force_configure' from command line to 'False'
[0.336s] Level 5:colcon.colcon_core.verb:set package 'yahboomcar_bringup' build argument 'ament_cmake_args' from command line to 'None'
[0.336s] Level 5:colcon.colcon_core.verb:set package 'yahboomcar_bringup' build argument 'catkin_cmake_args' from command line to 'None'
[0.336s] Level 5:colcon.colcon_core.verb:set package 'yahboomcar_bringup' build argument 'catkin_skip_building_tests' from command line to 'False'
[0.336s] DEBUG:colcon.colcon_core.verb:Building package 'yahboomcar_bringup' with the following arguments: {'ament_cmake_args': None, 'build_base': '/home/amr/driver_ws/build/yahboomcar_bringup', 'catkin_cmake_args': None, 'catkin_skip_building_tests': False, 'cmake_args': None, 'cmake_clean_cache': False, 'cmake_clean_first': False, 'cmake_force_configure': False, 'cmake_target': None, 'cmake_target_skip_unavailable': False, 'install_base': '/home/amr/driver_ws/install/yahboomcar_bringup', 'merge_install': False, 'path': '/home/amr/driver_ws/src/yahboomcar_bringup', 'symlink_install': False, 'test_result_base': None}
[0.337s] Level 5:colcon.colcon_core.verb:set package 'yahboomcar_ctrl' build argument 'cmake_args' from command line to 'None'
[0.337s] Level 5:colcon.colcon_core.verb:set package 'yahboomcar_ctrl' build argument 'cmake_target' from command line to 'None'
[0.337s] Level 5:colcon.colcon_core.verb:set package 'yahboomcar_ctrl' build argument 'cmake_target_skip_unavailable' from command line to 'False'
[0.337s] Level 5:colcon.colcon_core.verb:set package 'yahboomcar_ctrl' build argument 'cmake_clean_cache' from command line to 'False'
[0.337s] Level 5:colcon.colcon_core.verb:set package 'yahboomcar_ctrl' build argument 'cmake_clean_first' from command line to 'False'
[0.337s] Level 5:colcon.colcon_core.verb:set package 'yahboomcar_ctrl' build argument 'cmake_force_configure' from command line to 'False'
[0.337s] Level 5:colcon.colcon_core.verb:set package 'yahboomcar_ctrl' build argument 'ament_cmake_args' from command line to 'None'
[0.337s] Level 5:colcon.colcon_core.verb:set package 'yahboomcar_ctrl' build argument 'catkin_cmake_args' from command line to 'None'
[0.337s] Level 5:colcon.colcon_core.verb:set package 'yahboomcar_ctrl' build argument 'catkin_skip_building_tests' from command line to 'False'
[0.337s] DEBUG:colcon.colcon_core.verb:Building package 'yahboomcar_ctrl' with the following arguments: {'ament_cmake_args': None, 'build_base': '/home/amr/driver_ws/build/yahboomcar_ctrl', 'catkin_cmake_args': None, 'catkin_skip_building_tests': False, 'cmake_args': None, 'cmake_clean_cache': False, 'cmake_clean_first': False, 'cmake_force_configure': False, 'cmake_target': None, 'cmake_target_skip_unavailable': False, 'install_base': '/home/amr/driver_ws/install/yahboomcar_ctrl', 'merge_install': False, 'path': '/home/amr/driver_ws/src/yahboomcar_ctrl', 'symlink_install': False, 'test_result_base': None}
[0.337s] Level 5:colcon.colcon_core.verb:set package 'yahboomcar_description' build argument 'cmake_args' from command line to 'None'
[0.337s] Level 5:colcon.colcon_core.verb:set package 'yahboomcar_description' build argument 'cmake_target' from command line to 'None'
[0.337s] Level 5:colcon.colcon_core.verb:set package 'yahboomcar_description' build argument 'cmake_target_skip_unavailable' from command line to 'False'
[0.337s] Level 5:colcon.colcon_core.verb:set package 'yahboomcar_description' build argument 'cmake_clean_cache' from command line to 'False'
[0.337s] Level 5:colcon.colcon_core.verb:set package 'yahboomcar_description' build argument 'cmake_clean_first' from command line to 'False'
[0.337s] Level 5:colcon.colcon_core.verb:set package 'yahboomcar_description' build argument 'cmake_force_configure' from command line to 'False'
[0.337s] Level 5:colcon.colcon_core.verb:set package 'yahboomcar_description' build argument 'ament_cmake_args' from command line to 'None'
[0.337s] Level 5:colcon.colcon_core.verb:set package 'yahboomcar_description' build argument 'catkin_cmake_args' from command line to 'None'
[0.337s] Level 5:colcon.colcon_core.verb:set package 'yahboomcar_description' build argument 'catkin_skip_building_tests' from command line to 'False'
[0.338s] DEBUG:colcon.colcon_core.verb:Building package 'yahboomcar_description' with the following arguments: {'ament_cmake_args': None, 'build_base': '/home/amr/driver_ws/build/yahboomcar_description', 'catkin_cmake_args': None, 'catkin_skip_building_tests': False, 'cmake_args': None, 'cmake_clean_cache': False, 'cmake_clean_first': False, 'cmake_force_configure': False, 'cmake_target': None, 'cmake_target_skip_unavailable': False, 'install_base': '/home/amr/driver_ws/install/yahboomcar_description', 'merge_install': False, 'path': '/home/amr/driver_ws/src/yahboomcar_description', 'symlink_install': False, 'test_result_base': None}
[0.338s] INFO:colcon.colcon_core.executor:Executing jobs using 'parallel' executor
[0.339s] DEBUG:colcon.colcon_parallel_executor.executor.parallel:run_until_complete
[0.339s] INFO:colcon.colcon_ros.task.ament_cmake.build:Building ROS package in '/home/amr/driver_ws/src/yahboomcar_base_node' with build type 'ament_cmake'
[0.339s] INFO:colcon.colcon_cmake.task.cmake.build:Building CMake package in '/home/amr/driver_ws/src/yahboomcar_base_node'
[0.342s] INFO:colcon.colcon_core.plugin_system:Skipping extension 'colcon_core.shell.bat': Not used on non-Windows systems
[0.342s] INFO:colcon.colcon_core.shell:Skip shell extension 'powershell' for command environment: Not usable outside of PowerShell
[0.342s] DEBUG:colcon.colcon_core.shell:Skip shell extension 'dsv' for command environment
[0.346s] INFO:colcon.colcon_ros.task.ament_python.build:Building ROS package in '/home/amr/driver_ws/src/yahboomcar_bringup' with build type 'ament_python'
[0.347s] Level 1:colcon.colcon_core.shell:create_environment_hook('yahboomcar_bringup', 'ament_prefix_path')
[0.347s] INFO:colcon.colcon_core.shell:Creating environment hook '/home/amr/driver_ws/install/yahboomcar_bringup/share/yahboomcar_bringup/hook/ament_prefix_path.ps1'
[0.348s] INFO:colcon.colcon_core.shell:Creating environment descriptor '/home/amr/driver_ws/install/yahboomcar_bringup/share/yahboomcar_bringup/hook/ament_prefix_path.dsv'
[0.348s] INFO:colcon.colcon_core.shell:Creating environment hook '/home/amr/driver_ws/install/yahboomcar_bringup/share/yahboomcar_bringup/hook/ament_prefix_path.sh'
[0.349s] INFO:colcon.colcon_core.shell:Skip shell extension 'powershell' for command environment: Not usable outside of PowerShell
[0.349s] DEBUG:colcon.colcon_core.shell:Skip shell extension 'dsv' for command environment
[0.353s] INFO:colcon.colcon_ros.task.ament_python.build:Building ROS package in '/home/amr/driver_ws/src/yahboomcar_ctrl' with build type 'ament_python'
[0.353s] Level 1:colcon.colcon_core.shell:create_environment_hook('yahboomcar_ctrl', 'ament_prefix_path')
[0.354s] INFO:colcon.colcon_core.shell:Creating environment hook '/home/amr/driver_ws/install/yahboomcar_ctrl/share/yahboomcar_ctrl/hook/ament_prefix_path.ps1'
[0.355s] INFO:colcon.colcon_core.shell:Creating environment descriptor '/home/amr/driver_ws/install/yahboomcar_ctrl/share/yahboomcar_ctrl/hook/ament_prefix_path.dsv'
[0.355s] INFO:colcon.colcon_core.shell:Creating environment hook '/home/amr/driver_ws/install/yahboomcar_ctrl/share/yahboomcar_ctrl/hook/ament_prefix_path.sh'
[0.356s] INFO:colcon.colcon_core.shell:Skip shell extension 'powershell' for command environment: Not usable outside of PowerShell
[0.356s] DEBUG:colcon.colcon_core.shell:Skip shell extension 'dsv' for command environment
[0.360s] INFO:colcon.colcon_ros.task.ament_python.build:Building ROS package in '/home/amr/driver_ws/src/yahboomcar_description' with build type 'ament_python'
[0.360s] Level 1:colcon.colcon_core.shell:create_environment_hook('yahboomcar_description', 'ament_prefix_path')
[0.361s] INFO:colcon.colcon_core.shell:Creating environment hook '/home/amr/driver_ws/install/yahboomcar_description/share/yahboomcar_description/hook/ament_prefix_path.ps1'
[0.362s] INFO:colcon.colcon_core.shell:Creating environment descriptor '/home/amr/driver_ws/install/yahboomcar_description/share/yahboomcar_description/hook/ament_prefix_path.dsv'
[0.362s] INFO:colcon.colcon_core.shell:Creating environment hook '/home/amr/driver_ws/install/yahboomcar_description/share/yahboomcar_description/hook/ament_prefix_path.sh'
[0.363s] INFO:colcon.colcon_core.shell:Skip shell extension 'powershell' for command environment: Not usable outside of PowerShell
[0.363s] DEBUG:colcon.colcon_core.shell:Skip shell extension 'dsv' for command environment
[0.373s] DEBUG:colcon.colcon_core.event_handler.log_command:Invoking command in '/home/amr/driver_ws/build/yahboomcar_base_node': CMAKE_PREFIX_PATH=${CMAKE_PREFIX_PATH}:/opt/ros/jazzy /usr/bin/cmake /home/amr/driver_ws/src/yahboomcar_base_node -DCMAKE_INSTALL_PREFIX=/home/amr/driver_ws/install/yahboomcar_base_node
[0.720s] INFO:colcon.colcon_core.task.python.build:Building Python package in '/home/amr/driver_ws/src/yahboomcar_bringup'
[0.721s] INFO:colcon.colcon_core.shell:Skip shell extension 'powershell' for command environment: Not usable outside of PowerShell
[0.721s] DEBUG:colcon.colcon_core.shell:Skip shell extension 'dsv' for command environment
[1.058s] INFO:colcon.colcon_core.task.python.build:Building Python package in '/home/amr/driver_ws/src/yahboomcar_ctrl'
[1.059s] INFO:colcon.colcon_core.shell:Skip shell extension 'powershell' for command environment: Not usable outside of PowerShell
[1.059s] DEBUG:colcon.colcon_core.shell:Skip shell extension 'dsv' for command environment
[1.406s] INFO:colcon.colcon_core.task.python.build:Building Python package in '/home/amr/driver_ws/src/yahboomcar_description'
[1.406s] INFO:colcon.colcon_core.shell:Skip shell extension 'powershell' for command environment: Not usable outside of PowerShell
[1.406s] DEBUG:colcon.colcon_core.shell:Skip shell extension 'dsv' for command environment
[2.411s] DEBUG:colcon.colcon_core.event_handler.log_command:Invoking command in '/home/amr/driver_ws/src/yahboomcar_description': PYTHONPATH=/home/amr/driver_ws/build/yahboomcar_description/prefix_override:/usr/lib/python3/dist-packages/colcon_core/task/python/colcon_distutils_commands:/home/amr/driver_ws/install/yahboomcar_description/lib/python3.12/site-packages:${PYTHONPATH} /usr/bin/python3 -W ignore:setup.py install is deprecated -W ignore:easy_install command is deprecated setup.py egg_info --egg-base ../../build/yahboomcar_description build --build-base /home/amr/driver_ws/build/yahboomcar_description/build install --record /home/amr/driver_ws/build/yahboomcar_description/install.log --install-scripts $base/lib/yahboomcar_description --single-version-externally-managed install_data
[2.424s] DEBUG:colcon.colcon_core.event_handler.log_command:Invoking command in '/home/amr/driver_ws/src/yahboomcar_ctrl': PYTHONPATH=/home/amr/driver_ws/build/yahboomcar_ctrl/prefix_override:/usr/lib/python3/dist-packages/colcon_core/task/python/colcon_distutils_commands:/home/amr/driver_ws/install/yahboomcar_ctrl/lib/python3.12/site-packages:${PYTHONPATH} /usr/bin/python3 -W ignore:setup.py install is deprecated -W ignore:easy_install command is deprecated setup.py egg_info --egg-base ../../build/yahboomcar_ctrl build --build-base /home/amr/driver_ws/build/yahboomcar_ctrl/build install --record /home/amr/driver_ws/build/yahboomcar_ctrl/install.log --install-scripts $base/lib/yahboomcar_ctrl --single-version-externally-managed install_data
[2.434s] DEBUG:colcon.colcon_core.event_handler.log_command:Invoking command in '/home/amr/driver_ws/src/yahboomcar_bringup': PYTHONPATH=/home/amr/driver_ws/build/yahboomcar_bringup/prefix_override:/usr/lib/python3/dist-packages/colcon_core/task/python/colcon_distutils_commands:/home/amr/driver_ws/install/yahboomcar_bringup/lib/python3.12/site-packages:${PYTHONPATH} /usr/bin/python3 -W ignore:setup.py install is deprecated -W ignore:easy_install command is deprecated setup.py egg_info --egg-base ../../build/yahboomcar_bringup build --build-base /home/amr/driver_ws/build/yahboomcar_bringup/build install --record /home/amr/driver_ws/build/yahboomcar_bringup/install.log --install-scripts $base/lib/yahboomcar_bringup --single-version-externally-managed install_data
[2.981s] DEBUG:colcon.colcon_core.event_handler.log_command:Invoked command in '/home/amr/driver_ws/build/yahboomcar_base_node' returned '0': CMAKE_PREFIX_PATH=${CMAKE_PREFIX_PATH}:/opt/ros/jazzy /usr/bin/cmake /home/amr/driver_ws/src/yahboomcar_base_node -DCMAKE_INSTALL_PREFIX=/home/amr/driver_ws/install/yahboomcar_base_node
[2.981s] DEBUG:colcon.colcon_core.event_handler.log_command:Invoking command in '/home/amr/driver_ws/build/yahboomcar_base_node': CMAKE_PREFIX_PATH=${CMAKE_PREFIX_PATH}:/opt/ros/jazzy /usr/bin/cmake --build /home/amr/driver_ws/build/yahboomcar_base_node -- -j4 -l4
[3.421s] DEBUG:colcon.colcon_core.event_handler.log_command:Invoked command in '/home/amr/driver_ws/src/yahboomcar_description' returned '0': PYTHONPATH=/home/amr/driver_ws/build/yahboomcar_description/prefix_override:/usr/lib/python3/dist-packages/colcon_core/task/python/colcon_distutils_commands:/home/amr/driver_ws/install/yahboomcar_description/lib/python3.12/site-packages:${PYTHONPATH} /usr/bin/python3 -W ignore:setup.py install is deprecated -W ignore:easy_install command is deprecated setup.py egg_info --egg-base ../../build/yahboomcar_description build --build-base /home/amr/driver_ws/build/yahboomcar_description/build install --record /home/amr/driver_ws/build/yahboomcar_description/install.log --install-scripts $base/lib/yahboomcar_description --single-version-externally-managed install_data
[3.430s] Level 1:colcon.colcon_core.environment:checking '/home/amr/driver_ws/install/yahboomcar_description' for CMake module files
[3.431s] Level 1:colcon.colcon_core.environment:checking '/home/amr/driver_ws/install/yahboomcar_description' for CMake config files
[3.435s] Level 1:colcon.colcon_core.environment:checking '/home/amr/driver_ws/install/yahboomcar_description/lib'
[3.436s] Level 1:colcon.colcon_core.environment:checking '/home/amr/driver_ws/install/yahboomcar_description/bin'
[3.436s] Level 1:colcon.colcon_core.environment:checking '/home/amr/driver_ws/install/yahboomcar_description/lib/pkgconfig/yahboomcar_description.pc'
[3.436s] Level 1:colcon.colcon_core.environment:checking '/home/amr/driver_ws/install/yahboomcar_description/lib/python3.12/site-packages'
[3.437s] Level 1:colcon.colcon_core.shell:create_environment_hook('yahboomcar_description', 'pythonpath')
[3.437s] INFO:colcon.colcon_core.shell:Creating environment hook '/home/amr/driver_ws/install/yahboomcar_description/share/yahboomcar_description/hook/pythonpath.ps1'
[3.438s] INFO:colcon.colcon_core.shell:Creating environment descriptor '/home/amr/driver_ws/install/yahboomcar_description/share/yahboomcar_description/hook/pythonpath.dsv'
[3.442s] INFO:colcon.colcon_core.shell:Creating environment hook '/home/amr/driver_ws/install/yahboomcar_description/share/yahboomcar_description/hook/pythonpath.sh'
[3.443s] Level 1:colcon.colcon_core.environment:checking '/home/amr/driver_ws/install/yahboomcar_description/bin'
[3.443s] Level 1:colcon.colcon_core.environment:create_environment_scripts_only(yahboomcar_description)
[3.444s] INFO:colcon.colcon_core.shell:Creating package script '/home/amr/driver_ws/install/yahboomcar_description/share/yahboomcar_description/package.ps1'
[3.449s] INFO:colcon.colcon_core.shell:Creating package descriptor '/home/amr/driver_ws/install/yahboomcar_description/share/yahboomcar_description/package.dsv'
[3.454s] INFO:colcon.colcon_core.shell:Creating package script '/home/amr/driver_ws/install/yahboomcar_description/share/yahboomcar_description/package.sh'
[3.455s] INFO:colcon.colcon_core.shell:Creating package script '/home/amr/driver_ws/install/yahboomcar_description/share/yahboomcar_description/package.bash'
[3.460s] INFO:colcon.colcon_core.shell:Creating package script '/home/amr/driver_ws/install/yahboomcar_description/share/yahboomcar_description/package.zsh'
[3.461s] Level 1:colcon.colcon_core.environment:create_file_with_runtime_dependencies(/home/amr/driver_ws/install/yahboomcar_description/share/colcon-core/packages/yahboomcar_description)
[3.468s] Level 1:colcon.colcon_core.environment:checking '/home/amr/driver_ws/install/yahboomcar_bringup' for CMake module files
[3.468s] DEBUG:colcon.colcon_core.event_handler.log_command:Invoked command in '/home/amr/driver_ws/src/yahboomcar_bringup' returned '0': PYTHONPATH=/home/amr/driver_ws/build/yahboomcar_bringup/prefix_override:/usr/lib/python3/dist-packages/colcon_core/task/python/colcon_distutils_commands:/home/amr/driver_ws/install/yahboomcar_bringup/lib/python3.12/site-packages:${PYTHONPATH} /usr/bin/python3 -W ignore:setup.py install is deprecated -W ignore:easy_install command is deprecated setup.py egg_info --egg-base ../../build/yahboomcar_bringup build --build-base /home/amr/driver_ws/build/yahboomcar_bringup/build install --record /home/amr/driver_ws/build/yahboomcar_bringup/install.log --install-scripts $base/lib/yahboomcar_bringup --single-version-externally-managed install_data
[3.469s] Level 1:colcon.colcon_core.environment:checking '/home/amr/driver_ws/install/yahboomcar_bringup' for CMake config files
[3.471s] Level 1:colcon.colcon_core.environment:checking '/home/amr/driver_ws/install/yahboomcar_bringup/lib'
[3.471s] Level 1:colcon.colcon_core.environment:checking '/home/amr/driver_ws/install/yahboomcar_bringup/bin'
[3.471s] Level 1:colcon.colcon_core.environment:checking '/home/amr/driver_ws/install/yahboomcar_bringup/lib/pkgconfig/yahboomcar_bringup.pc'
[3.471s] Level 1:colcon.colcon_core.environment:checking '/home/amr/driver_ws/install/yahboomcar_bringup/lib/python3.12/site-packages'
[3.472s] Level 1:colcon.colcon_core.shell:create_environment_hook('yahboomcar_bringup', 'pythonpath')
[3.472s] INFO:colcon.colcon_core.shell:Creating environment hook '/home/amr/driver_ws/install/yahboomcar_bringup/share/yahboomcar_bringup/hook/pythonpath.ps1'
[3.473s] INFO:colcon.colcon_core.shell:Creating environment descriptor '/home/amr/driver_ws/install/yahboomcar_bringup/share/yahboomcar_bringup/hook/pythonpath.dsv'
[3.474s] INFO:colcon.colcon_core.shell:Creating environment hook '/home/amr/driver_ws/install/yahboomcar_bringup/share/yahboomcar_bringup/hook/pythonpath.sh'
[3.475s] Level 1:colcon.colcon_core.environment:checking '/home/amr/driver_ws/install/yahboomcar_bringup/bin'
[3.475s] Level 1:colcon.colcon_core.environment:create_environment_scripts_only(yahboomcar_bringup)
[3.475s] INFO:colcon.colcon_core.shell:Creating package script '/home/amr/driver_ws/install/yahboomcar_bringup/share/yahboomcar_bringup/package.ps1'
[3.476s] INFO:colcon.colcon_core.shell:Creating package descriptor '/home/amr/driver_ws/install/yahboomcar_bringup/share/yahboomcar_bringup/package.dsv'
[3.477s] INFO:colcon.colcon_core.shell:Creating package script '/home/amr/driver_ws/install/yahboomcar_bringup/share/yahboomcar_bringup/package.sh'
[3.478s] INFO:colcon.colcon_core.shell:Creating package script '/home/amr/driver_ws/install/yahboomcar_bringup/share/yahboomcar_bringup/package.bash'
[3.478s] INFO:colcon.colcon_core.shell:Creating package script '/home/amr/driver_ws/install/yahboomcar_bringup/share/yahboomcar_bringup/package.zsh'
[3.479s] Level 1:colcon.colcon_core.environment:create_file_with_runtime_dependencies(/home/amr/driver_ws/install/yahboomcar_bringup/share/colcon-core/packages/yahboomcar_bringup)
[3.511s] Level 1:colcon.colcon_core.environment:checking '/home/amr/driver_ws/install/yahboomcar_ctrl' for CMake module files
[3.512s] Level 1:colcon.colcon_core.environment:checking '/home/amr/driver_ws/install/yahboomcar_ctrl' for CMake config files
[3.512s] Level 1:colcon.colcon_core.environment:checking '/home/amr/driver_ws/install/yahboomcar_ctrl/lib'
[3.513s] Level 1:colcon.colcon_core.environment:checking '/home/amr/driver_ws/install/yahboomcar_ctrl/bin'
[3.513s] Level 1:colcon.colcon_core.environment:checking '/home/amr/driver_ws/install/yahboomcar_ctrl/lib/pkgconfig/yahboomcar_ctrl.pc'
[3.513s] Level 1:colcon.colcon_core.environment:checking '/home/amr/driver_ws/install/yahboomcar_ctrl/lib/python3.12/site-packages'
[3.513s] DEBUG:colcon.colcon_core.event_handler.log_command:Invoked command in '/home/amr/driver_ws/src/yahboomcar_ctrl' returned '0': PYTHONPATH=/home/amr/driver_ws/build/yahboomcar_ctrl/prefix_override:/usr/lib/python3/dist-packages/colcon_core/task/python/colcon_distutils_commands:/home/amr/driver_ws/install/yahboomcar_ctrl/lib/python3.12/site-packages:${PYTHONPATH} /usr/bin/python3 -W ignore:setup.py install is deprecated -W ignore:easy_install command is deprecated setup.py egg_info --egg-base ../../build/yahboomcar_ctrl build --build-base /home/amr/driver_ws/build/yahboomcar_ctrl/build install --record /home/amr/driver_ws/build/yahboomcar_ctrl/install.log --install-scripts $base/lib/yahboomcar_ctrl --single-version-externally-managed install_data
[3.514s] Level 1:colcon.colcon_core.shell:create_environment_hook('yahboomcar_ctrl', 'pythonpath')
[3.514s] INFO:colcon.colcon_core.shell:Creating environment hook '/home/amr/driver_ws/install/yahboomcar_ctrl/share/yahboomcar_ctrl/hook/pythonpath.ps1'
[3.515s] INFO:colcon.colcon_core.shell:Creating environment descriptor '/home/amr/driver_ws/install/yahboomcar_ctrl/share/yahboomcar_ctrl/hook/pythonpath.dsv'
[3.515s] INFO:colcon.colcon_core.shell:Creating environment hook '/home/amr/driver_ws/install/yahboomcar_ctrl/share/yahboomcar_ctrl/hook/pythonpath.sh'
[3.516s] Level 1:colcon.colcon_core.environment:checking '/home/amr/driver_ws/install/yahboomcar_ctrl/bin'
[3.516s] Level 1:colcon.colcon_core.environment:create_environment_scripts_only(yahboomcar_ctrl)
[3.516s] INFO:colcon.colcon_core.shell:Creating package script '/home/amr/driver_ws/install/yahboomcar_ctrl/share/yahboomcar_ctrl/package.ps1'
[3.517s] INFO:colcon.colcon_core.shell:Creating package descriptor '/home/amr/driver_ws/install/yahboomcar_ctrl/share/yahboomcar_ctrl/package.dsv'
[3.518s] INFO:colcon.colcon_core.shell:Creating package script '/home/amr/driver_ws/install/yahboomcar_ctrl/share/yahboomcar_ctrl/package.sh'
[3.520s] INFO:colcon.colcon_core.shell:Creating package script '/home/amr/driver_ws/install/yahboomcar_ctrl/share/yahboomcar_ctrl/package.bash'
[3.521s] INFO:colcon.colcon_core.shell:Creating package script '/home/amr/driver_ws/install/yahboomcar_ctrl/share/yahboomcar_ctrl/package.zsh'
[3.521s] Level 1:colcon.colcon_core.environment:create_file_with_runtime_dependencies(/home/amr/driver_ws/install/yahboomcar_ctrl/share/colcon-core/packages/yahboomcar_ctrl)
[20.992s] DEBUG:colcon.colcon_core.event_handler.log_command:Invoked command in '/home/amr/driver_ws/build/yahboomcar_base_node' returned '0': CMAKE_PREFIX_PATH=${CMAKE_PREFIX_PATH}:/opt/ros/jazzy /usr/bin/cmake --build /home/amr/driver_ws/build/yahboomcar_base_node -- -j4 -l4
[21.012s] DEBUG:colcon.colcon_core.event_handler.log_command:Invoking command in '/home/amr/driver_ws/build/yahboomcar_base_node': CMAKE_PREFIX_PATH=${CMAKE_PREFIX_PATH}:/opt/ros/jazzy /usr/bin/cmake --install /home/amr/driver_ws/build/yahboomcar_base_node
[21.064s] Level 1:colcon.colcon_core.environment:create_environment_scripts_only(yahboomcar_base_node)
[21.064s] Level 1:colcon.colcon_core.environment:checking '/home/amr/driver_ws/install/yahboomcar_base_node' for CMake module files
[21.065s] DEBUG:colcon.colcon_core.event_handler.log_command:Invoked command in '/home/amr/driver_ws/build/yahboomcar_base_node' returned '0': CMAKE_PREFIX_PATH=${CMAKE_PREFIX_PATH}:/opt/ros/jazzy /usr/bin/cmake --install /home/amr/driver_ws/build/yahboomcar_base_node
[21.065s] Level 1:colcon.colcon_core.environment:checking '/home/amr/driver_ws/install/yahboomcar_base_node' for CMake config files
[21.066s] Level 1:colcon.colcon_core.shell:create_environment_hook('yahboomcar_base_node', 'cmake_prefix_path')
[21.066s] INFO:colcon.colcon_core.shell:Creating environment hook '/home/amr/driver_ws/install/yahboomcar_base_node/share/yahboomcar_base_node/hook/cmake_prefix_path.ps1'
[21.066s] INFO:colcon.colcon_core.shell:Creating environment descriptor '/home/amr/driver_ws/install/yahboomcar_base_node/share/yahboomcar_base_node/hook/cmake_prefix_path.dsv'
[21.067s] INFO:colcon.colcon_core.shell:Creating environment hook '/home/amr/driver_ws/install/yahboomcar_base_node/share/yahboomcar_base_node/hook/cmake_prefix_path.sh'
[21.067s] Level 1:colcon.colcon_core.environment:checking '/home/amr/driver_ws/install/yahboomcar_base_node/lib'
[21.068s] Level 1:colcon.colcon_core.environment:checking '/home/amr/driver_ws/install/yahboomcar_base_node/bin'
[21.068s] Level 1:colcon.colcon_core.environment:checking '/home/amr/driver_ws/install/yahboomcar_base_node/lib/pkgconfig/yahboomcar_base_node.pc'
[21.068s] Level 1:colcon.colcon_core.environment:checking '/home/amr/driver_ws/install/yahboomcar_base_node/lib/python3.12/site-packages'
[21.068s] Level 1:colcon.colcon_core.environment:checking '/home/amr/driver_ws/install/yahboomcar_base_node/bin'
[21.068s] INFO:colcon.colcon_core.shell:Creating package script '/home/amr/driver_ws/install/yahboomcar_base_node/share/yahboomcar_base_node/package.ps1'
[21.069s] INFO:colcon.colcon_core.shell:Creating package descriptor '/home/amr/driver_ws/install/yahboomcar_base_node/share/yahboomcar_base_node/package.dsv'
[21.069s] INFO:colcon.colcon_core.shell:Creating package script '/home/amr/driver_ws/install/yahboomcar_base_node/share/yahboomcar_base_node/package.sh'
[21.070s] INFO:colcon.colcon_core.shell:Creating package script '/home/amr/driver_ws/install/yahboomcar_base_node/share/yahboomcar_base_node/package.bash'
[21.070s] INFO:colcon.colcon_core.shell:Creating package script '/home/amr/driver_ws/install/yahboomcar_base_node/share/yahboomcar_base_node/package.zsh'
[21.070s] Level 1:colcon.colcon_core.environment:create_file_with_runtime_dependencies(/home/amr/driver_ws/install/yahboomcar_base_node/share/colcon-core/packages/yahboomcar_base_node)
[21.071s] Level 1:colcon.colcon_core.environment:create_environment_scripts_only(yahboomcar_base_node)
[21.071s] Level 1:colcon.colcon_core.environment:checking '/home/amr/driver_ws/install/yahboomcar_base_node' for CMake module files
[21.072s] Level 1:colcon.colcon_core.environment:checking '/home/amr/driver_ws/install/yahboomcar_base_node' for CMake config files
[21.072s] Level 1:colcon.colcon_core.shell:create_environment_hook('yahboomcar_base_node', 'cmake_prefix_path')
[21.072s] INFO:colcon.colcon_core.shell:Creating environment hook '/home/amr/driver_ws/install/yahboomcar_base_node/share/yahboomcar_base_node/hook/cmake_prefix_path.ps1'
[21.073s] INFO:colcon.colcon_core.shell:Creating environment descriptor '/home/amr/driver_ws/install/yahboomcar_base_node/share/yahboomcar_base_node/hook/cmake_prefix_path.dsv'
[21.074s] INFO:colcon.colcon_core.shell:Creating environment hook '/home/amr/driver_ws/install/yahboomcar_base_node/share/yahboomcar_base_node/hook/cmake_prefix_path.sh'
[21.075s] Level 1:colcon.colcon_core.environment:checking '/home/amr/driver_ws/install/yahboomcar_base_node/lib'
[21.075s] Level 1:colcon.colcon_core.environment:checking '/home/amr/driver_ws/install/yahboomcar_base_node/bin'
[21.076s] Level 1:colcon.colcon_core.environment:checking '/home/amr/driver_ws/install/yahboomcar_base_node/lib/pkgconfig/yahboomcar_base_node.pc'
[21.076s] Level 1:colcon.colcon_core.environment:checking '/home/amr/driver_ws/install/yahboomcar_base_node/lib/python3.12/site-packages'
[21.076s] Level 1:colcon.colcon_core.environment:checking '/home/amr/driver_ws/install/yahboomcar_base_node/bin'
[21.076s] INFO:colcon.colcon_core.shell:Creating package script '/home/amr/driver_ws/install/yahboomcar_base_node/share/yahboomcar_base_node/package.ps1'
[21.077s] INFO:colcon.colcon_core.shell:Creating package descriptor '/home/amr/driver_ws/install/yahboomcar_base_node/share/yahboomcar_base_node/package.dsv'
[21.078s] INFO:colcon.colcon_core.shell:Creating package script '/home/amr/driver_ws/install/yahboomcar_base_node/share/yahboomcar_base_node/package.sh'
[21.079s] INFO:colcon.colcon_core.shell:Creating package script '/home/amr/driver_ws/install/yahboomcar_base_node/share/yahboomcar_base_node/package.bash'
[21.081s] INFO:colcon.colcon_core.shell:Creating package script '/home/amr/driver_ws/install/yahboomcar_base_node/share/yahboomcar_base_node/package.zsh'
[21.082s] Level 1:colcon.colcon_core.environment:create_file_with_runtime_dependencies(/home/amr/driver_ws/install/yahboomcar_base_node/share/colcon-core/packages/yahboomcar_base_node)
[21.083s] DEBUG:colcon.colcon_parallel_executor.executor.parallel:closing loop
[21.084s] DEBUG:colcon.colcon_parallel_executor.executor.parallel:loop closed
[21.084s] DEBUG:colcon.colcon_parallel_executor.executor.parallel:run_until_complete finished with '0'
[21.084s] DEBUG:colcon.colcon_core.event_reactor:joining thread
[21.093s] INFO:colcon.colcon_core.plugin_system:Skipping extension 'colcon_notification.desktop_notification.notify_send': Could not find 'notify-send'
[21.093s] INFO:colcon.colcon_core.plugin_system:Skipping extension 'colcon_notification.desktop_notification.terminal_notifier': Not used on non-Darwin systems
[21.093s] INFO:colcon.colcon_core.plugin_system:Skipping extension 'colcon_notification.desktop_notification.win32': Not used on non-Windows systems
[21.093s] INFO:colcon.colcon_notification.desktop_notification:Sending desktop notification using 'notify2'
[21.094s] DEBUG:colcon.colcon_notification.desktop_notification.notify2:Failed to initialize notify2: org.freedesktop.DBus.Error.ServiceUnknown: The name org.freedesktop.Notifications was not provided by any .service files
[21.094s] DEBUG:colcon.colcon_core.event_reactor:joined thread
[21.095s] INFO:colcon.colcon_core.shell:Creating prefix script '/home/amr/driver_ws/install/local_setup.ps1'
[21.096s] INFO:colcon.colcon_core.shell:Creating prefix util module '/home/amr/driver_ws/install/_local_setup_util_ps1.py'
[21.097s] INFO:colcon.colcon_core.shell:Creating prefix chain script '/home/amr/driver_ws/install/setup.ps1'
[21.098s] INFO:colcon.colcon_core.shell:Creating prefix script '/home/amr/driver_ws/install/local_setup.sh'
[21.099s] INFO:colcon.colcon_core.shell:Creating prefix util module '/home/amr/driver_ws/install/_local_setup_util_sh.py'
[21.099s] INFO:colcon.colcon_core.shell:Creating prefix chain script '/home/amr/driver_ws/install/setup.sh'
[21.101s] INFO:colcon.colcon_core.shell:Creating prefix script '/home/amr/driver_ws/install/local_setup.bash'
[21.101s] INFO:colcon.colcon_core.shell:Creating prefix chain script '/home/amr/driver_ws/install/setup.bash'
[21.102s] INFO:colcon.colcon_core.shell:Creating prefix script '/home/amr/driver_ws/install/local_setup.zsh'
[21.103s] INFO:colcon.colcon_core.shell:Creating prefix chain script '/home/amr/driver_ws/install/setup.zsh'
