[0.026s] Invoking command in '/home/amr/lidar_ws/build/rplidar_ros': CMAKE_PREFIX_PATH=${CMAKE_PREFIX_PATH}:/home/amr/driver_ws/install/yahboomcar_description:/home/amr/driver_ws/install/yahboomcar_ctrl:/home/amr/driver_ws/install/yahboomcar_bringup:/home/amr/driver_ws/install/joystick_node:/home/amr/icarus_ws/install/rosbot_description:/opt/ros/jazzy /usr/bin/cmake --build /home/amr/lidar_ws/build/rplidar_ros -- -j4 -l4
[0.688s] [  5%] Built target rplidar_client
[0.693s] [100%] Built target rplidar_node
[0.693s] [100%] Built target rplidar_composition
[0.716s] Invoked command in '/home/amr/lidar_ws/build/rplidar_ros' returned '0': CMAKE_PREFIX_PATH=${CMAKE_PREFIX_PATH}:/home/amr/driver_ws/install/yahboomcar_description:/home/amr/driver_ws/install/yahboomcar_ctrl:/home/amr/driver_ws/install/yahboomcar_bringup:/home/amr/driver_ws/install/joystick_node:/home/amr/icarus_ws/install/rosbot_description:/opt/ros/jazzy /usr/bin/cmake --build /home/amr/lidar_ws/build/rplidar_ros -- -j4 -l4
[0.739s] Invoking command in '/home/amr/lidar_ws/build/rplidar_ros': CMAKE_PREFIX_PATH=${CMAKE_PREFIX_PATH}:/home/amr/driver_ws/install/yahboomcar_description:/home/amr/driver_ws/install/yahboomcar_ctrl:/home/amr/driver_ws/install/yahboomcar_bringup:/home/amr/driver_ws/install/joystick_node:/home/amr/icarus_ws/install/rosbot_description:/opt/ros/jazzy /usr/bin/cmake --install /home/amr/lidar_ws/build/rplidar_ros
[0.756s] -- Install configuration: ""
[0.756s] -- Up-to-date: /home/amr/lidar_ws/install/rplidar_ros/share/rplidar_ros/launch
[0.756s] -- Up-to-date: /home/amr/lidar_ws/install/rplidar_ros/share/rplidar_ros/launch/view_rplidar_a2m8_launch.py
[0.756s] -- Up-to-date: /home/amr/lidar_ws/install/rplidar_ros/share/rplidar_ros/launch/rplidar_a1_launch.py
[0.756s] -- Up-to-date: /home/amr/lidar_ws/install/rplidar_ros/share/rplidar_ros/launch/view_rplidar_c1_launch.py
[0.757s] -- Up-to-date: /home/amr/lidar_ws/install/rplidar_ros/share/rplidar_ros/launch/view_rplidar_t1_launch.py
[0.757s] -- Up-to-date: /home/amr/lidar_ws/install/rplidar_ros/share/rplidar_ros/launch/view_rplidar_s1_tcp_launch.py
[0.757s] -- Up-to-date: /home/amr/lidar_ws/install/rplidar_ros/share/rplidar_ros/launch/view_rplidar_a2m12_launch.py
[0.757s] -- Up-to-date: /home/amr/lidar_ws/install/rplidar_ros/share/rplidar_ros/launch/view_rplidar_a3_launch.py
[0.757s] -- Up-to-date: /home/amr/lidar_ws/install/rplidar_ros/share/rplidar_ros/launch/view_rplidar_s2e_launch.py
[0.757s] -- Up-to-date: /home/amr/lidar_ws/install/rplidar_ros/share/rplidar_ros/launch/rplidar_s2_launch.py
[0.757s] -- Up-to-date: /home/amr/lidar_ws/install/rplidar_ros/share/rplidar_ros/launch/rplidar_a2m8_launch.py
[0.757s] -- Up-to-date: /home/amr/lidar_ws/install/rplidar_ros/share/rplidar_ros/launch/rplidar_a2m7_launch.py
[0.757s] -- Up-to-date: /home/amr/lidar_ws/install/rplidar_ros/share/rplidar_ros/launch/view_rplidar_a1_launch.py
[0.758s] -- Up-to-date: /home/amr/lidar_ws/install/rplidar_ros/share/rplidar_ros/launch/rplidar_s1_tcp_launch.py
[0.758s] -- Up-to-date: /home/amr/lidar_ws/install/rplidar_ros/share/rplidar_ros/launch/rplidar_s2e_launch.py
[0.758s] -- Up-to-date: /home/amr/lidar_ws/install/rplidar_ros/share/rplidar_ros/launch/view_rplidar_s3_launch.py
[0.758s] -- Up-to-date: /home/amr/lidar_ws/install/rplidar_ros/share/rplidar_ros/launch/rplidar_s3_launch.py
[0.758s] -- Up-to-date: /home/amr/lidar_ws/install/rplidar_ros/share/rplidar_ros/launch/rplidar_t1_launch.py
[0.758s] -- Up-to-date: /home/amr/lidar_ws/install/rplidar_ros/share/rplidar_ros/launch/rplidar_a2m12_launch.py
[0.758s] -- Up-to-date: /home/amr/lidar_ws/install/rplidar_ros/share/rplidar_ros/launch/view_rplidar_s1_launch.py
[0.758s] -- Installing: /home/amr/lidar_ws/install/rplidar_ros/share/rplidar_ros/launch/rplidar_c1_launch.py
[0.758s] -- Up-to-date: /home/amr/lidar_ws/install/rplidar_ros/share/rplidar_ros/launch/rplidar_s1_launch.py
[0.758s] -- Up-to-date: /home/amr/lidar_ws/install/rplidar_ros/share/rplidar_ros/launch/view_rplidar_a2m7_launch.py
[0.758s] -- Up-to-date: /home/amr/lidar_ws/install/rplidar_ros/share/rplidar_ros/launch/rplidar_a3_launch.py
[0.759s] -- Up-to-date: /home/amr/lidar_ws/install/rplidar_ros/share/rplidar_ros/launch/view_rplidar_s2_launch.py
[0.759s] -- Up-to-date: /home/amr/lidar_ws/install/rplidar_ros/share/rplidar_ros/rviz
[0.759s] -- Up-to-date: /home/amr/lidar_ws/install/rplidar_ros/share/rplidar_ros/rviz/rplidar_ros.rviz
[0.759s] -- Up-to-date: /home/amr/lidar_ws/install/rplidar_ros/lib/rplidar_ros/rplidar_node
[0.760s] -- Up-to-date: /home/amr/lidar_ws/install/rplidar_ros/lib/rplidar_ros/rplidar_composition
[0.762s] -- Up-to-date: /home/amr/lidar_ws/install/rplidar_ros/lib/rplidar_ros/rplidar_client
[0.763s] -- Up-to-date: /home/amr/lidar_ws/install/rplidar_ros/share/ament_index/resource_index/package_run_dependencies/rplidar_ros
[0.763s] -- Up-to-date: /home/amr/lidar_ws/install/rplidar_ros/share/ament_index/resource_index/parent_prefix_path/rplidar_ros
[0.763s] -- Up-to-date: /home/amr/lidar_ws/install/rplidar_ros/share/rplidar_ros/environment/ament_prefix_path.sh
[0.763s] -- Up-to-date: /home/amr/lidar_ws/install/rplidar_ros/share/rplidar_ros/environment/ament_prefix_path.dsv
[0.763s] -- Up-to-date: /home/amr/lidar_ws/install/rplidar_ros/share/rplidar_ros/environment/path.sh
[0.763s] -- Up-to-date: /home/amr/lidar_ws/install/rplidar_ros/share/rplidar_ros/environment/path.dsv
[0.763s] -- Up-to-date: /home/amr/lidar_ws/install/rplidar_ros/share/rplidar_ros/local_setup.bash
[0.764s] -- Up-to-date: /home/amr/lidar_ws/install/rplidar_ros/share/rplidar_ros/local_setup.sh
[0.764s] -- Up-to-date: /home/amr/lidar_ws/install/rplidar_ros/share/rplidar_ros/local_setup.zsh
[0.764s] -- Up-to-date: /home/amr/lidar_ws/install/rplidar_ros/share/rplidar_ros/local_setup.dsv
[0.764s] -- Installing: /home/amr/lidar_ws/install/rplidar_ros/share/rplidar_ros/package.dsv
[0.764s] -- Up-to-date: /home/amr/lidar_ws/install/rplidar_ros/share/ament_index/resource_index/packages/rplidar_ros
[0.764s] -- Up-to-date: /home/amr/lidar_ws/install/rplidar_ros/share/rplidar_ros/cmake/ament_cmake_export_dependencies-extras.cmake
[0.764s] -- Up-to-date: /home/amr/lidar_ws/install/rplidar_ros/share/rplidar_ros/cmake/ament_cmake_export_include_directories-extras.cmake
[0.765s] -- Up-to-date: /home/amr/lidar_ws/install/rplidar_ros/share/rplidar_ros/cmake/rplidar_rosConfig.cmake
[0.765s] -- Up-to-date: /home/amr/lidar_ws/install/rplidar_ros/share/rplidar_ros/cmake/rplidar_rosConfig-version.cmake
[0.765s] -- Up-to-date: /home/amr/lidar_ws/install/rplidar_ros/share/rplidar_ros/package.xml
[0.768s] Invoked command in '/home/amr/lidar_ws/build/rplidar_ros' returned '0': CMAKE_PREFIX_PATH=${CMAKE_PREFIX_PATH}:/home/amr/driver_ws/install/yahboomcar_description:/home/amr/driver_ws/install/yahboomcar_ctrl:/home/amr/driver_ws/install/yahboomcar_bringup:/home/amr/driver_ws/install/joystick_node:/home/amr/icarus_ws/install/rosbot_description:/opt/ros/jazzy /usr/bin/cmake --install /home/amr/lidar_ws/build/rplidar_ros
