[0.150s] DEBUG:colcon:Command line arguments: ['/usr/bin/colcon', 'build']
[0.151s] DEBUG:colcon:Parsed command line arguments: Namespace(log_base=None, log_level=None, verb_name='build', build_base='build', install_base='install', merge_install=False, symlink_install=False, test_result_base=None, continue_on_error=False, executor='parallel', parallel_workers=4, event_handlers=None, ignore_user_meta=False, metas=['./colcon.meta'], base_paths=['.'], packages_ignore=None, packages_ignore_regex=None, paths=None, packages_up_to=None, packages_up_to_regex=None, packages_above=None, packages_above_and_dependencies=None, packages_above_depth=None, packages_select_by_dep=None, packages_skip_by_dep=None, packages_skip_up_to=None, packages_select_build_failed=False, packages_skip_build_finished=False, packages_select_test_failures=False, packages_skip_test_passed=False, packages_select=None, packages_skip=None, packages_select_regex=None, packages_skip_regex=None, packages_start=None, packages_end=None, allow_overriding=[], cmake_args=None, cmake_target=None, cmake_target_skip_unavailable=False, cmake_clean_cache=False, cmake_clean_first=False, cmake_force_configure=False, ament_cmake_args=None, catkin_cmake_args=None, catkin_skip_building_tests=False, mixin_files=None, mixin=None, verb_parser=<colcon_mixin.mixin.mixin_argument.MixinArgumentDecorator object at 0xffff9350da90>, verb_extension=<colcon_core.verb.build.BuildVerb object at 0xffff936bb1a0>, main=<bound method BuildVerb.main of <colcon_core.verb.build.BuildVerb object at 0xffff936bb1a0>>, mixin_verb=('build',))
[0.207s] Level 1:colcon.colcon_core.package_discovery:discover_packages(colcon_meta) check parameters
[0.208s] Level 1:colcon.colcon_core.package_discovery:discover_packages(recursive) check parameters
[0.208s] Level 1:colcon.colcon_core.package_discovery:discover_packages(ignore) check parameters
[0.208s] Level 1:colcon.colcon_core.package_discovery:discover_packages(path) check parameters
[0.208s] Level 1:colcon.colcon_core.package_discovery:discover_packages(colcon_meta) discover
[0.208s] Level 1:colcon.colcon_core.package_discovery:discover_packages(recursive) discover
[0.208s] INFO:colcon.colcon_core.package_discovery:Crawling recursively for packages in '/home/amr/icarus_ws'
[0.208s] Level 1:colcon.colcon_core.package_identification:_identify(.) by extensions ['ignore', 'ignore_ament_install']
[0.208s] Level 1:colcon.colcon_core.package_identification:_identify(.) by extension 'ignore'
[0.208s] Level 1:colcon.colcon_core.package_identification:_identify(.) by extension 'ignore_ament_install'
[0.208s] Level 1:colcon.colcon_core.package_identification:_identify(.) by extensions ['colcon_pkg']
[0.208s] Level 1:colcon.colcon_core.package_identification:_identify(.) by extension 'colcon_pkg'
[0.208s] Level 1:colcon.colcon_core.package_identification:_identify(.) by extensions ['colcon_meta']
[0.208s] Level 1:colcon.colcon_core.package_identification:_identify(.) by extension 'colcon_meta'
[0.208s] Level 1:colcon.colcon_core.package_identification:_identify(.) by extensions ['ros']
[0.208s] Level 1:colcon.colcon_core.package_identification:_identify(.) by extension 'ros'
[0.247s] Level 1:colcon.colcon_core.package_identification:_identify(.) by extensions ['cmake', 'python']
[0.248s] Level 1:colcon.colcon_core.package_identification:_identify(.) by extension 'cmake'
[0.248s] Level 1:colcon.colcon_core.package_identification:_identify(.) by extension 'python'
[0.248s] Level 1:colcon.colcon_core.package_identification:_identify(.) by extensions ['python_setup_py']
[0.248s] Level 1:colcon.colcon_core.package_identification:_identify(.) by extension 'python_setup_py'
[0.248s] Level 1:colcon.colcon_core.package_identification:_identify(build) by extensions ['ignore', 'ignore_ament_install']
[0.248s] Level 1:colcon.colcon_core.package_identification:_identify(build) by extension 'ignore'
[0.248s] Level 1:colcon.colcon_core.package_identification:_identify(build) ignored
[0.248s] Level 1:colcon.colcon_core.package_identification:_identify(install) by extensions ['ignore', 'ignore_ament_install']
[0.248s] Level 1:colcon.colcon_core.package_identification:_identify(install) by extension 'ignore'
[0.248s] Level 1:colcon.colcon_core.package_identification:_identify(install) ignored
[0.248s] Level 1:colcon.colcon_core.package_identification:_identify(log) by extensions ['ignore', 'ignore_ament_install']
[0.249s] Level 1:colcon.colcon_core.package_identification:_identify(log) by extension 'ignore'
[0.249s] Level 1:colcon.colcon_core.package_identification:_identify(log) ignored
[0.249s] Level 1:colcon.colcon_core.package_identification:_identify(src) by extensions ['ignore', 'ignore_ament_install']
[0.249s] Level 1:colcon.colcon_core.package_identification:_identify(src) by extension 'ignore'
[0.249s] Level 1:colcon.colcon_core.package_identification:_identify(src) by extension 'ignore_ament_install'
[0.249s] Level 1:colcon.colcon_core.package_identification:_identify(src) by extensions ['colcon_pkg']
[0.249s] Level 1:colcon.colcon_core.package_identification:_identify(src) by extension 'colcon_pkg'
[0.249s] Level 1:colcon.colcon_core.package_identification:_identify(src) by extensions ['colcon_meta']
[0.249s] Level 1:colcon.colcon_core.package_identification:_identify(src) by extension 'colcon_meta'
[0.249s] Level 1:colcon.colcon_core.package_identification:_identify(src) by extensions ['ros']
[0.249s] Level 1:colcon.colcon_core.package_identification:_identify(src) by extension 'ros'
[0.249s] Level 1:colcon.colcon_core.package_identification:_identify(src) by extensions ['cmake', 'python']
[0.249s] Level 1:colcon.colcon_core.package_identification:_identify(src) by extension 'cmake'
[0.249s] Level 1:colcon.colcon_core.package_identification:_identify(src) by extension 'python'
[0.249s] Level 1:colcon.colcon_core.package_identification:_identify(src) by extensions ['python_setup_py']
[0.249s] Level 1:colcon.colcon_core.package_identification:_identify(src) by extension 'python_setup_py'
[0.249s] Level 1:colcon.colcon_core.package_identification:_identify(src/nav2_bt_client) by extensions ['ignore', 'ignore_ament_install']
[0.249s] Level 1:colcon.colcon_core.package_identification:_identify(src/nav2_bt_client) by extension 'ignore'
[0.250s] Level 1:colcon.colcon_core.package_identification:_identify(src/nav2_bt_client) by extension 'ignore_ament_install'
[0.250s] Level 1:colcon.colcon_core.package_identification:_identify(src/nav2_bt_client) by extensions ['colcon_pkg']
[0.250s] Level 1:colcon.colcon_core.package_identification:_identify(src/nav2_bt_client) by extension 'colcon_pkg'
[0.250s] Level 1:colcon.colcon_core.package_identification:_identify(src/nav2_bt_client) by extensions ['colcon_meta']
[0.250s] Level 1:colcon.colcon_core.package_identification:_identify(src/nav2_bt_client) by extension 'colcon_meta'
[0.250s] Level 1:colcon.colcon_core.package_identification:_identify(src/nav2_bt_client) by extensions ['ros']
[0.250s] Level 1:colcon.colcon_core.package_identification:_identify(src/nav2_bt_client) by extension 'ros'
[0.254s] DEBUG:colcon.colcon_core.package_identification:Package 'src/nav2_bt_client' with type 'ros.ament_cmake' and name 'nav2_bt_client'
[0.254s] Level 1:colcon.colcon_core.package_identification:_identify(src/nav2_client) by extensions ['ignore', 'ignore_ament_install']
[0.254s] Level 1:colcon.colcon_core.package_identification:_identify(src/nav2_client) by extension 'ignore'
[0.254s] Level 1:colcon.colcon_core.package_identification:_identify(src/nav2_client) by extension 'ignore_ament_install'
[0.254s] Level 1:colcon.colcon_core.package_identification:_identify(src/nav2_client) by extensions ['colcon_pkg']
[0.254s] Level 1:colcon.colcon_core.package_identification:_identify(src/nav2_client) by extension 'colcon_pkg'
[0.254s] Level 1:colcon.colcon_core.package_identification:_identify(src/nav2_client) by extensions ['colcon_meta']
[0.254s] Level 1:colcon.colcon_core.package_identification:_identify(src/nav2_client) by extension 'colcon_meta'
[0.254s] Level 1:colcon.colcon_core.package_identification:_identify(src/nav2_client) by extensions ['ros']
[0.254s] Level 1:colcon.colcon_core.package_identification:_identify(src/nav2_client) by extension 'ros'
[0.255s] DEBUG:colcon.colcon_core.package_identification:Package 'src/nav2_client' with type 'ros.ament_cmake' and name 'nav2_client'
[0.255s] Level 1:colcon.colcon_core.package_identification:_identify(src/rosbot_description) by extensions ['ignore', 'ignore_ament_install']
[0.255s] Level 1:colcon.colcon_core.package_identification:_identify(src/rosbot_description) by extension 'ignore'
[0.255s] Level 1:colcon.colcon_core.package_identification:_identify(src/rosbot_description) by extension 'ignore_ament_install'
[0.256s] Level 1:colcon.colcon_core.package_identification:_identify(src/rosbot_description) by extensions ['colcon_pkg']
[0.256s] Level 1:colcon.colcon_core.package_identification:_identify(src/rosbot_description) by extension 'colcon_pkg'
[0.256s] Level 1:colcon.colcon_core.package_identification:_identify(src/rosbot_description) by extensions ['colcon_meta']
[0.256s] Level 1:colcon.colcon_core.package_identification:_identify(src/rosbot_description) by extension 'colcon_meta'
[0.256s] Level 1:colcon.colcon_core.package_identification:_identify(src/rosbot_description) by extensions ['ros']
[0.256s] Level 1:colcon.colcon_core.package_identification:_identify(src/rosbot_description) by extension 'ros'
[0.257s] DEBUG:colcon.colcon_core.package_identification:Package 'src/rosbot_description' with type 'ros.ament_python' and name 'rosbot_description'
[0.257s] Level 1:colcon.colcon_core.package_identification:_identify(src/rosbot_nav2_bringup) by extensions ['ignore', 'ignore_ament_install']
[0.257s] Level 1:colcon.colcon_core.package_identification:_identify(src/rosbot_nav2_bringup) by extension 'ignore'
[0.257s] Level 1:colcon.colcon_core.package_identification:_identify(src/rosbot_nav2_bringup) by extension 'ignore_ament_install'
[0.257s] Level 1:colcon.colcon_core.package_identification:_identify(src/rosbot_nav2_bringup) by extensions ['colcon_pkg']
[0.257s] Level 1:colcon.colcon_core.package_identification:_identify(src/rosbot_nav2_bringup) by extension 'colcon_pkg'
[0.257s] Level 1:colcon.colcon_core.package_identification:_identify(src/rosbot_nav2_bringup) by extensions ['colcon_meta']
[0.257s] Level 1:colcon.colcon_core.package_identification:_identify(src/rosbot_nav2_bringup) by extension 'colcon_meta'
[0.257s] Level 1:colcon.colcon_core.package_identification:_identify(src/rosbot_nav2_bringup) by extensions ['ros']
[0.257s] Level 1:colcon.colcon_core.package_identification:_identify(src/rosbot_nav2_bringup) by extension 'ros'
[0.258s] DEBUG:colcon.colcon_core.package_identification:Package 'src/rosbot_nav2_bringup' with type 'ros.ament_cmake' and name 'rosbot_nav2_bringup'
[0.258s] Level 1:colcon.colcon_core.package_discovery:discover_packages(recursive) using defaults
[0.258s] Level 1:colcon.colcon_core.package_discovery:discover_packages(ignore) discover
[0.258s] Level 1:colcon.colcon_core.package_discovery:discover_packages(ignore) using defaults
[0.258s] Level 1:colcon.colcon_core.package_discovery:discover_packages(path) discover
[0.258s] Level 1:colcon.colcon_core.package_discovery:discover_packages(path) using defaults
[0.283s] Level 1:colcon.colcon_core.package_discovery:discover_packages(prefix_path) check parameters
[0.283s] Level 1:colcon.colcon_core.package_discovery:discover_packages(prefix_path) discover
[0.284s] WARNING:colcon.colcon_ros.prefix_path.ament:The path '/home/amr/icarus_ws/install/rosbot_nav2_bringup' in the environment variable AMENT_PREFIX_PATH doesn't exist
[0.284s] WARNING:colcon.colcon_ros.prefix_path.ament:The path '/home/amr/icarus_ws/install/rosbot_description' in the environment variable AMENT_PREFIX_PATH doesn't exist
[0.284s] WARNING:colcon.colcon_ros.prefix_path.ament:The path '/home/amr/icarus_ws/install/nav2_client' in the environment variable AMENT_PREFIX_PATH doesn't exist
[0.284s] WARNING:colcon.colcon_ros.prefix_path.ament:The path '/home/amr/icarus_ws/install/nav2_bt_client' in the environment variable AMENT_PREFIX_PATH doesn't exist
[0.285s] WARNING:colcon.colcon_ros.prefix_path.catkin:The path '/home/amr/icarus_ws/install/rosbot_nav2_bringup' in the environment variable CMAKE_PREFIX_PATH doesn't exist
[0.285s] WARNING:colcon.colcon_ros.prefix_path.catkin:The path '/home/amr/icarus_ws/install/nav2_client' in the environment variable CMAKE_PREFIX_PATH doesn't exist
[0.285s] WARNING:colcon.colcon_ros.prefix_path.catkin:The path '/home/amr/icarus_ws/install/nav2_bt_client' in the environment variable CMAKE_PREFIX_PATH doesn't exist
[0.286s] DEBUG:colcon.colcon_installed_package_information.package_discovery:Found 0 installed packages in /home/amr/icarus_ws/install
[0.286s] DEBUG:colcon.colcon_installed_package_information.package_discovery:Found 1 installed packages in /home/amr/lidar_ws/install
[0.287s] DEBUG:colcon.colcon_installed_package_information.package_discovery:Found 4 installed packages in /home/amr/driver_ws/install
[0.289s] DEBUG:colcon.colcon_installed_package_information.package_discovery:Found 310 installed packages in /opt/ros/jazzy
[0.290s] Level 1:colcon.colcon_core.package_discovery:discover_packages(prefix_path) using defaults
[0.351s] Level 5:colcon.colcon_core.verb:set package 'nav2_bt_client' build argument 'cmake_args' from command line to 'None'
[0.351s] Level 5:colcon.colcon_core.verb:set package 'nav2_bt_client' build argument 'cmake_target' from command line to 'None'
[0.351s] Level 5:colcon.colcon_core.verb:set package 'nav2_bt_client' build argument 'cmake_target_skip_unavailable' from command line to 'False'
[0.351s] Level 5:colcon.colcon_core.verb:set package 'nav2_bt_client' build argument 'cmake_clean_cache' from command line to 'False'
[0.351s] Level 5:colcon.colcon_core.verb:set package 'nav2_bt_client' build argument 'cmake_clean_first' from command line to 'False'
[0.351s] Level 5:colcon.colcon_core.verb:set package 'nav2_bt_client' build argument 'cmake_force_configure' from command line to 'False'
[0.351s] Level 5:colcon.colcon_core.verb:set package 'nav2_bt_client' build argument 'ament_cmake_args' from command line to 'None'
[0.351s] Level 5:colcon.colcon_core.verb:set package 'nav2_bt_client' build argument 'catkin_cmake_args' from command line to 'None'
[0.351s] Level 5:colcon.colcon_core.verb:set package 'nav2_bt_client' build argument 'catkin_skip_building_tests' from command line to 'False'
[0.351s] DEBUG:colcon.colcon_core.verb:Building package 'nav2_bt_client' with the following arguments: {'ament_cmake_args': None, 'build_base': '/home/amr/icarus_ws/build/nav2_bt_client', 'catkin_cmake_args': None, 'catkin_skip_building_tests': False, 'cmake_args': None, 'cmake_clean_cache': False, 'cmake_clean_first': False, 'cmake_force_configure': False, 'cmake_target': None, 'cmake_target_skip_unavailable': False, 'install_base': '/home/amr/icarus_ws/install/nav2_bt_client', 'merge_install': False, 'path': '/home/amr/icarus_ws/src/nav2_bt_client', 'symlink_install': False, 'test_result_base': None}
[0.352s] Level 5:colcon.colcon_core.verb:set package 'nav2_client' build argument 'cmake_args' from command line to 'None'
[0.352s] Level 5:colcon.colcon_core.verb:set package 'nav2_client' build argument 'cmake_target' from command line to 'None'
[0.352s] Level 5:colcon.colcon_core.verb:set package 'nav2_client' build argument 'cmake_target_skip_unavailable' from command line to 'False'
[0.352s] Level 5:colcon.colcon_core.verb:set package 'nav2_client' build argument 'cmake_clean_cache' from command line to 'False'
[0.352s] Level 5:colcon.colcon_core.verb:set package 'nav2_client' build argument 'cmake_clean_first' from command line to 'False'
[0.352s] Level 5:colcon.colcon_core.verb:set package 'nav2_client' build argument 'cmake_force_configure' from command line to 'False'
[0.352s] Level 5:colcon.colcon_core.verb:set package 'nav2_client' build argument 'ament_cmake_args' from command line to 'None'
[0.352s] Level 5:colcon.colcon_core.verb:set package 'nav2_client' build argument 'catkin_cmake_args' from command line to 'None'
[0.352s] Level 5:colcon.colcon_core.verb:set package 'nav2_client' build argument 'catkin_skip_building_tests' from command line to 'False'
[0.352s] DEBUG:colcon.colcon_core.verb:Building package 'nav2_client' with the following arguments: {'ament_cmake_args': None, 'build_base': '/home/amr/icarus_ws/build/nav2_client', 'catkin_cmake_args': None, 'catkin_skip_building_tests': False, 'cmake_args': None, 'cmake_clean_cache': False, 'cmake_clean_first': False, 'cmake_force_configure': False, 'cmake_target': None, 'cmake_target_skip_unavailable': False, 'install_base': '/home/amr/icarus_ws/install/nav2_client', 'merge_install': False, 'path': '/home/amr/icarus_ws/src/nav2_client', 'symlink_install': False, 'test_result_base': None}
[0.352s] Level 5:colcon.colcon_core.verb:set package 'rosbot_description' build argument 'cmake_args' from command line to 'None'
[0.352s] Level 5:colcon.colcon_core.verb:set package 'rosbot_description' build argument 'cmake_target' from command line to 'None'
[0.352s] Level 5:colcon.colcon_core.verb:set package 'rosbot_description' build argument 'cmake_target_skip_unavailable' from command line to 'False'
[0.353s] Level 5:colcon.colcon_core.verb:set package 'rosbot_description' build argument 'cmake_clean_cache' from command line to 'False'
[0.353s] Level 5:colcon.colcon_core.verb:set package 'rosbot_description' build argument 'cmake_clean_first' from command line to 'False'
[0.353s] Level 5:colcon.colcon_core.verb:set package 'rosbot_description' build argument 'cmake_force_configure' from command line to 'False'
[0.353s] Level 5:colcon.colcon_core.verb:set package 'rosbot_description' build argument 'ament_cmake_args' from command line to 'None'
[0.353s] Level 5:colcon.colcon_core.verb:set package 'rosbot_description' build argument 'catkin_cmake_args' from command line to 'None'
[0.353s] Level 5:colcon.colcon_core.verb:set package 'rosbot_description' build argument 'catkin_skip_building_tests' from command line to 'False'
[0.353s] DEBUG:colcon.colcon_core.verb:Building package 'rosbot_description' with the following arguments: {'ament_cmake_args': None, 'build_base': '/home/amr/icarus_ws/build/rosbot_description', 'catkin_cmake_args': None, 'catkin_skip_building_tests': False, 'cmake_args': None, 'cmake_clean_cache': False, 'cmake_clean_first': False, 'cmake_force_configure': False, 'cmake_target': None, 'cmake_target_skip_unavailable': False, 'install_base': '/home/amr/icarus_ws/install/rosbot_description', 'merge_install': False, 'path': '/home/amr/icarus_ws/src/rosbot_description', 'symlink_install': False, 'test_result_base': None}
[0.353s] Level 5:colcon.colcon_core.verb:set package 'rosbot_nav2_bringup' build argument 'cmake_args' from command line to 'None'
[0.353s] Level 5:colcon.colcon_core.verb:set package 'rosbot_nav2_bringup' build argument 'cmake_target' from command line to 'None'
[0.353s] Level 5:colcon.colcon_core.verb:set package 'rosbot_nav2_bringup' build argument 'cmake_target_skip_unavailable' from command line to 'False'
[0.353s] Level 5:colcon.colcon_core.verb:set package 'rosbot_nav2_bringup' build argument 'cmake_clean_cache' from command line to 'False'
[0.353s] Level 5:colcon.colcon_core.verb:set package 'rosbot_nav2_bringup' build argument 'cmake_clean_first' from command line to 'False'
[0.353s] Level 5:colcon.colcon_core.verb:set package 'rosbot_nav2_bringup' build argument 'cmake_force_configure' from command line to 'False'
[0.353s] Level 5:colcon.colcon_core.verb:set package 'rosbot_nav2_bringup' build argument 'ament_cmake_args' from command line to 'None'
[0.353s] Level 5:colcon.colcon_core.verb:set package 'rosbot_nav2_bringup' build argument 'catkin_cmake_args' from command line to 'None'
[0.353s] Level 5:colcon.colcon_core.verb:set package 'rosbot_nav2_bringup' build argument 'catkin_skip_building_tests' from command line to 'False'
[0.353s] DEBUG:colcon.colcon_core.verb:Building package 'rosbot_nav2_bringup' with the following arguments: {'ament_cmake_args': None, 'build_base': '/home/amr/icarus_ws/build/rosbot_nav2_bringup', 'catkin_cmake_args': None, 'catkin_skip_building_tests': False, 'cmake_args': None, 'cmake_clean_cache': False, 'cmake_clean_first': False, 'cmake_force_configure': False, 'cmake_target': None, 'cmake_target_skip_unavailable': False, 'install_base': '/home/amr/icarus_ws/install/rosbot_nav2_bringup', 'merge_install': False, 'path': '/home/amr/icarus_ws/src/rosbot_nav2_bringup', 'symlink_install': False, 'test_result_base': None}
[0.353s] INFO:colcon.colcon_core.executor:Executing jobs using 'parallel' executor
[0.355s] DEBUG:colcon.colcon_parallel_executor.executor.parallel:run_until_complete
[0.355s] INFO:colcon.colcon_ros.task.ament_cmake.build:Building ROS package in '/home/amr/icarus_ws/src/nav2_bt_client' with build type 'ament_cmake'
[0.355s] INFO:colcon.colcon_cmake.task.cmake.build:Building CMake package in '/home/amr/icarus_ws/src/nav2_bt_client'
[0.358s] INFO:colcon.colcon_core.plugin_system:Skipping extension 'colcon_core.shell.bat': Not used on non-Windows systems
[0.358s] INFO:colcon.colcon_core.shell:Skip shell extension 'powershell' for command environment: Not usable outside of PowerShell
[0.358s] DEBUG:colcon.colcon_core.shell:Skip shell extension 'dsv' for command environment
[0.363s] INFO:colcon.colcon_ros.task.ament_cmake.build:Building ROS package in '/home/amr/icarus_ws/src/nav2_client' with build type 'ament_cmake'
[0.364s] INFO:colcon.colcon_cmake.task.cmake.build:Building CMake package in '/home/amr/icarus_ws/src/nav2_client'
[0.364s] INFO:colcon.colcon_core.shell:Skip shell extension 'powershell' for command environment: Not usable outside of PowerShell
[0.364s] DEBUG:colcon.colcon_core.shell:Skip shell extension 'dsv' for command environment
[0.370s] INFO:colcon.colcon_ros.task.ament_python.build:Building ROS package in '/home/amr/icarus_ws/src/rosbot_description' with build type 'ament_python'
[0.370s] Level 1:colcon.colcon_core.shell:create_environment_hook('rosbot_description', 'ament_prefix_path')
[0.370s] INFO:colcon.colcon_core.shell:Creating environment hook '/home/amr/icarus_ws/install/rosbot_description/share/rosbot_description/hook/ament_prefix_path.ps1'
[0.371s] INFO:colcon.colcon_core.shell:Creating environment descriptor '/home/amr/icarus_ws/install/rosbot_description/share/rosbot_description/hook/ament_prefix_path.dsv'
[0.372s] INFO:colcon.colcon_core.shell:Creating environment hook '/home/amr/icarus_ws/install/rosbot_description/share/rosbot_description/hook/ament_prefix_path.sh'
[0.373s] INFO:colcon.colcon_core.shell:Skip shell extension 'powershell' for command environment: Not usable outside of PowerShell
[0.373s] DEBUG:colcon.colcon_core.shell:Skip shell extension 'dsv' for command environment
[0.378s] INFO:colcon.colcon_ros.task.ament_cmake.build:Building ROS package in '/home/amr/icarus_ws/src/rosbot_nav2_bringup' with build type 'ament_cmake'
[0.378s] INFO:colcon.colcon_cmake.task.cmake.build:Building CMake package in '/home/amr/icarus_ws/src/rosbot_nav2_bringup'
[0.378s] INFO:colcon.colcon_core.shell:Skip shell extension 'powershell' for command environment: Not usable outside of PowerShell
[0.378s] DEBUG:colcon.colcon_core.shell:Skip shell extension 'dsv' for command environment
[0.389s] DEBUG:colcon.colcon_core.event_handler.log_command:Invoking command in '/home/amr/icarus_ws/build/nav2_bt_client': CMAKE_PREFIX_PATH=${CMAKE_PREFIX_PATH}:/home/amr/icarus_ws/install/rosbot_description:/home/amr/driver_ws/install/yahboomcar_description:/home/amr/driver_ws/install/yahboomcar_ctrl:/home/amr/driver_ws/install/yahboomcar_bringup:/opt/ros/jazzy /usr/bin/cmake /home/amr/icarus_ws/src/nav2_bt_client -DCMAKE_INSTALL_PREFIX=/home/amr/icarus_ws/install/nav2_bt_client
[0.392s] DEBUG:colcon.colcon_core.event_handler.log_command:Invoking command in '/home/amr/icarus_ws/build/nav2_client': CMAKE_PREFIX_PATH=${CMAKE_PREFIX_PATH}:/home/amr/icarus_ws/install/rosbot_description:/home/amr/driver_ws/install/yahboomcar_description:/home/amr/driver_ws/install/yahboomcar_ctrl:/home/amr/driver_ws/install/yahboomcar_bringup:/opt/ros/jazzy /usr/bin/cmake /home/amr/icarus_ws/src/nav2_client -DCMAKE_INSTALL_PREFIX=/home/amr/icarus_ws/install/nav2_client
[0.821s] INFO:colcon.colcon_core.task.python.build:Building Python package in '/home/amr/icarus_ws/src/rosbot_description'
[0.821s] INFO:colcon.colcon_core.shell:Skip shell extension 'powershell' for command environment: Not usable outside of PowerShell
[0.822s] DEBUG:colcon.colcon_core.shell:Skip shell extension 'dsv' for command environment
[0.844s] DEBUG:colcon.colcon_core.event_handler.log_command:Invoking command in '/home/amr/icarus_ws/build/rosbot_nav2_bringup': CMAKE_PREFIX_PATH=${CMAKE_PREFIX_PATH}:/home/amr/icarus_ws/install/rosbot_description:/home/amr/driver_ws/install/yahboomcar_description:/home/amr/driver_ws/install/yahboomcar_ctrl:/home/amr/driver_ws/install/yahboomcar_bringup:/opt/ros/jazzy /usr/bin/cmake /home/amr/icarus_ws/src/rosbot_nav2_bringup -DCMAKE_INSTALL_PREFIX=/home/amr/icarus_ws/install/rosbot_nav2_bringup
[2.045s] DEBUG:colcon.colcon_core.event_handler.log_command:Invoking command in '/home/amr/icarus_ws/src/rosbot_description': PYTHONPATH=/home/amr/icarus_ws/build/rosbot_description/prefix_override:/usr/lib/python3/dist-packages/colcon_core/task/python/colcon_distutils_commands:/home/amr/icarus_ws/install/rosbot_description/lib/python3.12/site-packages:${PYTHONPATH} /usr/bin/python3 -W ignore:setup.py install is deprecated -W ignore:easy_install command is deprecated setup.py egg_info --egg-base ../../build/rosbot_description build --build-base /home/amr/icarus_ws/build/rosbot_description/build install --record /home/amr/icarus_ws/build/rosbot_description/install.log --single-version-externally-managed install_data
[2.695s] DEBUG:colcon.colcon_core.event_handler.log_command:Invoked command in '/home/amr/icarus_ws/build/rosbot_nav2_bringup' returned '0': CMAKE_PREFIX_PATH=${CMAKE_PREFIX_PATH}:/home/amr/icarus_ws/install/rosbot_description:/home/amr/driver_ws/install/yahboomcar_description:/home/amr/driver_ws/install/yahboomcar_ctrl:/home/amr/driver_ws/install/yahboomcar_bringup:/opt/ros/jazzy /usr/bin/cmake /home/amr/icarus_ws/src/rosbot_nav2_bringup -DCMAKE_INSTALL_PREFIX=/home/amr/icarus_ws/install/rosbot_nav2_bringup
[2.698s] DEBUG:colcon.colcon_core.event_handler.log_command:Invoking command in '/home/amr/icarus_ws/build/rosbot_nav2_bringup': CMAKE_PREFIX_PATH=${CMAKE_PREFIX_PATH}:/home/amr/icarus_ws/install/rosbot_description:/home/amr/driver_ws/install/yahboomcar_description:/home/amr/driver_ws/install/yahboomcar_ctrl:/home/amr/driver_ws/install/yahboomcar_bringup:/opt/ros/jazzy /usr/bin/cmake --build /home/amr/icarus_ws/build/rosbot_nav2_bringup -- -j4 -l4
[2.785s] DEBUG:colcon.colcon_core.event_handler.log_command:Invoked command in '/home/amr/icarus_ws/build/rosbot_nav2_bringup' returned '0': CMAKE_PREFIX_PATH=${CMAKE_PREFIX_PATH}:/home/amr/icarus_ws/install/rosbot_description:/home/amr/driver_ws/install/yahboomcar_description:/home/amr/driver_ws/install/yahboomcar_ctrl:/home/amr/driver_ws/install/yahboomcar_bringup:/opt/ros/jazzy /usr/bin/cmake --build /home/amr/icarus_ws/build/rosbot_nav2_bringup -- -j4 -l4
[2.809s] DEBUG:colcon.colcon_core.event_handler.log_command:Invoking command in '/home/amr/icarus_ws/build/rosbot_nav2_bringup': CMAKE_PREFIX_PATH=${CMAKE_PREFIX_PATH}:/home/amr/icarus_ws/install/rosbot_description:/home/amr/driver_ws/install/yahboomcar_description:/home/amr/driver_ws/install/yahboomcar_ctrl:/home/amr/driver_ws/install/yahboomcar_bringup:/opt/ros/jazzy /usr/bin/cmake --install /home/amr/icarus_ws/build/rosbot_nav2_bringup
[2.846s] Level 1:colcon.colcon_core.environment:create_environment_scripts_only(rosbot_nav2_bringup)
[2.847s] DEBUG:colcon.colcon_core.event_handler.log_command:Invoked command in '/home/amr/icarus_ws/build/rosbot_nav2_bringup' returned '0': CMAKE_PREFIX_PATH=${CMAKE_PREFIX_PATH}:/home/amr/icarus_ws/install/rosbot_description:/home/amr/driver_ws/install/yahboomcar_description:/home/amr/driver_ws/install/yahboomcar_ctrl:/home/amr/driver_ws/install/yahboomcar_bringup:/opt/ros/jazzy /usr/bin/cmake --install /home/amr/icarus_ws/build/rosbot_nav2_bringup
[2.850s] Level 1:colcon.colcon_core.environment:checking '/home/amr/icarus_ws/install/rosbot_nav2_bringup' for CMake module files
[2.851s] Level 1:colcon.colcon_core.environment:checking '/home/amr/icarus_ws/install/rosbot_nav2_bringup' for CMake config files
[2.851s] Level 1:colcon.colcon_core.shell:create_environment_hook('rosbot_nav2_bringup', 'cmake_prefix_path')
[2.852s] INFO:colcon.colcon_core.shell:Creating environment hook '/home/amr/icarus_ws/install/rosbot_nav2_bringup/share/rosbot_nav2_bringup/hook/cmake_prefix_path.ps1'
[2.852s] INFO:colcon.colcon_core.shell:Creating environment descriptor '/home/amr/icarus_ws/install/rosbot_nav2_bringup/share/rosbot_nav2_bringup/hook/cmake_prefix_path.dsv'
[2.853s] INFO:colcon.colcon_core.shell:Creating environment hook '/home/amr/icarus_ws/install/rosbot_nav2_bringup/share/rosbot_nav2_bringup/hook/cmake_prefix_path.sh'
[2.854s] Level 1:colcon.colcon_core.environment:checking '/home/amr/icarus_ws/install/rosbot_nav2_bringup/bin'
[2.854s] Level 1:colcon.colcon_core.environment:checking '/home/amr/icarus_ws/install/rosbot_nav2_bringup/lib/pkgconfig/rosbot_nav2_bringup.pc'
[2.854s] Level 1:colcon.colcon_core.environment:checking '/home/amr/icarus_ws/install/rosbot_nav2_bringup/lib/python3.12/site-packages'
[2.855s] Level 1:colcon.colcon_core.environment:checking '/home/amr/icarus_ws/install/rosbot_nav2_bringup/bin'
[2.855s] INFO:colcon.colcon_core.shell:Creating package script '/home/amr/icarus_ws/install/rosbot_nav2_bringup/share/rosbot_nav2_bringup/package.ps1'
[2.857s] INFO:colcon.colcon_core.shell:Creating package descriptor '/home/amr/icarus_ws/install/rosbot_nav2_bringup/share/rosbot_nav2_bringup/package.dsv'
[2.858s] INFO:colcon.colcon_core.shell:Creating package script '/home/amr/icarus_ws/install/rosbot_nav2_bringup/share/rosbot_nav2_bringup/package.sh'
[2.858s] INFO:colcon.colcon_core.shell:Creating package script '/home/amr/icarus_ws/install/rosbot_nav2_bringup/share/rosbot_nav2_bringup/package.bash'
[2.859s] INFO:colcon.colcon_core.shell:Creating package script '/home/amr/icarus_ws/install/rosbot_nav2_bringup/share/rosbot_nav2_bringup/package.zsh'
[2.860s] Level 1:colcon.colcon_core.environment:create_file_with_runtime_dependencies(/home/amr/icarus_ws/install/rosbot_nav2_bringup/share/colcon-core/packages/rosbot_nav2_bringup)
[2.861s] Level 1:colcon.colcon_core.environment:create_environment_scripts_only(rosbot_nav2_bringup)
[2.861s] Level 1:colcon.colcon_core.environment:checking '/home/amr/icarus_ws/install/rosbot_nav2_bringup' for CMake module files
[2.862s] Level 1:colcon.colcon_core.environment:checking '/home/amr/icarus_ws/install/rosbot_nav2_bringup' for CMake config files
[2.862s] Level 1:colcon.colcon_core.shell:create_environment_hook('rosbot_nav2_bringup', 'cmake_prefix_path')
[2.863s] INFO:colcon.colcon_core.shell:Creating environment hook '/home/amr/icarus_ws/install/rosbot_nav2_bringup/share/rosbot_nav2_bringup/hook/cmake_prefix_path.ps1'
[2.863s] INFO:colcon.colcon_core.shell:Creating environment descriptor '/home/amr/icarus_ws/install/rosbot_nav2_bringup/share/rosbot_nav2_bringup/hook/cmake_prefix_path.dsv'
[2.864s] INFO:colcon.colcon_core.shell:Creating environment hook '/home/amr/icarus_ws/install/rosbot_nav2_bringup/share/rosbot_nav2_bringup/hook/cmake_prefix_path.sh'
[2.865s] Level 1:colcon.colcon_core.environment:checking '/home/amr/icarus_ws/install/rosbot_nav2_bringup/bin'
[2.865s] Level 1:colcon.colcon_core.environment:checking '/home/amr/icarus_ws/install/rosbot_nav2_bringup/lib/pkgconfig/rosbot_nav2_bringup.pc'
[2.866s] Level 1:colcon.colcon_core.environment:checking '/home/amr/icarus_ws/install/rosbot_nav2_bringup/lib/python3.12/site-packages'
[2.866s] Level 1:colcon.colcon_core.environment:checking '/home/amr/icarus_ws/install/rosbot_nav2_bringup/bin'
[2.866s] INFO:colcon.colcon_core.shell:Creating package script '/home/amr/icarus_ws/install/rosbot_nav2_bringup/share/rosbot_nav2_bringup/package.ps1'
[2.867s] INFO:colcon.colcon_core.shell:Creating package descriptor '/home/amr/icarus_ws/install/rosbot_nav2_bringup/share/rosbot_nav2_bringup/package.dsv'
[2.868s] INFO:colcon.colcon_core.shell:Creating package script '/home/amr/icarus_ws/install/rosbot_nav2_bringup/share/rosbot_nav2_bringup/package.sh'
[2.869s] INFO:colcon.colcon_core.shell:Creating package script '/home/amr/icarus_ws/install/rosbot_nav2_bringup/share/rosbot_nav2_bringup/package.bash'
[2.870s] INFO:colcon.colcon_core.shell:Creating package script '/home/amr/icarus_ws/install/rosbot_nav2_bringup/share/rosbot_nav2_bringup/package.zsh'
[2.872s] Level 1:colcon.colcon_core.environment:create_file_with_runtime_dependencies(/home/amr/icarus_ws/install/rosbot_nav2_bringup/share/colcon-core/packages/rosbot_nav2_bringup)
[3.018s] Level 1:colcon.colcon_core.environment:checking '/home/amr/icarus_ws/install/rosbot_description' for CMake module files
[3.019s] Level 1:colcon.colcon_core.environment:checking '/home/amr/icarus_ws/install/rosbot_description' for CMake config files
[3.019s] Level 1:colcon.colcon_core.environment:checking '/home/amr/icarus_ws/install/rosbot_description/lib'
[3.020s] Level 1:colcon.colcon_core.environment:checking '/home/amr/icarus_ws/install/rosbot_description/bin'
[3.020s] Level 1:colcon.colcon_core.environment:checking '/home/amr/icarus_ws/install/rosbot_description/lib/pkgconfig/rosbot_description.pc'
[3.020s] Level 1:colcon.colcon_core.environment:checking '/home/amr/icarus_ws/install/rosbot_description/lib/python3.12/site-packages'
[3.021s] DEBUG:colcon.colcon_core.event_handler.log_command:Invoked command in '/home/amr/icarus_ws/src/rosbot_description' returned '0': PYTHONPATH=/home/amr/icarus_ws/build/rosbot_description/prefix_override:/usr/lib/python3/dist-packages/colcon_core/task/python/colcon_distutils_commands:/home/amr/icarus_ws/install/rosbot_description/lib/python3.12/site-packages:${PYTHONPATH} /usr/bin/python3 -W ignore:setup.py install is deprecated -W ignore:easy_install command is deprecated setup.py egg_info --egg-base ../../build/rosbot_description build --build-base /home/amr/icarus_ws/build/rosbot_description/build install --record /home/amr/icarus_ws/build/rosbot_description/install.log --single-version-externally-managed install_data
[3.021s] Level 1:colcon.colcon_core.shell:create_environment_hook('rosbot_description', 'pythonpath')
[3.021s] INFO:colcon.colcon_core.shell:Creating environment hook '/home/amr/icarus_ws/install/rosbot_description/share/rosbot_description/hook/pythonpath.ps1'
[3.022s] INFO:colcon.colcon_core.shell:Creating environment descriptor '/home/amr/icarus_ws/install/rosbot_description/share/rosbot_description/hook/pythonpath.dsv'
[3.022s] INFO:colcon.colcon_core.shell:Creating environment hook '/home/amr/icarus_ws/install/rosbot_description/share/rosbot_description/hook/pythonpath.sh'
[3.023s] Level 1:colcon.colcon_core.environment:checking '/home/amr/icarus_ws/install/rosbot_description/bin'
[3.023s] Level 1:colcon.colcon_core.environment:create_environment_scripts_only(rosbot_description)
[3.024s] INFO:colcon.colcon_core.shell:Creating package script '/home/amr/icarus_ws/install/rosbot_description/share/rosbot_description/package.ps1'
[3.024s] INFO:colcon.colcon_core.shell:Creating package descriptor '/home/amr/icarus_ws/install/rosbot_description/share/rosbot_description/package.dsv'
[3.025s] INFO:colcon.colcon_core.shell:Creating package script '/home/amr/icarus_ws/install/rosbot_description/share/rosbot_description/package.sh'
[3.025s] INFO:colcon.colcon_core.shell:Creating package script '/home/amr/icarus_ws/install/rosbot_description/share/rosbot_description/package.bash'
[3.026s] INFO:colcon.colcon_core.shell:Creating package script '/home/amr/icarus_ws/install/rosbot_description/share/rosbot_description/package.zsh'
[3.026s] Level 1:colcon.colcon_core.environment:create_file_with_runtime_dependencies(/home/amr/icarus_ws/install/rosbot_description/share/colcon-core/packages/rosbot_description)
[3.276s] DEBUG:colcon.colcon_core.event_handler.log_command:Invoked command in '/home/amr/icarus_ws/build/nav2_client' returned '0': CMAKE_PREFIX_PATH=${CMAKE_PREFIX_PATH}:/home/amr/icarus_ws/install/rosbot_description:/home/amr/driver_ws/install/yahboomcar_description:/home/amr/driver_ws/install/yahboomcar_ctrl:/home/amr/driver_ws/install/yahboomcar_bringup:/opt/ros/jazzy /usr/bin/cmake /home/amr/icarus_ws/src/nav2_client -DCMAKE_INSTALL_PREFIX=/home/amr/icarus_ws/install/nav2_client
[3.278s] DEBUG:colcon.colcon_core.event_handler.log_command:Invoking command in '/home/amr/icarus_ws/build/nav2_client': CMAKE_PREFIX_PATH=${CMAKE_PREFIX_PATH}:/home/amr/icarus_ws/install/rosbot_description:/home/amr/driver_ws/install/yahboomcar_description:/home/amr/driver_ws/install/yahboomcar_ctrl:/home/amr/driver_ws/install/yahboomcar_bringup:/opt/ros/jazzy /usr/bin/cmake --build /home/amr/icarus_ws/build/nav2_client -- -j4 -l4
[3.512s] DEBUG:colcon.colcon_core.event_handler.log_command:Invoked command in '/home/amr/icarus_ws/build/nav2_bt_client' returned '0': CMAKE_PREFIX_PATH=${CMAKE_PREFIX_PATH}:/home/amr/icarus_ws/install/rosbot_description:/home/amr/driver_ws/install/yahboomcar_description:/home/amr/driver_ws/install/yahboomcar_ctrl:/home/amr/driver_ws/install/yahboomcar_bringup:/opt/ros/jazzy /usr/bin/cmake /home/amr/icarus_ws/src/nav2_bt_client -DCMAKE_INSTALL_PREFIX=/home/amr/icarus_ws/install/nav2_bt_client
[3.512s] DEBUG:colcon.colcon_core.event_handler.log_command:Invoking command in '/home/amr/icarus_ws/build/nav2_bt_client': CMAKE_PREFIX_PATH=${CMAKE_PREFIX_PATH}:/home/amr/icarus_ws/install/rosbot_description:/home/amr/driver_ws/install/yahboomcar_description:/home/amr/driver_ws/install/yahboomcar_ctrl:/home/amr/driver_ws/install/yahboomcar_bringup:/opt/ros/jazzy /usr/bin/cmake --build /home/amr/icarus_ws/build/nav2_bt_client -- -j4 -l4
[14.047s] DEBUG:colcon.colcon_core.event_handler.log_command:Invoked command in '/home/amr/icarus_ws/build/nav2_client' returned '0': CMAKE_PREFIX_PATH=${CMAKE_PREFIX_PATH}:/home/amr/icarus_ws/install/rosbot_description:/home/amr/driver_ws/install/yahboomcar_description:/home/amr/driver_ws/install/yahboomcar_ctrl:/home/amr/driver_ws/install/yahboomcar_bringup:/opt/ros/jazzy /usr/bin/cmake --build /home/amr/icarus_ws/build/nav2_client -- -j4 -l4
[14.049s] DEBUG:colcon.colcon_core.event_handler.log_command:Invoking command in '/home/amr/icarus_ws/build/nav2_client': CMAKE_PREFIX_PATH=${CMAKE_PREFIX_PATH}:/home/amr/icarus_ws/install/rosbot_description:/home/amr/driver_ws/install/yahboomcar_description:/home/amr/driver_ws/install/yahboomcar_ctrl:/home/amr/driver_ws/install/yahboomcar_bringup:/opt/ros/jazzy /usr/bin/cmake --install /home/amr/icarus_ws/build/nav2_client
[14.078s] Level 1:colcon.colcon_core.environment:create_environment_scripts_only(nav2_client)
[14.078s] Level 1:colcon.colcon_core.environment:checking '/home/amr/icarus_ws/install/nav2_client' for CMake module files
[14.079s] DEBUG:colcon.colcon_core.event_handler.log_command:Invoked command in '/home/amr/icarus_ws/build/nav2_client' returned '0': CMAKE_PREFIX_PATH=${CMAKE_PREFIX_PATH}:/home/amr/icarus_ws/install/rosbot_description:/home/amr/driver_ws/install/yahboomcar_description:/home/amr/driver_ws/install/yahboomcar_ctrl:/home/amr/driver_ws/install/yahboomcar_bringup:/opt/ros/jazzy /usr/bin/cmake --install /home/amr/icarus_ws/build/nav2_client
[14.080s] Level 1:colcon.colcon_core.environment:checking '/home/amr/icarus_ws/install/nav2_client' for CMake config files
[14.080s] Level 1:colcon.colcon_core.shell:create_environment_hook('nav2_client', 'cmake_prefix_path')
[14.080s] INFO:colcon.colcon_core.shell:Creating environment hook '/home/amr/icarus_ws/install/nav2_client/share/nav2_client/hook/cmake_prefix_path.ps1'
[14.081s] INFO:colcon.colcon_core.shell:Creating environment descriptor '/home/amr/icarus_ws/install/nav2_client/share/nav2_client/hook/cmake_prefix_path.dsv'
[14.082s] INFO:colcon.colcon_core.shell:Creating environment hook '/home/amr/icarus_ws/install/nav2_client/share/nav2_client/hook/cmake_prefix_path.sh'
[14.083s] Level 1:colcon.colcon_core.environment:checking '/home/amr/icarus_ws/install/nav2_client/lib'
[14.083s] Level 1:colcon.colcon_core.environment:checking '/home/amr/icarus_ws/install/nav2_client/bin'
[14.083s] Level 1:colcon.colcon_core.environment:checking '/home/amr/icarus_ws/install/nav2_client/lib/pkgconfig/nav2_client.pc'
[14.083s] Level 1:colcon.colcon_core.environment:checking '/home/amr/icarus_ws/install/nav2_client/lib/python3.12/site-packages'
[14.084s] Level 1:colcon.colcon_core.environment:checking '/home/amr/icarus_ws/install/nav2_client/bin'
[14.084s] INFO:colcon.colcon_core.shell:Creating package script '/home/amr/icarus_ws/install/nav2_client/share/nav2_client/package.ps1'
[14.085s] INFO:colcon.colcon_core.shell:Creating package descriptor '/home/amr/icarus_ws/install/nav2_client/share/nav2_client/package.dsv'
[14.085s] INFO:colcon.colcon_core.shell:Creating package script '/home/amr/icarus_ws/install/nav2_client/share/nav2_client/package.sh'
[14.086s] INFO:colcon.colcon_core.shell:Creating package script '/home/amr/icarus_ws/install/nav2_client/share/nav2_client/package.bash'
[14.087s] INFO:colcon.colcon_core.shell:Creating package script '/home/amr/icarus_ws/install/nav2_client/share/nav2_client/package.zsh'
[14.087s] Level 1:colcon.colcon_core.environment:create_file_with_runtime_dependencies(/home/amr/icarus_ws/install/nav2_client/share/colcon-core/packages/nav2_client)
[14.088s] Level 1:colcon.colcon_core.environment:create_environment_scripts_only(nav2_client)
[14.088s] Level 1:colcon.colcon_core.environment:checking '/home/amr/icarus_ws/install/nav2_client' for CMake module files
[14.089s] Level 1:colcon.colcon_core.environment:checking '/home/amr/icarus_ws/install/nav2_client' for CMake config files
[14.089s] Level 1:colcon.colcon_core.shell:create_environment_hook('nav2_client', 'cmake_prefix_path')
[14.090s] INFO:colcon.colcon_core.shell:Creating environment hook '/home/amr/icarus_ws/install/nav2_client/share/nav2_client/hook/cmake_prefix_path.ps1'
[14.090s] INFO:colcon.colcon_core.shell:Creating environment descriptor '/home/amr/icarus_ws/install/nav2_client/share/nav2_client/hook/cmake_prefix_path.dsv'
[14.092s] INFO:colcon.colcon_core.shell:Creating environment hook '/home/amr/icarus_ws/install/nav2_client/share/nav2_client/hook/cmake_prefix_path.sh'
[14.094s] Level 1:colcon.colcon_core.environment:checking '/home/amr/icarus_ws/install/nav2_client/lib'
[14.094s] Level 1:colcon.colcon_core.environment:checking '/home/amr/icarus_ws/install/nav2_client/bin'
[14.094s] Level 1:colcon.colcon_core.environment:checking '/home/amr/icarus_ws/install/nav2_client/lib/pkgconfig/nav2_client.pc'
[14.095s] Level 1:colcon.colcon_core.environment:checking '/home/amr/icarus_ws/install/nav2_client/lib/python3.12/site-packages'
[14.095s] Level 1:colcon.colcon_core.environment:checking '/home/amr/icarus_ws/install/nav2_client/bin'
[14.095s] INFO:colcon.colcon_core.shell:Creating package script '/home/amr/icarus_ws/install/nav2_client/share/nav2_client/package.ps1'
[14.097s] INFO:colcon.colcon_core.shell:Creating package descriptor '/home/amr/icarus_ws/install/nav2_client/share/nav2_client/package.dsv'
[14.098s] INFO:colcon.colcon_core.shell:Creating package script '/home/amr/icarus_ws/install/nav2_client/share/nav2_client/package.sh'
[14.099s] INFO:colcon.colcon_core.shell:Creating package script '/home/amr/icarus_ws/install/nav2_client/share/nav2_client/package.bash'
[14.100s] INFO:colcon.colcon_core.shell:Creating package script '/home/amr/icarus_ws/install/nav2_client/share/nav2_client/package.zsh'
[14.101s] Level 1:colcon.colcon_core.environment:create_file_with_runtime_dependencies(/home/amr/icarus_ws/install/nav2_client/share/colcon-core/packages/nav2_client)
[18.586s] DEBUG:colcon.colcon_core.event_handler.log_command:Invoked command in '/home/amr/icarus_ws/build/nav2_bt_client' returned '0': CMAKE_PREFIX_PATH=${CMAKE_PREFIX_PATH}:/home/amr/icarus_ws/install/rosbot_description:/home/amr/driver_ws/install/yahboomcar_description:/home/amr/driver_ws/install/yahboomcar_ctrl:/home/amr/driver_ws/install/yahboomcar_bringup:/opt/ros/jazzy /usr/bin/cmake --build /home/amr/icarus_ws/build/nav2_bt_client -- -j4 -l4
[18.588s] DEBUG:colcon.colcon_core.event_handler.log_command:Invoking command in '/home/amr/icarus_ws/build/nav2_bt_client': CMAKE_PREFIX_PATH=${CMAKE_PREFIX_PATH}:/home/amr/icarus_ws/install/rosbot_description:/home/amr/driver_ws/install/yahboomcar_description:/home/amr/driver_ws/install/yahboomcar_ctrl:/home/amr/driver_ws/install/yahboomcar_bringup:/opt/ros/jazzy /usr/bin/cmake --install /home/amr/icarus_ws/build/nav2_bt_client
[18.614s] Level 1:colcon.colcon_core.environment:create_environment_scripts_only(nav2_bt_client)
[18.615s] Level 1:colcon.colcon_core.environment:checking '/home/amr/icarus_ws/install/nav2_bt_client' for CMake module files
[18.615s] DEBUG:colcon.colcon_core.event_handler.log_command:Invoked command in '/home/amr/icarus_ws/build/nav2_bt_client' returned '0': CMAKE_PREFIX_PATH=${CMAKE_PREFIX_PATH}:/home/amr/icarus_ws/install/rosbot_description:/home/amr/driver_ws/install/yahboomcar_description:/home/amr/driver_ws/install/yahboomcar_ctrl:/home/amr/driver_ws/install/yahboomcar_bringup:/opt/ros/jazzy /usr/bin/cmake --install /home/amr/icarus_ws/build/nav2_bt_client
[18.616s] Level 1:colcon.colcon_core.environment:checking '/home/amr/icarus_ws/install/nav2_bt_client' for CMake config files
[18.616s] Level 1:colcon.colcon_core.shell:create_environment_hook('nav2_bt_client', 'cmake_prefix_path')
[18.616s] INFO:colcon.colcon_core.shell:Creating environment hook '/home/amr/icarus_ws/install/nav2_bt_client/share/nav2_bt_client/hook/cmake_prefix_path.ps1'
[18.617s] INFO:colcon.colcon_core.shell:Creating environment descriptor '/home/amr/icarus_ws/install/nav2_bt_client/share/nav2_bt_client/hook/cmake_prefix_path.dsv'
[18.617s] INFO:colcon.colcon_core.shell:Creating environment hook '/home/amr/icarus_ws/install/nav2_bt_client/share/nav2_bt_client/hook/cmake_prefix_path.sh'
[18.618s] Level 1:colcon.colcon_core.environment:checking '/home/amr/icarus_ws/install/nav2_bt_client/lib'
[18.618s] Level 1:colcon.colcon_core.environment:checking '/home/amr/icarus_ws/install/nav2_bt_client/bin'
[18.618s] Level 1:colcon.colcon_core.environment:checking '/home/amr/icarus_ws/install/nav2_bt_client/lib/pkgconfig/nav2_bt_client.pc'
[18.618s] Level 1:colcon.colcon_core.environment:checking '/home/amr/icarus_ws/install/nav2_bt_client/lib/python3.12/site-packages'
[18.619s] Level 1:colcon.colcon_core.environment:checking '/home/amr/icarus_ws/install/nav2_bt_client/bin'
[18.619s] INFO:colcon.colcon_core.shell:Creating package script '/home/amr/icarus_ws/install/nav2_bt_client/share/nav2_bt_client/package.ps1'
[18.619s] INFO:colcon.colcon_core.shell:Creating package descriptor '/home/amr/icarus_ws/install/nav2_bt_client/share/nav2_bt_client/package.dsv'
[18.620s] INFO:colcon.colcon_core.shell:Creating package script '/home/amr/icarus_ws/install/nav2_bt_client/share/nav2_bt_client/package.sh'
[18.620s] INFO:colcon.colcon_core.shell:Creating package script '/home/amr/icarus_ws/install/nav2_bt_client/share/nav2_bt_client/package.bash'
[18.621s] INFO:colcon.colcon_core.shell:Creating package script '/home/amr/icarus_ws/install/nav2_bt_client/share/nav2_bt_client/package.zsh'
[18.621s] Level 1:colcon.colcon_core.environment:create_file_with_runtime_dependencies(/home/amr/icarus_ws/install/nav2_bt_client/share/colcon-core/packages/nav2_bt_client)
[18.622s] Level 1:colcon.colcon_core.environment:create_environment_scripts_only(nav2_bt_client)
[18.622s] Level 1:colcon.colcon_core.environment:checking '/home/amr/icarus_ws/install/nav2_bt_client' for CMake module files
[18.622s] Level 1:colcon.colcon_core.environment:checking '/home/amr/icarus_ws/install/nav2_bt_client' for CMake config files
[18.623s] Level 1:colcon.colcon_core.shell:create_environment_hook('nav2_bt_client', 'cmake_prefix_path')
[18.623s] INFO:colcon.colcon_core.shell:Creating environment hook '/home/amr/icarus_ws/install/nav2_bt_client/share/nav2_bt_client/hook/cmake_prefix_path.ps1'
[18.623s] INFO:colcon.colcon_core.shell:Creating environment descriptor '/home/amr/icarus_ws/install/nav2_bt_client/share/nav2_bt_client/hook/cmake_prefix_path.dsv'
[18.624s] INFO:colcon.colcon_core.shell:Creating environment hook '/home/amr/icarus_ws/install/nav2_bt_client/share/nav2_bt_client/hook/cmake_prefix_path.sh'
[18.625s] Level 1:colcon.colcon_core.environment:checking '/home/amr/icarus_ws/install/nav2_bt_client/lib'
[18.625s] Level 1:colcon.colcon_core.environment:checking '/home/amr/icarus_ws/install/nav2_bt_client/bin'
[18.625s] Level 1:colcon.colcon_core.environment:checking '/home/amr/icarus_ws/install/nav2_bt_client/lib/pkgconfig/nav2_bt_client.pc'
[18.626s] Level 1:colcon.colcon_core.environment:checking '/home/amr/icarus_ws/install/nav2_bt_client/lib/python3.12/site-packages'
[18.626s] Level 1:colcon.colcon_core.environment:checking '/home/amr/icarus_ws/install/nav2_bt_client/bin'
[18.626s] INFO:colcon.colcon_core.shell:Creating package script '/home/amr/icarus_ws/install/nav2_bt_client/share/nav2_bt_client/package.ps1'
[18.627s] INFO:colcon.colcon_core.shell:Creating package descriptor '/home/amr/icarus_ws/install/nav2_bt_client/share/nav2_bt_client/package.dsv'
[18.628s] INFO:colcon.colcon_core.shell:Creating package script '/home/amr/icarus_ws/install/nav2_bt_client/share/nav2_bt_client/package.sh'
[18.629s] INFO:colcon.colcon_core.shell:Creating package script '/home/amr/icarus_ws/install/nav2_bt_client/share/nav2_bt_client/package.bash'
[18.630s] INFO:colcon.colcon_core.shell:Creating package script '/home/amr/icarus_ws/install/nav2_bt_client/share/nav2_bt_client/package.zsh'
[18.631s] Level 1:colcon.colcon_core.environment:create_file_with_runtime_dependencies(/home/amr/icarus_ws/install/nav2_bt_client/share/colcon-core/packages/nav2_bt_client)
[18.633s] DEBUG:colcon.colcon_parallel_executor.executor.parallel:closing loop
[18.633s] DEBUG:colcon.colcon_parallel_executor.executor.parallel:loop closed
[18.633s] DEBUG:colcon.colcon_parallel_executor.executor.parallel:run_until_complete finished with '0'
[18.633s] DEBUG:colcon.colcon_core.event_reactor:joining thread
[18.642s] INFO:colcon.colcon_core.plugin_system:Skipping extension 'colcon_notification.desktop_notification.notify_send': Could not find 'notify-send'
[18.642s] INFO:colcon.colcon_core.plugin_system:Skipping extension 'colcon_notification.desktop_notification.terminal_notifier': Not used on non-Darwin systems
[18.642s] INFO:colcon.colcon_core.plugin_system:Skipping extension 'colcon_notification.desktop_notification.win32': Not used on non-Windows systems
[18.642s] INFO:colcon.colcon_notification.desktop_notification:Sending desktop notification using 'notify2'
[18.643s] DEBUG:colcon.colcon_notification.desktop_notification.notify2:Failed to initialize notify2: org.freedesktop.DBus.Error.ServiceUnknown: The name org.freedesktop.Notifications was not provided by any .service files
[18.644s] DEBUG:colcon.colcon_core.event_reactor:joined thread
[18.644s] INFO:colcon.colcon_core.shell:Creating prefix script '/home/amr/icarus_ws/install/local_setup.ps1'
[18.645s] INFO:colcon.colcon_core.shell:Creating prefix util module '/home/amr/icarus_ws/install/_local_setup_util_ps1.py'
[18.646s] INFO:colcon.colcon_core.shell:Creating prefix chain script '/home/amr/icarus_ws/install/setup.ps1'
[18.648s] INFO:colcon.colcon_core.shell:Creating prefix script '/home/amr/icarus_ws/install/local_setup.sh'
[18.649s] INFO:colcon.colcon_core.shell:Creating prefix util module '/home/amr/icarus_ws/install/_local_setup_util_sh.py'
[18.649s] INFO:colcon.colcon_core.shell:Creating prefix chain script '/home/amr/icarus_ws/install/setup.sh'
[18.651s] INFO:colcon.colcon_core.shell:Creating prefix script '/home/amr/icarus_ws/install/local_setup.bash'
[18.652s] INFO:colcon.colcon_core.shell:Creating prefix chain script '/home/amr/icarus_ws/install/setup.bash'
[18.654s] INFO:colcon.colcon_core.shell:Creating prefix script '/home/amr/icarus_ws/install/local_setup.zsh'
[18.654s] INFO:colcon.colcon_core.shell:Creating prefix chain script '/home/amr/icarus_ws/install/setup.zsh'
