[ 33%] Built target base_node_x1
[ 66%] Built target base_node_R2
[100%] Built target base_node_X3
-- Install configuration: ""
-- Up-to-date: /home/amr/driver_ws/install/yahboomcar_base_node/lib/yahboomcar_base_node/base_node_X3
-- Up-to-date: /home/amr/driver_ws/install/yahboomcar_base_node/lib/yahboomcar_base_node/base_node_x1
-- Up-to-date: /home/amr/driver_ws/install/yahboomcar_base_node/lib/yahboomcar_base_node/base_node_R2
-- Up-to-date: /home/amr/driver_ws/install/yahboomcar_base_node/share/ament_index/resource_index/package_run_dependencies/yahboomcar_base_node
-- Up-to-date: /home/amr/driver_ws/install/yahboomcar_base_node/share/ament_index/resource_index/parent_prefix_path/yahboomcar_base_node
-- Up-to-date: /home/amr/driver_ws/install/yahboomcar_base_node/share/yahboomcar_base_node/environment/ament_prefix_path.sh
-- Up-to-date: /home/amr/driver_ws/install/yahboomcar_base_node/share/yahboomcar_base_node/environment/ament_prefix_path.dsv
-- Up-to-date: /home/amr/driver_ws/install/yahboomcar_base_node/share/yahboomcar_base_node/environment/path.sh
-- Up-to-date: /home/amr/driver_ws/install/yahboomcar_base_node/share/yahboomcar_base_node/environment/path.dsv
-- Up-to-date: /home/amr/driver_ws/install/yahboomcar_base_node/share/yahboomcar_base_node/local_setup.bash
-- Up-to-date: /home/amr/driver_ws/install/yahboomcar_base_node/share/yahboomcar_base_node/local_setup.sh
-- Up-to-date: /home/amr/driver_ws/install/yahboomcar_base_node/share/yahboomcar_base_node/local_setup.zsh
-- Up-to-date: /home/amr/driver_ws/install/yahboomcar_base_node/share/yahboomcar_base_node/local_setup.dsv
-- Installing: /home/amr/driver_ws/install/yahboomcar_base_node/share/yahboomcar_base_node/package.dsv
-- Up-to-date: /home/amr/driver_ws/install/yahboomcar_base_node/share/ament_index/resource_index/packages/yahboomcar_base_node
-- Up-to-date: /home/amr/driver_ws/install/yahboomcar_base_node/share/yahboomcar_base_node/cmake/yahboomcar_base_nodeConfig.cmake
-- Up-to-date: /home/amr/driver_ws/install/yahboomcar_base_node/share/yahboomcar_base_node/cmake/yahboomcar_base_nodeConfig-version.cmake
-- Up-to-date: /home/amr/driver_ws/install/yahboomcar_base_node/share/yahboomcar_base_node/package.xml
