[0.095s] Invoking command in '/home/amr/driver_ws/build/yahboomcar_base_node': CMAKE_PREFIX_PATH=${CMAKE_PREFIX_PATH}:/home/amr/icarus_ws/install/rosbot_description:/home/amr/driver_ws/install/yahboomcar_description:/home/amr/driver_ws/install/yahboomcar_ctrl:/home/amr/driver_ws/install/yahboomcar_bringup:/opt/ros/jazzy /usr/bin/cmake --build /home/amr/driver_ws/build/yahboomcar_base_node -- -j4 -l4
[0.951s] [ 33%] Built target base_node_x1
[0.951s] [ 66%] Built target base_node_R2
[0.951s] [100%] Built target base_node_X3
[0.952s] Invoked command in '/home/amr/driver_ws/build/yahboomcar_base_node' returned '0': CMAKE_PREFIX_PATH=${CMAKE_PREFIX_PATH}:/home/amr/icarus_ws/install/rosbot_description:/home/amr/driver_ws/install/yahboomcar_description:/home/amr/driver_ws/install/yahboomcar_ctrl:/home/amr/driver_ws/install/yahboomcar_bringup:/opt/ros/jazzy /usr/bin/cmake --build /home/amr/driver_ws/build/yahboomcar_base_node -- -j4 -l4
[0.980s] Invoking command in '/home/amr/driver_ws/build/yahboomcar_base_node': CMAKE_PREFIX_PATH=${CMAKE_PREFIX_PATH}:/home/amr/icarus_ws/install/rosbot_description:/home/amr/driver_ws/install/yahboomcar_description:/home/amr/driver_ws/install/yahboomcar_ctrl:/home/amr/driver_ws/install/yahboomcar_bringup:/opt/ros/jazzy /usr/bin/cmake --install /home/amr/driver_ws/build/yahboomcar_base_node
[1.326s] -- Install configuration: ""
[1.327s] -- Up-to-date: /home/amr/driver_ws/install/yahboomcar_base_node/lib/yahboomcar_base_node/base_node_X3
[1.327s] -- Up-to-date: /home/amr/driver_ws/install/yahboomcar_base_node/lib/yahboomcar_base_node/base_node_x1
[1.327s] -- Up-to-date: /home/amr/driver_ws/install/yahboomcar_base_node/lib/yahboomcar_base_node/base_node_R2
[1.327s] -- Up-to-date: /home/amr/driver_ws/install/yahboomcar_base_node/share/ament_index/resource_index/package_run_dependencies/yahboomcar_base_node
[1.327s] -- Up-to-date: /home/amr/driver_ws/install/yahboomcar_base_node/share/ament_index/resource_index/parent_prefix_path/yahboomcar_base_node
[1.327s] -- Up-to-date: /home/amr/driver_ws/install/yahboomcar_base_node/share/yahboomcar_base_node/environment/ament_prefix_path.sh
[1.327s] -- Up-to-date: /home/amr/driver_ws/install/yahboomcar_base_node/share/yahboomcar_base_node/environment/ament_prefix_path.dsv
[1.328s] -- Up-to-date: /home/amr/driver_ws/install/yahboomcar_base_node/share/yahboomcar_base_node/environment/path.sh
[1.328s] -- Up-to-date: /home/amr/driver_ws/install/yahboomcar_base_node/share/yahboomcar_base_node/environment/path.dsv
[1.328s] -- Up-to-date: /home/amr/driver_ws/install/yahboomcar_base_node/share/yahboomcar_base_node/local_setup.bash
[1.328s] -- Up-to-date: /home/amr/driver_ws/install/yahboomcar_base_node/share/yahboomcar_base_node/local_setup.sh
[1.328s] -- Up-to-date: /home/amr/driver_ws/install/yahboomcar_base_node/share/yahboomcar_base_node/local_setup.zsh
[1.328s] -- Up-to-date: /home/amr/driver_ws/install/yahboomcar_base_node/share/yahboomcar_base_node/local_setup.dsv
[1.328s] -- Installing: /home/amr/driver_ws/install/yahboomcar_base_node/share/yahboomcar_base_node/package.dsv
[1.328s] -- Up-to-date: /home/amr/driver_ws/install/yahboomcar_base_node/share/ament_index/resource_index/packages/yahboomcar_base_node
[1.329s] -- Up-to-date: /home/amr/driver_ws/install/yahboomcar_base_node/share/yahboomcar_base_node/cmake/yahboomcar_base_nodeConfig.cmake
[1.329s] -- Up-to-date: /home/amr/driver_ws/install/yahboomcar_base_node/share/yahboomcar_base_node/cmake/yahboomcar_base_nodeConfig-version.cmake
[1.329s] -- Up-to-date: /home/amr/driver_ws/install/yahboomcar_base_node/share/yahboomcar_base_node/package.xml
[1.340s] Invoked command in '/home/amr/driver_ws/build/yahboomcar_base_node' returned '0': CMAKE_PREFIX_PATH=${CMAKE_PREFIX_PATH}:/home/amr/icarus_ws/install/rosbot_description:/home/amr/driver_ws/install/yahboomcar_description:/home/amr/driver_ws/install/yahboomcar_ctrl:/home/amr/driver_ws/install/yahboomcar_bringup:/opt/ros/jazzy /usr/bin/cmake --install /home/amr/driver_ws/build/yahboomcar_base_node
