[0.156s] DEBUG:colcon:Command line arguments: ['/usr/bin/colcon', 'build']
[0.156s] DEBUG:colcon:Parsed command line arguments: Namespace(log_base=None, log_level=None, verb_name='build', build_base='build', install_base='install', merge_install=False, symlink_install=False, test_result_base=None, continue_on_error=False, executor='parallel', parallel_workers=4, event_handlers=None, ignore_user_meta=False, metas=['./colcon.meta'], base_paths=['.'], packages_ignore=None, packages_ignore_regex=None, paths=None, packages_up_to=None, packages_up_to_regex=None, packages_above=None, packages_above_and_dependencies=None, packages_above_depth=None, packages_select_by_dep=None, packages_skip_by_dep=None, packages_skip_up_to=None, packages_select_build_failed=False, packages_skip_build_finished=False, packages_select_test_failures=False, packages_skip_test_passed=False, packages_select=None, packages_skip=None, packages_select_regex=None, packages_skip_regex=None, packages_start=None, packages_end=None, allow_overriding=[], cmake_args=None, cmake_target=None, cmake_target_skip_unavailable=False, cmake_clean_cache=False, cmake_clean_first=False, cmake_force_configure=False, ament_cmake_args=None, catkin_cmake_args=None, catkin_skip_building_tests=False, mixin_files=None, mixin=None, verb_parser=<colcon_mixin.mixin.mixin_argument.MixinArgumentDecorator object at 0xffff9cea9760>, verb_extension=<colcon_core.verb.build.BuildVerb object at 0xffff9d056b40>, main=<bound method BuildVerb.main of <colcon_core.verb.build.BuildVerb object at 0xffff9d056b40>>, mixin_verb=('build',))
[0.218s] Level 1:colcon.colcon_core.package_discovery:discover_packages(colcon_meta) check parameters
[0.218s] Level 1:colcon.colcon_core.package_discovery:discover_packages(recursive) check parameters
[0.218s] Level 1:colcon.colcon_core.package_discovery:discover_packages(ignore) check parameters
[0.218s] Level 1:colcon.colcon_core.package_discovery:discover_packages(path) check parameters
[0.218s] Level 1:colcon.colcon_core.package_discovery:discover_packages(colcon_meta) discover
[0.219s] Level 1:colcon.colcon_core.package_discovery:discover_packages(recursive) discover
[0.219s] INFO:colcon.colcon_core.package_discovery:Crawling recursively for packages in '/home/amr/driver_ws'
[0.219s] Level 1:colcon.colcon_core.package_identification:_identify(.) by extensions ['ignore', 'ignore_ament_install']
[0.219s] Level 1:colcon.colcon_core.package_identification:_identify(.) by extension 'ignore'
[0.219s] Level 1:colcon.colcon_core.package_identification:_identify(.) by extension 'ignore_ament_install'
[0.219s] Level 1:colcon.colcon_core.package_identification:_identify(.) by extensions ['colcon_pkg']
[0.219s] Level 1:colcon.colcon_core.package_identification:_identify(.) by extension 'colcon_pkg'
[0.219s] Level 1:colcon.colcon_core.package_identification:_identify(.) by extensions ['colcon_meta']
[0.219s] Level 1:colcon.colcon_core.package_identification:_identify(.) by extension 'colcon_meta'
[0.219s] Level 1:colcon.colcon_core.package_identification:_identify(.) by extensions ['ros']
[0.219s] Level 1:colcon.colcon_core.package_identification:_identify(.) by extension 'ros'
[0.261s] Level 1:colcon.colcon_core.package_identification:_identify(.) by extensions ['cmake', 'python']
[0.261s] Level 1:colcon.colcon_core.package_identification:_identify(.) by extension 'cmake'
[0.261s] Level 1:colcon.colcon_core.package_identification:_identify(.) by extension 'python'
[0.261s] Level 1:colcon.colcon_core.package_identification:_identify(.) by extensions ['python_setup_py']
[0.261s] Level 1:colcon.colcon_core.package_identification:_identify(.) by extension 'python_setup_py'
[0.261s] Level 1:colcon.colcon_core.package_identification:_identify(build) by extensions ['ignore', 'ignore_ament_install']
[0.261s] Level 1:colcon.colcon_core.package_identification:_identify(build) by extension 'ignore'
[0.261s] Level 1:colcon.colcon_core.package_identification:_identify(build) ignored
[0.261s] Level 1:colcon.colcon_core.package_identification:_identify(install) by extensions ['ignore', 'ignore_ament_install']
[0.262s] Level 1:colcon.colcon_core.package_identification:_identify(install) by extension 'ignore'
[0.262s] Level 1:colcon.colcon_core.package_identification:_identify(install) ignored
[0.262s] Level 1:colcon.colcon_core.package_identification:_identify(log) by extensions ['ignore', 'ignore_ament_install']
[0.262s] Level 1:colcon.colcon_core.package_identification:_identify(log) by extension 'ignore'
[0.262s] Level 1:colcon.colcon_core.package_identification:_identify(log) ignored
[0.262s] Level 1:colcon.colcon_core.package_identification:_identify(src) by extensions ['ignore', 'ignore_ament_install']
[0.262s] Level 1:colcon.colcon_core.package_identification:_identify(src) by extension 'ignore'
[0.262s] Level 1:colcon.colcon_core.package_identification:_identify(src) by extension 'ignore_ament_install'
[0.262s] Level 1:colcon.colcon_core.package_identification:_identify(src) by extensions ['colcon_pkg']
[0.262s] Level 1:colcon.colcon_core.package_identification:_identify(src) by extension 'colcon_pkg'
[0.262s] Level 1:colcon.colcon_core.package_identification:_identify(src) by extensions ['colcon_meta']
[0.262s] Level 1:colcon.colcon_core.package_identification:_identify(src) by extension 'colcon_meta'
[0.262s] Level 1:colcon.colcon_core.package_identification:_identify(src) by extensions ['ros']
[0.262s] Level 1:colcon.colcon_core.package_identification:_identify(src) by extension 'ros'
[0.263s] Level 1:colcon.colcon_core.package_identification:_identify(src) by extensions ['cmake', 'python']
[0.263s] Level 1:colcon.colcon_core.package_identification:_identify(src) by extension 'cmake'
[0.263s] Level 1:colcon.colcon_core.package_identification:_identify(src) by extension 'python'
[0.263s] Level 1:colcon.colcon_core.package_identification:_identify(src) by extensions ['python_setup_py']
[0.263s] Level 1:colcon.colcon_core.package_identification:_identify(src) by extension 'python_setup_py'
[0.265s] Level 1:colcon.colcon_core.package_identification:_identify(src/yahboomcar_base_node) by extensions ['ignore', 'ignore_ament_install']
[0.266s] Level 1:colcon.colcon_core.package_identification:_identify(src/yahboomcar_base_node) by extension 'ignore'
[0.266s] Level 1:colcon.colcon_core.package_identification:_identify(src/yahboomcar_base_node) by extension 'ignore_ament_install'
[0.266s] Level 1:colcon.colcon_core.package_identification:_identify(src/yahboomcar_base_node) by extensions ['colcon_pkg']
[0.266s] Level 1:colcon.colcon_core.package_identification:_identify(src/yahboomcar_base_node) by extension 'colcon_pkg'
[0.266s] Level 1:colcon.colcon_core.package_identification:_identify(src/yahboomcar_base_node) by extensions ['colcon_meta']
[0.266s] Level 1:colcon.colcon_core.package_identification:_identify(src/yahboomcar_base_node) by extension 'colcon_meta'
[0.266s] Level 1:colcon.colcon_core.package_identification:_identify(src/yahboomcar_base_node) by extensions ['ros']
[0.266s] Level 1:colcon.colcon_core.package_identification:_identify(src/yahboomcar_base_node) by extension 'ros'
[0.273s] DEBUG:colcon.colcon_core.package_identification:Package 'src/yahboomcar_base_node' with type 'ros.ament_cmake' and name 'yahboomcar_base_node'
[0.275s] Level 1:colcon.colcon_core.package_identification:_identify(src/yahboomcar_bringup) by extensions ['ignore', 'ignore_ament_install']
[0.275s] Level 1:colcon.colcon_core.package_identification:_identify(src/yahboomcar_bringup) by extension 'ignore'
[0.275s] Level 1:colcon.colcon_core.package_identification:_identify(src/yahboomcar_bringup) by extension 'ignore_ament_install'
[0.275s] Level 1:colcon.colcon_core.package_identification:_identify(src/yahboomcar_bringup) by extensions ['colcon_pkg']
[0.275s] Level 1:colcon.colcon_core.package_identification:_identify(src/yahboomcar_bringup) by extension 'colcon_pkg'
[0.275s] Level 1:colcon.colcon_core.package_identification:_identify(src/yahboomcar_bringup) by extensions ['colcon_meta']
[0.275s] Level 1:colcon.colcon_core.package_identification:_identify(src/yahboomcar_bringup) by extension 'colcon_meta'
[0.275s] Level 1:colcon.colcon_core.package_identification:_identify(src/yahboomcar_bringup) by extensions ['ros']
[0.276s] Level 1:colcon.colcon_core.package_identification:_identify(src/yahboomcar_bringup) by extension 'ros'
[0.339s] DEBUG:colcon.colcon_core.package_identification:Package 'src/yahboomcar_bringup' with type 'ros.ament_python' and name 'yahboomcar_bringup'
[0.343s] Level 1:colcon.colcon_core.package_identification:_identify(src/yahboomcar_ctrl) by extensions ['ignore', 'ignore_ament_install']
[0.344s] Level 1:colcon.colcon_core.package_identification:_identify(src/yahboomcar_ctrl) by extension 'ignore'
[0.344s] Level 1:colcon.colcon_core.package_identification:_identify(src/yahboomcar_ctrl) by extension 'ignore_ament_install'
[0.344s] Level 1:colcon.colcon_core.package_identification:_identify(src/yahboomcar_ctrl) by extensions ['colcon_pkg']
[0.344s] Level 1:colcon.colcon_core.package_identification:_identify(src/yahboomcar_ctrl) by extension 'colcon_pkg'
[0.344s] Level 1:colcon.colcon_core.package_identification:_identify(src/yahboomcar_ctrl) by extensions ['colcon_meta']
[0.344s] Level 1:colcon.colcon_core.package_identification:_identify(src/yahboomcar_ctrl) by extension 'colcon_meta'
[0.344s] Level 1:colcon.colcon_core.package_identification:_identify(src/yahboomcar_ctrl) by extensions ['ros']
[0.344s] Level 1:colcon.colcon_core.package_identification:_identify(src/yahboomcar_ctrl) by extension 'ros'
[0.355s] DEBUG:colcon.colcon_core.package_identification:Package 'src/yahboomcar_ctrl' with type 'ros.ament_python' and name 'yahboomcar_ctrl'
[0.356s] Level 1:colcon.colcon_core.package_identification:_identify(src/yahboomcar_description) by extensions ['ignore', 'ignore_ament_install']
[0.357s] Level 1:colcon.colcon_core.package_identification:_identify(src/yahboomcar_description) by extension 'ignore'
[0.357s] Level 1:colcon.colcon_core.package_identification:_identify(src/yahboomcar_description) by extension 'ignore_ament_install'
[0.357s] Level 1:colcon.colcon_core.package_identification:_identify(src/yahboomcar_description) by extensions ['colcon_pkg']
[0.357s] Level 1:colcon.colcon_core.package_identification:_identify(src/yahboomcar_description) by extension 'colcon_pkg'
[0.357s] Level 1:colcon.colcon_core.package_identification:_identify(src/yahboomcar_description) by extensions ['colcon_meta']
[0.357s] Level 1:colcon.colcon_core.package_identification:_identify(src/yahboomcar_description) by extension 'colcon_meta'
[0.357s] Level 1:colcon.colcon_core.package_identification:_identify(src/yahboomcar_description) by extensions ['ros']
[0.357s] Level 1:colcon.colcon_core.package_identification:_identify(src/yahboomcar_description) by extension 'ros'
[0.360s] DEBUG:colcon.colcon_core.package_identification:Package 'src/yahboomcar_description' with type 'ros.ament_python' and name 'yahboomcar_description'
[0.360s] Level 1:colcon.colcon_core.package_discovery:discover_packages(recursive) using defaults
[0.360s] Level 1:colcon.colcon_core.package_discovery:discover_packages(ignore) discover
[0.360s] Level 1:colcon.colcon_core.package_discovery:discover_packages(ignore) using defaults
[0.360s] Level 1:colcon.colcon_core.package_discovery:discover_packages(path) discover
[0.360s] Level 1:colcon.colcon_core.package_discovery:discover_packages(path) using defaults
[0.394s] Level 1:colcon.colcon_core.package_discovery:discover_packages(prefix_path) check parameters
[0.394s] Level 1:colcon.colcon_core.package_discovery:discover_packages(prefix_path) discover
[0.397s] DEBUG:colcon.colcon_installed_package_information.package_discovery:Found 4 installed packages in /home/amr/icarus_ws/install
[0.398s] DEBUG:colcon.colcon_installed_package_information.package_discovery:Found 1 installed packages in /home/amr/lidar_ws/install
[0.398s] DEBUG:colcon.colcon_installed_package_information.package_discovery:Found 4 installed packages in /home/amr/driver_ws/install
[0.401s] DEBUG:colcon.colcon_installed_package_information.package_discovery:Found 310 installed packages in /opt/ros/jazzy
[0.402s] Level 1:colcon.colcon_core.package_discovery:discover_packages(prefix_path) using defaults
[0.464s] Level 5:colcon.colcon_core.verb:set package 'yahboomcar_base_node' build argument 'cmake_args' from command line to 'None'
[0.464s] Level 5:colcon.colcon_core.verb:set package 'yahboomcar_base_node' build argument 'cmake_target' from command line to 'None'
[0.464s] Level 5:colcon.colcon_core.verb:set package 'yahboomcar_base_node' build argument 'cmake_target_skip_unavailable' from command line to 'False'
[0.464s] Level 5:colcon.colcon_core.verb:set package 'yahboomcar_base_node' build argument 'cmake_clean_cache' from command line to 'False'
[0.464s] Level 5:colcon.colcon_core.verb:set package 'yahboomcar_base_node' build argument 'cmake_clean_first' from command line to 'False'
[0.464s] Level 5:colcon.colcon_core.verb:set package 'yahboomcar_base_node' build argument 'cmake_force_configure' from command line to 'False'
[0.464s] Level 5:colcon.colcon_core.verb:set package 'yahboomcar_base_node' build argument 'ament_cmake_args' from command line to 'None'
[0.464s] Level 5:colcon.colcon_core.verb:set package 'yahboomcar_base_node' build argument 'catkin_cmake_args' from command line to 'None'
[0.464s] Level 5:colcon.colcon_core.verb:set package 'yahboomcar_base_node' build argument 'catkin_skip_building_tests' from command line to 'False'
[0.464s] DEBUG:colcon.colcon_core.verb:Building package 'yahboomcar_base_node' with the following arguments: {'ament_cmake_args': None, 'build_base': '/home/amr/driver_ws/build/yahboomcar_base_node', 'catkin_cmake_args': None, 'catkin_skip_building_tests': False, 'cmake_args': None, 'cmake_clean_cache': False, 'cmake_clean_first': False, 'cmake_force_configure': False, 'cmake_target': None, 'cmake_target_skip_unavailable': False, 'install_base': '/home/amr/driver_ws/install/yahboomcar_base_node', 'merge_install': False, 'path': '/home/amr/driver_ws/src/yahboomcar_base_node', 'symlink_install': False, 'test_result_base': None}
[0.464s] Level 5:colcon.colcon_core.verb:set package 'yahboomcar_bringup' build argument 'cmake_args' from command line to 'None'
[0.464s] Level 5:colcon.colcon_core.verb:set package 'yahboomcar_bringup' build argument 'cmake_target' from command line to 'None'
[0.464s] Level 5:colcon.colcon_core.verb:set package 'yahboomcar_bringup' build argument 'cmake_target_skip_unavailable' from command line to 'False'
[0.464s] Level 5:colcon.colcon_core.verb:set package 'yahboomcar_bringup' build argument 'cmake_clean_cache' from command line to 'False'
[0.464s] Level 5:colcon.colcon_core.verb:set package 'yahboomcar_bringup' build argument 'cmake_clean_first' from command line to 'False'
[0.465s] Level 5:colcon.colcon_core.verb:set package 'yahboomcar_bringup' build argument 'cmake_force_configure' from command line to 'False'
[0.465s] Level 5:colcon.colcon_core.verb:set package 'yahboomcar_bringup' build argument 'ament_cmake_args' from command line to 'None'
[0.465s] Level 5:colcon.colcon_core.verb:set package 'yahboomcar_bringup' build argument 'catkin_cmake_args' from command line to 'None'
[0.465s] Level 5:colcon.colcon_core.verb:set package 'yahboomcar_bringup' build argument 'catkin_skip_building_tests' from command line to 'False'
[0.465s] DEBUG:colcon.colcon_core.verb:Building package 'yahboomcar_bringup' with the following arguments: {'ament_cmake_args': None, 'build_base': '/home/amr/driver_ws/build/yahboomcar_bringup', 'catkin_cmake_args': None, 'catkin_skip_building_tests': False, 'cmake_args': None, 'cmake_clean_cache': False, 'cmake_clean_first': False, 'cmake_force_configure': False, 'cmake_target': None, 'cmake_target_skip_unavailable': False, 'install_base': '/home/amr/driver_ws/install/yahboomcar_bringup', 'merge_install': False, 'path': '/home/amr/driver_ws/src/yahboomcar_bringup', 'symlink_install': False, 'test_result_base': None}
[0.465s] Level 5:colcon.colcon_core.verb:set package 'yahboomcar_ctrl' build argument 'cmake_args' from command line to 'None'
[0.465s] Level 5:colcon.colcon_core.verb:set package 'yahboomcar_ctrl' build argument 'cmake_target' from command line to 'None'
[0.465s] Level 5:colcon.colcon_core.verb:set package 'yahboomcar_ctrl' build argument 'cmake_target_skip_unavailable' from command line to 'False'
[0.465s] Level 5:colcon.colcon_core.verb:set package 'yahboomcar_ctrl' build argument 'cmake_clean_cache' from command line to 'False'
[0.465s] Level 5:colcon.colcon_core.verb:set package 'yahboomcar_ctrl' build argument 'cmake_clean_first' from command line to 'False'
[0.465s] Level 5:colcon.colcon_core.verb:set package 'yahboomcar_ctrl' build argument 'cmake_force_configure' from command line to 'False'
[0.465s] Level 5:colcon.colcon_core.verb:set package 'yahboomcar_ctrl' build argument 'ament_cmake_args' from command line to 'None'
[0.465s] Level 5:colcon.colcon_core.verb:set package 'yahboomcar_ctrl' build argument 'catkin_cmake_args' from command line to 'None'
[0.465s] Level 5:colcon.colcon_core.verb:set package 'yahboomcar_ctrl' build argument 'catkin_skip_building_tests' from command line to 'False'
[0.465s] DEBUG:colcon.colcon_core.verb:Building package 'yahboomcar_ctrl' with the following arguments: {'ament_cmake_args': None, 'build_base': '/home/amr/driver_ws/build/yahboomcar_ctrl', 'catkin_cmake_args': None, 'catkin_skip_building_tests': False, 'cmake_args': None, 'cmake_clean_cache': False, 'cmake_clean_first': False, 'cmake_force_configure': False, 'cmake_target': None, 'cmake_target_skip_unavailable': False, 'install_base': '/home/amr/driver_ws/install/yahboomcar_ctrl', 'merge_install': False, 'path': '/home/amr/driver_ws/src/yahboomcar_ctrl', 'symlink_install': False, 'test_result_base': None}
[0.466s] Level 5:colcon.colcon_core.verb:set package 'yahboomcar_description' build argument 'cmake_args' from command line to 'None'
[0.466s] Level 5:colcon.colcon_core.verb:set package 'yahboomcar_description' build argument 'cmake_target' from command line to 'None'
[0.466s] Level 5:colcon.colcon_core.verb:set package 'yahboomcar_description' build argument 'cmake_target_skip_unavailable' from command line to 'False'
[0.466s] Level 5:colcon.colcon_core.verb:set package 'yahboomcar_description' build argument 'cmake_clean_cache' from command line to 'False'
[0.466s] Level 5:colcon.colcon_core.verb:set package 'yahboomcar_description' build argument 'cmake_clean_first' from command line to 'False'
[0.466s] Level 5:colcon.colcon_core.verb:set package 'yahboomcar_description' build argument 'cmake_force_configure' from command line to 'False'
[0.466s] Level 5:colcon.colcon_core.verb:set package 'yahboomcar_description' build argument 'ament_cmake_args' from command line to 'None'
[0.466s] Level 5:colcon.colcon_core.verb:set package 'yahboomcar_description' build argument 'catkin_cmake_args' from command line to 'None'
[0.466s] Level 5:colcon.colcon_core.verb:set package 'yahboomcar_description' build argument 'catkin_skip_building_tests' from command line to 'False'
[0.466s] DEBUG:colcon.colcon_core.verb:Building package 'yahboomcar_description' with the following arguments: {'ament_cmake_args': None, 'build_base': '/home/amr/driver_ws/build/yahboomcar_description', 'catkin_cmake_args': None, 'catkin_skip_building_tests': False, 'cmake_args': None, 'cmake_clean_cache': False, 'cmake_clean_first': False, 'cmake_force_configure': False, 'cmake_target': None, 'cmake_target_skip_unavailable': False, 'install_base': '/home/amr/driver_ws/install/yahboomcar_description', 'merge_install': False, 'path': '/home/amr/driver_ws/src/yahboomcar_description', 'symlink_install': False, 'test_result_base': None}
[0.466s] INFO:colcon.colcon_core.executor:Executing jobs using 'parallel' executor
[0.467s] DEBUG:colcon.colcon_parallel_executor.executor.parallel:run_until_complete
[0.468s] INFO:colcon.colcon_ros.task.ament_cmake.build:Building ROS package in '/home/amr/driver_ws/src/yahboomcar_base_node' with build type 'ament_cmake'
[0.468s] INFO:colcon.colcon_cmake.task.cmake.build:Building CMake package in '/home/amr/driver_ws/src/yahboomcar_base_node'
[0.470s] INFO:colcon.colcon_core.plugin_system:Skipping extension 'colcon_core.shell.bat': Not used on non-Windows systems
[0.471s] INFO:colcon.colcon_core.shell:Skip shell extension 'powershell' for command environment: Not usable outside of PowerShell
[0.471s] DEBUG:colcon.colcon_core.shell:Skip shell extension 'dsv' for command environment
[0.478s] INFO:colcon.colcon_ros.task.ament_python.build:Building ROS package in '/home/amr/driver_ws/src/yahboomcar_bringup' with build type 'ament_python'
[0.478s] Level 1:colcon.colcon_core.shell:create_environment_hook('yahboomcar_bringup', 'ament_prefix_path')
[0.479s] INFO:colcon.colcon_core.shell:Creating environment hook '/home/amr/driver_ws/install/yahboomcar_bringup/share/yahboomcar_bringup/hook/ament_prefix_path.ps1'
[0.480s] INFO:colcon.colcon_core.shell:Creating environment descriptor '/home/amr/driver_ws/install/yahboomcar_bringup/share/yahboomcar_bringup/hook/ament_prefix_path.dsv'
[0.481s] INFO:colcon.colcon_core.shell:Creating environment hook '/home/amr/driver_ws/install/yahboomcar_bringup/share/yahboomcar_bringup/hook/ament_prefix_path.sh'
[0.482s] INFO:colcon.colcon_core.shell:Skip shell extension 'powershell' for command environment: Not usable outside of PowerShell
[0.482s] DEBUG:colcon.colcon_core.shell:Skip shell extension 'dsv' for command environment
[0.489s] INFO:colcon.colcon_ros.task.ament_python.build:Building ROS package in '/home/amr/driver_ws/src/yahboomcar_ctrl' with build type 'ament_python'
[0.489s] Level 1:colcon.colcon_core.shell:create_environment_hook('yahboomcar_ctrl', 'ament_prefix_path')
[0.490s] INFO:colcon.colcon_core.shell:Creating environment hook '/home/amr/driver_ws/install/yahboomcar_ctrl/share/yahboomcar_ctrl/hook/ament_prefix_path.ps1'
[0.490s] INFO:colcon.colcon_core.shell:Creating environment descriptor '/home/amr/driver_ws/install/yahboomcar_ctrl/share/yahboomcar_ctrl/hook/ament_prefix_path.dsv'
[0.491s] INFO:colcon.colcon_core.shell:Creating environment hook '/home/amr/driver_ws/install/yahboomcar_ctrl/share/yahboomcar_ctrl/hook/ament_prefix_path.sh'
[0.492s] INFO:colcon.colcon_core.shell:Skip shell extension 'powershell' for command environment: Not usable outside of PowerShell
[0.492s] DEBUG:colcon.colcon_core.shell:Skip shell extension 'dsv' for command environment
[0.505s] INFO:colcon.colcon_ros.task.ament_python.build:Building ROS package in '/home/amr/driver_ws/src/yahboomcar_description' with build type 'ament_python'
[0.505s] Level 1:colcon.colcon_core.shell:create_environment_hook('yahboomcar_description', 'ament_prefix_path')
[0.505s] INFO:colcon.colcon_core.shell:Creating environment hook '/home/amr/driver_ws/install/yahboomcar_description/share/yahboomcar_description/hook/ament_prefix_path.ps1'
[0.508s] INFO:colcon.colcon_core.shell:Creating environment descriptor '/home/amr/driver_ws/install/yahboomcar_description/share/yahboomcar_description/hook/ament_prefix_path.dsv'
[0.509s] INFO:colcon.colcon_core.shell:Creating environment hook '/home/amr/driver_ws/install/yahboomcar_description/share/yahboomcar_description/hook/ament_prefix_path.sh'
[0.510s] INFO:colcon.colcon_core.shell:Skip shell extension 'powershell' for command environment: Not usable outside of PowerShell
[0.510s] DEBUG:colcon.colcon_core.shell:Skip shell extension 'dsv' for command environment
[0.563s] DEBUG:colcon.colcon_core.event_handler.log_command:Invoking command in '/home/amr/driver_ws/build/yahboomcar_base_node': CMAKE_PREFIX_PATH=${CMAKE_PREFIX_PATH}:/home/amr/icarus_ws/install/rosbot_description:/home/amr/driver_ws/install/yahboomcar_description:/home/amr/driver_ws/install/yahboomcar_ctrl:/home/amr/driver_ws/install/yahboomcar_bringup:/opt/ros/jazzy /usr/bin/cmake --build /home/amr/driver_ws/build/yahboomcar_base_node -- -j4 -l4
[1.033s] INFO:colcon.colcon_core.task.python.build:Building Python package in '/home/amr/driver_ws/src/yahboomcar_bringup'
[1.034s] INFO:colcon.colcon_core.shell:Skip shell extension 'powershell' for command environment: Not usable outside of PowerShell
[1.034s] DEBUG:colcon.colcon_core.shell:Skip shell extension 'dsv' for command environment
[1.409s] INFO:colcon.colcon_core.task.python.build:Building Python package in '/home/amr/driver_ws/src/yahboomcar_ctrl'
[1.410s] INFO:colcon.colcon_core.shell:Skip shell extension 'powershell' for command environment: Not usable outside of PowerShell
[1.410s] DEBUG:colcon.colcon_core.shell:Skip shell extension 'dsv' for command environment
[1.420s] DEBUG:colcon.colcon_core.event_handler.log_command:Invoked command in '/home/amr/driver_ws/build/yahboomcar_base_node' returned '0': CMAKE_PREFIX_PATH=${CMAKE_PREFIX_PATH}:/home/amr/icarus_ws/install/rosbot_description:/home/amr/driver_ws/install/yahboomcar_description:/home/amr/driver_ws/install/yahboomcar_ctrl:/home/amr/driver_ws/install/yahboomcar_bringup:/opt/ros/jazzy /usr/bin/cmake --build /home/amr/driver_ws/build/yahboomcar_base_node -- -j4 -l4
[1.448s] DEBUG:colcon.colcon_core.event_handler.log_command:Invoking command in '/home/amr/driver_ws/build/yahboomcar_base_node': CMAKE_PREFIX_PATH=${CMAKE_PREFIX_PATH}:/home/amr/icarus_ws/install/rosbot_description:/home/amr/driver_ws/install/yahboomcar_description:/home/amr/driver_ws/install/yahboomcar_ctrl:/home/amr/driver_ws/install/yahboomcar_bringup:/opt/ros/jazzy /usr/bin/cmake --install /home/amr/driver_ws/build/yahboomcar_base_node
[1.787s] INFO:colcon.colcon_core.task.python.build:Building Python package in '/home/amr/driver_ws/src/yahboomcar_description'
[1.787s] INFO:colcon.colcon_core.shell:Skip shell extension 'powershell' for command environment: Not usable outside of PowerShell
[1.787s] DEBUG:colcon.colcon_core.shell:Skip shell extension 'dsv' for command environment
[1.804s] Level 1:colcon.colcon_core.environment:create_environment_scripts_only(yahboomcar_base_node)
[1.808s] DEBUG:colcon.colcon_core.event_handler.log_command:Invoked command in '/home/amr/driver_ws/build/yahboomcar_base_node' returned '0': CMAKE_PREFIX_PATH=${CMAKE_PREFIX_PATH}:/home/amr/icarus_ws/install/rosbot_description:/home/amr/driver_ws/install/yahboomcar_description:/home/amr/driver_ws/install/yahboomcar_ctrl:/home/amr/driver_ws/install/yahboomcar_bringup:/opt/ros/jazzy /usr/bin/cmake --install /home/amr/driver_ws/build/yahboomcar_base_node
[1.809s] Level 1:colcon.colcon_core.environment:checking '/home/amr/driver_ws/install/yahboomcar_base_node' for CMake module files
[1.810s] Level 1:colcon.colcon_core.environment:checking '/home/amr/driver_ws/install/yahboomcar_base_node' for CMake config files
[1.810s] Level 1:colcon.colcon_core.shell:create_environment_hook('yahboomcar_base_node', 'cmake_prefix_path')
[1.811s] INFO:colcon.colcon_core.shell:Creating environment hook '/home/amr/driver_ws/install/yahboomcar_base_node/share/yahboomcar_base_node/hook/cmake_prefix_path.ps1'
[1.812s] INFO:colcon.colcon_core.shell:Creating environment descriptor '/home/amr/driver_ws/install/yahboomcar_base_node/share/yahboomcar_base_node/hook/cmake_prefix_path.dsv'
[1.813s] INFO:colcon.colcon_core.shell:Creating environment hook '/home/amr/driver_ws/install/yahboomcar_base_node/share/yahboomcar_base_node/hook/cmake_prefix_path.sh'
[1.815s] Level 1:colcon.colcon_core.environment:checking '/home/amr/driver_ws/install/yahboomcar_base_node/lib'
[1.816s] Level 1:colcon.colcon_core.environment:checking '/home/amr/driver_ws/install/yahboomcar_base_node/bin'
[1.816s] Level 1:colcon.colcon_core.environment:checking '/home/amr/driver_ws/install/yahboomcar_base_node/lib/pkgconfig/yahboomcar_base_node.pc'
[1.816s] Level 1:colcon.colcon_core.environment:checking '/home/amr/driver_ws/install/yahboomcar_base_node/lib/python3.12/site-packages'
[1.817s] Level 1:colcon.colcon_core.environment:checking '/home/amr/driver_ws/install/yahboomcar_base_node/bin'
[1.817s] INFO:colcon.colcon_core.shell:Creating package script '/home/amr/driver_ws/install/yahboomcar_base_node/share/yahboomcar_base_node/package.ps1'
[1.818s] INFO:colcon.colcon_core.shell:Creating package descriptor '/home/amr/driver_ws/install/yahboomcar_base_node/share/yahboomcar_base_node/package.dsv'
[1.820s] INFO:colcon.colcon_core.shell:Creating package script '/home/amr/driver_ws/install/yahboomcar_base_node/share/yahboomcar_base_node/package.sh'
[1.824s] INFO:colcon.colcon_core.shell:Creating package script '/home/amr/driver_ws/install/yahboomcar_base_node/share/yahboomcar_base_node/package.bash'
[1.825s] INFO:colcon.colcon_core.shell:Creating package script '/home/amr/driver_ws/install/yahboomcar_base_node/share/yahboomcar_base_node/package.zsh'
[1.826s] Level 1:colcon.colcon_core.environment:create_file_with_runtime_dependencies(/home/amr/driver_ws/install/yahboomcar_base_node/share/colcon-core/packages/yahboomcar_base_node)
[1.828s] Level 1:colcon.colcon_core.environment:create_environment_scripts_only(yahboomcar_base_node)
[1.828s] Level 1:colcon.colcon_core.environment:checking '/home/amr/driver_ws/install/yahboomcar_base_node' for CMake module files
[1.829s] Level 1:colcon.colcon_core.environment:checking '/home/amr/driver_ws/install/yahboomcar_base_node' for CMake config files
[1.829s] Level 1:colcon.colcon_core.shell:create_environment_hook('yahboomcar_base_node', 'cmake_prefix_path')
[1.830s] INFO:colcon.colcon_core.shell:Creating environment hook '/home/amr/driver_ws/install/yahboomcar_base_node/share/yahboomcar_base_node/hook/cmake_prefix_path.ps1'
[1.830s] INFO:colcon.colcon_core.shell:Creating environment descriptor '/home/amr/driver_ws/install/yahboomcar_base_node/share/yahboomcar_base_node/hook/cmake_prefix_path.dsv'
[1.831s] INFO:colcon.colcon_core.shell:Creating environment hook '/home/amr/driver_ws/install/yahboomcar_base_node/share/yahboomcar_base_node/hook/cmake_prefix_path.sh'
[1.833s] Level 1:colcon.colcon_core.environment:checking '/home/amr/driver_ws/install/yahboomcar_base_node/lib'
[1.833s] Level 1:colcon.colcon_core.environment:checking '/home/amr/driver_ws/install/yahboomcar_base_node/bin'
[1.833s] Level 1:colcon.colcon_core.environment:checking '/home/amr/driver_ws/install/yahboomcar_base_node/lib/pkgconfig/yahboomcar_base_node.pc'
[1.833s] Level 1:colcon.colcon_core.environment:checking '/home/amr/driver_ws/install/yahboomcar_base_node/lib/python3.12/site-packages'
[1.834s] Level 1:colcon.colcon_core.environment:checking '/home/amr/driver_ws/install/yahboomcar_base_node/bin'
[1.835s] INFO:colcon.colcon_core.shell:Creating package script '/home/amr/driver_ws/install/yahboomcar_base_node/share/yahboomcar_base_node/package.ps1'
[1.836s] INFO:colcon.colcon_core.shell:Creating package descriptor '/home/amr/driver_ws/install/yahboomcar_base_node/share/yahboomcar_base_node/package.dsv'
[1.837s] INFO:colcon.colcon_core.shell:Creating package script '/home/amr/driver_ws/install/yahboomcar_base_node/share/yahboomcar_base_node/package.sh'
[1.837s] INFO:colcon.colcon_core.shell:Creating package script '/home/amr/driver_ws/install/yahboomcar_base_node/share/yahboomcar_base_node/package.bash'
[1.839s] INFO:colcon.colcon_core.shell:Creating package script '/home/amr/driver_ws/install/yahboomcar_base_node/share/yahboomcar_base_node/package.zsh'
[1.839s] Level 1:colcon.colcon_core.environment:create_file_with_runtime_dependencies(/home/amr/driver_ws/install/yahboomcar_base_node/share/colcon-core/packages/yahboomcar_base_node)
[2.846s] DEBUG:colcon.colcon_core.event_handler.log_command:Invoking command in '/home/amr/driver_ws/src/yahboomcar_bringup': PYTHONPATH=/home/amr/driver_ws/build/yahboomcar_bringup/prefix_override:/usr/lib/python3/dist-packages/colcon_core/task/python/colcon_distutils_commands:/home/amr/driver_ws/install/yahboomcar_bringup/lib/python3.12/site-packages:${PYTHONPATH} /usr/bin/python3 -W ignore:setup.py install is deprecated -W ignore:easy_install command is deprecated setup.py egg_info --egg-base ../../build/yahboomcar_bringup build --build-base /home/amr/driver_ws/build/yahboomcar_bringup/build install --record /home/amr/driver_ws/build/yahboomcar_bringup/install.log --install-scripts $base/lib/yahboomcar_bringup --single-version-externally-managed install_data
[2.891s] DEBUG:colcon.colcon_core.event_handler.log_command:Invoking command in '/home/amr/driver_ws/src/yahboomcar_ctrl': PYTHONPATH=/home/amr/driver_ws/build/yahboomcar_ctrl/prefix_override:/usr/lib/python3/dist-packages/colcon_core/task/python/colcon_distutils_commands:/home/amr/driver_ws/install/yahboomcar_ctrl/lib/python3.12/site-packages:${PYTHONPATH} /usr/bin/python3 -W ignore:setup.py install is deprecated -W ignore:easy_install command is deprecated setup.py egg_info --egg-base ../../build/yahboomcar_ctrl build --build-base /home/amr/driver_ws/build/yahboomcar_ctrl/build install --record /home/amr/driver_ws/build/yahboomcar_ctrl/install.log --install-scripts $base/lib/yahboomcar_ctrl --single-version-externally-managed install_data
[2.932s] DEBUG:colcon.colcon_core.event_handler.log_command:Invoking command in '/home/amr/driver_ws/src/yahboomcar_description': PYTHONPATH=/home/amr/driver_ws/build/yahboomcar_description/prefix_override:/usr/lib/python3/dist-packages/colcon_core/task/python/colcon_distutils_commands:/home/amr/driver_ws/install/yahboomcar_description/lib/python3.12/site-packages:${PYTHONPATH} /usr/bin/python3 -W ignore:setup.py install is deprecated -W ignore:easy_install command is deprecated setup.py egg_info --egg-base ../../build/yahboomcar_description build --build-base /home/amr/driver_ws/build/yahboomcar_description/build install --record /home/amr/driver_ws/build/yahboomcar_description/install.log --install-scripts $base/lib/yahboomcar_description --single-version-externally-managed install_data
[3.835s] Level 1:colcon.colcon_core.environment:checking '/home/amr/driver_ws/install/yahboomcar_bringup' for CMake module files
[3.836s] Level 1:colcon.colcon_core.environment:checking '/home/amr/driver_ws/install/yahboomcar_bringup' for CMake config files
[3.837s] Level 1:colcon.colcon_core.environment:checking '/home/amr/driver_ws/install/yahboomcar_bringup/lib'
[3.837s] DEBUG:colcon.colcon_core.event_handler.log_command:Invoked command in '/home/amr/driver_ws/src/yahboomcar_bringup' returned '0': PYTHONPATH=/home/amr/driver_ws/build/yahboomcar_bringup/prefix_override:/usr/lib/python3/dist-packages/colcon_core/task/python/colcon_distutils_commands:/home/amr/driver_ws/install/yahboomcar_bringup/lib/python3.12/site-packages:${PYTHONPATH} /usr/bin/python3 -W ignore:setup.py install is deprecated -W ignore:easy_install command is deprecated setup.py egg_info --egg-base ../../build/yahboomcar_bringup build --build-base /home/amr/driver_ws/build/yahboomcar_bringup/build install --record /home/amr/driver_ws/build/yahboomcar_bringup/install.log --install-scripts $base/lib/yahboomcar_bringup --single-version-externally-managed install_data
[3.838s] Level 1:colcon.colcon_core.environment:checking '/home/amr/driver_ws/install/yahboomcar_bringup/bin'
[3.838s] Level 1:colcon.colcon_core.environment:checking '/home/amr/driver_ws/install/yahboomcar_bringup/lib/pkgconfig/yahboomcar_bringup.pc'
[3.838s] Level 1:colcon.colcon_core.environment:checking '/home/amr/driver_ws/install/yahboomcar_bringup/lib/python3.12/site-packages'
[3.838s] Level 1:colcon.colcon_core.shell:create_environment_hook('yahboomcar_bringup', 'pythonpath')
[3.839s] INFO:colcon.colcon_core.shell:Creating environment hook '/home/amr/driver_ws/install/yahboomcar_bringup/share/yahboomcar_bringup/hook/pythonpath.ps1'
[3.840s] INFO:colcon.colcon_core.shell:Creating environment descriptor '/home/amr/driver_ws/install/yahboomcar_bringup/share/yahboomcar_bringup/hook/pythonpath.dsv'
[3.841s] INFO:colcon.colcon_core.shell:Creating environment hook '/home/amr/driver_ws/install/yahboomcar_bringup/share/yahboomcar_bringup/hook/pythonpath.sh'
[3.843s] Level 1:colcon.colcon_core.environment:checking '/home/amr/driver_ws/install/yahboomcar_bringup/bin'
[3.843s] Level 1:colcon.colcon_core.environment:create_environment_scripts_only(yahboomcar_bringup)
[3.844s] INFO:colcon.colcon_core.shell:Creating package script '/home/amr/driver_ws/install/yahboomcar_bringup/share/yahboomcar_bringup/package.ps1'
[3.845s] INFO:colcon.colcon_core.shell:Creating package descriptor '/home/amr/driver_ws/install/yahboomcar_bringup/share/yahboomcar_bringup/package.dsv'
[3.847s] INFO:colcon.colcon_core.shell:Creating package script '/home/amr/driver_ws/install/yahboomcar_bringup/share/yahboomcar_bringup/package.sh'
[3.848s] INFO:colcon.colcon_core.shell:Creating package script '/home/amr/driver_ws/install/yahboomcar_bringup/share/yahboomcar_bringup/package.bash'
[3.850s] INFO:colcon.colcon_core.shell:Creating package script '/home/amr/driver_ws/install/yahboomcar_bringup/share/yahboomcar_bringup/package.zsh'
[3.853s] Level 1:colcon.colcon_core.environment:create_file_with_runtime_dependencies(/home/amr/driver_ws/install/yahboomcar_bringup/share/colcon-core/packages/yahboomcar_bringup)
[3.856s] Level 1:colcon.colcon_core.environment:checking '/home/amr/driver_ws/install/yahboomcar_ctrl' for CMake module files
[3.857s] DEBUG:colcon.colcon_core.event_handler.log_command:Invoked command in '/home/amr/driver_ws/src/yahboomcar_ctrl' returned '0': PYTHONPATH=/home/amr/driver_ws/build/yahboomcar_ctrl/prefix_override:/usr/lib/python3/dist-packages/colcon_core/task/python/colcon_distutils_commands:/home/amr/driver_ws/install/yahboomcar_ctrl/lib/python3.12/site-packages:${PYTHONPATH} /usr/bin/python3 -W ignore:setup.py install is deprecated -W ignore:easy_install command is deprecated setup.py egg_info --egg-base ../../build/yahboomcar_ctrl build --build-base /home/amr/driver_ws/build/yahboomcar_ctrl/build install --record /home/amr/driver_ws/build/yahboomcar_ctrl/install.log --install-scripts $base/lib/yahboomcar_ctrl --single-version-externally-managed install_data
[3.857s] Level 1:colcon.colcon_core.environment:checking '/home/amr/driver_ws/install/yahboomcar_ctrl' for CMake config files
[3.858s] Level 1:colcon.colcon_core.environment:checking '/home/amr/driver_ws/install/yahboomcar_ctrl/lib'
[3.858s] Level 1:colcon.colcon_core.environment:checking '/home/amr/driver_ws/install/yahboomcar_ctrl/bin'
[3.858s] Level 1:colcon.colcon_core.environment:checking '/home/amr/driver_ws/install/yahboomcar_ctrl/lib/pkgconfig/yahboomcar_ctrl.pc'
[3.859s] Level 1:colcon.colcon_core.environment:checking '/home/amr/driver_ws/install/yahboomcar_ctrl/lib/python3.12/site-packages'
[3.859s] Level 1:colcon.colcon_core.shell:create_environment_hook('yahboomcar_ctrl', 'pythonpath')
[3.859s] INFO:colcon.colcon_core.shell:Creating environment hook '/home/amr/driver_ws/install/yahboomcar_ctrl/share/yahboomcar_ctrl/hook/pythonpath.ps1'
[3.860s] INFO:colcon.colcon_core.shell:Creating environment descriptor '/home/amr/driver_ws/install/yahboomcar_ctrl/share/yahboomcar_ctrl/hook/pythonpath.dsv'
[3.861s] INFO:colcon.colcon_core.shell:Creating environment hook '/home/amr/driver_ws/install/yahboomcar_ctrl/share/yahboomcar_ctrl/hook/pythonpath.sh'
[3.862s] Level 1:colcon.colcon_core.environment:checking '/home/amr/driver_ws/install/yahboomcar_ctrl/bin'
[3.862s] Level 1:colcon.colcon_core.environment:create_environment_scripts_only(yahboomcar_ctrl)
[3.862s] INFO:colcon.colcon_core.shell:Creating package script '/home/amr/driver_ws/install/yahboomcar_ctrl/share/yahboomcar_ctrl/package.ps1'
[3.863s] INFO:colcon.colcon_core.shell:Creating package descriptor '/home/amr/driver_ws/install/yahboomcar_ctrl/share/yahboomcar_ctrl/package.dsv'
[3.864s] INFO:colcon.colcon_core.shell:Creating package script '/home/amr/driver_ws/install/yahboomcar_ctrl/share/yahboomcar_ctrl/package.sh'
[3.864s] INFO:colcon.colcon_core.shell:Creating package script '/home/amr/driver_ws/install/yahboomcar_ctrl/share/yahboomcar_ctrl/package.bash'
[3.865s] INFO:colcon.colcon_core.shell:Creating package script '/home/amr/driver_ws/install/yahboomcar_ctrl/share/yahboomcar_ctrl/package.zsh'
[3.867s] Level 1:colcon.colcon_core.environment:create_file_with_runtime_dependencies(/home/amr/driver_ws/install/yahboomcar_ctrl/share/colcon-core/packages/yahboomcar_ctrl)
[3.880s] Level 1:colcon.colcon_core.environment:checking '/home/amr/driver_ws/install/yahboomcar_description' for CMake module files
[3.881s] DEBUG:colcon.colcon_core.event_handler.log_command:Invoked command in '/home/amr/driver_ws/src/yahboomcar_description' returned '0': PYTHONPATH=/home/amr/driver_ws/build/yahboomcar_description/prefix_override:/usr/lib/python3/dist-packages/colcon_core/task/python/colcon_distutils_commands:/home/amr/driver_ws/install/yahboomcar_description/lib/python3.12/site-packages:${PYTHONPATH} /usr/bin/python3 -W ignore:setup.py install is deprecated -W ignore:easy_install command is deprecated setup.py egg_info --egg-base ../../build/yahboomcar_description build --build-base /home/amr/driver_ws/build/yahboomcar_description/build install --record /home/amr/driver_ws/build/yahboomcar_description/install.log --install-scripts $base/lib/yahboomcar_description --single-version-externally-managed install_data
[3.882s] Level 1:colcon.colcon_core.environment:checking '/home/amr/driver_ws/install/yahboomcar_description' for CMake config files
[3.883s] Level 1:colcon.colcon_core.environment:checking '/home/amr/driver_ws/install/yahboomcar_description/lib'
[3.883s] Level 1:colcon.colcon_core.environment:checking '/home/amr/driver_ws/install/yahboomcar_description/bin'
[3.884s] Level 1:colcon.colcon_core.environment:checking '/home/amr/driver_ws/install/yahboomcar_description/lib/pkgconfig/yahboomcar_description.pc'
[3.884s] Level 1:colcon.colcon_core.environment:checking '/home/amr/driver_ws/install/yahboomcar_description/lib/python3.12/site-packages'
[3.884s] Level 1:colcon.colcon_core.shell:create_environment_hook('yahboomcar_description', 'pythonpath')
[3.884s] INFO:colcon.colcon_core.shell:Creating environment hook '/home/amr/driver_ws/install/yahboomcar_description/share/yahboomcar_description/hook/pythonpath.ps1'
[3.885s] INFO:colcon.colcon_core.shell:Creating environment descriptor '/home/amr/driver_ws/install/yahboomcar_description/share/yahboomcar_description/hook/pythonpath.dsv'
[3.886s] INFO:colcon.colcon_core.shell:Creating environment hook '/home/amr/driver_ws/install/yahboomcar_description/share/yahboomcar_description/hook/pythonpath.sh'
[3.888s] Level 1:colcon.colcon_core.environment:checking '/home/amr/driver_ws/install/yahboomcar_description/bin'
[3.888s] Level 1:colcon.colcon_core.environment:create_environment_scripts_only(yahboomcar_description)
[3.888s] INFO:colcon.colcon_core.shell:Creating package script '/home/amr/driver_ws/install/yahboomcar_description/share/yahboomcar_description/package.ps1'
[3.889s] INFO:colcon.colcon_core.shell:Creating package descriptor '/home/amr/driver_ws/install/yahboomcar_description/share/yahboomcar_description/package.dsv'
[3.890s] INFO:colcon.colcon_core.shell:Creating package script '/home/amr/driver_ws/install/yahboomcar_description/share/yahboomcar_description/package.sh'
[3.891s] INFO:colcon.colcon_core.shell:Creating package script '/home/amr/driver_ws/install/yahboomcar_description/share/yahboomcar_description/package.bash'
[3.893s] INFO:colcon.colcon_core.shell:Creating package script '/home/amr/driver_ws/install/yahboomcar_description/share/yahboomcar_description/package.zsh'
[3.894s] Level 1:colcon.colcon_core.environment:create_file_with_runtime_dependencies(/home/amr/driver_ws/install/yahboomcar_description/share/colcon-core/packages/yahboomcar_description)
[3.895s] DEBUG:colcon.colcon_parallel_executor.executor.parallel:closing loop
[3.895s] DEBUG:colcon.colcon_parallel_executor.executor.parallel:loop closed
[3.896s] DEBUG:colcon.colcon_parallel_executor.executor.parallel:run_until_complete finished with '0'
[3.896s] DEBUG:colcon.colcon_core.event_reactor:joining thread
[3.905s] INFO:colcon.colcon_core.plugin_system:Skipping extension 'colcon_notification.desktop_notification.notify_send': Could not find 'notify-send'
[3.905s] INFO:colcon.colcon_core.plugin_system:Skipping extension 'colcon_notification.desktop_notification.terminal_notifier': Not used on non-Darwin systems
[3.905s] INFO:colcon.colcon_core.plugin_system:Skipping extension 'colcon_notification.desktop_notification.win32': Not used on non-Windows systems
[3.905s] INFO:colcon.colcon_notification.desktop_notification:Sending desktop notification using 'notify2'
[3.907s] DEBUG:colcon.colcon_notification.desktop_notification.notify2:Failed to initialize notify2: org.freedesktop.DBus.Error.ServiceUnknown: The name org.freedesktop.Notifications was not provided by any .service files
[3.907s] DEBUG:colcon.colcon_core.event_reactor:joined thread
[3.907s] INFO:colcon.colcon_core.shell:Creating prefix script '/home/amr/driver_ws/install/local_setup.ps1'
[3.908s] INFO:colcon.colcon_core.shell:Creating prefix util module '/home/amr/driver_ws/install/_local_setup_util_ps1.py'
[3.910s] INFO:colcon.colcon_core.shell:Creating prefix chain script '/home/amr/driver_ws/install/setup.ps1'
[3.914s] INFO:colcon.colcon_core.shell:Creating prefix script '/home/amr/driver_ws/install/local_setup.sh'
[3.915s] INFO:colcon.colcon_core.shell:Creating prefix util module '/home/amr/driver_ws/install/_local_setup_util_sh.py'
[3.915s] INFO:colcon.colcon_core.shell:Creating prefix chain script '/home/amr/driver_ws/install/setup.sh'
[3.917s] INFO:colcon.colcon_core.shell:Creating prefix script '/home/amr/driver_ws/install/local_setup.bash'
[3.919s] INFO:colcon.colcon_core.shell:Creating prefix chain script '/home/amr/driver_ws/install/setup.bash'
[3.920s] INFO:colcon.colcon_core.shell:Creating prefix script '/home/amr/driver_ws/install/local_setup.zsh'
[3.921s] INFO:colcon.colcon_core.shell:Creating prefix chain script '/home/amr/driver_ws/install/setup.zsh'
