[0.284s] DEBUG:colcon:Command line arguments: ['/usr/bin/colcon', 'build']
[0.285s] DEBUG:colcon:Parsed command line arguments: Namespace(log_base=None, log_level=None, verb_name='build', build_base='build', install_base='install', merge_install=False, symlink_install=False, test_result_base=None, continue_on_error=False, executor='parallel', parallel_workers=4, event_handlers=None, ignore_user_meta=False, metas=['./colcon.meta'], base_paths=['.'], packages_ignore=None, packages_ignore_regex=None, paths=None, packages_up_to=None, packages_up_to_regex=None, packages_above=None, packages_above_and_dependencies=None, packages_above_depth=None, packages_select_by_dep=None, packages_skip_by_dep=None, packages_skip_up_to=None, packages_select_build_failed=False, packages_skip_build_finished=False, packages_select_test_failures=False, packages_skip_test_passed=False, packages_select=None, packages_skip=None, packages_select_regex=None, packages_skip_regex=None, packages_start=None, packages_end=None, allow_overriding=[], cmake_args=None, cmake_target=None, cmake_target_skip_unavailable=False, cmake_clean_cache=False, cmake_clean_first=False, cmake_force_configure=False, ament_cmake_args=None, catkin_cmake_args=None, catkin_skip_building_tests=False, mixin_files=None, mixin=None, verb_parser=<colcon_mixin.mixin.mixin_argument.MixinArgumentDecorator object at 0xffff7f3f1a60>, verb_extension=<colcon_core.verb.build.BuildVerb object at 0xffff7f59e870>, main=<bound method BuildVerb.main of <colcon_core.verb.build.BuildVerb object at 0xffff7f59e870>>, mixin_verb=('build',))
[0.401s] Level 1:colcon.colcon_core.package_discovery:discover_packages(colcon_meta) check parameters
[0.401s] Level 1:colcon.colcon_core.package_discovery:discover_packages(recursive) check parameters
[0.401s] Level 1:colcon.colcon_core.package_discovery:discover_packages(ignore) check parameters
[0.401s] Level 1:colcon.colcon_core.package_discovery:discover_packages(path) check parameters
[0.401s] Level 1:colcon.colcon_core.package_discovery:discover_packages(colcon_meta) discover
[0.401s] Level 1:colcon.colcon_core.package_discovery:discover_packages(recursive) discover
[0.401s] INFO:colcon.colcon_core.package_discovery:Crawling recursively for packages in '/home/amr/lidar_ws'
[0.402s] Level 1:colcon.colcon_core.package_identification:_identify(.) by extensions ['ignore', 'ignore_ament_install']
[0.402s] Level 1:colcon.colcon_core.package_identification:_identify(.) by extension 'ignore'
[0.402s] Level 1:colcon.colcon_core.package_identification:_identify(.) by extension 'ignore_ament_install'
[0.402s] Level 1:colcon.colcon_core.package_identification:_identify(.) by extensions ['colcon_pkg']
[0.402s] Level 1:colcon.colcon_core.package_identification:_identify(.) by extension 'colcon_pkg'
[0.402s] Level 1:colcon.colcon_core.package_identification:_identify(.) by extensions ['colcon_meta']
[0.402s] Level 1:colcon.colcon_core.package_identification:_identify(.) by extension 'colcon_meta'
[0.402s] Level 1:colcon.colcon_core.package_identification:_identify(.) by extensions ['ros']
[0.402s] Level 1:colcon.colcon_core.package_identification:_identify(.) by extension 'ros'
[0.483s] Level 1:colcon.colcon_core.package_identification:_identify(.) by extensions ['cmake', 'python']
[0.483s] Level 1:colcon.colcon_core.package_identification:_identify(.) by extension 'cmake'
[0.483s] Level 1:colcon.colcon_core.package_identification:_identify(.) by extension 'python'
[0.483s] Level 1:colcon.colcon_core.package_identification:_identify(.) by extensions ['python_setup_py']
[0.483s] Level 1:colcon.colcon_core.package_identification:_identify(.) by extension 'python_setup_py'
[0.483s] Level 1:colcon.colcon_core.package_identification:_identify(build) by extensions ['ignore', 'ignore_ament_install']
[0.483s] Level 1:colcon.colcon_core.package_identification:_identify(build) by extension 'ignore'
[0.484s] Level 1:colcon.colcon_core.package_identification:_identify(build) ignored
[0.484s] Level 1:colcon.colcon_core.package_identification:_identify(install) by extensions ['ignore', 'ignore_ament_install']
[0.484s] Level 1:colcon.colcon_core.package_identification:_identify(install) by extension 'ignore'
[0.484s] Level 1:colcon.colcon_core.package_identification:_identify(install) ignored
[0.484s] Level 1:colcon.colcon_core.package_identification:_identify(log) by extensions ['ignore', 'ignore_ament_install']
[0.484s] Level 1:colcon.colcon_core.package_identification:_identify(log) by extension 'ignore'
[0.484s] Level 1:colcon.colcon_core.package_identification:_identify(log) ignored
[0.484s] Level 1:colcon.colcon_core.package_identification:_identify(src) by extensions ['ignore', 'ignore_ament_install']
[0.484s] Level 1:colcon.colcon_core.package_identification:_identify(src) by extension 'ignore'
[0.484s] Level 1:colcon.colcon_core.package_identification:_identify(src) by extension 'ignore_ament_install'
[0.484s] Level 1:colcon.colcon_core.package_identification:_identify(src) by extensions ['colcon_pkg']
[0.484s] Level 1:colcon.colcon_core.package_identification:_identify(src) by extension 'colcon_pkg'
[0.485s] Level 1:colcon.colcon_core.package_identification:_identify(src) by extensions ['colcon_meta']
[0.485s] Level 1:colcon.colcon_core.package_identification:_identify(src) by extension 'colcon_meta'
[0.485s] Level 1:colcon.colcon_core.package_identification:_identify(src) by extensions ['ros']
[0.485s] Level 1:colcon.colcon_core.package_identification:_identify(src) by extension 'ros'
[0.485s] Level 1:colcon.colcon_core.package_identification:_identify(src) by extensions ['cmake', 'python']
[0.485s] Level 1:colcon.colcon_core.package_identification:_identify(src) by extension 'cmake'
[0.485s] Level 1:colcon.colcon_core.package_identification:_identify(src) by extension 'python'
[0.485s] Level 1:colcon.colcon_core.package_identification:_identify(src) by extensions ['python_setup_py']
[0.485s] Level 1:colcon.colcon_core.package_identification:_identify(src) by extension 'python_setup_py'
[0.485s] Level 1:colcon.colcon_core.package_identification:_identify(src/rplidar_ros) by extensions ['ignore', 'ignore_ament_install']
[0.485s] Level 1:colcon.colcon_core.package_identification:_identify(src/rplidar_ros) by extension 'ignore'
[0.485s] Level 1:colcon.colcon_core.package_identification:_identify(src/rplidar_ros) by extension 'ignore_ament_install'
[0.485s] Level 1:colcon.colcon_core.package_identification:_identify(src/rplidar_ros) by extensions ['colcon_pkg']
[0.485s] Level 1:colcon.colcon_core.package_identification:_identify(src/rplidar_ros) by extension 'colcon_pkg'
[0.485s] Level 1:colcon.colcon_core.package_identification:_identify(src/rplidar_ros) by extensions ['colcon_meta']
[0.485s] Level 1:colcon.colcon_core.package_identification:_identify(src/rplidar_ros) by extension 'colcon_meta'
[0.485s] Level 1:colcon.colcon_core.package_identification:_identify(src/rplidar_ros) by extensions ['ros']
[0.485s] Level 1:colcon.colcon_core.package_identification:_identify(src/rplidar_ros) by extension 'ros'
[0.491s] DEBUG:colcon.colcon_core.package_identification:Package 'src/rplidar_ros' with type 'ros.ament_cmake' and name 'rplidar_ros'
[0.491s] Level 1:colcon.colcon_core.package_discovery:discover_packages(recursive) using defaults
[0.491s] Level 1:colcon.colcon_core.package_discovery:discover_packages(ignore) discover
[0.491s] Level 1:colcon.colcon_core.package_discovery:discover_packages(ignore) using defaults
[0.491s] Level 1:colcon.colcon_core.package_discovery:discover_packages(path) discover
[0.491s] Level 1:colcon.colcon_core.package_discovery:discover_packages(path) using defaults
[0.550s] Level 1:colcon.colcon_core.package_discovery:discover_packages(prefix_path) check parameters
[0.550s] Level 1:colcon.colcon_core.package_discovery:discover_packages(prefix_path) discover
[0.557s] DEBUG:colcon.colcon_installed_package_information.package_discovery:Found 5 installed packages in /home/amr/icarus_ws/install
[0.557s] DEBUG:colcon.colcon_installed_package_information.package_discovery:Found 1 installed packages in /home/amr/lidar_ws/install
[0.558s] DEBUG:colcon.colcon_installed_package_information.package_discovery:Found 5 installed packages in /home/amr/driver_ws/install
[0.561s] DEBUG:colcon.colcon_installed_package_information.package_discovery:Found 310 installed packages in /opt/ros/jazzy
[0.562s] Level 1:colcon.colcon_core.package_discovery:discover_packages(prefix_path) using defaults
[0.633s] Level 5:colcon.colcon_core.verb:set package 'rplidar_ros' build argument 'cmake_args' from command line to 'None'
[0.633s] Level 5:colcon.colcon_core.verb:set package 'rplidar_ros' build argument 'cmake_target' from command line to 'None'
[0.633s] Level 5:colcon.colcon_core.verb:set package 'rplidar_ros' build argument 'cmake_target_skip_unavailable' from command line to 'False'
[0.633s] Level 5:colcon.colcon_core.verb:set package 'rplidar_ros' build argument 'cmake_clean_cache' from command line to 'False'
[0.633s] Level 5:colcon.colcon_core.verb:set package 'rplidar_ros' build argument 'cmake_clean_first' from command line to 'False'
[0.633s] Level 5:colcon.colcon_core.verb:set package 'rplidar_ros' build argument 'cmake_force_configure' from command line to 'False'
[0.633s] Level 5:colcon.colcon_core.verb:set package 'rplidar_ros' build argument 'ament_cmake_args' from command line to 'None'
[0.633s] Level 5:colcon.colcon_core.verb:set package 'rplidar_ros' build argument 'catkin_cmake_args' from command line to 'None'
[0.633s] Level 5:colcon.colcon_core.verb:set package 'rplidar_ros' build argument 'catkin_skip_building_tests' from command line to 'False'
[0.633s] DEBUG:colcon.colcon_core.verb:Building package 'rplidar_ros' with the following arguments: {'ament_cmake_args': None, 'build_base': '/home/amr/lidar_ws/build/rplidar_ros', 'catkin_cmake_args': None, 'catkin_skip_building_tests': False, 'cmake_args': None, 'cmake_clean_cache': False, 'cmake_clean_first': False, 'cmake_force_configure': False, 'cmake_target': None, 'cmake_target_skip_unavailable': False, 'install_base': '/home/amr/lidar_ws/install/rplidar_ros', 'merge_install': False, 'path': '/home/amr/lidar_ws/src/rplidar_ros', 'symlink_install': False, 'test_result_base': None}
[0.634s] INFO:colcon.colcon_core.executor:Executing jobs using 'parallel' executor
[0.635s] DEBUG:colcon.colcon_parallel_executor.executor.parallel:run_until_complete
[0.635s] INFO:colcon.colcon_ros.task.ament_cmake.build:Building ROS package in '/home/amr/lidar_ws/src/rplidar_ros' with build type 'ament_cmake'
[0.635s] INFO:colcon.colcon_cmake.task.cmake.build:Building CMake package in '/home/amr/lidar_ws/src/rplidar_ros'
[0.644s] INFO:colcon.colcon_core.plugin_system:Skipping extension 'colcon_core.shell.bat': Not used on non-Windows systems
[0.644s] INFO:colcon.colcon_core.shell:Skip shell extension 'powershell' for command environment: Not usable outside of PowerShell
[0.644s] DEBUG:colcon.colcon_core.shell:Skip shell extension 'dsv' for command environment
[0.661s] DEBUG:colcon.colcon_core.event_handler.log_command:Invoking command in '/home/amr/lidar_ws/build/rplidar_ros': CMAKE_PREFIX_PATH=${CMAKE_PREFIX_PATH}:/home/amr/driver_ws/install/yahboomcar_description:/home/amr/driver_ws/install/yahboomcar_ctrl:/home/amr/driver_ws/install/yahboomcar_bringup:/home/amr/driver_ws/install/joystick_node:/home/amr/icarus_ws/install/rosbot_description:/opt/ros/jazzy /usr/bin/cmake --build /home/amr/lidar_ws/build/rplidar_ros -- -j4 -l4
[1.351s] DEBUG:colcon.colcon_core.event_handler.log_command:Invoked command in '/home/amr/lidar_ws/build/rplidar_ros' returned '0': CMAKE_PREFIX_PATH=${CMAKE_PREFIX_PATH}:/home/amr/driver_ws/install/yahboomcar_description:/home/amr/driver_ws/install/yahboomcar_ctrl:/home/amr/driver_ws/install/yahboomcar_bringup:/home/amr/driver_ws/install/joystick_node:/home/amr/icarus_ws/install/rosbot_description:/opt/ros/jazzy /usr/bin/cmake --build /home/amr/lidar_ws/build/rplidar_ros -- -j4 -l4
[1.374s] DEBUG:colcon.colcon_core.event_handler.log_command:Invoking command in '/home/amr/lidar_ws/build/rplidar_ros': CMAKE_PREFIX_PATH=${CMAKE_PREFIX_PATH}:/home/amr/driver_ws/install/yahboomcar_description:/home/amr/driver_ws/install/yahboomcar_ctrl:/home/amr/driver_ws/install/yahboomcar_bringup:/home/amr/driver_ws/install/joystick_node:/home/amr/icarus_ws/install/rosbot_description:/opt/ros/jazzy /usr/bin/cmake --install /home/amr/lidar_ws/build/rplidar_ros
[1.402s] Level 1:colcon.colcon_core.environment:create_environment_scripts_only(rplidar_ros)
[1.403s] DEBUG:colcon.colcon_core.event_handler.log_command:Invoked command in '/home/amr/lidar_ws/build/rplidar_ros' returned '0': CMAKE_PREFIX_PATH=${CMAKE_PREFIX_PATH}:/home/amr/driver_ws/install/yahboomcar_description:/home/amr/driver_ws/install/yahboomcar_ctrl:/home/amr/driver_ws/install/yahboomcar_bringup:/home/amr/driver_ws/install/joystick_node:/home/amr/icarus_ws/install/rosbot_description:/opt/ros/jazzy /usr/bin/cmake --install /home/amr/lidar_ws/build/rplidar_ros
[1.413s] Level 1:colcon.colcon_core.environment:checking '/home/amr/lidar_ws/install/rplidar_ros' for CMake module files
[1.414s] Level 1:colcon.colcon_core.environment:checking '/home/amr/lidar_ws/install/rplidar_ros' for CMake config files
[1.414s] Level 1:colcon.colcon_core.shell:create_environment_hook('rplidar_ros', 'cmake_prefix_path')
[1.415s] INFO:colcon.colcon_core.shell:Creating environment hook '/home/amr/lidar_ws/install/rplidar_ros/share/rplidar_ros/hook/cmake_prefix_path.ps1'
[1.416s] INFO:colcon.colcon_core.shell:Creating environment descriptor '/home/amr/lidar_ws/install/rplidar_ros/share/rplidar_ros/hook/cmake_prefix_path.dsv'
[1.418s] INFO:colcon.colcon_core.shell:Creating environment hook '/home/amr/lidar_ws/install/rplidar_ros/share/rplidar_ros/hook/cmake_prefix_path.sh'
[1.421s] Level 1:colcon.colcon_core.environment:checking '/home/amr/lidar_ws/install/rplidar_ros/lib'
[1.422s] Level 1:colcon.colcon_core.environment:checking '/home/amr/lidar_ws/install/rplidar_ros/bin'
[1.422s] Level 1:colcon.colcon_core.environment:checking '/home/amr/lidar_ws/install/rplidar_ros/lib/pkgconfig/rplidar_ros.pc'
[1.422s] Level 1:colcon.colcon_core.environment:checking '/home/amr/lidar_ws/install/rplidar_ros/lib/python3.12/site-packages'
[1.423s] Level 1:colcon.colcon_core.environment:checking '/home/amr/lidar_ws/install/rplidar_ros/bin'
[1.423s] INFO:colcon.colcon_core.shell:Creating package script '/home/amr/lidar_ws/install/rplidar_ros/share/rplidar_ros/package.ps1'
[1.425s] INFO:colcon.colcon_core.shell:Creating package descriptor '/home/amr/lidar_ws/install/rplidar_ros/share/rplidar_ros/package.dsv'
[1.427s] INFO:colcon.colcon_core.shell:Creating package script '/home/amr/lidar_ws/install/rplidar_ros/share/rplidar_ros/package.sh'
[1.430s] INFO:colcon.colcon_core.shell:Creating package script '/home/amr/lidar_ws/install/rplidar_ros/share/rplidar_ros/package.bash'
[1.434s] INFO:colcon.colcon_core.shell:Creating package script '/home/amr/lidar_ws/install/rplidar_ros/share/rplidar_ros/package.zsh'
[1.437s] Level 1:colcon.colcon_core.environment:create_file_with_runtime_dependencies(/home/amr/lidar_ws/install/rplidar_ros/share/colcon-core/packages/rplidar_ros)
[1.439s] Level 1:colcon.colcon_core.environment:create_environment_scripts_only(rplidar_ros)
[1.440s] Level 1:colcon.colcon_core.environment:checking '/home/amr/lidar_ws/install/rplidar_ros' for CMake module files
[1.440s] Level 1:colcon.colcon_core.environment:checking '/home/amr/lidar_ws/install/rplidar_ros' for CMake config files
[1.441s] Level 1:colcon.colcon_core.shell:create_environment_hook('rplidar_ros', 'cmake_prefix_path')
[1.441s] INFO:colcon.colcon_core.shell:Creating environment hook '/home/amr/lidar_ws/install/rplidar_ros/share/rplidar_ros/hook/cmake_prefix_path.ps1'
[1.442s] INFO:colcon.colcon_core.shell:Creating environment descriptor '/home/amr/lidar_ws/install/rplidar_ros/share/rplidar_ros/hook/cmake_prefix_path.dsv'
[1.443s] INFO:colcon.colcon_core.shell:Creating environment hook '/home/amr/lidar_ws/install/rplidar_ros/share/rplidar_ros/hook/cmake_prefix_path.sh'
[1.445s] Level 1:colcon.colcon_core.environment:checking '/home/amr/lidar_ws/install/rplidar_ros/lib'
[1.445s] Level 1:colcon.colcon_core.environment:checking '/home/amr/lidar_ws/install/rplidar_ros/bin'
[1.445s] Level 1:colcon.colcon_core.environment:checking '/home/amr/lidar_ws/install/rplidar_ros/lib/pkgconfig/rplidar_ros.pc'
[1.446s] Level 1:colcon.colcon_core.environment:checking '/home/amr/lidar_ws/install/rplidar_ros/lib/python3.12/site-packages'
[1.446s] Level 1:colcon.colcon_core.environment:checking '/home/amr/lidar_ws/install/rplidar_ros/bin'
[1.446s] INFO:colcon.colcon_core.shell:Creating package script '/home/amr/lidar_ws/install/rplidar_ros/share/rplidar_ros/package.ps1'
[1.447s] INFO:colcon.colcon_core.shell:Creating package descriptor '/home/amr/lidar_ws/install/rplidar_ros/share/rplidar_ros/package.dsv'
[1.449s] INFO:colcon.colcon_core.shell:Creating package script '/home/amr/lidar_ws/install/rplidar_ros/share/rplidar_ros/package.sh'
[1.450s] INFO:colcon.colcon_core.shell:Creating package script '/home/amr/lidar_ws/install/rplidar_ros/share/rplidar_ros/package.bash'
[1.452s] INFO:colcon.colcon_core.shell:Creating package script '/home/amr/lidar_ws/install/rplidar_ros/share/rplidar_ros/package.zsh'
[1.453s] Level 1:colcon.colcon_core.environment:create_file_with_runtime_dependencies(/home/amr/lidar_ws/install/rplidar_ros/share/colcon-core/packages/rplidar_ros)
[1.457s] DEBUG:colcon.colcon_parallel_executor.executor.parallel:closing loop
[1.457s] DEBUG:colcon.colcon_parallel_executor.executor.parallel:loop closed
[1.457s] DEBUG:colcon.colcon_parallel_executor.executor.parallel:run_until_complete finished with '0'
[1.457s] DEBUG:colcon.colcon_core.event_reactor:joining thread
[1.469s] INFO:colcon.colcon_core.plugin_system:Skipping extension 'colcon_notification.desktop_notification.notify_send': Could not find 'notify-send'
[1.469s] INFO:colcon.colcon_core.plugin_system:Skipping extension 'colcon_notification.desktop_notification.terminal_notifier': Not used on non-Darwin systems
[1.469s] INFO:colcon.colcon_core.plugin_system:Skipping extension 'colcon_notification.desktop_notification.win32': Not used on non-Windows systems
[1.470s] INFO:colcon.colcon_notification.desktop_notification:Sending desktop notification using 'notify2'
[1.492s] DEBUG:colcon.colcon_notification.desktop_notification.notify2:Failed to initialize notify2: org.freedesktop.DBus.Error.ServiceUnknown: The name org.freedesktop.Notifications was not provided by any .service files
[1.492s] DEBUG:colcon.colcon_core.event_reactor:joined thread
[1.493s] INFO:colcon.colcon_core.shell:Creating prefix script '/home/amr/lidar_ws/install/local_setup.ps1'
[1.494s] INFO:colcon.colcon_core.shell:Creating prefix util module '/home/amr/lidar_ws/install/_local_setup_util_ps1.py'
[1.498s] INFO:colcon.colcon_core.shell:Creating prefix chain script '/home/amr/lidar_ws/install/setup.ps1'
[1.501s] INFO:colcon.colcon_core.shell:Creating prefix script '/home/amr/lidar_ws/install/local_setup.sh'
[1.503s] INFO:colcon.colcon_core.shell:Creating prefix util module '/home/amr/lidar_ws/install/_local_setup_util_sh.py'
[1.504s] INFO:colcon.colcon_core.shell:Creating prefix chain script '/home/amr/lidar_ws/install/setup.sh'
[1.507s] INFO:colcon.colcon_core.shell:Creating prefix script '/home/amr/lidar_ws/install/local_setup.bash'
[1.510s] INFO:colcon.colcon_core.shell:Creating prefix chain script '/home/amr/lidar_ws/install/setup.bash'
[1.512s] INFO:colcon.colcon_core.shell:Creating prefix script '/home/amr/lidar_ws/install/local_setup.zsh'
[1.515s] INFO:colcon.colcon_core.shell:Creating prefix chain script '/home/amr/lidar_ws/install/setup.zsh'
