-- The C compiler identification is GNU 13.3.0
-- The CXX compiler identification is GNU 13.3.0
-- Detecting C compiler ABI info
-- Detecting C compiler ABI info - done
-- Check for working C compiler: /usr/bin/cc - skipped
-- Detecting C compile features
-- Detecting C compile features - done
-- Detecting CXX compiler ABI info
-- Detecting CXX compiler ABI info - done
-- Check for working CXX compiler: /usr/bin/c++ - skipped
-- Detecting CXX compile features
-- Detecting CXX compile features - done
-- Found ament_cmake: 2.5.4 (/opt/ros/jazzy/share/ament_cmake/cmake)
-- Found Python3: /usr/bin/python3 (found version "3.12.3") found components: Interpreter 
-- Found tf2: 0.36.12 (/opt/ros/jazzy/share/tf2/cmake)
-- Found rosidl_generator_c: 4.6.5 (/opt/ros/jazzy/share/rosidl_generator_c/cmake)
-- Found rosidl_generator_cpp: 4.6.5 (/opt/ros/jazzy/share/rosidl_generator_cpp/cmake)
-- Using all available rosidl_typesupport_c: rosidl_typesupport_fastrtps_c;rosidl_typesupport_introspection_c
-- Using all available rosidl_typesupport_cpp: rosidl_typesupport_fastrtps_cpp;rosidl_typesupport_introspection_cpp
-- Found tf2_ros: 0.36.12 (/opt/ros/jazzy/share/tf2_ros/cmake)
-- Found rmw_implementation_cmake: 7.3.2 (/opt/ros/jazzy/share/rmw_implementation_cmake/cmake)
-- Found rmw_fastrtps_cpp: 8.4.2 (/opt/ros/jazzy/share/rmw_fastrtps_cpp/cmake)
-- Found OpenSSL: /usr/lib/aarch64-linux-gnu/libcrypto.so (found version "3.0.13")  
-- Found FastRTPS: /opt/ros/jazzy/include (Required is at least version "2.13") 
-- Using RMW implementation 'rmw_fastrtps_cpp' as default
-- Found nav_msgs: 5.3.6 (/opt/ros/jazzy/share/nav_msgs/cmake)
-- Found ament_lint_auto: 0.17.2 (/opt/ros/jazzy/share/ament_lint_auto/cmake)
-- Added test 'copyright' to check source files copyright and LICENSE
-- Added test 'cppcheck' to perform static code analysis on C / C++ code
-- Configured cppcheck include dirs: 
-- Configured cppcheck exclude dirs and/or files: 
-- Added test 'cpplint' to check C / C++ code against the Google style
-- Configured cpplint exclude dirs and/or files: 
-- Added test 'lint_cmake' to check CMake code style
-- Added test 'uncrustify' to check C / C++ code style
-- Configured uncrustify additional arguments: 
-- Added test 'xmllint' to check XML markup files
-- Configuring done (2.5s)
-- Generating done (0.0s)
-- Build files have been written to: /home/amr/driver_ws/build/yahboomcar_base_node
[ 16%] [32mBuilding CXX object CMakeFiles/base_node_R2.dir/src/base_node_R2.cpp.o[0m
[ 33%] [32mBuilding CXX object CMakeFiles/base_node_x1.dir/src/base_node_x1.cpp.o[0m
[ 50%] [32mBuilding CXX object CMakeFiles/base_node_X3.dir/src/base_node_X3.cpp.o[0m
[01m[K/home/amr/driver_ws/src/yahboomcar_base_node/src/base_node_X3.cpp:[m[K In member function ‘[01m[Kvoid OdomPublisher::[01;32m[Khandle_vel[m[K(std::shared_ptr<geometry_msgs::msg::Twist_<std::allocator<void> > >)[m[K’:
[01m[K/home/amr/driver_ws/src/yahboomcar_base_node/src/base_node_X3.cpp:80:32:[m[K [01;35m[Kwarning: [m[Kunused variable ‘[01m[Ksteer_angle[m[K’ [[01;35m[K]8;;https://gcc.gnu.org/onlinedocs/gcc/Warning-Options.html#index-Wunused-variable-Wunused-variable]8;;[m[K]
   80 |                         double [01;35m[Ksteer_angle[m[K = linear_velocity_y_;
      |                                [01;35m[K^~~~~~~~~~~[m[K
[01m[K/home/amr/driver_ws/src/yahboomcar_base_node/src/base_node_X3.cpp:81:32:[m[K [01;35m[Kwarning: [m[Kunused variable ‘[01m[KMI_PI[m[K’ [[01;35m[K]8;;https://gcc.gnu.org/onlinedocs/gcc/Warning-Options.html#index-Wunused-variable-Wunused-variable]8;;[m[K]
   81 |                         double [01;35m[KMI_PI[m[K = 3.1416;
      |                                [01;35m[K^~~~~[m[K
[ 66%] [32m[1mLinking CXX executable base_node_X3[0m
[ 83%] [32m[1mLinking CXX executable base_node_R2[0m
[100%] [32m[1mLinking CXX executable base_node_x1[0m
[100%] Built target base_node_X3
[100%] Built target base_node_x1
[100%] Built target base_node_R2
-- Install configuration: ""
-- Installing: /home/amr/driver_ws/install/yahboomcar_base_node/lib/yahboomcar_base_node/base_node_X3
-- Set non-toolchain portion of runtime path of "/home/amr/driver_ws/install/yahboomcar_base_node/lib/yahboomcar_base_node/base_node_X3" to ""
-- Installing: /home/amr/driver_ws/install/yahboomcar_base_node/lib/yahboomcar_base_node/base_node_x1
-- Set non-toolchain portion of runtime path of "/home/amr/driver_ws/install/yahboomcar_base_node/lib/yahboomcar_base_node/base_node_x1" to ""
-- Installing: /home/amr/driver_ws/install/yahboomcar_base_node/lib/yahboomcar_base_node/base_node_R2
-- Set non-toolchain portion of runtime path of "/home/amr/driver_ws/install/yahboomcar_base_node/lib/yahboomcar_base_node/base_node_R2" to ""
-- Installing: /home/amr/driver_ws/install/yahboomcar_base_node/share/ament_index/resource_index/package_run_dependencies/yahboomcar_base_node
-- Installing: /home/amr/driver_ws/install/yahboomcar_base_node/share/ament_index/resource_index/parent_prefix_path/yahboomcar_base_node
-- Installing: /home/amr/driver_ws/install/yahboomcar_base_node/share/yahboomcar_base_node/environment/ament_prefix_path.sh
-- Installing: /home/amr/driver_ws/install/yahboomcar_base_node/share/yahboomcar_base_node/environment/ament_prefix_path.dsv
-- Installing: /home/amr/driver_ws/install/yahboomcar_base_node/share/yahboomcar_base_node/environment/path.sh
-- Installing: /home/amr/driver_ws/install/yahboomcar_base_node/share/yahboomcar_base_node/environment/path.dsv
-- Installing: /home/amr/driver_ws/install/yahboomcar_base_node/share/yahboomcar_base_node/local_setup.bash
-- Installing: /home/amr/driver_ws/install/yahboomcar_base_node/share/yahboomcar_base_node/local_setup.sh
-- Installing: /home/amr/driver_ws/install/yahboomcar_base_node/share/yahboomcar_base_node/local_setup.zsh
-- Installing: /home/amr/driver_ws/install/yahboomcar_base_node/share/yahboomcar_base_node/local_setup.dsv
-- Installing: /home/amr/driver_ws/install/yahboomcar_base_node/share/yahboomcar_base_node/package.dsv
-- Installing: /home/amr/driver_ws/install/yahboomcar_base_node/share/ament_index/resource_index/packages/yahboomcar_base_node
-- Installing: /home/amr/driver_ws/install/yahboomcar_base_node/share/yahboomcar_base_node/cmake/yahboomcar_base_nodeConfig.cmake
-- Installing: /home/amr/driver_ws/install/yahboomcar_base_node/share/yahboomcar_base_node/cmake/yahboomcar_base_nodeConfig-version.cmake
-- Installing: /home/amr/driver_ws/install/yahboomcar_base_node/share/yahboomcar_base_node/package.xml
