[0.033s] Invoking command in '/home/amr/driver_ws/build/yahboomcar_base_node': CMAKE_PREFIX_PATH=${CMAKE_PREFIX_PATH}:/opt/ros/jazzy /usr/bin/cmake /home/amr/driver_ws/src/yahboomcar_base_node -DCMAKE_INSTALL_PREFIX=/home/amr/driver_ws/install/yahboomcar_base_node
[0.727s] -- The C compiler identification is GNU 13.3.0
[0.728s] -- The CXX compiler identification is GNU 13.3.0
[0.728s] -- Detecting C compiler ABI info
[0.728s] -- Detecting C compiler ABI info - done
[0.728s] -- Check for working C compiler: /usr/bin/cc - skipped
[0.728s] -- Detecting C compile features
[0.728s] -- Detecting C compile features - done
[0.728s] -- Detecting CXX compiler ABI info
[0.728s] -- Detecting CXX compiler ABI info - done
[0.728s] -- Check for working CXX compiler: /usr/bin/c++ - skipped
[0.728s] -- Detecting CXX compile features
[0.729s] -- Detecting CXX compile features - done
[0.729s] -- Found ament_cmake: 2.5.4 (/opt/ros/jazzy/share/ament_cmake/cmake)
[0.920s] -- Found Python3: /usr/bin/python3 (found version "3.12.3") found components: Interpreter 
[1.144s] -- Found tf2: 0.36.12 (/opt/ros/jazzy/share/tf2/cmake)
[1.248s] -- Found rosidl_generator_c: 4.6.5 (/opt/ros/jazzy/share/rosidl_generator_c/cmake)
[1.282s] -- Found rosidl_generator_cpp: 4.6.5 (/opt/ros/jazzy/share/rosidl_generator_cpp/cmake)
[1.316s] -- Using all available rosidl_typesupport_c: rosidl_typesupport_fastrtps_c;rosidl_typesupport_introspection_c
[1.353s] -- Using all available rosidl_typesupport_cpp: rosidl_typesupport_fastrtps_cpp;rosidl_typesupport_introspection_cpp
[1.443s] -- Found tf2_ros: 0.36.12 (/opt/ros/jazzy/share/tf2_ros/cmake)
[1.653s] -- Found rmw_implementation_cmake: 7.3.2 (/opt/ros/jazzy/share/rmw_implementation_cmake/cmake)
[1.660s] -- Found rmw_fastrtps_cpp: 8.4.2 (/opt/ros/jazzy/share/rmw_fastrtps_cpp/cmake)
[1.833s] -- Found OpenSSL: /usr/lib/aarch64-linux-gnu/libcrypto.so (found version "3.0.13")  
[1.865s] -- Found FastRTPS: /opt/ros/jazzy/include (Required is at least version "2.13") 
[1.914s] -- Using RMW implementation 'rmw_fastrtps_cpp' as default
[2.259s] -- Found nav_msgs: 5.3.6 (/opt/ros/jazzy/share/nav_msgs/cmake)
[2.305s] -- Found ament_lint_auto: 0.17.2 (/opt/ros/jazzy/share/ament_lint_auto/cmake)
[2.539s] -- Added test 'copyright' to check source files copyright and LICENSE
[2.541s] -- Added test 'cppcheck' to perform static code analysis on C / C++ code
[2.541s] -- Configured cppcheck include dirs: 
[2.541s] -- Configured cppcheck exclude dirs and/or files: 
[2.544s] -- Added test 'cpplint' to check C / C++ code against the Google style
[2.545s] -- Configured cpplint exclude dirs and/or files: 
[2.546s] -- Added test 'lint_cmake' to check CMake code style
[2.550s] -- Added test 'uncrustify' to check C / C++ code style
[2.550s] -- Configured uncrustify additional arguments: 
[2.550s] -- Added test 'xmllint' to check XML markup files
[2.556s] -- Configuring done (2.5s)
[2.596s] -- Generating done (0.0s)
[2.613s] -- Build files have been written to: /home/amr/driver_ws/build/yahboomcar_base_node
[2.641s] Invoked command in '/home/amr/driver_ws/build/yahboomcar_base_node' returned '0': CMAKE_PREFIX_PATH=${CMAKE_PREFIX_PATH}:/opt/ros/jazzy /usr/bin/cmake /home/amr/driver_ws/src/yahboomcar_base_node -DCMAKE_INSTALL_PREFIX=/home/amr/driver_ws/install/yahboomcar_base_node
[2.642s] Invoking command in '/home/amr/driver_ws/build/yahboomcar_base_node': CMAKE_PREFIX_PATH=${CMAKE_PREFIX_PATH}:/opt/ros/jazzy /usr/bin/cmake --build /home/amr/driver_ws/build/yahboomcar_base_node -- -j4 -l4
[2.809s] [ 16%] [32mBuilding CXX object CMakeFiles/base_node_R2.dir/src/base_node_R2.cpp.o[0m
[2.809s] [ 33%] [32mBuilding CXX object CMakeFiles/base_node_x1.dir/src/base_node_x1.cpp.o[0m
[2.814s] [ 50%] [32mBuilding CXX object CMakeFiles/base_node_X3.dir/src/base_node_X3.cpp.o[0m
[7.049s] [01m[K/home/amr/driver_ws/src/yahboomcar_base_node/src/base_node_X3.cpp:[m[K In member function ‘[01m[Kvoid OdomPublisher::[01;32m[Khandle_vel[m[K(std::shared_ptr<geometry_msgs::msg::Twist_<std::allocator<void> > >)[m[K’:
[7.049s] [01m[K/home/amr/driver_ws/src/yahboomcar_base_node/src/base_node_X3.cpp:80:32:[m[K [01;35m[Kwarning: [m[Kunused variable ‘[01m[Ksteer_angle[m[K’ [[01;35m[K]8;;https://gcc.gnu.org/onlinedocs/gcc/Warning-Options.html#index-Wunused-variable-Wunused-variable]8;;[m[K]
[7.049s]    80 |                         double [01;35m[Ksteer_angle[m[K = linear_velocity_y_;
[7.049s]       |                                [01;35m[K^~~~~~~~~~~[m[K
[7.049s] [01m[K/home/amr/driver_ws/src/yahboomcar_base_node/src/base_node_X3.cpp:81:32:[m[K [01;35m[Kwarning: [m[Kunused variable ‘[01m[KMI_PI[m[K’ [[01;35m[K]8;;https://gcc.gnu.org/onlinedocs/gcc/Warning-Options.html#index-Wunused-variable-Wunused-variable]8;;[m[K]
[7.049s]    81 |                         double [01;35m[KMI_PI[m[K = 3.1416;
[7.049s]       |                                [01;35m[K^~~~~[m[K
[17.853s] [ 66%] [32m[1mLinking CXX executable base_node_X3[0m
[19.142s] [ 83%] [32m[1mLinking CXX executable base_node_R2[0m
[19.152s] [100%] [32m[1mLinking CXX executable base_node_x1[0m
[19.227s] [100%] Built target base_node_X3
[20.626s] [100%] Built target base_node_x1
[20.631s] [100%] Built target base_node_R2
[20.653s] Invoked command in '/home/amr/driver_ws/build/yahboomcar_base_node' returned '0': CMAKE_PREFIX_PATH=${CMAKE_PREFIX_PATH}:/opt/ros/jazzy /usr/bin/cmake --build /home/amr/driver_ws/build/yahboomcar_base_node -- -j4 -l4
[20.672s] Invoking command in '/home/amr/driver_ws/build/yahboomcar_base_node': CMAKE_PREFIX_PATH=${CMAKE_PREFIX_PATH}:/opt/ros/jazzy /usr/bin/cmake --install /home/amr/driver_ws/build/yahboomcar_base_node
[20.687s] -- Install configuration: ""
[20.687s] -- Installing: /home/amr/driver_ws/install/yahboomcar_base_node/lib/yahboomcar_base_node/base_node_X3
[20.699s] -- Set non-toolchain portion of runtime path of "/home/amr/driver_ws/install/yahboomcar_base_node/lib/yahboomcar_base_node/base_node_X3" to ""
[20.699s] -- Installing: /home/amr/driver_ws/install/yahboomcar_base_node/lib/yahboomcar_base_node/base_node_x1
[20.709s] -- Set non-toolchain portion of runtime path of "/home/amr/driver_ws/install/yahboomcar_base_node/lib/yahboomcar_base_node/base_node_x1" to ""
[20.709s] -- Installing: /home/amr/driver_ws/install/yahboomcar_base_node/lib/yahboomcar_base_node/base_node_R2
[20.719s] -- Set non-toolchain portion of runtime path of "/home/amr/driver_ws/install/yahboomcar_base_node/lib/yahboomcar_base_node/base_node_R2" to ""
[20.720s] -- Installing: /home/amr/driver_ws/install/yahboomcar_base_node/share/ament_index/resource_index/package_run_dependencies/yahboomcar_base_node
[20.720s] -- Installing: /home/amr/driver_ws/install/yahboomcar_base_node/share/ament_index/resource_index/parent_prefix_path/yahboomcar_base_node
[20.720s] -- Installing: /home/amr/driver_ws/install/yahboomcar_base_node/share/yahboomcar_base_node/environment/ament_prefix_path.sh
[20.720s] -- Installing: /home/amr/driver_ws/install/yahboomcar_base_node/share/yahboomcar_base_node/environment/ament_prefix_path.dsv
[20.720s] -- Installing: /home/amr/driver_ws/install/yahboomcar_base_node/share/yahboomcar_base_node/environment/path.sh
[20.721s] -- Installing: /home/amr/driver_ws/install/yahboomcar_base_node/share/yahboomcar_base_node/environment/path.dsv
[20.721s] -- Installing: /home/amr/driver_ws/install/yahboomcar_base_node/share/yahboomcar_base_node/local_setup.bash
[20.721s] -- Installing: /home/amr/driver_ws/install/yahboomcar_base_node/share/yahboomcar_base_node/local_setup.sh
[20.721s] -- Installing: /home/amr/driver_ws/install/yahboomcar_base_node/share/yahboomcar_base_node/local_setup.zsh
[20.721s] -- Installing: /home/amr/driver_ws/install/yahboomcar_base_node/share/yahboomcar_base_node/local_setup.dsv
[20.721s] -- Installing: /home/amr/driver_ws/install/yahboomcar_base_node/share/yahboomcar_base_node/package.dsv
[20.722s] -- Installing: /home/amr/driver_ws/install/yahboomcar_base_node/share/ament_index/resource_index/packages/yahboomcar_base_node
[20.722s] -- Installing: /home/amr/driver_ws/install/yahboomcar_base_node/share/yahboomcar_base_node/cmake/yahboomcar_base_nodeConfig.cmake
[20.722s] -- Installing: /home/amr/driver_ws/install/yahboomcar_base_node/share/yahboomcar_base_node/cmake/yahboomcar_base_nodeConfig-version.cmake
[20.722s] -- Installing: /home/amr/driver_ws/install/yahboomcar_base_node/share/yahboomcar_base_node/package.xml
[20.725s] Invoked command in '/home/amr/driver_ws/build/yahboomcar_base_node' returned '0': CMAKE_PREFIX_PATH=${CMAKE_PREFIX_PATH}:/opt/ros/jazzy /usr/bin/cmake --install /home/amr/driver_ws/build/yahboomcar_base_node
