[1.238s] Invoking command in '/home/amr/icarus_ws/src/rosbot_description': PYTHONPATH=/home/amr/icarus_ws/build/rosbot_description/prefix_override:/usr/lib/python3/dist-packages/colcon_core/task/python/colcon_distutils_commands:/home/amr/icarus_ws/install/rosbot_description/lib/python3.12/site-packages:${PYTHONPATH} /usr/bin/python3 -W ignore:setup.py install is deprecated -W ignore:easy_install command is deprecated setup.py egg_info --egg-base ../../build/rosbot_description build --build-base /home/amr/icarus_ws/build/rosbot_description/build install --record /home/amr/icarus_ws/build/rosbot_description/install.log --single-version-externally-managed install_data
[1.571s] running egg_info
[1.594s] writing ../../build/rosbot_description/rosbot_description.egg-info/PKG-INFO
[1.594s] writing dependency_links to ../../build/rosbot_description/rosbot_description.egg-info/dependency_links.txt
[1.595s] writing requirements to ../../build/rosbot_description/rosbot_description.egg-info/requires.txt
[1.596s] writing top-level names to ../../build/rosbot_description/rosbot_description.egg-info/top_level.txt
[1.645s] reading manifest file '../../build/rosbot_description/rosbot_description.egg-info/SOURCES.txt'
[1.646s] writing manifest file '../../build/rosbot_description/rosbot_description.egg-info/SOURCES.txt'
[1.646s] running build
[1.646s] running build_py
[1.647s] running install
[1.656s] running install_lib
[1.679s] running install_data
[1.680s] copying launch/state-publisher.launch.py -> /home/amr/icarus_ws/install/rosbot_description/share/rosbot_description/launch
[1.680s] copying urdf/new.xacro -> /home/amr/icarus_ws/install/rosbot_description/share/rosbot_description/urdf
[1.680s] running install_egg_info
[1.705s] removing '/home/amr/icarus_ws/install/rosbot_description/lib/python3.12/site-packages/rosbot_description-0.0.0-py3.12.egg-info' (and everything under it)
[1.706s] Copying ../../build/rosbot_description/rosbot_description.egg-info to /home/amr/icarus_ws/install/rosbot_description/lib/python3.12/site-packages/rosbot_description-0.0.0-py3.12.egg-info
[1.707s] running install_scripts
[1.868s] writing list of installed files to '/home/amr/icarus_ws/build/rosbot_description/install.log'
[1.939s] Invoked command in '/home/amr/icarus_ws/src/rosbot_description' returned '0': PYTHONPATH=/home/amr/icarus_ws/build/rosbot_description/prefix_override:/usr/lib/python3/dist-packages/colcon_core/task/python/colcon_distutils_commands:/home/amr/icarus_ws/install/rosbot_description/lib/python3.12/site-packages:${PYTHONPATH} /usr/bin/python3 -W ignore:setup.py install is deprecated -W ignore:easy_install command is deprecated setup.py egg_info --egg-base ../../build/rosbot_description build --build-base /home/amr/icarus_ws/build/rosbot_description/build install --record /home/amr/icarus_ws/build/rosbot_description/install.log --single-version-externally-managed install_data
