running egg_info
creating ../../build/rosbot_description/rosbot_description.egg-info
writing ../../build/rosbot_description/rosbot_description.egg-info/PKG-INFO
writing dependency_links to ../../build/rosbot_description/rosbot_description.egg-info/dependency_links.txt
writing requirements to ../../build/rosbot_description/rosbot_description.egg-info/requires.txt
writing top-level names to ../../build/rosbot_description/rosbot_description.egg-info/top_level.txt
writing manifest file '../../build/rosbot_description/rosbot_description.egg-info/SOURCES.txt'
reading manifest file '../../build/rosbot_description/rosbot_description.egg-info/SOURCES.txt'
writing manifest file '../../build/rosbot_description/rosbot_description.egg-info/SOURCES.txt'
running build
running build_py
creating /home/amr/icarus_ws/build/rosbot_description/build
creating /home/amr/icarus_ws/build/rosbot_description/build/lib
creating /home/amr/icarus_ws/build/rosbot_description/build/lib/rosbot_description
copying rosbot_description/__init__.py -> /home/amr/icarus_ws/build/rosbot_description/build/lib/rosbot_description
running install
running install_lib
creating /home/amr/icarus_ws/install/rosbot_description/lib/python3.12/site-packages/rosbot_description
copying /home/amr/icarus_ws/build/rosbot_description/build/lib/rosbot_description/__init__.py -> /home/amr/icarus_ws/install/rosbot_description/lib/python3.12/site-packages/rosbot_description
byte-compiling /home/amr/icarus_ws/install/rosbot_description/lib/python3.12/site-packages/rosbot_description/__init__.py to __init__.cpython-312.pyc
running install_data
creating /home/amr/icarus_ws/install/rosbot_description/share/ament_index
creating /home/amr/icarus_ws/install/rosbot_description/share/ament_index/resource_index
creating /home/amr/icarus_ws/install/rosbot_description/share/ament_index/resource_index/packages
copying resource/rosbot_description -> /home/amr/icarus_ws/install/rosbot_description/share/ament_index/resource_index/packages
copying package.xml -> /home/amr/icarus_ws/install/rosbot_description/share/rosbot_description
creating /home/amr/icarus_ws/install/rosbot_description/share/rosbot_description/launch
copying launch/state-publisher.launch.py -> /home/amr/icarus_ws/install/rosbot_description/share/rosbot_description/launch
copying launch/display.launch.py -> /home/amr/icarus_ws/install/rosbot_description/share/rosbot_description/launch
copying launch/gazebo.launch.py -> /home/amr/icarus_ws/install/rosbot_description/share/rosbot_description/launch
creating /home/amr/icarus_ws/install/rosbot_description/share/rosbot_description/urdf
copying urdf/rosbot.xacro -> /home/amr/icarus_ws/install/rosbot_description/share/rosbot_description/urdf
copying urdf/new.xacro -> /home/amr/icarus_ws/install/rosbot_description/share/rosbot_description/urdf
copying urdf/materials.xacro -> /home/amr/icarus_ws/install/rosbot_description/share/rosbot_description/urdf
copying urdf/rosbot.gazebo -> /home/amr/icarus_ws/install/rosbot_description/share/rosbot_description/urdf
creating /home/amr/icarus_ws/install/rosbot_description/share/rosbot_description/meshes
copying meshes/lidar_1.stl -> /home/amr/icarus_ws/install/rosbot_description/share/rosbot_description/meshes
copying meshes/right_wheel_1.stl -> /home/amr/icarus_ws/install/rosbot_description/share/rosbot_description/meshes
copying meshes/base_link.stl -> /home/amr/icarus_ws/install/rosbot_description/share/rosbot_description/meshes
copying meshes/left_wheel_1.stl -> /home/amr/icarus_ws/install/rosbot_description/share/rosbot_description/meshes
creating /home/amr/icarus_ws/install/rosbot_description/share/rosbot_description/models
creating /home/amr/icarus_ws/install/rosbot_description/share/rosbot_description/worlds
copying worlds/hospital.sdf -> /home/amr/icarus_ws/install/rosbot_description/share/rosbot_description/worlds
copying worlds/hospital.world -> /home/amr/icarus_ws/install/rosbot_description/share/rosbot_description/worlds
creating /home/amr/icarus_ws/install/rosbot_description/share/rosbot_description/config
copying config/display.rviz -> /home/amr/icarus_ws/install/rosbot_description/share/rosbot_description/config
copying config/gazebo.rviz -> /home/amr/icarus_ws/install/rosbot_description/share/rosbot_description/config
copying config/ros_gz_bridge_gazebo.yaml -> /home/amr/icarus_ws/install/rosbot_description/share/rosbot_description/config
running install_egg_info
Copying ../../build/rosbot_description/rosbot_description.egg-info to /home/amr/icarus_ws/install/rosbot_description/lib/python3.12/site-packages/rosbot_description-0.0.0-py3.12.egg-info
running install_scripts
writing list of installed files to '/home/amr/icarus_ws/build/rosbot_description/install.log'
