[2.402s] Invoking command in '/home/amr/driver_ws/src/yahboomcar_ctrl': PYTHONPATH=/home/amr/driver_ws/build/yahboomcar_ctrl/prefix_override:/usr/lib/python3/dist-packages/colcon_core/task/python/colcon_distutils_commands:/home/amr/driver_ws/install/yahboomcar_ctrl/lib/python3.12/site-packages:${PYTHONPATH} /usr/bin/python3 -W ignore:setup.py install is deprecated -W ignore:easy_install command is deprecated setup.py egg_info --egg-base ../../build/yahboomcar_ctrl build --build-base /home/amr/driver_ws/build/yahboomcar_ctrl/build install --record /home/amr/driver_ws/build/yahboomcar_ctrl/install.log --install-scripts $base/lib/yahboomcar_ctrl --single-version-externally-managed install_data
[2.648s] /usr/lib/python3/dist-packages/setuptools/dist.py:744: SetuptoolsDeprecationWarning: Invalid dash-separated options
[2.648s] !!
[2.648s] 
[2.649s]         ********************************************************************************
[2.649s]         Usage of dash-separated 'script-dir' will not be supported in future
[2.649s]         versions. Please use the underscore name 'script_dir' instead.
[2.649s] 
[2.649s]         This deprecation is overdue, please update your project and remove deprecated
[2.649s]         calls to avoid build errors in the future.
[2.649s] 
[2.649s]         See https://setuptools.pypa.io/en/latest/userguide/declarative_config.html for details.
[2.649s]         ********************************************************************************
[2.649s] 
[2.649s] !!
[2.649s]   opt = self.warn_dash_deprecation(opt, section)
[2.847s] running egg_info
[2.873s] writing ../../build/yahboomcar_ctrl/yahboomcar_ctrl.egg-info/PKG-INFO
[2.880s] writing dependency_links to ../../build/yahboomcar_ctrl/yahboomcar_ctrl.egg-info/dependency_links.txt
[2.880s] writing entry points to ../../build/yahboomcar_ctrl/yahboomcar_ctrl.egg-info/entry_points.txt
[2.881s] writing requirements to ../../build/yahboomcar_ctrl/yahboomcar_ctrl.egg-info/requires.txt
[2.883s] writing top-level names to ../../build/yahboomcar_ctrl/yahboomcar_ctrl.egg-info/top_level.txt
[2.950s] reading manifest file '../../build/yahboomcar_ctrl/yahboomcar_ctrl.egg-info/SOURCES.txt'
[2.952s] writing manifest file '../../build/yahboomcar_ctrl/yahboomcar_ctrl.egg-info/SOURCES.txt'
[2.953s] running build
[2.953s] running build_py
[2.953s] running install
[2.965s] running install_lib
[2.996s] warning: install_lib: '/home/amr/driver_ws/build/yahboomcar_ctrl/build/lib' does not exist -- no Python modules to install
[2.996s] 
[2.996s] running install_data
[2.999s] running install_egg_info
[3.032s] removing '/home/amr/driver_ws/install/yahboomcar_ctrl/lib/python3.12/site-packages/yahboomcar_ctrl-0.0.0-py3.12.egg-info' (and everything under it)
[3.033s] Copying ../../build/yahboomcar_ctrl/yahboomcar_ctrl.egg-info to /home/amr/driver_ws/install/yahboomcar_ctrl/lib/python3.12/site-packages/yahboomcar_ctrl-0.0.0-py3.12.egg-info
[3.035s] running install_scripts
[3.216s] Installing yahboom_joy_R2 script to /home/amr/driver_ws/install/yahboomcar_ctrl/lib/yahboomcar_ctrl
[3.220s] Installing yahboom_joy_X3 script to /home/amr/driver_ws/install/yahboomcar_ctrl/lib/yahboomcar_ctrl
[3.221s] Installing yahboom_keyboard script to /home/amr/driver_ws/install/yahboomcar_ctrl/lib/yahboomcar_ctrl
[3.223s] writing list of installed files to '/home/amr/driver_ws/build/yahboomcar_ctrl/install.log'
[3.367s] Invoked command in '/home/amr/driver_ws/src/yahboomcar_ctrl' returned '0': PYTHONPATH=/home/amr/driver_ws/build/yahboomcar_ctrl/prefix_override:/usr/lib/python3/dist-packages/colcon_core/task/python/colcon_distutils_commands:/home/amr/driver_ws/install/yahboomcar_ctrl/lib/python3.12/site-packages:${PYTHONPATH} /usr/bin/python3 -W ignore:setup.py install is deprecated -W ignore:easy_install command is deprecated setup.py egg_info --egg-base ../../build/yahboomcar_ctrl build --build-base /home/amr/driver_ws/build/yahboomcar_ctrl/build install --record /home/amr/driver_ws/build/yahboomcar_ctrl/install.log --install-scripts $base/lib/yahboomcar_ctrl --single-version-externally-managed install_data
